THIS TRIAL'S ALL PARAMETERS
bond_dim = 15
dynamic_mode = True
periodic_bc = False
init_std = 8.442524721837531e-05
num_train = 1000
num_test = 5000
batch_size = 100
num_epochs = 10
learning_rate = 7.521578832131983e-08
l2_reg = 0.0

### Epoch 1 ###
Average loss for epoch: 2.303
Average train accuracy: 0.098
Runtime so far:         33 sec

### Epoch 2 ###
Average loss for epoch: 2.303
Average train accuracy: 0.117
Runtime so far:         72 sec

### Epoch 3 ###
Average loss for epoch: 2.303
Average train accuracy: 0.116
Runtime so far:         110 sec

### Epoch 4 ###
Average loss for epoch: 2.303
Average train accuracy: 0.113
Runtime so far:         155 sec

### Epoch 5 ###
Average loss for epoch: 2.303
Average train accuracy: 0.103
Runtime so far:         194 sec

### Epoch 6 ###
Average loss for epoch: 2.303
Average train accuracy: 0.108
Runtime so far:         243 sec

### Epoch 7 ###
Average loss for epoch: 2.303
Average train accuracy: 0.115
Runtime so far:         283 sec

### Epoch 8 ###
Average loss for epoch: 2.303
Average train accuracy: 0.107
Runtime so far:         322 sec

### Epoch 9 ###
Average loss for epoch: 2.303
Average train accuracy: 0.106
Runtime so far:         361 sec

### Epoch 10 ###
Average loss for epoch: 2.303
Average train accuracy: 0.102
Runtime so far:         399 sec

Total runtime:          479 sec

Final loss, Final training accuracy, Final test accuracy
2.3025832176208496, 0.10200000000000001, 0.09859999999999997
