THIS TRIAL'S ALL PARAMETERS
bond_dim = 15
dynamic_mode = True
periodic_bc = True
init_std = 1.192359729817435e-09
num_train = 1000
num_test = 5000
batch_size = 100
num_epochs = 10
learning_rate = 0.00012885481563566624
l2_reg = 0.0

### Epoch 1 ###
Average loss for epoch: 2.302
Average train accuracy: 0.090
Runtime so far:         36 sec

### Epoch 2 ###
Average loss for epoch: 2.301
Average train accuracy: 0.121
Runtime so far:         77 sec

### Epoch 3 ###
Average loss for epoch: 2.301
Average train accuracy: 0.121
Runtime so far:         119 sec

### Epoch 4 ###
Average loss for epoch: 2.301
Average train accuracy: 0.121
Runtime so far:         161 sec

### Epoch 5 ###
Average loss for epoch: 2.301
Average train accuracy: 0.121
Runtime so far:         202 sec

### Epoch 6 ###
Average loss for epoch: 2.301
Average train accuracy: 0.121
Runtime so far:         243 sec

### Epoch 7 ###
Average loss for epoch: 2.301
Average train accuracy: 0.121
Runtime so far:         285 sec

### Epoch 8 ###
Average loss for epoch: 2.301
Average train accuracy: 0.121
Runtime so far:         327 sec

### Epoch 9 ###
Average loss for epoch: 2.301
Average train accuracy: 0.121
Runtime so far:         368 sec

### Epoch 10 ###
Average loss for epoch: 2.301
Average train accuracy: 0.121
Runtime so far:         410 sec

Total runtime:          497 sec

Final loss, Final training accuracy, Final test accuracy
2.3007853031158447, 0.121, 0.11859999999999998
