THIS TRIAL'S ALL PARAMETERS
bond_dim = 15
dynamic_mode = True
periodic_bc = False
init_std = 6.87521671510624e-15
num_train = 1000
num_test = 5000
batch_size = 100
num_epochs = 10
learning_rate = 0.021953511080433592
l2_reg = 0.0

### Epoch 1 ###
Average loss for epoch: 76.365
Average train accuracy: 0.104
Runtime so far:         38 sec

### Epoch 2 ###
Average loss for epoch: 2.510
Average train accuracy: 0.113
Runtime so far:         86 sec

### Epoch 3 ###
Average loss for epoch: 2.510
Average train accuracy: 0.113
Runtime so far:         138 sec

### Epoch 4 ###
Average loss for epoch: 2.510
Average train accuracy: 0.113
Runtime so far:         187 sec

### Epoch 5 ###
Average loss for epoch: 2.510
Average train accuracy: 0.114
Runtime so far:         237 sec

### Epoch 6 ###
Average loss for epoch: 2.510
Average train accuracy: 0.113
Runtime so far:         289 sec

### Epoch 7 ###
Average loss for epoch: 2.510
Average train accuracy: 0.113
Runtime so far:         336 sec

### Epoch 8 ###
Average loss for epoch: 2.510
Average train accuracy: 0.113
Runtime so far:         383 sec

### Epoch 9 ###
Average loss for epoch: 2.510
Average train accuracy: 0.113
Runtime so far:         430 sec

### Epoch 10 ###
Average loss for epoch: 2.510
Average train accuracy: 0.113
Runtime so far:         476 sec

Total runtime:          576 sec

Final loss, Final training accuracy, Final test accuracy
2.510283946990967, 0.11299999999999999, 0.1088
