THIS TRIAL'S ALL PARAMETERS
bond_dim = 15
dynamic_mode = True
periodic_bc = True
init_std = 6.753632396612452e-20
num_train = 1000
num_test = 5000
batch_size = 100
num_epochs = 10
learning_rate = 4.623217134022915e-05
l2_reg = 0.0

### Epoch 1 ###
Average loss for epoch: 2.303
Average train accuracy: 0.087
Runtime so far:         44 sec

### Epoch 2 ###
Average loss for epoch: 2.302
Average train accuracy: 0.116
Runtime so far:         95 sec

### Epoch 3 ###
Average loss for epoch: 2.302
Average train accuracy: 0.116
Runtime so far:         146 sec

### Epoch 4 ###
Average loss for epoch: 2.302
Average train accuracy: 0.116
Runtime so far:         196 sec

### Epoch 5 ###
Average loss for epoch: 2.302
Average train accuracy: 0.116
Runtime so far:         247 sec

### Epoch 6 ###
Average loss for epoch: 2.302
Average train accuracy: 0.116
Runtime so far:         298 sec

### Epoch 7 ###
Average loss for epoch: 2.302
Average train accuracy: 0.116
Runtime so far:         349 sec

### Epoch 8 ###
Average loss for epoch: 2.302
Average train accuracy: 0.116
Runtime so far:         401 sec

### Epoch 9 ###
Average loss for epoch: 2.302
Average train accuracy: 0.116
Runtime so far:         451 sec

### Epoch 10 ###
Average loss for epoch: 2.302
Average train accuracy: 0.116
Runtime so far:         502 sec

Total runtime:          613 sec

Final loss, Final training accuracy, Final test accuracy
2.3023295402526855, 0.11599999999999999, 0.11419999999999997
