THIS TRIAL'S ALL PARAMETERS
bond_dim = 15
dynamic_mode = True
periodic_bc = False
init_std = 2.4938158477476446e-10
num_train = 1000
num_test = 5000
batch_size = 100
num_epochs = 10
learning_rate = 0.00020647340850009206
l2_reg = 0.0

### Epoch 1 ###
Average loss for epoch: 2.302
Average train accuracy: 0.094
Runtime so far:         40 sec

### Epoch 2 ###
Average loss for epoch: 2.302
Average train accuracy: 0.122
Runtime so far:         85 sec

### Epoch 3 ###
Average loss for epoch: 2.302
Average train accuracy: 0.122
Runtime so far:         129 sec

### Epoch 4 ###
Average loss for epoch: 2.302
Average train accuracy: 0.122
Runtime so far:         174 sec

### Epoch 5 ###
Average loss for epoch: 2.302
Average train accuracy: 0.122
Runtime so far:         219 sec

### Epoch 6 ###
Average loss for epoch: 2.302
Average train accuracy: 0.122
Runtime so far:         263 sec

### Epoch 7 ###
Average loss for epoch: 2.302
Average train accuracy: 0.122
Runtime so far:         312 sec

### Epoch 8 ###
Average loss for epoch: 2.302
Average train accuracy: 0.122
Runtime so far:         357 sec

### Epoch 9 ###
Average loss for epoch: 2.302
Average train accuracy: 0.122
Runtime so far:         402 sec

### Epoch 10 ###
Average loss for epoch: 2.302
Average train accuracy: 0.122
Runtime so far:         445 sec

Total runtime:          1769 sec

Final loss, Final training accuracy, Final test accuracy
2.3019461631774902, 0.122, 0.1198
