THIS TRIAL'S ALL PARAMETERS
bond_dim = 15
dynamic_mode = True
periodic_bc = False
init_std = 2.664621569337783e-13
num_train = 1000
num_test = 5000
batch_size = 100
num_epochs = 10
learning_rate = 0.004502983491353149
l2_reg = 0.0

### Epoch 1 ###
Average loss for epoch: 2.622
Average train accuracy: 0.092
Runtime so far:         27 sec

### Epoch 2 ###
Average loss for epoch: 2.302
Average train accuracy: 0.099
Runtime so far:         59 sec

### Epoch 3 ###
Average loss for epoch: 2.302
Average train accuracy: 0.099
Runtime so far:         91 sec

### Epoch 4 ###
Average loss for epoch: 2.302
Average train accuracy: 0.099
Runtime so far:         122 sec

### Epoch 5 ###
Average loss for epoch: 2.302
Average train accuracy: 0.099
Runtime so far:         155 sec

### Epoch 6 ###
Average loss for epoch: 2.302
Average train accuracy: 0.099
Runtime so far:         24319 sec

### Epoch 7 ###
Average loss for epoch: 2.302
Average train accuracy: 0.099
Runtime so far:         24353 sec

### Epoch 8 ###
Average loss for epoch: 2.302
Average train accuracy: 0.099
Runtime so far:         24392 sec

### Epoch 9 ###
Average loss for epoch: 2.302
Average train accuracy: 0.099
Runtime so far:         24425 sec

### Epoch 10 ###
Average loss for epoch: 2.302
Average train accuracy: 0.099
Runtime so far:         24457 sec

Total runtime:          24534 sec

Final loss, Final training accuracy, Final test accuracy
2.3022971153259277, 0.09899999999999999, 0.106
