THIS TRIAL'S ALL PARAMETERS
bond_dim = 15
dynamic_mode = True
periodic_bc = True
init_std = 2.3537108587553525e-17
num_train = 1000
num_test = 5000
batch_size = 100
num_epochs = 10
learning_rate = 4.4856649098432866e-05
l2_reg = 0.0

### Epoch 1 ###
Average loss for epoch: 2.303
Average train accuracy: 0.089
Runtime so far:         35 sec

### Epoch 2 ###
Average loss for epoch: 2.302
Average train accuracy: 0.116
Runtime so far:         76 sec

### Epoch 3 ###
Average loss for epoch: 2.302
Average train accuracy: 0.116
Runtime so far:         117 sec

### Epoch 4 ###
Average loss for epoch: 2.302
Average train accuracy: 0.116
Runtime so far:         159 sec

### Epoch 5 ###
Average loss for epoch: 2.302
Average train accuracy: 0.116
Runtime so far:         200 sec

### Epoch 6 ###
Average loss for epoch: 2.302
Average train accuracy: 0.116
Runtime so far:         241 sec

### Epoch 7 ###
Average loss for epoch: 2.302
Average train accuracy: 0.116
Runtime so far:         283 sec

### Epoch 8 ###
Average loss for epoch: 2.302
Average train accuracy: 0.116
Runtime so far:         324 sec

### Epoch 9 ###
Average loss for epoch: 2.302
Average train accuracy: 0.116
Runtime so far:         364 sec

### Epoch 10 ###
Average loss for epoch: 2.302
Average train accuracy: 0.116
Runtime so far:         405 sec

Total runtime:          492 sec

Final loss, Final training accuracy, Final test accuracy
2.302337169647217, 0.11599999999999999, 0.11419999999999997
