THIS TRIAL'S ALL PARAMETERS
bond_dim = 15
dynamic_mode = True
periodic_bc = False
init_std = 1.5004292446949196e-10
num_train = 1000
num_test = 5000
batch_size = 100
num_epochs = 10
learning_rate = 8.830565694624159e-05
l2_reg = 0.0

### Epoch 1 ###
Average loss for epoch: 2.303
Average train accuracy: 0.089
Runtime so far:         25 sec

### Epoch 2 ###
Average loss for epoch: 2.303
Average train accuracy: 0.116
Runtime so far:         57 sec

### Epoch 3 ###
Average loss for epoch: 2.303
Average train accuracy: 0.116
Runtime so far:         88 sec

### Epoch 4 ###
Average loss for epoch: 2.303
Average train accuracy: 0.116
Runtime so far:         119 sec

### Epoch 5 ###
Average loss for epoch: 2.303
Average train accuracy: 0.116
Runtime so far:         151 sec

### Epoch 6 ###
Average loss for epoch: 2.303
Average train accuracy: 0.116
Runtime so far:         182 sec

### Epoch 7 ###
Average loss for epoch: 2.303
Average train accuracy: 0.116
Runtime so far:         213 sec

### Epoch 8 ###
Average loss for epoch: 2.303
Average train accuracy: 0.116
Runtime so far:         244 sec

### Epoch 9 ###
Average loss for epoch: 2.303
Average train accuracy: 0.116
Runtime so far:         276 sec

### Epoch 10 ###
Average loss for epoch: 2.303
Average train accuracy: 0.116
Runtime so far:         307 sec

Total runtime:          382 sec

Final loss, Final training accuracy, Final test accuracy
2.3025033473968506, 0.11599999999999999, 0.11419999999999997
