THIS TRIAL'S ALL PARAMETERS
bond_dim = 15
dynamic_mode = True
periodic_bc = False
init_std = 1.0678546070104001e-16
num_train = 1000
num_test = 5000
batch_size = 100
num_epochs = 10
learning_rate = 0.05248369595842913
l2_reg = 0.0

### Epoch 1 ###
Average loss for epoch: 22274132410368.000
Average train accuracy: 0.079
Runtime so far:         61 sec

### Epoch 2 ###
Average loss for epoch: 89823496.000
Average train accuracy: 0.073
Runtime so far:         100 sec

### Epoch 3 ###
Average loss for epoch: 89829472.000
Average train accuracy: 0.073
Runtime so far:         141 sec

### Epoch 4 ###
Average loss for epoch: 89836832.000
Average train accuracy: 0.073
Runtime so far:         188 sec

### Epoch 5 ###
Average loss for epoch: 89833016.000
Average train accuracy: 0.073
Runtime so far:         231 sec

### Epoch 6 ###
Average loss for epoch: 89831056.000
Average train accuracy: 0.073
Runtime so far:         281 sec

### Epoch 7 ###
Average loss for epoch: 89826160.000
Average train accuracy: 0.073
Runtime so far:         354 sec

### Epoch 8 ###
Average loss for epoch: 89832744.000
Average train accuracy: 0.073
Runtime so far:         402 sec

### Epoch 9 ###
Average loss for epoch: 89842864.000
Average train accuracy: 0.073
Runtime so far:         440 sec

### Epoch 10 ###
Average loss for epoch: 89861584.000
Average train accuracy: 0.073
Runtime so far:         478 sec

Total runtime:          568 sec

Final loss, Final training accuracy, Final test accuracy
89861584.0, 0.07300000000000001, 0.07379999999999999
