THIS TRIAL'S ALL PARAMETERS
bond_dim = 15
dynamic_mode = True
periodic_bc = False
init_std = 1.0039219878013428e-16
num_train = 1000
num_test = 5000
batch_size = 100
num_epochs = 10
learning_rate = 1.3488291414581841e-05
l2_reg = 0.0

### Epoch 1 ###
Average loss for epoch: 2.303
Average train accuracy: 0.091
Runtime so far:         32 sec

### Epoch 2 ###
Average loss for epoch: 2.303
Average train accuracy: 0.116
Runtime so far:         69 sec

### Epoch 3 ###
Average loss for epoch: 2.303
Average train accuracy: 0.116
Runtime so far:         106 sec

### Epoch 4 ###
Average loss for epoch: 2.303
Average train accuracy: 0.116
Runtime so far:         143 sec

### Epoch 5 ###
Average loss for epoch: 2.303
Average train accuracy: 0.116
Runtime so far:         181 sec

### Epoch 6 ###
Average loss for epoch: 2.303
Average train accuracy: 0.116
Runtime so far:         218 sec

### Epoch 7 ###
Average loss for epoch: 2.303
Average train accuracy: 0.116
Runtime so far:         256 sec

### Epoch 8 ###
Average loss for epoch: 2.303
Average train accuracy: 0.116
Runtime so far:         294 sec

### Epoch 9 ###
Average loss for epoch: 2.303
Average train accuracy: 0.116
Runtime so far:         331 sec

### Epoch 10 ###
Average loss for epoch: 2.303
Average train accuracy: 0.116
Runtime so far:         370 sec

Total runtime:          458 sec

Final loss, Final training accuracy, Final test accuracy
2.3025810718536377, 0.11599999999999999, 0.11419999999999997
