THIS TRIAL'S ALL PARAMETERS
bond_dim = 15
dynamic_mode = True
periodic_bc = True
init_std = 2.6086868291854622e-11
num_train = 1000
num_test = 5000
batch_size = 100
num_epochs = 10
learning_rate = 0.0011986976245975827
l2_reg = 0.0

### Epoch 1 ###
Average loss for epoch: 2.531
Average train accuracy: 0.091
Runtime so far:         36 sec

### Epoch 2 ###
Average loss for epoch: 2.328
Average train accuracy: 0.045
Runtime so far:         78 sec

### Epoch 3 ###
Average loss for epoch: 2.328
Average train accuracy: 0.045
Runtime so far:         119 sec

### Epoch 4 ###
Average loss for epoch: 2.328
Average train accuracy: 0.045
Runtime so far:         159 sec

### Epoch 5 ###
Average loss for epoch: 2.328
Average train accuracy: 0.045
Runtime so far:         199 sec

### Epoch 6 ###
Average loss for epoch: 2.328
Average train accuracy: 0.045
Runtime so far:         240 sec

### Epoch 7 ###
Average loss for epoch: 2.328
Average train accuracy: 0.045
Runtime so far:         279 sec

### Epoch 8 ###
Average loss for epoch: 2.328
Average train accuracy: 0.045
Runtime so far:         319 sec

### Epoch 9 ###
Average loss for epoch: 2.328
Average train accuracy: 0.045
Runtime so far:         359 sec

### Epoch 10 ###
Average loss for epoch: 2.328
Average train accuracy: 0.045
Runtime so far:         402 sec

Total runtime:          486 sec

Final loss, Final training accuracy, Final test accuracy
2.32769513130188, 0.045000000000000005, 0.0758
