THIS TRIAL'S ALL PARAMETERS
bond_dim = 15
dynamic_mode = True
periodic_bc = False
init_std = 1.9773719996091617e-13
num_train = 1000
num_test = 5000
batch_size = 100
num_epochs = 10
learning_rate = 0.00018466610676659553
l2_reg = 0.0

### Epoch 1 ###
Average loss for epoch: 2.302
Average train accuracy: 0.095
Runtime so far:         24 sec

### Epoch 2 ###
Average loss for epoch: 2.302
Average train accuracy: 0.132
Runtime so far:         54 sec

### Epoch 3 ###
Average loss for epoch: 2.302
Average train accuracy: 0.132
Runtime so far:         84 sec

### Epoch 4 ###
Average loss for epoch: 2.302
Average train accuracy: 0.132
Runtime so far:         114 sec

### Epoch 5 ###
Average loss for epoch: 2.302
Average train accuracy: 0.132
Runtime so far:         145 sec

### Epoch 6 ###
Average loss for epoch: 2.302
Average train accuracy: 0.132
Runtime so far:         174 sec

### Epoch 7 ###
Average loss for epoch: 2.302
Average train accuracy: 0.132
Runtime so far:         204 sec

### Epoch 8 ###
Average loss for epoch: 2.302
Average train accuracy: 0.132
Runtime so far:         234 sec

### Epoch 9 ###
Average loss for epoch: 2.302
Average train accuracy: 0.132
Runtime so far:         265 sec

### Epoch 10 ###
Average loss for epoch: 2.302
Average train accuracy: 0.132
Runtime so far:         296 sec

Total runtime:          370 sec

Final loss, Final training accuracy, Final test accuracy
2.302168369293213, 0.132, 0.12440000000000005
