THIS TRIAL'S ALL PARAMETERS
bond_dim = 15
dynamic_mode = True
periodic_bc = True
init_std = 7.812540453587074e-14
num_train = 1000
num_test = 5000
batch_size = 100
num_epochs = 10
learning_rate = 0.0016096682719965753
l2_reg = 0.0

### Epoch 1 ###
Average loss for epoch: 2.280
Average train accuracy: 0.135
Runtime so far:         35 sec

### Epoch 2 ###
Average loss for epoch: 2.140
Average train accuracy: 0.134
Runtime so far:         76 sec

### Epoch 3 ###
Average loss for epoch: 2.140
Average train accuracy: 0.134
Runtime so far:         117 sec

### Epoch 4 ###
Average loss for epoch: 2.140
Average train accuracy: 0.134
Runtime so far:         158 sec

### Epoch 5 ###
Average loss for epoch: 2.140
Average train accuracy: 0.134
Runtime so far:         200 sec

### Epoch 6 ###
Average loss for epoch: 2.140
Average train accuracy: 0.134
Runtime so far:         240 sec

### Epoch 7 ###
Average loss for epoch: 2.140
Average train accuracy: 0.134
Runtime so far:         283 sec

### Epoch 8 ###
Average loss for epoch: 2.140
Average train accuracy: 0.134
Runtime so far:         324 sec

### Epoch 9 ###
Average loss for epoch: 2.140
Average train accuracy: 0.134
Runtime so far:         365 sec

### Epoch 10 ###
Average loss for epoch: 2.140
Average train accuracy: 0.134
Runtime so far:         407 sec

Total runtime:          494 sec

Final loss, Final training accuracy, Final test accuracy
2.1401236057281494, 0.13399999999999998, 0.1088
