THIS TRIAL'S ALL PARAMETERS
bond_dim = 15
dynamic_mode = True
periodic_bc = True
init_std = 6.304313436338208e-19
num_train = 1000
num_test = 5000
batch_size = 100
num_epochs = 10
learning_rate = 0.016927953044492097
l2_reg = 0.0

### Epoch 1 ###
Average loss for epoch: 67.718
Average train accuracy: 0.105
Runtime so far:         53 sec

### Epoch 2 ###
Average loss for epoch: 4.103
Average train accuracy: 0.106
Runtime so far:         116 sec

### Epoch 3 ###
Average loss for epoch: 4.102
Average train accuracy: 0.106
Runtime so far:         176 sec

### Epoch 4 ###
Average loss for epoch: 4.102
Average train accuracy: 0.106
Runtime so far:         234 sec

### Epoch 5 ###
Average loss for epoch: 4.102
Average train accuracy: 0.106
Runtime so far:         297 sec

### Epoch 6 ###
Average loss for epoch: 4.102
Average train accuracy: 0.106
Runtime so far:         359 sec

### Epoch 7 ###
Average loss for epoch: 4.102
Average train accuracy: 0.106
Runtime so far:         418 sec

### Epoch 8 ###
Average loss for epoch: 4.101
Average train accuracy: 0.106
Runtime so far:         476 sec

### Epoch 9 ###
Average loss for epoch: 4.101
Average train accuracy: 0.106
Runtime so far:         534 sec

### Epoch 10 ###
Average loss for epoch: 4.101
Average train accuracy: 0.106
Runtime so far:         594 sec

Total runtime:          721 sec

Final loss, Final training accuracy, Final test accuracy
4.100854396820068, 0.10600000000000001, 0.13799999999999998
