THIS TRIAL'S ALL PARAMETERS
bond_dim = 15
dynamic_mode = True
periodic_bc = False
init_std = 9.619346857270039e-17
num_train = 1000
num_test = 5000
batch_size = 100
num_epochs = 10
learning_rate = 0.0002580730907400379
l2_reg = 0.0

### Epoch 1 ###
Average loss for epoch: 2.302
Average train accuracy: 0.100
Runtime so far:         26 sec

### Epoch 2 ###
Average loss for epoch: 2.302
Average train accuracy: 0.161
Runtime so far:         58 sec

### Epoch 3 ###
Average loss for epoch: 2.302
Average train accuracy: 0.161
Runtime so far:         90 sec

### Epoch 4 ###
Average loss for epoch: 2.302
Average train accuracy: 0.161
Runtime so far:         121 sec

### Epoch 5 ###
Average loss for epoch: 2.302
Average train accuracy: 0.161
Runtime so far:         153 sec

### Epoch 6 ###
Average loss for epoch: 2.302
Average train accuracy: 0.161
Runtime so far:         185 sec

### Epoch 7 ###
Average loss for epoch: 2.302
Average train accuracy: 0.161
Runtime so far:         216 sec

### Epoch 8 ###
Average loss for epoch: 2.302
Average train accuracy: 0.161
Runtime so far:         247 sec

### Epoch 9 ###
Average loss for epoch: 2.302
Average train accuracy: 0.161
Runtime so far:         279 sec

### Epoch 10 ###
Average loss for epoch: 2.302
Average train accuracy: 0.161
Runtime so far:         311 sec

Total runtime:          387 sec

Final loss, Final training accuracy, Final test accuracy
2.3015294075012207, 0.16099999999999998, 0.14259999999999998
