THIS TRIAL'S ALL PARAMETERS
bond_dim = 15
dynamic_mode = True
periodic_bc = False
init_std = 8.868894844967667e-16
num_train = 1000
num_test = 5000
batch_size = 100
num_epochs = 10
learning_rate = 0.000450634886781262
l2_reg = 0.0

### Epoch 1 ###
Average loss for epoch: 2.301
Average train accuracy: 0.114
Runtime so far:         40 sec

### Epoch 2 ###
Average loss for epoch: 2.295
Average train accuracy: 0.210
Runtime so far:         89 sec

### Epoch 3 ###
Average loss for epoch: 2.295
Average train accuracy: 0.210
Runtime so far:         136 sec

### Epoch 4 ###
Average loss for epoch: 2.295
Average train accuracy: 0.210
Runtime so far:         182 sec

### Epoch 5 ###
Average loss for epoch: 2.295
Average train accuracy: 0.210
Runtime so far:         228 sec

### Epoch 6 ###
Average loss for epoch: 2.295
Average train accuracy: 0.210
Runtime so far:         275 sec

### Epoch 7 ###
Average loss for epoch: 2.295
Average train accuracy: 0.210
Runtime so far:         322 sec

### Epoch 8 ###
Average loss for epoch: 2.295
Average train accuracy: 0.210
Runtime so far:         370 sec

### Epoch 9 ###
Average loss for epoch: 2.295
Average train accuracy: 0.210
Runtime so far:         415 sec

### Epoch 10 ###
Average loss for epoch: 2.295
Average train accuracy: 0.210
Runtime so far:         461 sec

Total runtime:          561 sec

Final loss, Final training accuracy, Final test accuracy
2.2954297065734863, 0.21000000000000002, 0.19060000000000002
