THIS TRIAL'S ALL PARAMETERS
bond_dim = 15
dynamic_mode = True
periodic_bc = False
init_std = 5.87655322586855e-17
num_train = 1000
num_test = 5000
batch_size = 100
num_epochs = 10
learning_rate = 0.0015132515481378513
l2_reg = 0.0

### Epoch 1 ###
Average loss for epoch: 2.609
Average train accuracy: 0.127
Runtime so far:         39 sec

### Epoch 2 ###
Average loss for epoch: 2.288
Average train accuracy: 0.202
Runtime so far:         85 sec

### Epoch 3 ###
Average loss for epoch: 2.288
Average train accuracy: 0.202
Runtime so far:         131 sec

### Epoch 4 ###
Average loss for epoch: 2.288
Average train accuracy: 0.202
Runtime so far:         177 sec

### Epoch 5 ###
Average loss for epoch: 2.288
Average train accuracy: 0.202
Runtime so far:         223 sec

### Epoch 6 ###
Average loss for epoch: 2.288
Average train accuracy: 0.202
Runtime so far:         269 sec

### Epoch 7 ###
Average loss for epoch: 2.288
Average train accuracy: 0.202
Runtime so far:         314 sec

### Epoch 8 ###
Average loss for epoch: 2.288
Average train accuracy: 0.202
Runtime so far:         360 sec

### Epoch 9 ###
Average loss for epoch: 2.288
Average train accuracy: 0.202
Runtime so far:         405 sec

### Epoch 10 ###
Average loss for epoch: 2.288
Average train accuracy: 0.202
Runtime so far:         451 sec

Total runtime:          551 sec

Final loss, Final training accuracy, Final test accuracy
2.2882754802703857, 0.202, 0.1844000000000001
