THIS TRIAL'S ALL PARAMETERS
bond_dim = 15
dynamic_mode = True
periodic_bc = False
init_std = 1.998646281140595e-10
num_train = 1000
num_test = 5000
batch_size = 100
num_epochs = 10
learning_rate = 5.258351310551486e-05
l2_reg = 0.0

### Epoch 1 ###
Average loss for epoch: 2.303
Average train accuracy: 0.092
Runtime so far:         35 sec

### Epoch 2 ###
Average loss for epoch: 2.303
Average train accuracy: 0.116
Runtime so far:         76 sec

### Epoch 3 ###
Average loss for epoch: 2.303
Average train accuracy: 0.116
Runtime so far:         122 sec

### Epoch 4 ###
Average loss for epoch: 2.303
Average train accuracy: 0.116
Runtime so far:         168 sec

### Epoch 5 ###
Average loss for epoch: 2.303
Average train accuracy: 0.116
Runtime so far:         215 sec

### Epoch 6 ###
Average loss for epoch: 2.303
Average train accuracy: 0.116
Runtime so far:         261 sec

### Epoch 7 ###
Average loss for epoch: 2.303
Average train accuracy: 0.116
Runtime so far:         306 sec

### Epoch 8 ###
Average loss for epoch: 2.303
Average train accuracy: 0.116
Runtime so far:         348 sec

### Epoch 9 ###
Average loss for epoch: 2.303
Average train accuracy: 0.116
Runtime so far:         391 sec

### Epoch 10 ###
Average loss for epoch: 2.303
Average train accuracy: 0.116
Runtime so far:         436 sec

Total runtime:          538 sec

Final loss, Final training accuracy, Final test accuracy
2.3025574684143066, 0.11599999999999999, 0.11419999999999997
