THIS TRIAL'S ALL PARAMETERS
bond_dim = 15
dynamic_mode = True
periodic_bc = False
init_std = 7.885436951267127e-07
num_train = 1000
num_test = 5000
batch_size = 100
num_epochs = 10
learning_rate = 8.354991673442731e-05
l2_reg = 0.0

### Epoch 1 ###
Average loss for epoch: 2.303
Average train accuracy: 0.095
Runtime so far:         26 sec

### Epoch 2 ###
Average loss for epoch: 2.303
Average train accuracy: 0.116
Runtime so far:         57 sec

### Epoch 3 ###
Average loss for epoch: 2.303
Average train accuracy: 0.116
Runtime so far:         89 sec

### Epoch 4 ###
Average loss for epoch: 2.303
Average train accuracy: 0.116
Runtime so far:         121 sec

### Epoch 5 ###
Average loss for epoch: 2.303
Average train accuracy: 0.116
Runtime so far:         152 sec

### Epoch 6 ###
Average loss for epoch: 2.303
Average train accuracy: 0.116
Runtime so far:         184 sec

### Epoch 7 ###
Average loss for epoch: 2.303
Average train accuracy: 0.116
Runtime so far:         216 sec

### Epoch 8 ###
Average loss for epoch: 2.303
Average train accuracy: 0.116
Runtime so far:         248 sec

### Epoch 9 ###
Average loss for epoch: 2.303
Average train accuracy: 0.116
Runtime so far:         279 sec

### Epoch 10 ###
Average loss for epoch: 2.303
Average train accuracy: 0.116
Runtime so far:         312 sec

Total runtime:          389 sec

Final loss, Final training accuracy, Final test accuracy
2.302516460418701, 0.11599999999999999, 0.11419999999999997
