THIS TRIAL'S ALL PARAMETERS
bond_dim = 15
dynamic_mode = True
periodic_bc = False
init_std = 2.999252477059563e-16
num_train = 1000
num_test = 5000
batch_size = 100
num_epochs = 10
learning_rate = 2.214366450965489e-08
l2_reg = 0.0

### Epoch 1 ###
Average loss for epoch: 2.303
Average train accuracy: 0.119
Runtime so far:         33 sec

### Epoch 2 ###
Average loss for epoch: 2.303
Average train accuracy: 0.098
Runtime so far:         73 sec

### Epoch 3 ###
Average loss for epoch: 2.303
Average train accuracy: 0.098
Runtime so far:         114 sec

### Epoch 4 ###
Average loss for epoch: 2.303
Average train accuracy: 0.093
Runtime so far:         154 sec

### Epoch 5 ###
Average loss for epoch: 2.303
Average train accuracy: 0.097
Runtime so far:         193 sec

### Epoch 6 ###
Average loss for epoch: 2.303
Average train accuracy: 0.097
Runtime so far:         234 sec

### Epoch 7 ###
Average loss for epoch: 2.303
Average train accuracy: 0.097
Runtime so far:         274 sec

### Epoch 8 ###
Average loss for epoch: 2.303
Average train accuracy: 0.097
Runtime so far:         316 sec

### Epoch 9 ###
Average loss for epoch: 2.303
Average train accuracy: 0.097
Runtime so far:         356 sec

### Epoch 10 ###
Average loss for epoch: 2.303
Average train accuracy: 0.097
Runtime so far:         397 sec

Total runtime:          490 sec

Final loss, Final training accuracy, Final test accuracy
2.3025834560394287, 0.097, 0.09199999999999997
