THIS TRIAL'S ALL PARAMETERS
bond_dim = 15
dynamic_mode = True
periodic_bc = True
init_std = 9.510512306263296e-07
num_train = 1000
num_test = 5000
batch_size = 100
num_epochs = 10
learning_rate = 6.108195081833577e-05
l2_reg = 0.0
threshold = 2000
cutoff = 1e-10

### Epoch 1 ###
Average loss for epoch: 2.302
Average train accuracy: 0.089
Runtime so far:         53 sec

### Epoch 2 ###
Average loss for epoch: 2.300
Average train accuracy: 0.116
Runtime so far:         106 sec

### Epoch 3 ###
Average loss for epoch: 2.294
Average train accuracy: 0.102
Runtime so far:         162 sec

### Epoch 4 ###
Average loss for epoch: 2.255
Average train accuracy: 0.161
Runtime so far:         215 sec

### Epoch 5 ###
Average loss for epoch: 2.205
Average train accuracy: 0.167
Runtime so far:         269 sec

### Epoch 6 ###
Average loss for epoch: 1.850
Average train accuracy: 0.374
Runtime so far:         324 sec

### Epoch 7 ###
Average loss for epoch: 1.656
Average train accuracy: 0.455
Runtime so far:         379 sec

### Epoch 8 ###
Average loss for epoch: 1.232
Average train accuracy: 0.583
Runtime so far:         435 sec

### Epoch 9 ###
Average loss for epoch: 1.107
Average train accuracy: 0.635
Runtime so far:         490 sec

### Epoch 10 ###
Average loss for epoch: 0.768
Average train accuracy: 0.760
Runtime so far:         545 sec

Total runtime:          640 sec

Final loss, Final training accuracy, Final test accuracy
0.7682180404663086, 0.76, 0.6648000000000002
