THIS TRIAL'S ALL PARAMETERS
bond_dim = 15
dynamic_mode = False
periodic_bc = True
init_std = 3.318034427560744e-09
num_train = 1000
num_test = 5000
batch_size = 100
num_epochs = 10
learning_rate = 0.002668773949418041
l2_reg = 9.637242282539145e-08

### Epoch 1 ###
Average loss for epoch: 140.577
Smoothed loss:          140.577
Average train accuracy: 0.109
Runtime so far:         69 sec

### Epoch 2 ###
Average loss for epoch: 2.297
Smoothed loss:          57.609
Average train accuracy: 0.142
Runtime so far:         139 sec

### Epoch 3 ###
Average loss for epoch: 2.296
Smoothed loss:          24.421
Average train accuracy: 0.153
Runtime so far:         208 sec

### Epoch 4 ###
Average loss for epoch: 2.293
Smoothed loss:          11.145
Average train accuracy: 0.173
Runtime so far:         277 sec

### Epoch 5 ###
Average loss for epoch: 2.290
Smoothed loss:          5.832
Average train accuracy: 0.210
Runtime so far:         348 sec

### Epoch 6 ###
Average loss for epoch: 2.283
Smoothed loss:          3.702
Average train accuracy: 0.225
Runtime so far:         416 sec

### Epoch 7 ###
Average loss for epoch: 2.269
Smoothed loss:          2.842
Average train accuracy: 0.217
Runtime so far:         485 sec

### Epoch 8 ###
Average loss for epoch: 2.234
Smoothed loss:          2.477
Average train accuracy: 0.240
Runtime so far:         554 sec

### Epoch 9 ###
Average loss for epoch: 2.119
Smoothed loss:          2.263
Average train accuracy: 0.247
Runtime so far:         625 sec

### Epoch 10 ###
Average loss for epoch: 2.005
Smoothed loss:          2.108
Average train accuracy: 0.265
Runtime so far:         695 sec

Total runtime:          827 sec

Smoothed loss, Final training accuracy, Final test accuracy
2.1082847118377686, 0.265, 0.29400000000000004
