THIS TRIAL'S ALL PARAMETERS
bond_dim = 15
dynamic_mode = True
periodic_bc = True
init_std = 0.5293873652256746
num_train = 1000
num_test = 5000
batch_size = 100
num_epochs = 10
learning_rate = 4.1549679230247615e-07
l2_reg = 5.271745767131677e-06

### Epoch 1 ###
Average loss for epoch: 2.303
Smoothed loss:          2.303
Average train accuracy: 0.087
Runtime so far:         59 sec

### Epoch 2 ###
Average loss for epoch: 2.303
Smoothed loss:          2.303
Average train accuracy: 0.116
Runtime so far:         122 sec

### Epoch 3 ###
Average loss for epoch: 2.303
Smoothed loss:          2.303
Average train accuracy: 0.116
Runtime so far:         190 sec

### Epoch 4 ###
Average loss for epoch: 2.303
Smoothed loss:          2.303
Average train accuracy: 0.116
Runtime so far:         262 sec

### Epoch 5 ###
Average loss for epoch: 2.303
Smoothed loss:          2.303
Average train accuracy: 0.116
Runtime so far:         329 sec

### Epoch 6 ###
Average loss for epoch: 2.303
Smoothed loss:          2.303
Average train accuracy: 0.116
Runtime so far:         403 sec

### Epoch 7 ###
Average loss for epoch: 2.303
Smoothed loss:          2.303
Average train accuracy: 0.116
Runtime so far:         482 sec

### Epoch 8 ###
Average loss for epoch: 2.303
Smoothed loss:          2.303
Average train accuracy: 0.116
Runtime so far:         585 sec

### Epoch 9 ###
Average loss for epoch: 2.303
Smoothed loss:          2.303
Average train accuracy: 0.116
Runtime so far:         662 sec

### Epoch 10 ###
Average loss for epoch: 2.303
Smoothed loss:          2.303
Average train accuracy: 0.116
Runtime so far:         730 sec

Total runtime:          873 sec

Smoothed loss, Final training accuracy, Final test accuracy
2.302584409713745, 0.11599999999999999, 0.11059999999999998
