THIS TRIAL'S ALL PARAMETERS
bond_dim = 15
dynamic_mode = False
periodic_bc = True
init_std = 0.09223515870160698
num_train = 1000
num_test = 5000
batch_size = 100
num_epochs = 10
learning_rate = 1.8627278091067329e-06
l2_reg = 5.814232920271903e-06

### Epoch 1 ###
Average loss for epoch: 2.303
Smoothed loss:          2.303
Average train accuracy: 0.088
Runtime so far:         68 sec

### Epoch 2 ###
Average loss for epoch: 2.303
Smoothed loss:          2.303
Average train accuracy: 0.116
Runtime so far:         133 sec

### Epoch 3 ###
Average loss for epoch: 2.303
Smoothed loss:          2.303
Average train accuracy: 0.116
Runtime so far:         200 sec

### Epoch 4 ###
Average loss for epoch: 2.303
Smoothed loss:          2.303
Average train accuracy: 0.116
Runtime so far:         286 sec

### Epoch 5 ###
Average loss for epoch: 2.303
Smoothed loss:          2.303
Average train accuracy: 0.116
Runtime so far:         352 sec

### Epoch 6 ###
Average loss for epoch: 2.302
Smoothed loss:          2.302
Average train accuracy: 0.116
Runtime so far:         432 sec

### Epoch 7 ###
Average loss for epoch: 2.302
Smoothed loss:          2.302
Average train accuracy: 0.116
Runtime so far:         506 sec

### Epoch 8 ###
Average loss for epoch: 2.302
Smoothed loss:          2.302
Average train accuracy: 0.116
Runtime so far:         576 sec

### Epoch 9 ###
Average loss for epoch: 2.302
Smoothed loss:          2.302
Average train accuracy: 0.116
Runtime so far:         643 sec

### Epoch 10 ###
Average loss for epoch: 2.302
Smoothed loss:          2.302
Average train accuracy: 0.116
Runtime so far:         713 sec

Total runtime:          850 sec

Smoothed loss, Final training accuracy, Final test accuracy
2.302152633666992, 0.11599999999999999, 0.11419999999999997
