THIS TRIAL'S ALL PARAMETERS
bond_dim = 15
dynamic_mode = False
periodic_bc = False
init_std = 0.000262049843903126
num_train = 1000
num_test = 5000
batch_size = 100
num_epochs = 10
learning_rate = 3.1537922854394336e-05
l2_reg = 0.5689876455661289

### Epoch 1 ###
Average loss for epoch: 2.303
Smoothed loss:          2.303
Average train accuracy: 0.115
Runtime so far:         35 sec

### Epoch 2 ###
Average loss for epoch: 2.303
Smoothed loss:          2.303
Average train accuracy: 0.113
Runtime so far:         71 sec

### Epoch 3 ###
Average loss for epoch: 2.303
Smoothed loss:          2.303
Average train accuracy: 0.117
Runtime so far:         107 sec

### Epoch 4 ###
Average loss for epoch: 2.303
Smoothed loss:          2.303
Average train accuracy: 0.098
Runtime so far:         145 sec

### Epoch 5 ###
Average loss for epoch: 2.303
Smoothed loss:          2.303
Average train accuracy: 0.105
Runtime so far:         182 sec

### Epoch 6 ###
Average loss for epoch: 2.303
Smoothed loss:          2.303
Average train accuracy: 0.092
Runtime so far:         218 sec

### Epoch 7 ###
Average loss for epoch: 2.303
Smoothed loss:          2.303
Average train accuracy: 0.092
Runtime so far:         257 sec

### Epoch 8 ###
Average loss for epoch: 2.303
Smoothed loss:          2.303
Average train accuracy: 0.090
Runtime so far:         292 sec

### Epoch 9 ###
Average loss for epoch: 2.303
Smoothed loss:          2.303
Average train accuracy: 0.087
Runtime so far:         329 sec

### Epoch 10 ###
Average loss for epoch: 2.303
Smoothed loss:          2.303
Average train accuracy: 0.087
Runtime so far:         365 sec

Total runtime:          429 sec

Smoothed loss, Final training accuracy, Final test accuracy
2.3025834560394287, 0.087, 0.09779999999999997
