THIS TRIAL'S ALL PARAMETERS
bond_dim = 15
dynamic_mode = True
periodic_bc = True
init_std = 0.00021545851500460105
num_train = 1000
num_test = 5000
batch_size = 100
num_epochs = 10
learning_rate = 3.152463737657817e-06
l2_reg = 0.0014538756795917118

### Epoch 1 ###
Average loss for epoch: 2.303
Smoothed loss:          2.303
Average train accuracy: 0.088
Runtime so far:         65 sec

### Epoch 2 ###
Average loss for epoch: 2.303
Smoothed loss:          2.303
Average train accuracy: 0.116
Runtime so far:         140 sec

### Epoch 3 ###
Average loss for epoch: 2.303
Smoothed loss:          2.303
Average train accuracy: 0.116
Runtime so far:         207 sec

### Epoch 4 ###
Average loss for epoch: 2.303
Smoothed loss:          2.303
Average train accuracy: 0.116
Runtime so far:         269 sec

### Epoch 5 ###
Average loss for epoch: 2.303
Smoothed loss:          2.303
Average train accuracy: 0.116
Runtime so far:         357 sec

### Epoch 6 ###
Average loss for epoch: 2.303
Smoothed loss:          2.303
Average train accuracy: 0.116
Runtime so far:         431 sec

### Epoch 7 ###
Average loss for epoch: 2.303
Smoothed loss:          2.303
Average train accuracy: 0.116
Runtime so far:         499 sec

### Epoch 8 ###
Average loss for epoch: 2.303
Smoothed loss:          2.303
Average train accuracy: 0.116
Runtime so far:         571 sec

### Epoch 9 ###
Average loss for epoch: 2.303
Smoothed loss:          2.303
Average train accuracy: 0.116
Runtime so far:         642 sec

### Epoch 10 ###
Average loss for epoch: 2.303
Smoothed loss:          2.303
Average train accuracy: 0.116
Runtime so far:         715 sec

Total runtime:          861 sec

Smoothed loss, Final training accuracy, Final test accuracy
2.3025784492492676, 0.11599999999999999, 0.11419999999999997
