THIS TRIAL'S ALL PARAMETERS
bond_dim = 15
dynamic_mode = True
periodic_bc = True
init_std = 5.770221539926475e-08
num_train = 1000
num_test = 5000
batch_size = 100
num_epochs = 10
learning_rate = 0.34390612771589363
l2_reg = 1.213788341615726e-06

### Epoch 1 ###
Average loss for epoch: 2.303
Smoothed loss:          2.303
Average train accuracy: 0.097
Runtime so far:         61 sec

### Epoch 2 ###
Average loss for epoch: 2.303
Smoothed loss:          2.303
Average train accuracy: 0.097
Runtime so far:         130 sec

### Epoch 3 ###
Average loss for epoch: 2.303
Smoothed loss:          2.303
Average train accuracy: 0.097
Runtime so far:         198 sec

### Epoch 4 ###
Average loss for epoch: 2.303
Smoothed loss:          2.303
Average train accuracy: 0.097
Runtime so far:         263 sec

### Epoch 5 ###
Average loss for epoch: 2.303
Smoothed loss:          2.303
Average train accuracy: 0.097
Runtime so far:         328 sec

### Epoch 6 ###
Average loss for epoch: 2.303
Smoothed loss:          2.303
Average train accuracy: 0.097
Runtime so far:         393 sec

### Epoch 7 ###
Average loss for epoch: 2.303
Smoothed loss:          2.303
Average train accuracy: 0.097
Runtime so far:         461 sec

### Epoch 8 ###
Average loss for epoch: 2.303
Smoothed loss:          2.303
Average train accuracy: 0.097
Runtime so far:         527 sec

### Epoch 9 ###
Average loss for epoch: 2.303
Smoothed loss:          2.303
Average train accuracy: 0.097
Runtime so far:         595 sec

### Epoch 10 ###
Average loss for epoch: 2.303
Smoothed loss:          2.303
Average train accuracy: 0.097
Runtime so far:         661 sec

Total runtime:          801 sec

Smoothed loss, Final training accuracy, Final test accuracy
2.3025827407836914, 0.097, 0.09199999999999997
