THIS TRIAL'S ALL PARAMETERS
bond_dim = 15
dynamic_mode = True
periodic_bc = True
init_std = 1.6883888497810208e-06
num_train = 1000
num_test = 5000
batch_size = 100
num_epochs = 10
learning_rate = 0.002355068151154659
l2_reg = 3.342014629965344e-08

### Epoch 1 ###
Average loss for epoch: 2.485
Smoothed loss:          2.485
Average train accuracy: 0.124
Runtime so far:         57 sec

### Epoch 2 ###
Average loss for epoch: 2.264
Smoothed loss:          2.352
Average train accuracy: 0.167
Runtime so far:         121 sec

### Epoch 3 ###
Average loss for epoch: 2.264
Smoothed loss:          2.299
Average train accuracy: 0.167
Runtime so far:         186 sec

### Epoch 4 ###
Average loss for epoch: 2.264
Smoothed loss:          2.278
Average train accuracy: 0.167
Runtime so far:         249 sec

### Epoch 5 ###
Average loss for epoch: 2.264
Smoothed loss:          2.269
Average train accuracy: 0.167
Runtime so far:         312 sec

### Epoch 6 ###
Average loss for epoch: 2.264
Smoothed loss:          2.266
Average train accuracy: 0.167
Runtime so far:         373 sec

### Epoch 7 ###
Average loss for epoch: 2.264
Smoothed loss:          2.265
Average train accuracy: 0.167
Runtime so far:         436 sec

### Epoch 8 ###
Average loss for epoch: 2.264
Smoothed loss:          2.264
Average train accuracy: 0.167
Runtime so far:         500 sec

### Epoch 9 ###
Average loss for epoch: 2.264
Smoothed loss:          2.264
Average train accuracy: 0.167
Runtime so far:         574 sec

### Epoch 10 ###
Average loss for epoch: 2.264
Smoothed loss:          2.264
Average train accuracy: 0.167
Runtime so far:         650 sec

Total runtime:          819 sec

Smoothed loss, Final training accuracy, Final test accuracy
2.2637391090393066, 0.16699999999999998, 0.13760000000000003
