THIS TRIAL'S ALL PARAMETERS
bond_dim = 15
dynamic_mode = False
periodic_bc = False
init_std = 1.246800985033351e-10
num_train = 1000
num_test = 5000
batch_size = 100
num_epochs = 10
learning_rate = 0.0525757076653036
l2_reg = 0.0

### Epoch 1 ###
Average loss for epoch: 4939470825559151354052608.000
Smoothed loss:          4939470825559151354052608.000
Average train accuracy: 0.078
Runtime so far:         36 sec

### Epoch 2 ###
Average loss for epoch: 9795407876423518217306112.000
Smoothed loss:          7853033747830674236112896.000
Average train accuracy: 0.083
Runtime so far:         76 sec

### Epoch 3 ###
Average loss for epoch: 9775970772777351384137728.000
Smoothed loss:          9006796308675131906981888.000
Average train accuracy: 0.085
Runtime so far:         114 sec

### Epoch 4 ###
Average loss for epoch: 9771804114459702239166464.000
Smoothed loss:          9465801453314475949031424.000
Average train accuracy: 0.088
Runtime so far:         155 sec

### Epoch 5 ###
Average loss for epoch: 9764506121335540897808384.000
Smoothed loss:          9645024254127114918297600.000
Average train accuracy: 0.084
Runtime so far:         192 sec

### Epoch 6 ###
Average loss for epoch: 9761149966835630366261248.000
Smoothed loss:          9714699912336525108445184.000
Average train accuracy: 0.087
Runtime so far:         232 sec

### Epoch 7 ###
Average loss for epoch: 9758248063408534932422656.000
Smoothed loss:          9740829725316934688309248.000
Average train accuracy: 0.089
Runtime so far:         269 sec

### Epoch 8 ###
Average loss for epoch: 9756872628053538963980288.000
Smoothed loss:          9750455466958897253711872.000
Average train accuracy: 0.092
Runtime so far:         312 sec

### Epoch 9 ###
Average loss for epoch: 9756263885499106548776960.000
Smoothed loss:          9753940748667323752120320.000
Average train accuracy: 0.090
Runtime so far:         351 sec

### Epoch 10 ###
Average loss for epoch: 9754677465508767527337984.000
Smoothed loss:          9754382317603588174512128.000
Average train accuracy: 0.092
Runtime so far:         390 sec

Total runtime:          454 sec

Smoothed loss, Final training accuracy, Final test accuracy
9.754382317603588e+24, 0.092, 0.10779999999999998
