THIS TRIAL'S ALL PARAMETERS
bond_dim = 15
dynamic_mode = False
periodic_bc = False
init_std = 0.30862906917765826
num_train = 1000
num_test = 5000
batch_size = 100
num_epochs = 10
learning_rate = 9.823418654544914e-06
l2_reg = 0.0

### Epoch 1 ###
Average loss for epoch: 2.303
Smoothed loss:          2.303
Average train accuracy: 0.093
Runtime so far:         45 sec

### Epoch 2 ###
Average loss for epoch: 2.303
Smoothed loss:          2.303
Average train accuracy: 0.116
Runtime so far:         90 sec

### Epoch 3 ###
Average loss for epoch: 2.303
Smoothed loss:          2.303
Average train accuracy: 0.116
Runtime so far:         129 sec

### Epoch 4 ###
Average loss for epoch: 2.302
Smoothed loss:          2.302
Average train accuracy: 0.116
Runtime so far:         176 sec

### Epoch 5 ###
Average loss for epoch: 2.300
Smoothed loss:          2.301
Average train accuracy: 0.116
Runtime so far:         222 sec

### Epoch 6 ###
Average loss for epoch: 2.285
Smoothed loss:          2.291
Average train accuracy: 0.116
Runtime so far:         263 sec

### Epoch 7 ###
Average loss for epoch: 2.237
Smoothed loss:          2.258
Average train accuracy: 0.116
Runtime so far:         302 sec

### Epoch 8 ###
Average loss for epoch: 2.207
Smoothed loss:          2.227
Average train accuracy: 0.116
Runtime so far:         349 sec

### Epoch 9 ###
Average loss for epoch: 2.179
Smoothed loss:          2.198
Average train accuracy: 0.116
Runtime so far:         395 sec

### Epoch 10 ###
Average loss for epoch: 2.162
Smoothed loss:          2.176
Average train accuracy: 0.116
Runtime so far:         442 sec

Total runtime:          514 sec

Smoothed loss, Final training accuracy, Final test accuracy
2.176480293273926, 0.11599999999999999, 0.11419999999999997
