THIS TRIAL'S ALL PARAMETERS
bond_dim = 15
dynamic_mode = False
periodic_bc = False
init_std = 1.2661832971606032e-09
num_train = 1000
num_test = 5000
batch_size = 100
num_epochs = 10
learning_rate = 2.7176099019579532e-05
l2_reg = 0.0

### Epoch 1 ###
Average loss for epoch: 2.303
Smoothed loss:          2.303
Average train accuracy: 0.090
Runtime so far:         37 sec

### Epoch 2 ###
Average loss for epoch: 2.302
Smoothed loss:          2.302
Average train accuracy: 0.116
Runtime so far:         76 sec

### Epoch 3 ###
Average loss for epoch: 2.297
Smoothed loss:          2.299
Average train accuracy: 0.116
Runtime so far:         115 sec

### Epoch 4 ###
Average loss for epoch: 2.242
Smoothed loss:          2.265
Average train accuracy: 0.116
Runtime so far:         152 sec

### Epoch 5 ###
Average loss for epoch: 2.191
Smoothed loss:          2.220
Average train accuracy: 0.116
Runtime so far:         190 sec

### Epoch 6 ###
Average loss for epoch: 2.135
Smoothed loss:          2.169
Average train accuracy: 0.116
Runtime so far:         229 sec

### Epoch 7 ###
Average loss for epoch: 2.090
Smoothed loss:          2.121
Average train accuracy: 0.134
Runtime so far:         267 sec

### Epoch 8 ###
Average loss for epoch: 2.042
Smoothed loss:          2.074
Average train accuracy: 0.191
Runtime so far:         304 sec

### Epoch 9 ###
Average loss for epoch: 1.988
Smoothed loss:          2.022
Average train accuracy: 0.229
Runtime so far:         343 sec

### Epoch 10 ###
Average loss for epoch: 1.928
Smoothed loss:          1.966
Average train accuracy: 0.256
Runtime so far:         387 sec

Total runtime:          471 sec

Smoothed loss, Final training accuracy, Final test accuracy
1.965916633605957, 0.25599999999999995, 0.27420000000000005
