THIS TRIAL'S ALL PARAMETERS
bond_dim = 15
dynamic_mode = False
periodic_bc = False
init_std = 1.3256432318124458e-10
num_train = 1000
num_test = 5000
batch_size = 100
num_epochs = 10
learning_rate = 3.0616511444107835e-05
l2_reg = 0.0

### Epoch 1 ###
Average loss for epoch: 2.303
Average train accuracy: 0.088
Runtime so far:         32 sec

### Epoch 2 ###
Average loss for epoch: 2.302
Average train accuracy: 0.116
Runtime so far:         64 sec

### Epoch 3 ###
Average loss for epoch: 2.292
Average train accuracy: 0.116
Runtime so far:         97 sec

### Epoch 4 ###
Average loss for epoch: 2.226
Average train accuracy: 0.116
Runtime so far:         130 sec

### Epoch 5 ###
Average loss for epoch: 2.165
Average train accuracy: 0.116
Runtime so far:         162 sec

### Epoch 6 ###
Average loss for epoch: 2.112
Average train accuracy: 0.121
Runtime so far:         195 sec

### Epoch 7 ###
Average loss for epoch: 2.067
Average train accuracy: 0.169
Runtime so far:         228 sec

### Epoch 8 ###
Average loss for epoch: 2.015
Average train accuracy: 0.207
Runtime so far:         261 sec

### Epoch 9 ###
Average loss for epoch: 1.957
Average train accuracy: 0.250
Runtime so far:         294 sec

### Epoch 10 ###
Average loss for epoch: 1.888
Average train accuracy: 0.270
Runtime so far:         328 sec

Total runtime:          385 sec

Final loss, Final training accuracy, Final test accuracy
1.8881582021713257, 0.27, 0.282
