THIS TRIAL'S ALL PARAMETERS
bond_dim = 15
dynamic_mode = False
periodic_bc = False
init_std = 1.786769016354739e-14
num_train = 1000
num_test = 5000
batch_size = 100
num_epochs = 10
learning_rate = 1.9783214174422084e-05
l2_reg = 0.0

### Epoch 1 ###
Average loss for epoch: 2.303
Average train accuracy: 0.091
Runtime so far:         33 sec

### Epoch 2 ###
Average loss for epoch: 2.303
Average train accuracy: 0.116
Runtime so far:         66 sec

### Epoch 3 ###
Average loss for epoch: 2.302
Average train accuracy: 0.116
Runtime so far:         100 sec

### Epoch 4 ###
Average loss for epoch: 2.284
Average train accuracy: 0.116
Runtime so far:         133 sec

### Epoch 5 ###
Average loss for epoch: 2.234
Average train accuracy: 0.116
Runtime so far:         166 sec

### Epoch 6 ###
Average loss for epoch: 2.197
Average train accuracy: 0.116
Runtime so far:         200 sec

### Epoch 7 ###
Average loss for epoch: 2.154
Average train accuracy: 0.116
Runtime so far:         234 sec

### Epoch 8 ###
Average loss for epoch: 2.120
Average train accuracy: 0.116
Runtime so far:         268 sec

### Epoch 9 ###
Average loss for epoch: 2.089
Average train accuracy: 0.121
Runtime so far:         301 sec

### Epoch 10 ###
Average loss for epoch: 2.070
Average train accuracy: 0.170
Runtime so far:         335 sec

Total runtime:          392 sec

Final loss, Final training accuracy, Final test accuracy
2.0697596073150635, 0.16999999999999998, 0.2322000000000001
