THIS TRIAL'S ALL PARAMETERS
bond_dim = 15
dynamic_mode = False
periodic_bc = False
init_std = 0.0001
num_train = 1000
num_test = 5000
batch_size = 100
num_epochs = 10
learning_rate = 0.001
l2_reg = 0.0

### Epoch 1 ###
Average loss for epoch: 2.303
Smoothed loss:          2.303
Average train accuracy: 0.082
Runtime so far:         37 sec

### Epoch 2 ###
Average loss for epoch: 3.174
Smoothed loss:          2.826
Average train accuracy: 0.143
Runtime so far:         72 sec

### Epoch 3 ###
Average loss for epoch: 2.302
Smoothed loss:          2.511
Average train accuracy: 0.184
Runtime so far:         110 sec

### Epoch 4 ###
Average loss for epoch: 2.302
Smoothed loss:          2.385
Average train accuracy: 0.184
Runtime so far:         156 sec

### Epoch 5 ###
Average loss for epoch: 2.301
Smoothed loss:          2.335
Average train accuracy: 0.180
Runtime so far:         215 sec

### Epoch 6 ###
Average loss for epoch: 2.297
Smoothed loss:          2.312
Average train accuracy: 0.189
Runtime so far:         255 sec

### Epoch 7 ###
Average loss for epoch: 2.236
Smoothed loss:          2.266
Average train accuracy: 0.238
Runtime so far:         296 sec

### Epoch 8 ###
Average loss for epoch: 2.158
Smoothed loss:          2.201
Average train accuracy: 0.205
Runtime so far:         337 sec

### Epoch 9 ###
Average loss for epoch: 1.740
Smoothed loss:          1.924
Average train accuracy: 0.443
Runtime so far:         380 sec

### Epoch 10 ###
Average loss for epoch: 1.393
Smoothed loss:          1.605
Average train accuracy: 0.519
Runtime so far:         418 sec

Total runtime:          486 sec

Smoothed loss, Final training accuracy, Final test accuracy
1.6052236557006836, 0.519, 0.48160000000000003
