THIS TRIAL'S ALL PARAMETERS
bond_dim = 15
dynamic_mode = False
periodic_bc = False
init_std = 5.1208188209913086e-08
num_train = 1000
num_test = 5000
batch_size = 100
num_epochs = 10
learning_rate = 3.200610073488344e-08
l2_reg = 0.0

### Epoch 1 ###
Average loss for epoch: 2.303
Smoothed loss:          2.303
Average train accuracy: 0.100
Runtime so far:         39 sec

### Epoch 2 ###
Average loss for epoch: 2.303
Smoothed loss:          2.303
Average train accuracy: 0.094
Runtime so far:         78 sec

### Epoch 3 ###
Average loss for epoch: 2.303
Smoothed loss:          2.303
Average train accuracy: 0.104
Runtime so far:         117 sec

### Epoch 4 ###
Average loss for epoch: 2.303
Smoothed loss:          2.303
Average train accuracy: 0.111
Runtime so far:         154 sec

### Epoch 5 ###
Average loss for epoch: 2.303
Smoothed loss:          2.303
Average train accuracy: 0.117
Runtime so far:         191 sec

### Epoch 6 ###
Average loss for epoch: 2.303
Smoothed loss:          2.303
Average train accuracy: 0.101
Runtime so far:         229 sec

### Epoch 7 ###
Average loss for epoch: 2.303
Smoothed loss:          2.303
Average train accuracy: 0.111
Runtime so far:         266 sec

### Epoch 8 ###
Average loss for epoch: 2.303
Smoothed loss:          2.303
Average train accuracy: 0.102
Runtime so far:         304 sec

### Epoch 9 ###
Average loss for epoch: 2.303
Smoothed loss:          2.303
Average train accuracy: 0.115
Runtime so far:         342 sec

### Epoch 10 ###
Average loss for epoch: 2.303
Smoothed loss:          2.303
Average train accuracy: 0.114
Runtime so far:         380 sec

Total runtime:          442 sec

Smoothed loss, Final training accuracy, Final test accuracy
2.3025827407836914, 0.11399999999999999, 0.10200000000000001
