bond_dim = 15
dynamic_mode = False
periodic_bc = False
init_std = 2.9214558420035978e-06
num_train = 1000
num_test = 5000
batch_size = 100
num_epochs = 10
learning rate = 4.705759668161858e-06
l2_reg = 0.0

### Epoch 1 ###
Average loss for epoch: 2.303
Smoothed loss:          2.303
Average train accuracy: 0.089
Runtime so far:         34 sec

### Epoch 2 ###
Average loss for epoch: 2.303
Smoothed loss:          2.303
Average train accuracy: 0.116
Runtime so far:         68 sec

### Epoch 3 ###
Average loss for epoch: 2.303
Smoothed loss:          2.303
Average train accuracy: 0.116
Runtime so far:         102 sec

### Epoch 4 ###
Average loss for epoch: 2.303
Smoothed loss:          2.303
Average train accuracy: 0.116
Runtime so far:         135 sec

### Epoch 5 ###
Average loss for epoch: 2.302
Smoothed loss:          2.303
Average train accuracy: 0.116
Runtime so far:         169 sec

### Epoch 6 ###
Average loss for epoch: 2.302
Smoothed loss:          2.302
Average train accuracy: 0.116
Runtime so far:         202 sec

### Epoch 7 ###
Average loss for epoch: 2.302
Smoothed loss:          2.302
Average train accuracy: 0.116
Runtime so far:         235 sec

### Epoch 8 ###
Average loss for epoch: 2.299
Smoothed loss:          2.300
Average train accuracy: 0.116
Runtime so far:         269 sec

### Epoch 9 ###
Average loss for epoch: 2.291
Smoothed loss:          2.295
Average train accuracy: 0.116
Runtime so far:         302 sec

### Epoch 10 ###
Average loss for epoch: 2.268
Smoothed loss:          2.279
Average train accuracy: 0.116
Runtime so far:         335 sec

Total runtime:          391 sec

Smoothed loss, Final training accuracy, Final test accuracy
2.279057264328003, 0.11599999999999999, 0.11419999999999997
