bond_dim = 15
dynamic_mode = False
periodic_bc = False
init_std = 0.11506888077467507
num_train = 1000
num_test = 5000
batch_size = 100
num_epochs = 10
learning rate = 1.1262949689429061e-05
l2_reg = 0.0

### Epoch 1 ###
Average loss for epoch: 2.303
Smoothed loss:          2.303
Average train accuracy: 0.089
Runtime so far:         34 sec

### Epoch 2 ###
Average loss for epoch: 2.303
Smoothed loss:          2.303
Average train accuracy: 0.116
Runtime so far:         67 sec

### Epoch 3 ###
Average loss for epoch: 2.302
Smoothed loss:          2.303
Average train accuracy: 0.116
Runtime so far:         102 sec

### Epoch 4 ###
Average loss for epoch: 2.302
Smoothed loss:          2.302
Average train accuracy: 0.116
Runtime so far:         136 sec

### Epoch 5 ###
Average loss for epoch: 2.296
Smoothed loss:          2.299
Average train accuracy: 0.116
Runtime so far:         170 sec

### Epoch 6 ###
Average loss for epoch: 2.265
Smoothed loss:          2.278
Average train accuracy: 0.116
Runtime so far:         204 sec

### Epoch 7 ###
Average loss for epoch: 2.221
Smoothed loss:          2.244
Average train accuracy: 0.116
Runtime so far:         238 sec

### Epoch 8 ###
Average loss for epoch: 2.190
Smoothed loss:          2.212
Average train accuracy: 0.116
Runtime so far:         271 sec

### Epoch 9 ###
Average loss for epoch: 2.162
Smoothed loss:          2.182
Average train accuracy: 0.116
Runtime so far:         304 sec

### Epoch 10 ###
Average loss for epoch: 2.143
Smoothed loss:          2.159
Average train accuracy: 0.116
Runtime so far:         338 sec

Total runtime:          397 sec

Smoothed loss, Final training accuracy, Final test accuracy
2.15871262550354, 0.11599999999999999, 0.11419999999999997
