THIS TRIAL'S ALL PARAMETERS
bond_dim = 15
dynamic_mode = False
periodic_bc = False
init_std = 2.219771803374536e-11
num_train = 1000
num_test = 5000
batch_size = 100
num_epochs = 10
learning_rate = 0.0003671119540319611
l2_reg = 0.0

### Epoch 1 ###
Average loss for epoch: 2.303
Average train accuracy: 0.101
Runtime so far:         33 sec

### Epoch 2 ###
Average loss for epoch: 2.272
Average train accuracy: 0.169
Runtime so far:         67 sec

### Epoch 3 ###
Average loss for epoch: 2.037
Average train accuracy: 0.235
Runtime so far:         100 sec

### Epoch 4 ###
Average loss for epoch: 1.721
Average train accuracy: 0.357
Runtime so far:         133 sec

### Epoch 5 ###
Average loss for epoch: 1.198
Average train accuracy: 0.565
Runtime so far:         168 sec

### Epoch 6 ###
Average loss for epoch: 0.988
Average train accuracy: 0.681
Runtime so far:         202 sec

### Epoch 7 ###
Average loss for epoch: 0.796
Average train accuracy: 0.740
Runtime so far:         236 sec

### Epoch 8 ###
Average loss for epoch: 0.609
Average train accuracy: 0.797
Runtime so far:         270 sec

### Epoch 9 ###
Average loss for epoch: 0.481
Average train accuracy: 0.835
Runtime so far:         304 sec

### Epoch 10 ###
Average loss for epoch: 0.412
Average train accuracy: 0.867
Runtime so far:         338 sec

Total runtime:          396 sec

Final loss, Final training accuracy, Final test accuracy
0.4123725891113281, 0.867, 0.732
