THIS TRIAL'S ALL PARAMETERS
bond_dim = 15
dynamic_mode = False
periodic_bc = True
init_std = 1.3998312767087295
num_train = 1000
num_test = 5000
batch_size = 100
num_epochs = 10
learning_rate = 0.00013092514129570365
l2_reg = 0.0

### Epoch 1 ###
Average loss for epoch: 2.302
Average train accuracy: 0.097
Runtime so far:         61 sec

### Epoch 2 ###
Average loss for epoch: 2.241
Average train accuracy: 0.144
Runtime so far:         122 sec

### Epoch 3 ###
Average loss for epoch: 2.170
Average train accuracy: 0.197
Runtime so far:         180 sec

### Epoch 4 ###
Average loss for epoch: 2.176
Average train accuracy: 0.184
Runtime so far:         240 sec

### Epoch 5 ###
Average loss for epoch: 2.039
Average train accuracy: 0.191
Runtime so far:         297 sec

### Epoch 6 ###
Average loss for epoch: 1.434
Average train accuracy: 0.496
Runtime so far:         358 sec

### Epoch 7 ###
Average loss for epoch: 1.002
Average train accuracy: 0.674
Runtime so far:         418 sec

### Epoch 8 ###
Average loss for epoch: 0.747
Average train accuracy: 0.757
Runtime so far:         475 sec

### Epoch 9 ###
Average loss for epoch: 0.558
Average train accuracy: 0.818
Runtime so far:         533 sec

### Epoch 10 ###
Average loss for epoch: 0.463
Average train accuracy: 0.854
Runtime so far:         591 sec

Total runtime:          699 sec

Final loss, Final training accuracy, Final test accuracy
0.46255746483802795, 0.8539999999999999, 0.7389999999999999
