bond_dim = 15
dynamic_mode = False
periodic_bc = True
init_std = 5.886417508922632e-05
num_train = 1000
num_test = 5000
batch_size = 100
num_epochs = 10
learning rate = 0.006053262073122571
l2_reg = 0.0

### Epoch 1 ###
Average loss for epoch: 4659.442
Smoothed loss:          4659.442
Average train accuracy: 0.095
Runtime so far:         58 sec

### Epoch 2 ###
Average loss for epoch: 4.486
Smoothed loss:          1866.469
Average train accuracy: 0.100
Runtime so far:         115 sec

### Epoch 3 ###
Average loss for epoch: 2.773
Smoothed loss:          748.251
Average train accuracy: 0.103
Runtime so far:         172 sec

### Epoch 4 ###
Average loss for epoch: 2.360
Smoothed loss:          300.716
Average train accuracy: 0.108
Runtime so far:         228 sec

### Epoch 5 ###
Average loss for epoch: 2.285
Smoothed loss:          121.657
Average train accuracy: 0.093
Runtime so far:         281 sec

### Epoch 6 ###
Average loss for epoch: 2.274
Smoothed loss:          50.027
Average train accuracy: 0.111
Runtime so far:         337 sec

### Epoch 7 ###
Average loss for epoch: 2.258
Smoothed loss:          21.366
Average train accuracy: 0.134
Runtime so far:         395 sec

### Epoch 8 ###
Average loss for epoch: 2.239
Smoothed loss:          9.890
Average train accuracy: 0.148
Runtime so far:         450 sec

### Epoch 9 ###
Average loss for epoch: 2.226
Smoothed loss:          5.291
Average train accuracy: 0.181
Runtime so far:         507 sec

### Epoch 10 ###
Average loss for epoch: 2.212
Smoothed loss:          3.444
Average train accuracy: 0.194
Runtime so far:         563 sec

Total runtime:          669 sec

Smoothed loss, Final training accuracy, Final test accuracy
3.4439425468444824, 0.19399999999999998, 0.1746000000000001
