THIS TRIAL'S ALL PARAMETERS
bond_dim = 15
dynamic_mode = False
periodic_bc = True
init_std = 3.9968366187271335e-09
num_train = 1000
num_test = 5000
batch_size = 100
num_epochs = 10
learning_rate = 0.0010707999837459008
l2_reg = 0.0

### Epoch 1 ###
Average loss for epoch: 2.335
Smoothed loss:          2.335
Average train accuracy: 0.086
Runtime so far:         70 sec

### Epoch 2 ###
Average loss for epoch: 2.536
Smoothed loss:          2.456
Average train accuracy: 0.133
Runtime so far:         137 sec

### Epoch 3 ###
Average loss for epoch: 2.272
Smoothed loss:          2.346
Average train accuracy: 0.213
Runtime so far:         204 sec

### Epoch 4 ###
Average loss for epoch: 2.168
Smoothed loss:          2.239
Average train accuracy: 0.217
Runtime so far:         275 sec

### Epoch 5 ###
Average loss for epoch: 1.887
Smoothed loss:          2.028
Average train accuracy: 0.332
Runtime so far:         341 sec

### Epoch 6 ###
Average loss for epoch: 1.294
Smoothed loss:          1.588
Average train accuracy: 0.555
Runtime so far:         408 sec

### Epoch 7 ###
Average loss for epoch: 1.924
Smoothed loss:          1.789
Average train accuracy: 0.422
Runtime so far:         487 sec

### Epoch 8 ###
Average loss for epoch: 1.674
Smoothed loss:          1.720
Average train accuracy: 0.441
Runtime so far:         575 sec

### Epoch 9 ###
Average loss for epoch: 1.403
Smoothed loss:          1.530
Average train accuracy: 0.560
Runtime so far:         665 sec

### Epoch 10 ###
Average loss for epoch: 1.135
Smoothed loss:          1.293
Average train accuracy: 0.619
Runtime so far:         745 sec

Total runtime:          876 sec

Smoothed loss, Final training accuracy, Final test accuracy
1.2926671504974365, 0.619, 0.5296
