THIS TRIAL'S ALL PARAMETERS
bond_dim = 15
dynamic_mode = False
periodic_bc = True
init_std = 2.005909123365151e-06
num_train = 1000
num_test = 5000
batch_size = 100
num_epochs = 10
learning_rate = 1.3103766199347549e-08
l2_reg = 0.0

### Epoch 1 ###
Average loss for epoch: 2.303
Average train accuracy: 0.101
Runtime so far:         91 sec

### Epoch 2 ###
Average loss for epoch: 2.303
Average train accuracy: 0.094
Runtime so far:         182 sec

### Epoch 3 ###
Average loss for epoch: 2.303
Average train accuracy: 0.113
Runtime so far:         273 sec

### Epoch 4 ###
Average loss for epoch: 2.303
Average train accuracy: 0.105
Runtime so far:         364 sec

### Epoch 5 ###
Average loss for epoch: 2.303
Average train accuracy: 0.106
Runtime so far:         456 sec

### Epoch 6 ###
Average loss for epoch: 2.303
Average train accuracy: 0.104
Runtime so far:         549 sec

### Epoch 7 ###
Average loss for epoch: 2.303
Average train accuracy: 0.125
Runtime so far:         642 sec

### Epoch 8 ###
Average loss for epoch: 2.303
Average train accuracy: 0.121
Runtime so far:         736 sec

### Epoch 9 ###
Average loss for epoch: 2.303
Average train accuracy: 0.113
Runtime so far:         829 sec

### Epoch 10 ###
Average loss for epoch: 2.303
Average train accuracy: 0.111
Runtime so far:         921 sec

Total runtime:          1105 sec

Final loss, Final training accuracy, Final test accuracy
2.3025834560394287, 0.11099999999999999, 0.11319999999999998
