THIS TRIAL'S ALL PARAMETERS
bond_dim = 15
dynamic_mode = False
periodic_bc = True
init_std = 1115673.8850177992
num_train = 1000
num_test = 5000
batch_size = 100
num_epochs = 10
learning_rate = 0.004519274582893711
l2_reg = 0.0

### Epoch 1 ###
Average loss for epoch: 5.408
Average train accuracy: 0.089
Runtime so far:         59 sec

### Epoch 2 ###
Average loss for epoch: 2.312
Average train accuracy: 0.163
Runtime so far:         116 sec

### Epoch 3 ###
Average loss for epoch: 2.258
Average train accuracy: 0.164
Runtime so far:         175 sec

### Epoch 4 ###
Average loss for epoch: 1.965
Average train accuracy: 0.325
Runtime so far:         233 sec

### Epoch 5 ###
Average loss for epoch: 2.306
Average train accuracy: 0.311
Runtime so far:         292 sec

### Epoch 6 ###
Average loss for epoch: 1.948
Average train accuracy: 0.374
Runtime so far:         351 sec

### Epoch 7 ###
Average loss for epoch: 1.835
Average train accuracy: 0.444
Runtime so far:         408 sec

### Epoch 8 ###
Average loss for epoch: 1.486
Average train accuracy: 0.479
Runtime so far:         471 sec

### Epoch 9 ###
Average loss for epoch: 2.207
Average train accuracy: 0.209
Runtime so far:         535 sec

### Epoch 10 ###
Average loss for epoch: 2.303
Average train accuracy: 0.168
Runtime so far:         598 sec

Total runtime:          722 sec

Final loss, Final training accuracy, Final test accuracy
2.3029255867004395, 0.16799999999999998, 0.17740000000000006
