THIS TRIAL'S ALL PARAMETERS
bond_dim = 15
dynamic_mode = False
periodic_bc = True
init_std = 0.0005774716039302345
num_train = 1000
num_test = 5000
batch_size = 100
num_epochs = 10
learning_rate = 0.00013531836434113497
l2_reg = 0.0

### Epoch 1 ###
Average loss for epoch: 2.302
Average train accuracy: 0.089
Runtime so far:         67 sec

### Epoch 2 ###
Average loss for epoch: 2.252
Average train accuracy: 0.128
Runtime so far:         135 sec

### Epoch 3 ###
Average loss for epoch: 1.932
Average train accuracy: 0.242
Runtime so far:         202 sec

### Epoch 4 ###
Average loss for epoch: 1.467
Average train accuracy: 0.438
Runtime so far:         270 sec

### Epoch 5 ###
Average loss for epoch: 1.049
Average train accuracy: 0.615
Runtime so far:         339 sec

### Epoch 6 ###
Average loss for epoch: 0.707
Average train accuracy: 0.768
Runtime so far:         406 sec

### Epoch 7 ###
Average loss for epoch: 0.525
Average train accuracy: 0.826
Runtime so far:         475 sec

### Epoch 8 ###
Average loss for epoch: 0.385
Average train accuracy: 0.879
Runtime so far:         542 sec

### Epoch 9 ###
Average loss for epoch: 0.291
Average train accuracy: 0.914
Runtime so far:         609 sec

### Epoch 10 ###
Average loss for epoch: 0.248
Average train accuracy: 0.921
Runtime so far:         676 sec

Total runtime:          812 sec

Final loss, Final training accuracy, Final test accuracy
0.24776414036750793, 0.921, 0.779
