THIS TRIAL'S ALL PARAMETERS
bond_dim = 15
dynamic_mode = False
periodic_bc = True
init_std = 5.612241167402349e-09
num_train = 1000
num_test = 5000
batch_size = 100
num_epochs = 10
learning_rate = 1.6848524999222036e-06
l2_reg = 0.0

### Epoch 1 ###
Average loss for epoch: 2.303
Average train accuracy: 0.089
Runtime so far:         61 sec

### Epoch 2 ###
Average loss for epoch: 2.303
Average train accuracy: 0.116
Runtime so far:         128 sec

### Epoch 3 ###
Average loss for epoch: 2.303
Average train accuracy: 0.116
Runtime so far:         194 sec

### Epoch 4 ###
Average loss for epoch: 2.303
Average train accuracy: 0.116
Runtime so far:         259 sec

### Epoch 5 ###
Average loss for epoch: 2.303
Average train accuracy: 0.116
Runtime so far:         326 sec

### Epoch 6 ###
Average loss for epoch: 2.302
Average train accuracy: 0.116
Runtime so far:         393 sec

### Epoch 7 ###
Average loss for epoch: 2.302
Average train accuracy: 0.116
Runtime so far:         460 sec

### Epoch 8 ###
Average loss for epoch: 2.302
Average train accuracy: 0.116
Runtime so far:         527 sec

### Epoch 9 ###
Average loss for epoch: 2.302
Average train accuracy: 0.116
Runtime so far:         592 sec

### Epoch 10 ###
Average loss for epoch: 2.302
Average train accuracy: 0.116
Runtime so far:         662 sec

Total runtime:          796 sec

Final loss, Final training accuracy, Final test accuracy
2.3021109104156494, 0.11599999999999999, 0.11419999999999997
