bond_dim = 15
dynamic_mode = False
periodic_bc = True
init_std = 2.1666675622652685
num_train = 1000
num_test = 5000
batch_size = 100
num_epochs = 10
learning rate = 0.001330557105883843
l2_reg = 0.0

### Epoch 1 ###
Average loss for epoch: 2.595
Smoothed loss:          2.595
Average train accuracy: 0.107
Runtime so far:         55 sec

### Epoch 2 ###
Average loss for epoch: 2.386
Smoothed loss:          2.470
Average train accuracy: 0.160
Runtime so far:         110 sec

### Epoch 3 ###
Average loss for epoch: 2.429
Smoothed loss:          2.445
Average train accuracy: 0.166
Runtime so far:         163 sec

### Epoch 4 ###
Average loss for epoch: 2.315
Smoothed loss:          2.367
Average train accuracy: 0.292
Runtime so far:         217 sec

### Epoch 5 ###
Average loss for epoch: 2.441
Smoothed loss:          2.411
Average train accuracy: 0.182
Runtime so far:         274 sec

### Epoch 6 ###
Average loss for epoch: 2.159
Smoothed loss:          2.260
Average train accuracy: 0.198
Runtime so far:         330 sec

### Epoch 7 ###
Average loss for epoch: 2.045
Smoothed loss:          2.131
Average train accuracy: 0.218
Runtime so far:         388 sec

### Epoch 8 ###
Average loss for epoch: 1.405
Smoothed loss:          1.696
Average train accuracy: 0.538
Runtime so far:         447 sec

### Epoch 9 ###
Average loss for epoch: 0.873
Smoothed loss:          1.202
Average train accuracy: 0.713
Runtime so far:         505 sec

### Epoch 10 ###
Average loss for epoch: 0.868
Smoothed loss:          1.002
Average train accuracy: 0.720
Runtime so far:         565 sec

Total runtime:          683 sec

Smoothed loss, Final training accuracy, Final test accuracy
1.0018309354782104, 0.72, 0.56
