THIS TRIAL'S ALL PARAMETERS
bond_dim = 15
dynamic_mode = False
periodic_bc = True
init_std = 1.05281291259154e-12
num_train = 1000
num_test = 5000
batch_size = 100
num_epochs = 10
learning_rate = 4.047351151935794e-05
l2_reg = 0.0

### Epoch 1 ###
Average loss for epoch: 2.303
Average train accuracy: 0.091
Runtime so far:         118 sec

### Epoch 2 ###
Average loss for epoch: 2.300
Average train accuracy: 0.116
Runtime so far:         230 sec

### Epoch 3 ###
Average loss for epoch: 2.274
Average train accuracy: 0.116
Runtime so far:         329 sec

### Epoch 4 ###
Average loss for epoch: 2.151
Average train accuracy: 0.146
Runtime so far:         436 sec

### Epoch 5 ###
Average loss for epoch: 2.010
Average train accuracy: 0.245
Runtime so far:         532 sec

### Epoch 6 ###
Average loss for epoch: 1.908
Average train accuracy: 0.276
Runtime so far:         628 sec

### Epoch 7 ###
Average loss for epoch: 1.736
Average train accuracy: 0.337
Runtime so far:         725 sec

### Epoch 8 ###
Average loss for epoch: 1.529
Average train accuracy: 0.473
Runtime so far:         820 sec

### Epoch 9 ###
Average loss for epoch: 1.294
Average train accuracy: 0.574
Runtime so far:         915 sec

### Epoch 10 ###
Average loss for epoch: 1.037
Average train accuracy: 0.677
Runtime so far:         1011 sec

Total runtime:          1195 sec

Final loss, Final training accuracy, Final test accuracy
1.0374850034713745, 0.677, 0.5676
