THIS TRIAL'S ALL PARAMETERS
bond_dim = 15
dynamic_mode = False
periodic_bc = True
init_std = 1.615203339367609e-12
num_train = 1000
num_test = 5000
batch_size = 100
num_epochs = 10
learning_rate = 0.055644040713810995
l2_reg = 0.0

### Epoch 1 ###
Average loss for epoch: 21448558829843987422892785664.000
Average train accuracy: 0.053
Runtime so far:         67 sec

### Epoch 2 ###
Average loss for epoch: 31131938946978336805981519872.000
Average train accuracy: 0.043
Runtime so far:         132 sec

### Epoch 3 ###
Average loss for epoch: 31131931863428612501513699328.000
Average train accuracy: 0.043
Runtime so far:         197 sec

### Epoch 4 ###
Average loss for epoch: 31131938946978336805981519872.000
Average train accuracy: 0.043
Runtime so far:         263 sec

### Epoch 5 ###
Average loss for epoch: 31131938946978336805981519872.000
Average train accuracy: 0.043
Runtime so far:         330 sec

### Epoch 6 ###
Average loss for epoch: 31131936585795095371158913024.000
Average train accuracy: 0.043
Runtime so far:         396 sec

### Epoch 7 ###
Average loss for epoch: 31131941308161578240804126720.000
Average train accuracy: 0.043
Runtime so far:         461 sec

### Epoch 8 ###
Average loss for epoch: 31131934224611853936336306176.000
Average train accuracy: 0.043
Runtime so far:         526 sec

### Epoch 9 ###
Average loss for epoch: 31131941308161578240804126720.000
Average train accuracy: 0.043
Runtime so far:         591 sec

### Epoch 10 ###
Average loss for epoch: 31131936585795095371158913024.000
Average train accuracy: 0.043
Runtime so far:         655 sec

Total runtime:          778 sec

Final loss, Final training accuracy, Final test accuracy
3.1131936585795095e+28, 0.043000000000000003, 0.049000000000000016
