THIS TRIAL'S ALL PARAMETERS
bond_dim = 15
dynamic_mode = False
periodic_bc = True
init_std = 2.4336484298137027e-06
num_train = 1000
num_test = 5000
batch_size = 100
num_epochs = 10
learning_rate = 1.5516087249400253e-06
l2_reg = 0.0

### Epoch 1 ###
Average loss for epoch: 2.303
Average train accuracy: 0.088
Runtime so far:         63 sec

### Epoch 2 ###
Average loss for epoch: 2.303
Average train accuracy: 0.116
Runtime so far:         128 sec

### Epoch 3 ###
Average loss for epoch: 2.303
Average train accuracy: 0.116
Runtime so far:         196 sec

### Epoch 4 ###
Average loss for epoch: 2.303
Average train accuracy: 0.116
Runtime so far:         263 sec

### Epoch 5 ###
Average loss for epoch: 2.303
Average train accuracy: 0.116
Runtime so far:         330 sec

### Epoch 6 ###
Average loss for epoch: 2.302
Average train accuracy: 0.116
Runtime so far:         398 sec

### Epoch 7 ###
Average loss for epoch: 2.302
Average train accuracy: 0.116
Runtime so far:         466 sec

### Epoch 8 ###
Average loss for epoch: 2.302
Average train accuracy: 0.116
Runtime so far:         534 sec

### Epoch 9 ###
Average loss for epoch: 2.302
Average train accuracy: 0.116
Runtime so far:         601 sec

### Epoch 10 ###
Average loss for epoch: 2.302
Average train accuracy: 0.116
Runtime so far:         669 sec

Total runtime:          804 sec

Final loss, Final training accuracy, Final test accuracy
2.302184581756592, 0.11599999999999999, 0.11419999999999997
