THIS TRIAL'S ALL PARAMETERS
bond_dim = 15
dynamic_mode = False
periodic_bc = True
init_std = 7.429793167269726e-13
num_train = 1000
num_test = 5000
batch_size = 100
num_epochs = 10
learning_rate = 7.042066769304851e-06
l2_reg = 0.0

### Epoch 1 ###
Average loss for epoch: 2.303
Average train accuracy: 0.091
Runtime so far:         66 sec

### Epoch 2 ###
Average loss for epoch: 2.303
Average train accuracy: 0.116
Runtime so far:         131 sec

### Epoch 3 ###
Average loss for epoch: 2.302
Average train accuracy: 0.116
Runtime so far:         196 sec

### Epoch 4 ###
Average loss for epoch: 2.302
Average train accuracy: 0.116
Runtime so far:         262 sec

### Epoch 5 ###
Average loss for epoch: 2.301
Average train accuracy: 0.116
Runtime so far:         326 sec

### Epoch 6 ###
Average loss for epoch: 2.299
Average train accuracy: 0.116
Runtime so far:         391 sec

### Epoch 7 ###
Average loss for epoch: 2.294
Average train accuracy: 0.116
Runtime so far:         455 sec

### Epoch 8 ###
Average loss for epoch: 2.279
Average train accuracy: 0.116
Runtime so far:         520 sec

### Epoch 9 ###
Average loss for epoch: 2.245
Average train accuracy: 0.116
Runtime so far:         585 sec

### Epoch 10 ###
Average loss for epoch: 2.225
Average train accuracy: 0.116
Runtime so far:         649 sec

Total runtime:          773 sec

Final loss, Final training accuracy, Final test accuracy
2.2246456146240234, 0.11599999999999999, 0.11419999999999997
