bond_dim = 15
dynamic_mode = False
periodic_bc = True
init_std = 4.619701071771471e-08
num_train = 1000
num_test = 5000
batch_size = 100
num_epochs = 10
learning rate = 0.027045594673017113
l2_reg = 0.0

### Epoch 1 ###
Average loss for epoch: 3144030778120926985715712.000
Smoothed loss:          3144030778120926985715712.000
Average train accuracy: 0.099
Runtime so far:         60 sec

### Epoch 2 ###
Average loss for epoch: 8563556212689781890482176.000
Smoothed loss:          6395746730615142692683776.000
Average train accuracy: 0.094
Runtime so far:         118 sec

### Epoch 3 ###
Average loss for epoch: 8547157633669006402519040.000
Smoothed loss:          7686593387739611379269632.000
Average train accuracy: 0.094
Runtime so far:         177 sec

### Epoch 4 ###
Average loss for epoch: 8539059513020647909359616.000
Smoothed loss:          8198073178200383758008320.000
Average train accuracy: 0.094
Runtime so far:         236 sec

### Epoch 5 ###
Average loss for epoch: 8534937818641678431420416.000
Smoothed loss:          8400192423633762404794368.000
Average train accuracy: 0.094
Runtime so far:         294 sec

### Epoch 6 ###
Average loss for epoch: 8531588005210043237531648.000
Smoothed loss:          8479029772579530904436736.000
Average train accuracy: 0.096
Runtime so far:         353 sec

### Epoch 7 ###
Average loss for epoch: 8529113835661156943921152.000
Smoothed loss:          8509080671597108370866176.000
Average train accuracy: 0.095
Runtime so far:         412 sec

### Epoch 8 ###
Average loss for epoch: 8527100834714113389101056.000
Smoothed loss:          8519893345928063685230592.000
Average train accuracy: 0.096
Runtime so far:         471 sec

### Epoch 9 ###
Average loss for epoch: 8525902372810074571669504.000
Smoothed loss:          8523499107933721599148032.000
Average train accuracy: 0.095
Runtime so far:         529 sec

### Epoch 10 ###
Average loss for epoch: 8524986376674664431747072.000
Smoothed loss:          8524391469178287298707456.000
Average train accuracy: 0.096
Runtime so far:         589 sec

Total runtime:          707 sec

Smoothed loss, Final training accuracy, Final test accuracy
8.524391469178287e+24, 0.096, 0.09839999999999996
