THIS TRIAL'S ALL PARAMETERS
bond_dim = 15
dynamic_mode = False
periodic_bc = True
init_std = 1.1264149198115638
num_train = 1000
num_test = 5000
batch_size = 100
num_epochs = 10
learning_rate = 1.431777184480418e-05
l2_reg = 0.0

### Epoch 1 ###
Average loss for epoch: 2.303
Average train accuracy: 0.090
Runtime so far:         68 sec

### Epoch 2 ###
Average loss for epoch: 2.302
Average train accuracy: 0.116
Runtime so far:         135 sec

### Epoch 3 ###
Average loss for epoch: 2.301
Average train accuracy: 0.116
Runtime so far:         202 sec

### Epoch 4 ###
Average loss for epoch: 2.298
Average train accuracy: 0.116
Runtime so far:         269 sec

### Epoch 5 ###
Average loss for epoch: 2.286
Average train accuracy: 0.116
Runtime so far:         336 sec

### Epoch 6 ###
Average loss for epoch: 2.255
Average train accuracy: 0.116
Runtime so far:         403 sec

### Epoch 7 ###
Average loss for epoch: 2.209
Average train accuracy: 0.116
Runtime so far:         470 sec

### Epoch 8 ###
Average loss for epoch: 2.122
Average train accuracy: 0.152
Runtime so far:         536 sec

### Epoch 9 ###
Average loss for epoch: 1.907
Average train accuracy: 0.287
Runtime so far:         604 sec

### Epoch 10 ###
Average loss for epoch: 1.742
Average train accuracy: 0.376
Runtime so far:         673 sec

Total runtime:          809 sec

Final loss, Final training accuracy, Final test accuracy
1.7418186664581299, 0.376, 0.36979999999999996
