THIS TRIAL'S ALL PARAMETERS
bond_dim = 15
dynamic_mode = False
periodic_bc = True
init_std = 1.5246910915809338e-09
num_train = 1000
num_test = 5000
batch_size = 100
num_epochs = 10
learning_rate = 1.1219650627463583e-05
l2_reg = 0.0

### Epoch 1 ###
Average loss for epoch: 2.303
Average train accuracy: 0.090
Runtime so far:         58 sec

### Epoch 2 ###
Average loss for epoch: 2.302
Average train accuracy: 0.116
Runtime so far:         119 sec

### Epoch 3 ###
Average loss for epoch: 2.302
Average train accuracy: 0.116
Runtime so far:         180 sec

### Epoch 4 ###
Average loss for epoch: 2.301
Average train accuracy: 0.116
Runtime so far:         241 sec

### Epoch 5 ###
Average loss for epoch: 2.297
Average train accuracy: 0.116
Runtime so far:         304 sec

### Epoch 6 ###
Average loss for epoch: 2.286
Average train accuracy: 0.116
Runtime so far:         363 sec

### Epoch 7 ###
Average loss for epoch: 2.255
Average train accuracy: 0.116
Runtime so far:         421 sec

### Epoch 8 ###
Average loss for epoch: 2.218
Average train accuracy: 0.116
Runtime so far:         478 sec

### Epoch 9 ###
Average loss for epoch: 2.141
Average train accuracy: 0.148
Runtime so far:         534 sec

### Epoch 10 ###
Average loss for epoch: 1.941
Average train accuracy: 0.247
Runtime so far:         591 sec

Total runtime:          699 sec

Final loss, Final training accuracy, Final test accuracy
1.941044569015503, 0.24699999999999997, 0.2759999999999999
