THIS TRIAL'S ALL PARAMETERS
bond_dim = 15
dynamic_mode = False
periodic_bc = True
init_std = 8.343645653956452e-12
num_train = 1000
num_test = 5000
batch_size = 100
num_epochs = 10
learning_rate = 1.8115203339831354e-06
l2_reg = 0.0

### Epoch 1 ###
Average loss for epoch: 2.303
Average train accuracy: 0.089
Runtime so far:         74 sec

### Epoch 2 ###
Average loss for epoch: 2.303
Average train accuracy: 0.116
Runtime so far:         142 sec

### Epoch 3 ###
Average loss for epoch: 2.303
Average train accuracy: 0.116
Runtime so far:         210 sec

### Epoch 4 ###
Average loss for epoch: 2.303
Average train accuracy: 0.116
Runtime so far:         279 sec

### Epoch 5 ###
Average loss for epoch: 2.303
Average train accuracy: 0.116
Runtime so far:         348 sec

### Epoch 6 ###
Average loss for epoch: 2.302
Average train accuracy: 0.116
Runtime so far:         411 sec

### Epoch 7 ###
Average loss for epoch: 2.302
Average train accuracy: 0.116
Runtime so far:         475 sec

### Epoch 8 ###
Average loss for epoch: 2.302
Average train accuracy: 0.116
Runtime so far:         538 sec

### Epoch 9 ###
Average loss for epoch: 2.302
Average train accuracy: 0.116
Runtime so far:         603 sec

### Epoch 10 ###
Average loss for epoch: 2.302
Average train accuracy: 0.116
Runtime so far:         670 sec

Total runtime:          794 sec

Smoothed loss, Final training accuracy, Final test accuracy
2.3020224571228027, 0.11599999999999999, 0.11419999999999997
