THIS TRIAL'S ALL PARAMETERS
bond_dim = 15
dynamic_mode = False
periodic_bc = True
init_std = 2e-11
num_train = 1000
num_test = 5000
batch_size = 100
num_epochs = 10
learning_rate = 0.0005
l2_reg = 0.0

### Epoch 1 ###
Average loss for epoch: 2.267
Average train accuracy: 0.108
Runtime so far:         46 sec

### Epoch 2 ###
Average loss for epoch: 2.835
Average train accuracy: 0.116
Runtime so far:         94 sec

### Epoch 3 ###
Average loss for epoch: 1.990
Average train accuracy: 0.296
Runtime so far:         140 sec

### Epoch 4 ###
Average loss for epoch: 1.473
Average train accuracy: 0.494
Runtime so far:         187 sec

### Epoch 5 ###
Average loss for epoch: 0.939
Average train accuracy: 0.687
Runtime so far:         237 sec

### Epoch 6 ###
Average loss for epoch: 0.679
Average train accuracy: 0.787
Runtime so far:         285 sec

### Epoch 7 ###
Average loss for epoch: 0.778
Average train accuracy: 0.765
Runtime so far:         332 sec

### Epoch 8 ###
Average loss for epoch: 1.195
Average train accuracy: 0.619
Runtime so far:         378 sec

### Epoch 9 ###
Average loss for epoch: 0.727
Average train accuracy: 0.758
Runtime so far:         421 sec

### Epoch 10 ###
Average loss for epoch: 0.490
Average train accuracy: 0.842
Runtime so far:         465 sec

Total runtime:          545 sec

Final loss, Final training accuracy, Final test accuracy
0.4895802140235901, 0.842, 0.7632000000000001
