Running pwdon bart3
Few images, 1.0 (large?) L2 regularization
------------- WITH GPU -------------
Using device: cuda:0
Training on 5000 images of size 28x28 for 10 epochs
Using bond dimension D = 40

### before training ###
training accuracy = 0.1272
test accuracy = 0.1386

### epoch 0 ###
average loss = 2.3794e+00
training accuracy = 0.1076
test accuracy = 0.1052
  forward time  = 525.67 sec
  backprop time = 0.28 sec
  error time    = 2108.74 sec
  ---------------------------
  runtime so far = 2678.55 sec

### epoch 1 ###
average loss = 2.3026e+00
training accuracy = 0.1044
test accuracy = 0.1030
  forward time  = 1050.07 sec
  backprop time = 0.55 sec
  error time    = 3173.69 sec
  ---------------------------
  runtime so far = 4288.65 sec

### epoch 2 ###
average loss = 2.3026e+00
slurmstepd-bart3: error: *** JOB 282501 ON bart3 CANCELLED AT 2018-12-09T15:54:58 ***

======== GPU REPORT ========

==============NVSMI LOG==============

Timestamp                           : Sun Dec  9 15:54:58 2018
Driver Version                      : 396.37

Attached GPUs                       : 2
GPU 00000000:04:00.0
    Accounting Mode                 : Enabled
    Accounting Mode Buffer Size     : 4000
    Accounted Processes
        Process ID                  : 15747
            GPU Utilization         : 9 %
            Memory Utilization      : 0 %
            Max memory usage        : 5389 MiB
            Time                    : 0 ms
            Is Running              : 1
        Process ID                  : 15656
            GPU Utilization         : 9 %
            Memory Utilization      : 0 %
            Max memory usage        : 0 MiB
            Time                    : 0 ms
            Is Running              : 1

GPU 00000000:05:00.0
    Accounting Mode                 : Enabled
    Accounting Mode Buffer Size     : 4000
    Accounted Processes             : None

Sun Dec  9 15:54:58 2018       
+-----------------------------------------------------------------------------+
| NVIDIA-SMI 396.37                 Driver Version: 396.37                    |
|-------------------------------+----------------------+----------------------+
| GPU  Name        Persistence-M| Bus-Id        Disp.A | Volatile Uncorr. ECC |
| Fan  Temp  Perf  Pwr:Usage/Cap|         Memory-Usage | GPU-Util  Compute M. |
|===============================+======================+======================|
|   0  GeForce GTX TIT...  Off  | 00000000:04:00.0  On |                  N/A |
| 52%   82C    P2   102W / 250W |   5424MiB /  6083MiB |      8%      Default |
+-------------------------------+----------------------+----------------------+
|   1  GeForce GTX TIT...  Off  | 00000000:05:00.0 Off |                  N/A |
| 30%   48C    P8    14W / 250W |      1MiB /  6083MiB |      0%      Default |
+-------------------------------+----------------------+----------------------+
                                                                               
+-----------------------------------------------------------------------------+
| Processes:                                                       GPU Memory |
|  GPU       PID   Type   Process name                             Usage      |
|=============================================================================|
|    0      8604      G   /usr/bin/X                                    22MiB |
|    0     15747      C   python3                                     5389MiB |
+-----------------------------------------------------------------------------+
