THIS TRIAL'S ALL PARAMETERS
bond_dim = 7
adaptive_mode = False
periodic_bc = False
init_std = 1e-09
num_train = 60000
num_test = 10000
batch_size = 100
num_epochs = 30
learning_rate = 0.0001
l2_reg = 0.0
merge_threshold = 2000
cutoff = 1e-10
Using device: cuda:0

path = None

### Epoch 1 ###
Average loss for epoch: 0.8900
Average train accuracy: 0.6899
Test accuracy:          0.9095
Runtime so far:         60 sec

### Epoch 2 ###
Average loss for epoch: 0.2375
Average train accuracy: 0.9294
Test accuracy:          0.9469
Runtime so far:         107 sec

### Epoch 3 ###
Average loss for epoch: 0.1683
Average train accuracy: 0.9502
Test accuracy:          0.9566
Runtime so far:         155 sec

### Epoch 4 ###
Average loss for epoch: 0.1326
Average train accuracy: 0.9614
Test accuracy:          0.9611
Runtime so far:         202 sec

### Epoch 5 ###
Average loss for epoch: 0.1103
Average train accuracy: 0.9674
Test accuracy:          0.9677
Runtime so far:         249 sec

### Epoch 6 ###
Average loss for epoch: 0.0932
Average train accuracy: 0.9720
Test accuracy:          0.9679
Runtime so far:         297 sec

### Epoch 7 ###
Average loss for epoch: 0.0845
Average train accuracy: 0.9737
Test accuracy:          0.9698
Runtime so far:         344 sec

### Epoch 8 ###
Average loss for epoch: 0.0768
Average train accuracy: 0.9766
Test accuracy:          0.9706
Runtime so far:         392 sec

### Epoch 9 ###
Average loss for epoch: 0.0699
Average train accuracy: 0.9788
Test accuracy:          0.9755
Runtime so far:         439 sec

### Epoch 10 ###
Average loss for epoch: 0.0652
Average train accuracy: 0.9799
Test accuracy:          0.9751
Runtime so far:         486 sec

### Epoch 11 ###
Average loss for epoch: 0.0613
Average train accuracy: 0.9810
Test accuracy:          0.9749
Runtime so far:         534 sec

### Epoch 12 ###
Average loss for epoch: 0.0563
Average train accuracy: 0.9826
Test accuracy:          0.9755
Runtime so far:         581 sec

### Epoch 13 ###
Average loss for epoch: 0.0532
Average train accuracy: 0.9834
Test accuracy:          0.9766
Runtime so far:         629 sec

### Epoch 14 ###
Average loss for epoch: 0.0520
Average train accuracy: 0.9832
Test accuracy:          0.9729
Runtime so far:         676 sec

### Epoch 15 ###
Average loss for epoch: 0.0464
Average train accuracy: 0.9850
Test accuracy:          0.9756
Runtime so far:         723 sec

### Epoch 16 ###
Average loss for epoch: 0.0441
Average train accuracy: 0.9863
Test accuracy:          0.9764
Runtime so far:         771 sec

### Epoch 17 ###
Average loss for epoch: 0.0431
Average train accuracy: 0.9861
Test accuracy:          0.9762
Runtime so far:         818 sec

### Epoch 18 ###
Average loss for epoch: 0.0392
Average train accuracy: 0.9869
Test accuracy:          0.9778
Runtime so far:         866 sec

### Epoch 19 ###
Average loss for epoch: 0.0369
Average train accuracy: 0.9878
Test accuracy:          0.9776
Runtime so far:         913 sec

### Epoch 20 ###
Average loss for epoch: 0.0373
Average train accuracy: 0.9878
Test accuracy:          0.9767
Runtime so far:         961 sec

### Epoch 21 ###
Average loss for epoch: 0.0351
Average train accuracy: 0.9885
Test accuracy:          0.9761
Runtime so far:         1008 sec

### Epoch 22 ###
Average loss for epoch: 0.0331
Average train accuracy: 0.9890
Test accuracy:          0.9763
Runtime so far:         1055 sec

### Epoch 23 ###
Average loss for epoch: 0.0324
Average train accuracy: 0.9896
Test accuracy:          0.9783
Runtime so far:         1103 sec

### Epoch 24 ###
Average loss for epoch: 0.0301
Average train accuracy: 0.9899
Test accuracy:          0.9782
Runtime so far:         1150 sec

### Epoch 25 ###
Average loss for epoch: 0.0299
Average train accuracy: 0.9902
Test accuracy:          0.9773
Runtime so far:         1198 sec

### Epoch 26 ###
Average loss for epoch: 0.0290
Average train accuracy: 0.9903
Test accuracy:          0.9785
Runtime so far:         1245 sec

### Epoch 27 ###
Average loss for epoch: 0.0287
Average train accuracy: 0.9903
Test accuracy:          0.9785
Runtime so far:         1293 sec

### Epoch 28 ###
Average loss for epoch: 0.0260
Average train accuracy: 0.9914
Test accuracy:          0.9775
Runtime so far:         1340 sec

### Epoch 29 ###
Average loss for epoch: 0.0263
Average train accuracy: 0.9915
Test accuracy:          0.9751
Runtime so far:         1388 sec

### Epoch 30 ###
Average loss for epoch: 0.0243
Average train accuracy: 0.9921
Test accuracy:          0.9762
Runtime so far:         1435 sec

