THIS TRIAL'S ALL PARAMETERS
bond_dim = 9
adaptive_mode = False
periodic_bc = False
init_std = 1e-09
num_train = 60000
num_test = 10000
batch_size = 100
num_epochs = 30
learning_rate = 0.0001
l2_reg = 0.0
merge_threshold = 2000
cutoff = 1e-10
Using device: cuda:0

path = None

### Epoch 1 ###
Average loss for epoch: 0.9050
Average train accuracy: 0.6838
Test accuracy:          0.8973
Runtime so far:         60 sec

### Epoch 2 ###
Average loss for epoch: 0.2453
Average train accuracy: 0.9266
Test accuracy:          0.9461
Runtime so far:         108 sec

### Epoch 3 ###
Average loss for epoch: 0.1622
Average train accuracy: 0.9519
Test accuracy:          0.9572
Runtime so far:         155 sec

### Epoch 4 ###
Average loss for epoch: 0.1199
Average train accuracy: 0.9644
Test accuracy:          0.9670
Runtime so far:         203 sec

### Epoch 5 ###
Average loss for epoch: 0.0997
Average train accuracy: 0.9702
Test accuracy:          0.9712
Runtime so far:         250 sec

### Epoch 6 ###
Average loss for epoch: 0.0824
Average train accuracy: 0.9749
Test accuracy:          0.9680
Runtime so far:         298 sec

### Epoch 7 ###
Average loss for epoch: 0.0736
Average train accuracy: 0.9767
Test accuracy:          0.9749
Runtime so far:         346 sec

### Epoch 8 ###
Average loss for epoch: 0.0674
Average train accuracy: 0.9792
Test accuracy:          0.9692
Runtime so far:         393 sec

### Epoch 9 ###
Average loss for epoch: 0.0601
Average train accuracy: 0.9816
Test accuracy:          0.9773
Runtime so far:         441 sec

### Epoch 10 ###
Average loss for epoch: 0.0534
Average train accuracy: 0.9831
Test accuracy:          0.9756
Runtime so far:         489 sec

### Epoch 11 ###
Average loss for epoch: 0.0484
Average train accuracy: 0.9850
Test accuracy:          0.9757
Runtime so far:         536 sec

### Epoch 12 ###
Average loss for epoch: 0.0461
Average train accuracy: 0.9848
Test accuracy:          0.9772
Runtime so far:         584 sec

### Epoch 13 ###
Average loss for epoch: 0.0410
Average train accuracy: 0.9867
Test accuracy:          0.9793
Runtime so far:         632 sec

### Epoch 14 ###
Average loss for epoch: 0.0379
Average train accuracy: 0.9878
Test accuracy:          0.9762
Runtime so far:         679 sec

### Epoch 15 ###
Average loss for epoch: 0.0366
Average train accuracy: 0.9878
Test accuracy:          0.9791
Runtime so far:         727 sec

### Epoch 16 ###
Average loss for epoch: 0.0324
Average train accuracy: 0.9896
Test accuracy:          0.9787
Runtime so far:         775 sec

### Epoch 17 ###
Average loss for epoch: 0.0320
Average train accuracy: 0.9892
Test accuracy:          0.9778
Runtime so far:         822 sec

### Epoch 18 ###
Average loss for epoch: 0.0286
Average train accuracy: 0.9903
Test accuracy:          0.9804
Runtime so far:         870 sec

### Epoch 19 ###
Average loss for epoch: 0.0258
Average train accuracy: 0.9909
Test accuracy:          0.9784
Runtime so far:         918 sec

### Epoch 20 ###
Average loss for epoch: 0.0265
Average train accuracy: 0.9910
Test accuracy:          0.9800
Runtime so far:         965 sec

### Epoch 21 ###
Average loss for epoch: 0.0247
Average train accuracy: 0.9920
Test accuracy:          0.9767
Runtime so far:         1013 sec

### Epoch 22 ###
Average loss for epoch: 0.0246
Average train accuracy: 0.9919
Test accuracy:          0.9769
Runtime so far:         1061 sec

### Epoch 23 ###
Average loss for epoch: 0.0222
Average train accuracy: 0.9923
Test accuracy:          0.9812
Runtime so far:         1108 sec

### Epoch 24 ###
Average loss for epoch: 0.0218
Average train accuracy: 0.9927
Test accuracy:          0.9789
Runtime so far:         1156 sec

### Epoch 25 ###
Average loss for epoch: 0.0210
Average train accuracy: 0.9932
Test accuracy:          0.9802
Runtime so far:         1204 sec

### Epoch 26 ###
Average loss for epoch: 0.0192
Average train accuracy: 0.9935
Test accuracy:          0.9777
Runtime so far:         1251 sec

### Epoch 27 ###
Average loss for epoch: 0.0191
Average train accuracy: 0.9939
Test accuracy:          0.9806
Runtime so far:         1299 sec

### Epoch 28 ###
Average loss for epoch: 0.0181
Average train accuracy: 0.9941
Test accuracy:          0.9785
Runtime so far:         1347 sec

### Epoch 29 ###
Average loss for epoch: 0.0180
Average train accuracy: 0.9936
Test accuracy:          0.9801
Runtime so far:         1395 sec

### Epoch 30 ###
Average loss for epoch: 0.0168
Average train accuracy: 0.9948
Test accuracy:          0.9814
Runtime so far:         1442 sec

