THIS TRIAL'S ALL PARAMETERS
bond_dim = 3
adaptive_mode = False
periodic_bc = False
init_std = 1e-09
num_train = 60000
num_test = 10000
batch_size = 100
num_epochs = 30
learning_rate = 0.0001
l2_reg = 0.0
merge_threshold = 2000
cutoff = 1e-10
Using device: cuda:0

path = None

### Epoch 1 ###
Average loss for epoch: 1.2885
Average train accuracy: 0.5271
Test accuracy:          0.7937
Runtime so far:         60 sec

### Epoch 2 ###
Average loss for epoch: 0.5260
Average train accuracy: 0.8369
Test accuracy:          0.8648
Runtime so far:         108 sec

### Epoch 3 ###
Average loss for epoch: 0.4281
Average train accuracy: 0.8707
Test accuracy:          0.8828
Runtime so far:         156 sec

### Epoch 4 ###
Average loss for epoch: 0.3891
Average train accuracy: 0.8830
Test accuracy:          0.8907
Runtime so far:         205 sec

### Epoch 5 ###
Average loss for epoch: 0.3677
Average train accuracy: 0.8891
Test accuracy:          0.8906
Runtime so far:         252 sec

### Epoch 6 ###
Average loss for epoch: 0.3511
Average train accuracy: 0.8944
Test accuracy:          0.8985
Runtime so far:         300 sec

### Epoch 7 ###
Average loss for epoch: 0.3365
Average train accuracy: 0.8993
Test accuracy:          0.9028
Runtime so far:         349 sec

### Epoch 8 ###
Average loss for epoch: 0.3262
Average train accuracy: 0.9034
Test accuracy:          0.9012
Runtime so far:         397 sec

### Epoch 9 ###
Average loss for epoch: 0.3168
Average train accuracy: 0.9057
Test accuracy:          0.9048
Runtime so far:         445 sec

### Epoch 10 ###
Average loss for epoch: 0.3078
Average train accuracy: 0.9080
Test accuracy:          0.9071
Runtime so far:         493 sec

### Epoch 11 ###
Average loss for epoch: 0.2998
Average train accuracy: 0.9106
Test accuracy:          0.9118
Runtime so far:         541 sec

### Epoch 12 ###
Average loss for epoch: 0.2944
Average train accuracy: 0.9121
Test accuracy:          0.9038
Runtime so far:         589 sec

### Epoch 13 ###
Average loss for epoch: 0.2882
Average train accuracy: 0.9140
Test accuracy:          0.9099
Runtime so far:         637 sec

### Epoch 14 ###
Average loss for epoch: 0.2834
Average train accuracy: 0.9160
Test accuracy:          0.9089
Runtime so far:         685 sec

### Epoch 15 ###
Average loss for epoch: 0.2792
Average train accuracy: 0.9163
Test accuracy:          0.9139
Runtime so far:         733 sec

### Epoch 16 ###
Average loss for epoch: 0.2735
Average train accuracy: 0.9188
Test accuracy:          0.9151
Runtime so far:         781 sec

### Epoch 17 ###
Average loss for epoch: 0.2697
Average train accuracy: 0.9184
Test accuracy:          0.9166
Runtime so far:         829 sec

### Epoch 18 ###
Average loss for epoch: 0.2675
Average train accuracy: 0.9197
Test accuracy:          0.9159
Runtime so far:         877 sec

### Epoch 19 ###
Average loss for epoch: 0.2630
Average train accuracy: 0.9212
Test accuracy:          0.9168
Runtime so far:         925 sec

### Epoch 20 ###
Average loss for epoch: 0.2600
Average train accuracy: 0.9221
Test accuracy:          0.9209
Runtime so far:         973 sec

### Epoch 21 ###
Average loss for epoch: 0.2564
Average train accuracy: 0.9232
Test accuracy:          0.9176
Runtime so far:         1021 sec

### Epoch 22 ###
Average loss for epoch: 0.2557
Average train accuracy: 0.9242
Test accuracy:          0.9152
Runtime so far:         1069 sec

### Epoch 23 ###
Average loss for epoch: 0.2526
Average train accuracy: 0.9245
Test accuracy:          0.9171
Runtime so far:         1117 sec

### Epoch 24 ###
Average loss for epoch: 0.2496
Average train accuracy: 0.9259
Test accuracy:          0.9167
Runtime so far:         1165 sec

### Epoch 25 ###
Average loss for epoch: 0.2482
Average train accuracy: 0.9248
Test accuracy:          0.9213
Runtime so far:         1213 sec

### Epoch 26 ###
Average loss for epoch: 0.2469
Average train accuracy: 0.9264
Test accuracy:          0.9225
Runtime so far:         1261 sec

### Epoch 27 ###
Average loss for epoch: 0.2457
Average train accuracy: 0.9259
Test accuracy:          0.9207
Runtime so far:         1310 sec

### Epoch 28 ###
Average loss for epoch: 0.2417
Average train accuracy: 0.9274
Test accuracy:          0.9197
Runtime so far:         1358 sec

### Epoch 29 ###
Average loss for epoch: 0.2406
Average train accuracy: 0.9277
Test accuracy:          0.9237
Runtime so far:         1406 sec

### Epoch 30 ###
Average loss for epoch: 0.2394
Average train accuracy: 0.9280
Test accuracy:          0.9226
Runtime so far:         1454 sec

