THIS TRIAL'S ALL PARAMETERS
bond_dim = 60
adaptive_mode = False
periodic_bc = True
init_std = 1e-09
num_train = 60000
num_test = 10000
batch_size = 100
num_epochs = 30
learning_rate = 0.0001
l2_reg = 0.0
merge_threshold = 2000
cutoff = 1e-10
Using device: cuda:0

### Epoch 1 ###
Average loss for epoch: 0.3873
Average train accuracy: 0.8750
Test accuracy:          0.9408
Runtime so far:         256 sec

### Epoch 2 ###
Average loss for epoch: 0.1113
Average train accuracy: 0.9678
Test accuracy:          0.9703
Runtime so far:         503 sec

### Epoch 3 ###
Average loss for epoch: 0.0882
Average train accuracy: 0.9743
Test accuracy:          0.9763
Runtime so far:         750 sec

### Epoch 4 ###
Average loss for epoch: 0.0756
Average train accuracy: 0.9770
Test accuracy:          0.9761
Runtime so far:         996 sec

### Epoch 5 ###
Average loss for epoch: 0.0666
Average train accuracy: 0.9796
Test accuracy:          0.9737
Runtime so far:         1243 sec

### Epoch 6 ###
Average loss for epoch: 0.0548
Average train accuracy: 0.9833
Test accuracy:          0.9809
Runtime so far:         1489 sec

### Epoch 7 ###
Average loss for epoch: 0.0510
Average train accuracy: 0.9849
Test accuracy:          0.9757
Runtime so far:         1735 sec

### Epoch 8 ###
Average loss for epoch: 0.0500
Average train accuracy: 0.9844
Test accuracy:          0.9741
Runtime so far:         1982 sec

### Epoch 9 ###
Average loss for epoch: 0.0414
Average train accuracy: 0.9875
Test accuracy:          0.9779
Runtime so far:         2228 sec

### Epoch 10 ###
Average loss for epoch: 0.0389
Average train accuracy: 0.9881
Test accuracy:          0.9811
Runtime so far:         2474 sec

### Epoch 11 ###
Average loss for epoch: 0.0362
Average train accuracy: 0.9890
Test accuracy:          0.9817
Runtime so far:         2721 sec

### Epoch 12 ###
Average loss for epoch: 0.0332
Average train accuracy: 0.9901
Test accuracy:          0.9803
Runtime so far:         2967 sec

### Epoch 13 ###
Average loss for epoch: 0.0312
Average train accuracy: 0.9907
Test accuracy:          0.9808
Runtime so far:         3213 sec

### Epoch 14 ###
Average loss for epoch: 0.0304
Average train accuracy: 0.9907
Test accuracy:          0.9789
Runtime so far:         3460 sec

### Epoch 15 ###
Average loss for epoch: 0.0267
Average train accuracy: 0.9915
Test accuracy:          0.9838
Runtime so far:         3706 sec

### Epoch 16 ###
Average loss for epoch: 0.0239
Average train accuracy: 0.9925
Test accuracy:          0.9811
Runtime so far:         3952 sec

### Epoch 17 ###
Average loss for epoch: 0.0282
Average train accuracy: 0.9917
Test accuracy:          0.9825
Runtime so far:         4198 sec

### Epoch 18 ###
Average loss for epoch: 0.0260
Average train accuracy: 0.9920
Test accuracy:          0.9838
Runtime so far:         4445 sec

### Epoch 19 ###
Average loss for epoch: 0.0209
Average train accuracy: 0.9937
Test accuracy:          0.9834
Runtime so far:         4691 sec

### Epoch 20 ###
Average loss for epoch: 0.0205
Average train accuracy: 0.9935
Test accuracy:          0.9821
Runtime so far:         4937 sec

### Epoch 21 ###
Average loss for epoch: 0.0224
Average train accuracy: 0.9933
Test accuracy:          0.9817
Runtime so far:         5184 sec

### Epoch 22 ###
Average loss for epoch: 0.0191
Average train accuracy: 0.9942
Test accuracy:          0.9838
Runtime so far:         5430 sec

### Epoch 23 ###
Average loss for epoch: 0.0169
Average train accuracy: 0.9946
Test accuracy:          0.9815
Runtime so far:         5677 sec

### Epoch 24 ###
Average loss for epoch: 0.0213
Average train accuracy: 0.9936
Test accuracy:          0.9836
Runtime so far:         5923 sec

### Epoch 25 ###
Average loss for epoch: 0.0178
Average train accuracy: 0.9949
Test accuracy:          0.9824
Runtime so far:         6169 sec

### Epoch 26 ###
Average loss for epoch: 0.0190
Average train accuracy: 0.9945
Test accuracy:          0.9794
Runtime so far:         6416 sec

### Epoch 27 ###
Average loss for epoch: 0.0165
Average train accuracy: 0.9952
Test accuracy:          0.9800
Runtime so far:         6662 sec

### Epoch 28 ###
Average loss for epoch: 0.0176
Average train accuracy: 0.9947
Test accuracy:          0.9843
Runtime so far:         6908 sec

### Epoch 29 ###
Average loss for epoch: 0.0153
Average train accuracy: 0.9954
Test accuracy:          0.9826
Runtime so far:         7155 sec

### Epoch 30 ###
Average loss for epoch: 0.0147
Average train accuracy: 0.9956
Test accuracy:          0.9812
Runtime so far:         7401 sec

