THIS TRIAL'S ALL PARAMETERS
bond_dim = 40
adaptive_mode = False
periodic_bc = True
init_std = 1e-09
num_train = 60000
num_test = 10000
batch_size = 100
num_epochs = 30
learning_rate = 0.0001
l2_reg = 0.0
merge_threshold = 2000
cutoff = 1e-10
Using device: cuda:0

### Epoch 1 ###
Average loss for epoch: 0.3908
Average train accuracy: 0.8728
Test accuracy:          0.9542
Runtime so far:         123 sec

### Epoch 2 ###
Average loss for epoch: 0.1087
Average train accuracy: 0.9683
Test accuracy:          0.9722
Runtime so far:         237 sec

### Epoch 3 ###
Average loss for epoch: 0.0832
Average train accuracy: 0.9756
Test accuracy:          0.9709
Runtime so far:         351 sec

### Epoch 4 ###
Average loss for epoch: 0.0722
Average train accuracy: 0.9790
Test accuracy:          0.9779
Runtime so far:         464 sec

### Epoch 5 ###
Average loss for epoch: 0.0610
Average train accuracy: 0.9824
Test accuracy:          0.9821
Runtime so far:         578 sec

### Epoch 6 ###
Average loss for epoch: 0.0521
Average train accuracy: 0.9842
Test accuracy:          0.9751
Runtime so far:         692 sec

### Epoch 7 ###
Average loss for epoch: 0.0481
Average train accuracy: 0.9854
Test accuracy:          0.9821
Runtime so far:         805 sec

### Epoch 8 ###
Average loss for epoch: 0.0417
Average train accuracy: 0.9874
Test accuracy:          0.9753
Runtime so far:         919 sec

### Epoch 9 ###
Average loss for epoch: 0.0396
Average train accuracy: 0.9878
Test accuracy:          0.9816
Runtime so far:         1033 sec

### Epoch 10 ###
Average loss for epoch: 0.0368
Average train accuracy: 0.9887
Test accuracy:          0.9822
Runtime so far:         1146 sec

### Epoch 11 ###
Average loss for epoch: 0.0373
Average train accuracy: 0.9885
Test accuracy:          0.9800
Runtime so far:         1260 sec

### Epoch 12 ###
Average loss for epoch: 0.0340
Average train accuracy: 0.9898
Test accuracy:          0.9812
Runtime so far:         1374 sec

### Epoch 13 ###
Average loss for epoch: 0.0278
Average train accuracy: 0.9916
Test accuracy:          0.9810
Runtime so far:         1488 sec

### Epoch 14 ###
Average loss for epoch: 0.0282
Average train accuracy: 0.9914
Test accuracy:          0.9796
Runtime so far:         1601 sec

### Epoch 15 ###
Average loss for epoch: 0.0278
Average train accuracy: 0.9917
Test accuracy:          0.9797
Runtime so far:         1715 sec

### Epoch 16 ###
Average loss for epoch: 0.0246
Average train accuracy: 0.9924
Test accuracy:          0.9813
Runtime so far:         1829 sec

### Epoch 17 ###
Average loss for epoch: 0.0231
Average train accuracy: 0.9933
Test accuracy:          0.9795
Runtime so far:         1942 sec

### Epoch 18 ###
Average loss for epoch: 0.0221
Average train accuracy: 0.9931
Test accuracy:          0.9805
Runtime so far:         2056 sec

### Epoch 19 ###
Average loss for epoch: 0.0217
Average train accuracy: 0.9935
Test accuracy:          0.9843
Runtime so far:         2170 sec

### Epoch 20 ###
Average loss for epoch: 0.0202
Average train accuracy: 0.9941
Test accuracy:          0.9818
Runtime so far:         2284 sec

### Epoch 21 ###
Average loss for epoch: 0.0208
Average train accuracy: 0.9936
Test accuracy:          0.9845
Runtime so far:         2398 sec

### Epoch 22 ###
Average loss for epoch: 0.0187
Average train accuracy: 0.9944
Test accuracy:          0.9848
Runtime so far:         2512 sec

### Epoch 23 ###
Average loss for epoch: 0.0166
Average train accuracy: 0.9950
Test accuracy:          0.9830
Runtime so far:         2626 sec

### Epoch 24 ###
Average loss for epoch: 0.0193
Average train accuracy: 0.9942
Test accuracy:          0.9815
Runtime so far:         2739 sec

### Epoch 25 ###
Average loss for epoch: 0.0179
Average train accuracy: 0.9945
Test accuracy:          0.9842
Runtime so far:         2853 sec

### Epoch 26 ###
Average loss for epoch: 0.0156
Average train accuracy: 0.9950
Test accuracy:          0.9818
Runtime so far:         2967 sec

### Epoch 27 ###
Average loss for epoch: 0.0181
Average train accuracy: 0.9947
Test accuracy:          0.9834
Runtime so far:         3081 sec

### Epoch 28 ###
Average loss for epoch: 0.0172
Average train accuracy: 0.9950
Test accuracy:          0.9818
Runtime so far:         3195 sec

### Epoch 29 ###
Average loss for epoch: 0.0174
Average train accuracy: 0.9953
Test accuracy:          0.9832
Runtime so far:         3309 sec

### Epoch 30 ###
Average loss for epoch: 0.0150
Average train accuracy: 0.9958
Test accuracy:          0.9823
Runtime so far:         3423 sec

