THIS TRIAL'S ALL PARAMETERS
bond_dim = 10
adaptive_mode = False
periodic_bc = False
init_std = 1e-09
num_train = 60000
num_test = 10000
batch_size = 100
num_epochs = 30
learning_rate = 0.0001
l2_reg = 0.0
merge_threshold = 2000
cutoff = 1e-10
Using device: cuda:0

path = [572, 56, 394, 52, 188, 161, 674, 330, 342, 45, 616, 28, 706, 617, 69, 90, 550, 62, 441, 534, 346, 94, 434, 3, 737, 312, 233, 597, 464, 117, 180, 203, 164, 490, 559, 580, 703, 335, 628, 419, 15, 296, 389, 204, 292, 474, 433, 416, 640, 256, 670, 586, 160, 591, 378, 287, 115, 661, 266, 171, 92, 760, 33, 316, 176, 536, 196, 125, 315, 136, 168, 603, 712, 218, 478, 250, 405, 5, 387, 646, 761, 575, 21, 262, 321, 358, 730, 43, 184, 106, 722, 412, 189, 608, 717, 773, 53, 49, 662, 749, 363, 471, 165, 422, 64, 186, 753, 259, 641, 109, 226, 604, 134, 0, 29, 601, 446, 81, 524, 331, 587, 145, 179, 607, 280, 767, 138, 535, 255, 610, 368, 409, 284, 231, 590, 486, 691, 75, 318, 445, 63, 528, 300, 403, 380, 459, 479, 466, 632, 654, 609, 272, 130, 430, 692, 645, 313, 449, 537, 655, 397, 714, 46, 213, 530, 93, 656, 340, 414, 303, 423, 428, 150, 99, 571, 482, 285, 634, 336, 751, 734, 669, 612, 103, 370, 531, 137, 128, 369, 447, 193, 31, 443, 695, 523, 450, 377, 552, 547, 308, 317, 484, 705, 500, 395, 401, 98, 252, 245, 51, 404, 139, 281, 489, 766, 504, 779, 682, 12, 432, 708, 492, 713, 728, 636, 110, 210, 383, 72, 568, 288, 20, 752, 768, 563, 429, 499, 351, 513, 234, 740, 79, 533, 427, 58, 696, 352, 757, 122, 156, 392, 298, 539, 270, 142, 576, 169, 689, 274, 286, 7, 679, 621, 295, 34, 562, 344, 174, 294, 529, 6, 82, 326, 80, 543, 493, 783, 239, 400, 162, 507, 556, 413, 48, 221, 223, 710, 602, 698, 271, 517, 120, 135, 37, 520, 581, 723, 263, 711, 376, 495, 551, 436, 22, 498, 254, 777, 306, 375, 198, 183, 402, 739, 27, 325, 473, 333, 743, 683, 746, 592, 707, 657, 212, 173, 456, 215, 121, 248, 481, 299, 177, 606, 282, 733, 132, 538, 763, 772, 202, 765, 560, 374, 519, 194, 217, 185, 470, 671, 460, 516, 38, 778, 748, 396, 775, 521, 442, 192, 279, 548, 199, 124, 304, 219, 574, 236, 770, 561, 546, 159, 153, 741, 240, 211, 727, 141, 148, 24, 598, 642, 653, 675, 525, 487, 658, 526, 540, 584, 630, 25, 214, 774, 754, 246, 750, 782, 261, 319, 588, 781, 649, 305, 302, 424, 755, 356, 672, 637, 372, 744, 725, 244, 332, 764, 111, 619, 365, 347, 685, 736, 618, 187, 557, 191, 720, 371, 687, 704, 565, 668, 599, 11, 144, 275, 225, 553, 715, 514, 472, 283, 684, 216, 388, 267, 496, 678, 465, 108, 143, 147, 769, 407, 677, 208, 631, 50, 116, 182, 260, 200, 329, 699, 542, 382, 776, 384, 566, 366, 310, 512, 582, 367, 83, 247, 4, 364, 237, 564, 742, 605, 420, 577, 627, 41, 149, 726, 101, 113, 554, 146, 373, 119, 680, 415, 68, 357, 220, 660, 88, 497, 589, 13, 224, 290, 508, 408, 488, 719, 206, 452, 133, 759, 702, 594, 341, 518, 166, 57, 61, 724, 118, 406, 311, 35, 151, 583, 105, 8, 639, 417, 17, 60, 558, 129, 437, 457, 114, 19, 249, 411, 579, 355, 131, 625, 322, 462, 651, 307, 611, 201, 238, 2, 229, 629, 289, 648, 55, 596, 390, 502, 532, 10, 59, 549, 732, 276, 297, 66, 567, 386, 277, 243, 697, 593, 718, 477, 181, 780, 273, 458, 39, 195, 87, 222, 399, 209, 241, 268, 511, 758, 349, 158, 659, 16, 348, 626, 77, 439, 23, 665, 32, 729, 207, 309, 391, 620, 623, 197, 360, 690, 154, 47, 42, 426, 483, 613, 337, 485, 126, 362, 70, 667, 26, 354, 163, 44, 102, 745, 71, 167, 647, 573, 67, 624, 242, 327, 91, 89, 467, 545, 527, 278, 503, 425, 688, 509, 510, 461, 190, 570, 293, 475, 701, 178, 515, 615, 314, 453, 30, 622, 418, 359, 440, 251, 643, 353, 14, 155, 644, 686, 638, 172, 78, 127, 438, 652, 152, 505, 257, 230, 343, 65, 84, 18, 258, 633, 86, 455, 228, 301, 269, 694, 73, 673, 614, 264, 100, 97, 385, 544, 635, 731, 345, 381, 40, 410, 585, 681, 595, 693, 454, 480, 320, 253, 205, 140, 74, 76, 338, 716, 265, 709, 569, 676, 421, 9, 361, 491, 350, 170, 468, 762, 323, 328, 451, 541, 324, 494, 578, 756, 721, 235, 107, 85, 771, 463, 469, 36, 112, 600, 666, 555, 435, 735, 393, 291, 501, 339, 476, 700, 379, 334, 448, 398, 663, 96, 444, 664, 747, 506, 1, 54, 227, 104, 650, 175, 157, 95, 738, 431, 522, 123, 232]

### Epoch 1 ###
Average loss for epoch: 0.8914
Average train accuracy: 0.6774
Test accuracy:          0.8755
Runtime so far:         60 sec

### Epoch 2 ###
Average loss for epoch: 0.3131
Average train accuracy: 0.9042
Test accuracy:          0.9259
Runtime so far:         107 sec

### Epoch 3 ###
Average loss for epoch: 0.2184
Average train accuracy: 0.9333
Test accuracy:          0.9447
Runtime so far:         154 sec

### Epoch 4 ###
Average loss for epoch: 0.1792
Average train accuracy: 0.9449
Test accuracy:          0.9485
Runtime so far:         201 sec

### Epoch 5 ###
Average loss for epoch: 0.1521
Average train accuracy: 0.9527
Test accuracy:          0.9548
Runtime so far:         249 sec

### Epoch 6 ###
Average loss for epoch: 0.1349
Average train accuracy: 0.9584
Test accuracy:          0.9573
Runtime so far:         296 sec

### Epoch 7 ###
Average loss for epoch: 0.1184
Average train accuracy: 0.9627
Test accuracy:          0.9582
Runtime so far:         343 sec

### Epoch 8 ###
Average loss for epoch: 0.1066
Average train accuracy: 0.9664
Test accuracy:          0.9560
Runtime so far:         390 sec

### Epoch 9 ###
Average loss for epoch: 0.0962
Average train accuracy: 0.9695
Test accuracy:          0.9657
Runtime so far:         437 sec

### Epoch 10 ###
Average loss for epoch: 0.0870
Average train accuracy: 0.9722
Test accuracy:          0.9666
Runtime so far:         485 sec

### Epoch 11 ###
Average loss for epoch: 0.0783
Average train accuracy: 0.9747
Test accuracy:          0.9695
Runtime so far:         532 sec

### Epoch 12 ###
Average loss for epoch: 0.0727
Average train accuracy: 0.9761
Test accuracy:          0.9666
Runtime so far:         579 sec

### Epoch 13 ###
Average loss for epoch: 0.0668
Average train accuracy: 0.9774
Test accuracy:          0.9660
Runtime so far:         627 sec

### Epoch 14 ###
Average loss for epoch: 0.0614
Average train accuracy: 0.9795
Test accuracy:          0.9701
Runtime so far:         674 sec

### Epoch 15 ###
Average loss for epoch: 0.0558
Average train accuracy: 0.9812
Test accuracy:          0.9713
Runtime so far:         722 sec

### Epoch 16 ###
Average loss for epoch: 0.0526
Average train accuracy: 0.9824
Test accuracy:          0.9715
Runtime so far:         769 sec

### Epoch 17 ###
Average loss for epoch: 0.0508
Average train accuracy: 0.9830
Test accuracy:          0.9693
Runtime so far:         817 sec

### Epoch 18 ###
Average loss for epoch: 0.0444
Average train accuracy: 0.9846
Test accuracy:          0.9741
Runtime so far:         864 sec

### Epoch 19 ###
Average loss for epoch: 0.0432
Average train accuracy: 0.9851
Test accuracy:          0.9713
Runtime so far:         912 sec

### Epoch 20 ###
Average loss for epoch: 0.0399
Average train accuracy: 0.9863
Test accuracy:          0.9727
Runtime so far:         959 sec

### Epoch 21 ###
Average loss for epoch: 0.0361
Average train accuracy: 0.9878
Test accuracy:          0.9733
Runtime so far:         1007 sec

### Epoch 22 ###
Average loss for epoch: 0.0365
Average train accuracy: 0.9874
Test accuracy:          0.9722
Runtime so far:         1055 sec

### Epoch 23 ###
Average loss for epoch: 0.0335
Average train accuracy: 0.9883
Test accuracy:          0.9719
Runtime so far:         1102 sec

### Epoch 24 ###
Average loss for epoch: 0.0338
Average train accuracy: 0.9880
Test accuracy:          0.9736
Runtime so far:         1150 sec

### Epoch 25 ###
Average loss for epoch: 0.0296
Average train accuracy: 0.9896
Test accuracy:          0.9739
Runtime so far:         1198 sec

### Epoch 26 ###
Average loss for epoch: 0.0295
Average train accuracy: 0.9897
Test accuracy:          0.9694
Runtime so far:         1245 sec

### Epoch 27 ###
Average loss for epoch: 0.0282
Average train accuracy: 0.9905
Test accuracy:          0.9739
Runtime so far:         1293 sec

### Epoch 28 ###
Average loss for epoch: 0.0279
Average train accuracy: 0.9902
Test accuracy:          0.9719
Runtime so far:         1341 sec

### Epoch 29 ###
Average loss for epoch: 0.0247
Average train accuracy: 0.9915
Test accuracy:          0.9703
Runtime so far:         1389 sec

### Epoch 30 ###
Average loss for epoch: 0.0240
Average train accuracy: 0.9920
Test accuracy:          0.9709
Runtime so far:         1436 sec

