THIS TRIAL'S ALL PARAMETERS
bond_dim = 60
adaptive_mode = False
periodic_bc = True
init_std = 1e-09
num_train = 60000
num_test = 10000
batch_size = 100
num_epochs = 30
learning_rate = 0.0001
l2_reg = 0.0
merge_threshold = 2000
cutoff = 1e-10
Using device: cuda:0

path = [128, 335, 493, 621, 482, 755, 542, 49, 555, 679, 619, 567, 10, 201, 566, 644, 346, 727, 501, 546, 401, 23, 423, 215, 529, 219, 0, 569, 102, 241, 243, 713, 731, 445, 73, 303, 725, 440, 674, 71, 645, 188, 394, 148, 304, 452, 757, 103, 1, 187, 615, 161, 336, 262, 449, 539, 749, 170, 352, 672, 56, 780, 476, 263, 136, 408, 599, 256, 366, 508, 778, 167, 684, 587, 184, 413, 290, 431, 326, 98, 638, 536, 523, 594, 443, 633, 468, 577, 483, 238, 392, 82, 631, 386, 133, 646, 711, 318, 504, 596, 109, 763, 486, 572, 410, 509, 680, 580, 576, 658, 198, 715, 664, 683, 202, 302, 293, 252, 617, 618, 368, 67, 373, 334, 632, 151, 404, 589, 116, 72, 414, 168, 221, 152, 229, 513, 322, 764, 527, 268, 671, 174, 53, 426, 510, 532, 379, 651, 544, 457, 734, 29, 230, 745, 498, 743, 281, 9, 691, 593, 496, 356, 137, 246, 364, 204, 222, 182, 422, 463, 560, 272, 653, 390, 380, 324, 357, 397, 586, 147, 641, 323, 700, 134, 682, 582, 47, 484, 732, 212, 636, 245, 698, 59, 635, 552, 575, 38, 32, 35, 435, 693, 37, 126, 40, 342, 264, 540, 729, 719, 557, 210, 135, 673, 249, 104, 231, 512, 15, 490, 649, 702, 418, 117, 721, 371, 461, 412, 79, 467, 294, 489, 209, 127, 69, 395, 319, 548, 602, 377, 327, 565, 310, 55, 154, 581, 273, 297, 701, 606, 514, 739, 296, 384, 341, 783, 220, 758, 667, 233, 301, 282, 628, 118, 277, 175, 629, 132, 627, 675, 396, 372, 343, 93, 237, 26, 451, 325, 697, 92, 524, 63, 258, 276, 48, 283, 348, 692, 287, 458, 559, 331, 270, 43, 269, 573, 521, 738, 622, 766, 19, 694, 724, 86, 6, 744, 608, 25, 398, 767, 545, 385, 494, 308, 687, 733, 186, 58, 345, 465, 427, 144, 286, 771, 185, 689, 571, 474, 315, 663, 291, 374, 14, 140, 96, 320, 728, 400, 329, 616, 180, 349, 143, 27, 437, 630, 479, 295, 77, 7, 232, 363, 403, 432, 481, 141, 68, 113, 50, 460, 438, 661, 378, 89, 31, 563, 381, 192, 604, 609, 531, 388, 39, 686, 95, 419, 87, 196, 105, 499, 84, 666, 36, 543, 347, 255, 416, 710, 218, 311, 441, 605, 12, 777, 760, 251, 216, 234, 520, 22, 17, 178, 429, 271, 350, 405, 735, 122, 726, 588, 578, 434, 193, 11, 561, 773, 149, 643, 203, 213, 244, 70, 108, 179, 407, 614, 470, 254, 76, 338, 704, 665, 613, 502, 430, 142, 250, 199, 260, 447, 369, 298, 52, 261, 64, 387, 703, 351, 316, 359, 574, 564, 305, 550, 312, 656, 770, 223, 639, 570, 455, 330, 528, 169, 365, 30, 535, 491, 160, 280, 150, 444, 775, 650, 2, 205, 313, 123, 459, 453, 94, 466, 367, 191, 157, 769, 747, 208, 226, 65, 162, 393, 506, 495, 265, 145, 61, 722, 163, 471, 505, 54, 278, 165, 549, 685, 610, 114, 42, 660, 595, 537, 534, 259, 90, 530, 751, 723, 462, 668, 439, 227, 477, 469, 406, 708, 480, 526, 690, 285, 120, 625, 183, 736, 487, 592, 75, 511, 624, 146, 28, 640, 173, 478, 240, 659, 44, 741, 746, 417, 13, 62, 765, 551, 337, 279, 228, 612, 454, 637, 753, 306, 177, 754, 742, 424, 776, 125, 647, 155, 699, 598, 456, 464, 121, 309, 239, 274, 300, 681, 275, 41, 601, 772, 46, 284, 131, 740, 112, 181, 307, 340, 224, 3, 106, 516, 139, 714, 4, 190, 657, 718, 554, 584, 433, 164, 247, 607, 696, 591, 288, 538, 158, 402, 669, 519, 214, 750, 507, 748, 415, 332, 678, 425, 389, 130, 782, 80, 115, 60, 171, 774, 648, 779, 33, 207, 8, 642, 124, 299, 421, 74, 442, 411, 21, 355, 562, 314, 107, 662, 409, 597, 166, 339, 717, 399, 66, 688, 654, 623, 781, 235, 752, 153, 652, 436, 500, 57, 611, 200, 172, 197, 515, 756, 497, 712, 705, 370, 558, 257, 517, 716, 376, 583, 211, 83, 358, 553, 473, 448, 344, 590, 156, 382, 360, 761, 695, 677, 99, 488, 518, 503, 328, 45, 354, 428, 603, 101, 100, 568, 129, 91, 676, 5, 16, 88, 217, 266, 485, 709, 446, 525, 206, 492, 450, 375, 189, 541, 78, 119, 253, 556, 225, 420, 475, 670, 51, 110, 737, 248, 707, 620, 759, 706, 522, 579, 292, 391, 353, 533, 333, 236, 176, 242, 24, 195, 81, 383, 768, 317, 655, 361, 289, 472, 111, 20, 762, 634, 85, 267, 34, 159, 194, 626, 585, 600, 321, 138, 362, 720, 18, 730, 97, 547]

### Epoch 1 ###
Average loss for epoch: 0.4858
Average train accuracy: 0.8387
Test accuracy:          0.9077
Runtime so far:         368 sec

### Epoch 2 ###
Average loss for epoch: 0.1727
Average train accuracy: 0.9473
Test accuracy:          0.9633
Runtime so far:         723 sec

### Epoch 3 ###
Average loss for epoch: 0.1301
Average train accuracy: 0.9593
Test accuracy:          0.9594
Runtime so far:         1078 sec

### Epoch 4 ###
Average loss for epoch: 0.1040
Average train accuracy: 0.9674
Test accuracy:          0.9672
Runtime so far:         1433 sec

### Epoch 5 ###
Average loss for epoch: 0.0930
Average train accuracy: 0.9716
Test accuracy:          0.9580
Runtime so far:         1787 sec

### Epoch 6 ###
Average loss for epoch: 0.0769
Average train accuracy: 0.9762
Test accuracy:          0.9645
Runtime so far:         2142 sec

### Epoch 7 ###
Average loss for epoch: 0.0684
Average train accuracy: 0.9782
Test accuracy:          0.9658
Runtime so far:         2497 sec

### Epoch 8 ###
Average loss for epoch: 0.0648
Average train accuracy: 0.9793
Test accuracy:          0.9654
Runtime so far:         2852 sec

### Epoch 9 ###
Average loss for epoch: 0.0574
Average train accuracy: 0.9817
Test accuracy:          0.9706
Runtime so far:         3207 sec

### Epoch 10 ###
Average loss for epoch: 0.0498
Average train accuracy: 0.9839
Test accuracy:          0.9721
Runtime so far:         3562 sec

### Epoch 11 ###
Average loss for epoch: 0.0452
Average train accuracy: 0.9853
Test accuracy:          0.9776
Runtime so far:         3917 sec

### Epoch 12 ###
Average loss for epoch: 0.0449
Average train accuracy: 0.9858
Test accuracy:          0.9717
Runtime so far:         4272 sec

### Epoch 13 ###
Average loss for epoch: 0.0407
Average train accuracy: 0.9872
Test accuracy:          0.9753
Runtime so far:         4627 sec

### Epoch 14 ###
Average loss for epoch: 0.0395
Average train accuracy: 0.9873
Test accuracy:          0.9744
Runtime so far:         4982 sec

### Epoch 15 ###
Average loss for epoch: 0.0342
Average train accuracy: 0.9891
Test accuracy:          0.9765
Runtime so far:         5337 sec

### Epoch 16 ###
Average loss for epoch: 0.0328
Average train accuracy: 0.9892
Test accuracy:          0.9719
Runtime so far:         5692 sec

### Epoch 17 ###
Average loss for epoch: 0.0289
Average train accuracy: 0.9907
Test accuracy:          0.9696
Runtime so far:         6047 sec

### Epoch 18 ###
Average loss for epoch: 0.0280
Average train accuracy: 0.9906
Test accuracy:          0.9761
Runtime so far:         6402 sec

### Epoch 19 ###
Average loss for epoch: 0.0341
Average train accuracy: 0.9894
Test accuracy:          0.9759
Runtime so far:         6757 sec

### Epoch 20 ###
Average loss for epoch: 0.0255
Average train accuracy: 0.9921
Test accuracy:          0.9779
Runtime so far:         7112 sec

### Epoch 21 ###
Average loss for epoch: 0.0231
Average train accuracy: 0.9924
Test accuracy:          0.9800
Runtime so far:         7466 sec

### Epoch 22 ###
Average loss for epoch: 0.0241
Average train accuracy: 0.9918
Test accuracy:          0.9759
Runtime so far:         7822 sec

### Epoch 23 ###
Average loss for epoch: 0.0213
Average train accuracy: 0.9930
Test accuracy:          0.9766
Runtime so far:         8176 sec

### Epoch 24 ###
Average loss for epoch: 0.0224
Average train accuracy: 0.9932
Test accuracy:          0.9749
Runtime so far:         8532 sec

### Epoch 25 ###
Average loss for epoch: 0.0233
Average train accuracy: 0.9923
Test accuracy:          0.9762
Runtime so far:         8886 sec

### Epoch 26 ###
Average loss for epoch: 0.0222
Average train accuracy: 0.9930
Test accuracy:          0.9711
Runtime so far:         9241 sec

### Epoch 27 ###
Average loss for epoch: 0.0212
Average train accuracy: 0.9934
Test accuracy:          0.9744
Runtime so far:         9596 sec

### Epoch 28 ###
Average loss for epoch: 0.0194
Average train accuracy: 0.9941
Test accuracy:          0.9749
Runtime so far:         9951 sec

### Epoch 29 ###
Average loss for epoch: 0.0177
Average train accuracy: 0.9947
Test accuracy:          0.9759
Runtime so far:         10306 sec

### Epoch 30 ###
Average loss for epoch: 0.0185
Average train accuracy: 0.9940
Test accuracy:          0.9745
Runtime so far:         10661 sec

