THIS TRIAL'S ALL PARAMETERS
bond_dim = 60
adaptive_mode = False
periodic_bc = False
init_std = 1e-09
num_train = 60000
num_test = 10000
batch_size = 100
num_epochs = 30
learning_rate = 0.0001
l2_reg = 0.0
merge_threshold = 2000
cutoff = 1e-10
Using device: cuda:0

path = [445, 482, 476, 66, 198, 656, 384, 643, 651, 224, 639, 50, 534, 259, 11, 657, 130, 148, 265, 688, 423, 560, 428, 749, 687, 184, 529, 596, 426, 659, 473, 196, 285, 109, 7, 512, 376, 456, 471, 360, 711, 540, 165, 630, 355, 627, 386, 245, 182, 144, 43, 704, 348, 597, 730, 281, 449, 67, 141, 675, 29, 226, 92, 140, 58, 733, 664, 337, 299, 332, 41, 526, 289, 719, 554, 227, 510, 362, 663, 314, 461, 283, 645, 14, 71, 723, 442, 732, 203, 338, 251, 361, 511, 220, 73, 237, 536, 21, 70, 88, 401, 414, 399, 440, 319, 544, 425, 710, 689, 569, 530, 133, 778, 286, 107, 65, 672, 396, 190, 573, 464, 304, 496, 16, 277, 222, 57, 5, 291, 670, 344, 416, 541, 555, 147, 411, 114, 378, 208, 648, 743, 263, 509, 557, 346, 117, 102, 725, 646, 736, 274, 333, 153, 601, 568, 255, 635, 59, 691, 685, 279, 779, 119, 483, 572, 354, 660, 614, 188, 563, 90, 769, 412, 618, 315, 448, 303, 155, 437, 690, 637, 492, 457, 248, 439, 124, 150, 68, 31, 219, 180, 143, 201, 357, 191, 389, 468, 744, 447, 207, 726, 475, 609, 210, 242, 417, 260, 695, 586, 235, 755, 523, 164, 209, 367, 766, 539, 202, 764, 532, 420, 757, 170, 446, 699, 481, 269, 585, 642, 340, 115, 489, 308, 595, 681, 239, 746, 722, 33, 152, 82, 502, 728, 628, 418, 503, 74, 549, 20, 516, 782, 121, 78, 173, 154, 75, 444, 234, 247, 504, 421, 218, 686, 271, 626, 206, 705, 739, 103, 228, 729, 668, 671, 284, 750, 1, 720, 282, 547, 47, 702, 105, 3, 603, 588, 161, 294, 49, 694, 350, 629, 640, 678, 478, 30, 297, 55, 765, 758, 490, 632, 684, 23, 24, 605, 364, 287, 611, 244, 146, 430, 158, 443, 254, 525, 317, 499, 666, 599, 270, 759, 467, 429, 98, 22, 331, 151, 15, 517, 633, 138, 562, 616, 641, 262, 624, 515, 236, 137, 288, 373, 110, 535, 712, 580, 584, 169, 676, 479, 742, 199, 149, 768, 403, 514, 301, 410, 166, 345, 528, 330, 737, 238, 776, 594, 696, 735, 537, 488, 762, 747, 753, 352, 636, 388, 250, 652, 452, 578, 334, 561, 167, 692, 653, 581, 435, 385, 37, 342, 613, 574, 716, 674, 781, 620, 625, 83, 713, 741, 36, 48, 306, 2, 310, 458, 189, 349, 122, 460, 486, 374, 101, 644, 780, 246, 156, 10, 307, 267, 318, 487, 600, 353, 168, 583, 118, 397, 591, 257, 604, 35, 84, 590, 339, 64, 610, 760, 497, 661, 665, 309, 91, 368, 243, 771, 406, 679, 538, 593, 383, 177, 278, 775, 213, 677, 45, 159, 527, 268, 520, 229, 312, 34, 521, 6, 533, 564, 335, 296, 638, 192, 232, 577, 693, 230, 86, 567, 649, 328, 186, 650, 707, 415, 608, 60, 174, 356, 53, 619, 767, 51, 480, 221, 365, 493, 300, 622, 366, 393, 290, 129, 62, 32, 413, 200, 370, 441, 427, 680, 97, 19, 761, 0, 752, 39, 46, 392, 466, 135, 745, 241, 565, 387, 402, 552, 434, 313, 432, 654, 181, 683, 80, 667, 77, 673, 724, 706, 123, 371, 264, 79, 463, 111, 8, 391, 598, 438, 647, 774, 252, 54, 145, 347, 40, 76, 172, 494, 548, 783, 273, 770, 321, 217, 763, 249, 116, 607, 280, 160, 311, 405, 112, 436, 204, 566, 500, 740, 351, 734, 316, 233, 589, 96, 276, 623, 275, 125, 408, 266, 212, 524, 582, 231, 139, 56, 727, 293, 223, 698, 95, 323, 559, 171, 369, 754, 715, 104, 454, 576, 592, 772, 106, 211, 380, 697, 325, 99, 326, 185, 343, 253, 717, 27, 72, 42, 4, 579, 295, 126, 134, 501, 194, 756, 382, 550, 433, 506, 12, 621, 465, 44, 498, 9, 495, 87, 738, 215, 127, 63, 462, 38, 519, 450, 26, 703, 505, 93, 543, 61, 302, 553, 390, 419, 261, 157, 28, 13, 163, 587, 375, 777, 773, 329, 404, 17, 89, 322, 327, 240, 142, 292, 546, 508, 701, 602, 545, 113, 459, 132, 94, 324, 631, 714, 708, 336, 575, 256, 407, 176, 470, 128, 272, 377, 197, 556, 120, 551, 617, 612, 748, 542, 193, 491, 472, 183, 258, 85, 507, 381, 205, 363, 731, 398, 108, 570, 216, 162, 718, 81, 513, 606, 615, 531, 453, 721, 175, 409, 131, 669, 372, 485, 655, 634, 518, 422, 187, 214, 455, 558, 52, 709, 225, 682, 379, 571, 400, 100, 522, 700, 484, 395, 431, 662, 341, 358, 394, 359, 136, 179, 469, 320, 305, 195, 451, 69, 477, 424, 18, 25, 474, 751, 178, 658, 298]

### Epoch 1 ###
Average loss for epoch: 1.0108
Average train accuracy: 0.6423
Test accuracy:          0.9130
Runtime so far:         178 sec

### Epoch 2 ###
Average loss for epoch: 0.1873
Average train accuracy: 0.9428
Test accuracy:          0.9493
Runtime so far:         343 sec

### Epoch 3 ###
Average loss for epoch: 0.1337
Average train accuracy: 0.9590
Test accuracy:          0.9583
Runtime so far:         506 sec

### Epoch 4 ###
Average loss for epoch: 0.1074
Average train accuracy: 0.9659
Test accuracy:          0.9688
Runtime so far:         670 sec

### Epoch 5 ###
Average loss for epoch: 0.0885
Average train accuracy: 0.9718
Test accuracy:          0.9616
Runtime so far:         834 sec

### Epoch 6 ###
Average loss for epoch: 0.0758
Average train accuracy: 0.9758
Test accuracy:          0.9660
Runtime so far:         997 sec

### Epoch 7 ###
Average loss for epoch: 0.0668
Average train accuracy: 0.9786
Test accuracy:          0.9718
Runtime so far:         1160 sec

### Epoch 8 ###
Average loss for epoch: 0.0621
Average train accuracy: 0.9800
Test accuracy:          0.9715
Runtime so far:         1323 sec

### Epoch 9 ###
Average loss for epoch: 0.0524
Average train accuracy: 0.9829
Test accuracy:          0.9692
Runtime so far:         1486 sec

### Epoch 10 ###
Average loss for epoch: 0.0494
Average train accuracy: 0.9840
Test accuracy:          0.9760
Runtime so far:         1650 sec

### Epoch 11 ###
Average loss for epoch: 0.0467
Average train accuracy: 0.9845
Test accuracy:          0.9759
Runtime so far:         1813 sec

### Epoch 12 ###
Average loss for epoch: 0.0436
Average train accuracy: 0.9861
Test accuracy:          0.9679
Runtime so far:         1976 sec

### Epoch 13 ###
Average loss for epoch: 0.0400
Average train accuracy: 0.9870
Test accuracy:          0.9759
Runtime so far:         2139 sec

### Epoch 14 ###
Average loss for epoch: 0.0367
Average train accuracy: 0.9879
Test accuracy:          0.9705
Runtime so far:         2303 sec

### Epoch 15 ###
Average loss for epoch: 0.0339
Average train accuracy: 0.9897
Test accuracy:          0.9747
Runtime so far:         2466 sec

### Epoch 16 ###
Average loss for epoch: 0.0308
Average train accuracy: 0.9906
Test accuracy:          0.9721
Runtime so far:         2629 sec

### Epoch 17 ###
Average loss for epoch: 0.0342
Average train accuracy: 0.9892
Test accuracy:          0.9760
Runtime so far:         2793 sec

### Epoch 18 ###
Average loss for epoch: 0.0309
Average train accuracy: 0.9900
Test accuracy:          0.9772
Runtime so far:         2956 sec

### Epoch 19 ###
Average loss for epoch: 0.0253
Average train accuracy: 0.9922
Test accuracy:          0.9778
Runtime so far:         3119 sec

### Epoch 20 ###
Average loss for epoch: 0.0288
Average train accuracy: 0.9911
Test accuracy:          0.9718
Runtime so far:         3282 sec

### Epoch 21 ###
Average loss for epoch: 0.0251
Average train accuracy: 0.9923
Test accuracy:          0.9755
Runtime so far:         3446 sec

### Epoch 22 ###
Average loss for epoch: 0.0264
Average train accuracy: 0.9914
Test accuracy:          0.9763
Runtime so far:         3609 sec

### Epoch 23 ###
Average loss for epoch: 0.0212
Average train accuracy: 0.9932
Test accuracy:          0.9737
Runtime so far:         3773 sec

### Epoch 24 ###
Average loss for epoch: 0.0214
Average train accuracy: 0.9936
Test accuracy:          0.9765
Runtime so far:         3936 sec

### Epoch 25 ###
Average loss for epoch: 0.0221
Average train accuracy: 0.9930
Test accuracy:          0.9783
Runtime so far:         4099 sec

### Epoch 26 ###
Average loss for epoch: 0.0219
Average train accuracy: 0.9934
Test accuracy:          0.9741
Runtime so far:         4263 sec

### Epoch 27 ###
Average loss for epoch: 0.0212
Average train accuracy: 0.9935
Test accuracy:          0.9772
Runtime so far:         4426 sec

### Epoch 28 ###
Average loss for epoch: 0.0202
Average train accuracy: 0.9936
Test accuracy:          0.9771
Runtime so far:         4589 sec

### Epoch 29 ###
Average loss for epoch: 0.0167
Average train accuracy: 0.9951
Test accuracy:          0.9735
Runtime so far:         4753 sec

### Epoch 30 ###
Average loss for epoch: 0.0205
Average train accuracy: 0.9939
Test accuracy:          0.9751
Runtime so far:         4916 sec

