THIS TRIAL'S ALL PARAMETERS
bond_dim = 100
adaptive_mode = False
periodic_bc = False
init_std = 1e-09
num_train = 60000
num_test = 10000
batch_size = 100
num_epochs = 30
learning_rate = 0.0001
l2_reg = 0.0
merge_threshold = 2000
cutoff = 1e-10
Using device: cuda:0

path = [485, 510, 107, 547, 695, 53, 229, 592, 227, 557, 209, 617, 99, 233, 472, 494, 41, 278, 359, 141, 613, 537, 672, 57, 51, 514, 498, 599, 780, 223, 168, 659, 573, 211, 778, 782, 450, 307, 471, 588, 103, 124, 619, 728, 633, 167, 509, 421, 251, 49, 468, 584, 550, 74, 503, 775, 556, 538, 92, 683, 156, 511, 575, 286, 304, 502, 324, 365, 33, 38, 753, 717, 320, 260, 735, 199, 114, 542, 244, 378, 157, 496, 22, 689, 399, 582, 345, 271, 624, 493, 25, 372, 71, 253, 602, 527, 350, 165, 710, 104, 207, 621, 326, 540, 632, 481, 631, 688, 422, 455, 90, 371, 341, 475, 698, 400, 14, 577, 651, 500, 225, 348, 202, 761, 13, 102, 414, 682, 192, 238, 77, 204, 220, 252, 366, 79, 460, 353, 623, 666, 357, 300, 412, 750, 232, 519, 181, 746, 463, 235, 302, 467, 254, 661, 595, 222, 776, 647, 106, 701, 288, 585, 84, 12, 196, 89, 331, 226, 200, 3, 424, 479, 453, 325, 184, 292, 517, 713, 155, 86, 671, 69, 423, 87, 73, 561, 531, 7, 108, 615, 443, 590, 20, 569, 391, 587, 303, 58, 644, 313, 164, 413, 169, 711, 85, 747, 639, 516, 294, 246, 297, 581, 686, 706, 614, 52, 473, 344, 293, 383, 31, 567, 380, 559, 687, 637, 430, 95, 228, 754, 465, 40, 508, 427, 767, 248, 524, 296, 772, 702, 532, 94, 112, 609, 28, 572, 379, 495, 409, 56, 574, 438, 262, 117, 601, 643, 677, 738, 30, 419, 42, 749, 715, 386, 197, 109, 19, 206, 434, 622, 263, 428, 448, 128, 719, 267, 152, 46, 93, 600, 406, 625, 654, 768, 645, 462, 111, 469, 393, 692, 48, 616, 91, 675, 210, 236, 650, 410, 482, 8, 390, 618, 316, 655, 183, 445, 539, 368, 190, 741, 684, 230, 528, 484, 548, 161, 628, 376, 597, 755, 247, 727, 638, 562, 170, 420, 138, 177, 269, 321, 696, 110, 474, 159, 240, 205, 339, 125, 63, 176, 536, 758, 143, 580, 664, 394, 242, 533, 487, 243, 490, 274, 435, 541, 272, 179, 629, 308, 290, 158, 507, 144, 551, 175, 142, 596, 416, 564, 497, 385, 770, 396, 249, 653, 17, 506, 310, 76, 534, 634, 607, 201, 127, 317, 576, 97, 456, 426, 139, 68, 476, 314, 270, 191, 55, 549, 96, 356, 520, 37, 545, 523, 148, 153, 115, 486, 733, 268, 340, 208, 563, 0, 277, 611, 88, 285, 658, 449, 543, 132, 594, 464, 781, 389, 504, 553, 515, 172, 712, 281, 287, 765, 743, 105, 642, 213, 126, 694, 452, 492, 367, 571, 322, 329, 166, 35, 70, 656, 284, 195, 194, 370, 762, 279, 257, 78, 382, 182, 280, 522, 32, 646, 439, 404, 678, 546, 417, 736, 203, 140, 343, 431, 224, 558, 742, 395, 18, 783, 43, 299, 328, 447, 544, 734, 174, 15, 289, 731, 402, 334, 354, 119, 657, 50, 714, 98, 291, 151, 700, 440, 554, 118, 604, 217, 685, 525, 360, 432, 458, 384, 748, 669, 250, 760, 488, 521, 491, 180, 122, 388, 116, 583, 375, 478, 773, 61, 505, 36, 708, 477, 535, 729, 315, 693, 418, 212, 718, 407, 665, 45, 145, 34, 83, 21, 333, 187, 429, 163, 178, 362, 347, 737, 446, 626, 593, 330, 16, 134, 641, 364, 526, 24, 66, 1, 120, 295, 338, 264, 218, 676, 193, 704, 26, 555, 59, 216, 171, 363, 483, 150, 398, 774, 72, 724, 234, 441, 23, 635, 276, 62, 723, 640, 245, 319, 699, 722, 337, 451, 408, 162, 352, 560, 779, 306, 552, 681, 392, 513, 529, 131, 566, 355, 667, 603, 342, 374, 265, 311, 351, 403, 578, 690, 716, 415, 336, 64, 530, 5, 680, 709, 255, 282, 283, 123, 620, 214, 757, 65, 777, 764, 136, 759, 459, 349, 405, 444, 512, 67, 198, 591, 662, 149, 135, 373, 256, 298, 589, 489, 725, 100, 137, 660, 470, 369, 189, 703, 335, 309, 649, 691, 10, 130, 27, 305, 6, 433, 75, 54, 568, 146, 332, 501, 9, 771, 612, 188, 2, 361, 627, 261, 598, 129, 705, 586, 160, 769, 648, 579, 673, 766, 39, 652, 318, 442, 47, 239, 186, 425, 707, 346, 4, 29, 610, 752, 81, 454, 499, 457, 763, 323, 377, 679, 606, 480, 744, 185, 237, 630, 231, 437, 663, 221, 670, 720, 636, 259, 101, 133, 387, 401, 436, 674, 518, 273, 381, 745, 570, 726, 301, 60, 154, 730, 173, 565, 411, 721, 740, 11, 312, 113, 80, 608, 358, 266, 275, 668, 219, 147, 739, 751, 258, 82, 756, 466, 397, 605, 121, 44, 697, 215, 241, 732, 327, 461]

### Epoch 1 ###
Average loss for epoch: 0.5937
Average train accuracy: 0.7966
Test accuracy:          0.8974
Runtime so far:         469 sec

### Epoch 2 ###
Average loss for epoch: 0.1726
Average train accuracy: 0.9468
Test accuracy:          0.9565
Runtime so far:         922 sec

### Epoch 3 ###
Average loss for epoch: 0.1288
Average train accuracy: 0.9607
Test accuracy:          0.9526
Runtime so far:         1375 sec

### Epoch 4 ###
Average loss for epoch: 0.1064
Average train accuracy: 0.9663
Test accuracy:          0.9637
Runtime so far:         1828 sec

### Epoch 5 ###
Average loss for epoch: 0.0892
Average train accuracy: 0.9721
Test accuracy:          0.9673
Runtime so far:         2282 sec

### Epoch 6 ###
Average loss for epoch: 0.0797
Average train accuracy: 0.9756
Test accuracy:          0.9740
Runtime so far:         2735 sec

### Epoch 7 ###
Average loss for epoch: 0.0657
Average train accuracy: 0.9790
Test accuracy:          0.9729
Runtime so far:         3188 sec

### Epoch 8 ###
Average loss for epoch: 0.0624
Average train accuracy: 0.9804
Test accuracy:          0.9741
Runtime so far:         3641 sec

### Epoch 9 ###
Average loss for epoch: 0.0594
Average train accuracy: 0.9810
Test accuracy:          0.9765
Runtime so far:         4094 sec

### Epoch 10 ###
Average loss for epoch: 0.0514
Average train accuracy: 0.9836
Test accuracy:          0.9726
Runtime so far:         4547 sec

### Epoch 11 ###
Average loss for epoch: 0.0451
Average train accuracy: 0.9856
Test accuracy:          0.9736
Runtime so far:         5000 sec

### Epoch 12 ###
Average loss for epoch: 0.0425
Average train accuracy: 0.9865
Test accuracy:          0.9736
Runtime so far:         5453 sec

### Epoch 13 ###
Average loss for epoch: 0.0404
Average train accuracy: 0.9868
Test accuracy:          0.9764
Runtime so far:         5906 sec

### Epoch 14 ###
Average loss for epoch: 0.0407
Average train accuracy: 0.9870
Test accuracy:          0.9754
Runtime so far:         6360 sec

### Epoch 15 ###
Average loss for epoch: 0.0323
Average train accuracy: 0.9893
Test accuracy:          0.9760
Runtime so far:         6813 sec

### Epoch 16 ###
Average loss for epoch: 0.0327
Average train accuracy: 0.9895
Test accuracy:          0.9743
Runtime so far:         7266 sec

### Epoch 17 ###
Average loss for epoch: 0.0298
Average train accuracy: 0.9900
Test accuracy:          0.9773
Runtime so far:         7719 sec

### Epoch 18 ###
Average loss for epoch: 0.0324
Average train accuracy: 0.9899
Test accuracy:          0.9752
Runtime so far:         8172 sec

### Epoch 19 ###
Average loss for epoch: 0.0317
Average train accuracy: 0.9900
Test accuracy:          0.9737
Runtime so far:         8625 sec

### Epoch 20 ###
Average loss for epoch: 0.0261
Average train accuracy: 0.9919
Test accuracy:          0.9751
Runtime so far:         9078 sec

### Epoch 21 ###
Average loss for epoch: 0.0227
Average train accuracy: 0.9929
Test accuracy:          0.9753
Runtime so far:         9531 sec

### Epoch 22 ###
Average loss for epoch: 0.0271
Average train accuracy: 0.9912
Test accuracy:          0.9758
Runtime so far:         9984 sec

### Epoch 23 ###
Average loss for epoch: 0.0265
Average train accuracy: 0.9920
Test accuracy:          0.9771
Runtime so far:         10437 sec

### Epoch 24 ###
Average loss for epoch: 0.0244
Average train accuracy: 0.9929
Test accuracy:          0.9743
Runtime so far:         10890 sec

### Epoch 25 ###
Average loss for epoch: 0.0207
Average train accuracy: 0.9936
Test accuracy:          0.9739
Runtime so far:         11342 sec

### Epoch 26 ###
Average loss for epoch: 0.0235
Average train accuracy: 0.9926
Test accuracy:          0.9764
Runtime so far:         11795 sec

### Epoch 27 ###
Average loss for epoch: 0.0226
Average train accuracy: 0.9926
Test accuracy:          0.9761
Runtime so far:         12249 sec

### Epoch 28 ###
Average loss for epoch: 0.0170
Average train accuracy: 0.9947
Test accuracy:          0.9779
Runtime so far:         12702 sec

### Epoch 29 ###
Average loss for epoch: 0.0206
Average train accuracy: 0.9936
Test accuracy:          0.9799
Runtime so far:         13155 sec

### Epoch 30 ###
Average loss for epoch: 0.0192
Average train accuracy: 0.9939
Test accuracy:          0.9737
Runtime so far:         13608 sec

