THIS TRIAL'S ALL PARAMETERS
bond_dim = 5
adaptive_mode = False
periodic_bc = False
init_std = 1e-09
num_train = 60000
num_test = 10000
batch_size = 100
num_epochs = 30
learning_rate = 0.0001
l2_reg = 0.0
merge_threshold = 2000
cutoff = 1e-10
Using device: cuda:0

path = None

### Epoch 1 ###
Average loss for epoch: 1.0547
Average train accuracy: 0.6245
Test accuracy:          0.8668
Runtime so far:         59 sec

### Epoch 2 ###
Average loss for epoch: 0.3134
Average train accuracy: 0.9061
Test accuracy:          0.9323
Runtime so far:         107 sec

### Epoch 3 ###
Average loss for epoch: 0.2208
Average train accuracy: 0.9352
Test accuracy:          0.9431
Runtime so far:         154 sec

### Epoch 4 ###
Average loss for epoch: 0.1846
Average train accuracy: 0.9452
Test accuracy:          0.9482
Runtime so far:         201 sec

### Epoch 5 ###
Average loss for epoch: 0.1640
Average train accuracy: 0.9510
Test accuracy:          0.9519
Runtime so far:         248 sec

### Epoch 6 ###
Average loss for epoch: 0.1465
Average train accuracy: 0.9558
Test accuracy:          0.9558
Runtime so far:         295 sec

### Epoch 7 ###
Average loss for epoch: 0.1364
Average train accuracy: 0.9588
Test accuracy:          0.9566
Runtime so far:         342 sec

### Epoch 8 ###
Average loss for epoch: 0.1257
Average train accuracy: 0.9620
Test accuracy:          0.9597
Runtime so far:         390 sec

### Epoch 9 ###
Average loss for epoch: 0.1181
Average train accuracy: 0.9639
Test accuracy:          0.9618
Runtime so far:         437 sec

### Epoch 10 ###
Average loss for epoch: 0.1123
Average train accuracy: 0.9658
Test accuracy:          0.9595
Runtime so far:         484 sec

### Epoch 11 ###
Average loss for epoch: 0.1082
Average train accuracy: 0.9672
Test accuracy:          0.9606
Runtime so far:         531 sec

### Epoch 12 ###
Average loss for epoch: 0.1033
Average train accuracy: 0.9686
Test accuracy:          0.9619
Runtime so far:         579 sec

### Epoch 13 ###
Average loss for epoch: 0.0984
Average train accuracy: 0.9701
Test accuracy:          0.9627
Runtime so far:         626 sec

### Epoch 14 ###
Average loss for epoch: 0.0970
Average train accuracy: 0.9702
Test accuracy:          0.9658
Runtime so far:         673 sec

### Epoch 15 ###
Average loss for epoch: 0.0928
Average train accuracy: 0.9719
Test accuracy:          0.9649
Runtime so far:         720 sec

### Epoch 16 ###
Average loss for epoch: 0.0890
Average train accuracy: 0.9727
Test accuracy:          0.9642
Runtime so far:         767 sec

### Epoch 17 ###
Average loss for epoch: 0.0876
Average train accuracy: 0.9726
Test accuracy:          0.9666
Runtime so far:         814 sec

### Epoch 18 ###
Average loss for epoch: 0.0856
Average train accuracy: 0.9740
Test accuracy:          0.9673
Runtime so far:         862 sec

### Epoch 19 ###
Average loss for epoch: 0.0821
Average train accuracy: 0.9749
Test accuracy:          0.9684
Runtime so far:         909 sec

### Epoch 20 ###
Average loss for epoch: 0.0798
Average train accuracy: 0.9757
Test accuracy:          0.9686
Runtime so far:         956 sec

### Epoch 21 ###
Average loss for epoch: 0.0794
Average train accuracy: 0.9758
Test accuracy:          0.9662
Runtime so far:         1003 sec

### Epoch 22 ###
Average loss for epoch: 0.0780
Average train accuracy: 0.9767
Test accuracy:          0.9673
Runtime so far:         1051 sec

### Epoch 23 ###
Average loss for epoch: 0.0752
Average train accuracy: 0.9765
Test accuracy:          0.9674
Runtime so far:         1098 sec

### Epoch 24 ###
Average loss for epoch: 0.0735
Average train accuracy: 0.9775
Test accuracy:          0.9687
Runtime so far:         1145 sec

### Epoch 25 ###
Average loss for epoch: 0.0711
Average train accuracy: 0.9780
Test accuracy:          0.9651
Runtime so far:         1193 sec

### Epoch 26 ###
Average loss for epoch: 0.0706
Average train accuracy: 0.9782
Test accuracy:          0.9659
Runtime so far:         1240 sec

### Epoch 27 ###
Average loss for epoch: 0.0687
Average train accuracy: 0.9784
Test accuracy:          0.9670
Runtime so far:         1287 sec

### Epoch 28 ###
Average loss for epoch: 0.0681
Average train accuracy: 0.9787
Test accuracy:          0.9659
Runtime so far:         1334 sec

### Epoch 29 ###
Average loss for epoch: 0.0659
Average train accuracy: 0.9792
Test accuracy:          0.9675
Runtime so far:         1382 sec

### Epoch 30 ###
Average loss for epoch: 0.0643
Average train accuracy: 0.9800
Test accuracy:          0.9669
Runtime so far:         1429 sec

