THIS TRIAL'S ALL PARAMETERS
bond_dim = 100
adaptive_mode = False
periodic_bc = False
init_std = 1e-09
num_train = 60000
num_test = 10000
batch_size = 100
num_epochs = 30
learning_rate = 0.0001
l2_reg = 0.0
merge_threshold = 2000
cutoff = 1e-10
Using device: cuda:0

### Epoch 1 ###
Average loss for epoch: 0.5506
Average train accuracy: 0.8160
Test accuracy:          0.9438
Runtime so far:         467 sec

### Epoch 2 ###
Average loss for epoch: 0.1248
Average train accuracy: 0.9637
Test accuracy:          0.9572
Runtime so far:         918 sec

### Epoch 3 ###
Average loss for epoch: 0.0968
Average train accuracy: 0.9714
Test accuracy:          0.9721
Runtime so far:         1369 sec

### Epoch 4 ###
Average loss for epoch: 0.0758
Average train accuracy: 0.9774
Test accuracy:          0.9737
Runtime so far:         1820 sec

### Epoch 5 ###
Average loss for epoch: 0.0696
Average train accuracy: 0.9797
Test accuracy:          0.9644
Runtime so far:         2271 sec

### Epoch 6 ###
Average loss for epoch: 0.0595
Average train accuracy: 0.9828
Test accuracy:          0.9803
Runtime so far:         2722 sec

### Epoch 7 ###
Average loss for epoch: 0.0535
Average train accuracy: 0.9837
Test accuracy:          0.9769
Runtime so far:         3173 sec

### Epoch 8 ###
Average loss for epoch: 0.0496
Average train accuracy: 0.9855
Test accuracy:          0.9700
Runtime so far:         3624 sec

### Epoch 9 ###
Average loss for epoch: 0.0426
Average train accuracy: 0.9869
Test accuracy:          0.9806
Runtime so far:         4075 sec

### Epoch 10 ###
Average loss for epoch: 0.0400
Average train accuracy: 0.9874
Test accuracy:          0.9767
Runtime so far:         4526 sec

### Epoch 11 ###
Average loss for epoch: 0.0381
Average train accuracy: 0.9887
Test accuracy:          0.9826
Runtime so far:         4977 sec

### Epoch 12 ###
Average loss for epoch: 0.0347
Average train accuracy: 0.9900
Test accuracy:          0.9750
Runtime so far:         5428 sec

### Epoch 13 ###
Average loss for epoch: 0.0341
Average train accuracy: 0.9896
Test accuracy:          0.9798
Runtime so far:         5879 sec

### Epoch 14 ###
Average loss for epoch: 0.0305
Average train accuracy: 0.9905
Test accuracy:          0.9796
Runtime so far:         6330 sec

### Epoch 15 ###
Average loss for epoch: 0.0317
Average train accuracy: 0.9906
Test accuracy:          0.9836
Runtime so far:         6781 sec

### Epoch 16 ###
Average loss for epoch: 0.0242
Average train accuracy: 0.9927
Test accuracy:          0.9853
Runtime so far:         7232 sec

### Epoch 17 ###
Average loss for epoch: 0.0257
Average train accuracy: 0.9924
Test accuracy:          0.9832
Runtime so far:         7683 sec

### Epoch 18 ###
Average loss for epoch: 0.0278
Average train accuracy: 0.9923
Test accuracy:          0.9840
Runtime so far:         8133 sec

### Epoch 19 ###
Average loss for epoch: 0.0235
Average train accuracy: 0.9931
Test accuracy:          0.9781
Runtime so far:         8584 sec

### Epoch 20 ###
Average loss for epoch: 0.0225
Average train accuracy: 0.9935
Test accuracy:          0.9814
Runtime so far:         9035 sec

### Epoch 21 ###
Average loss for epoch: 0.0241
Average train accuracy: 0.9931
Test accuracy:          0.9834
Runtime so far:         9486 sec

### Epoch 22 ###
Average loss for epoch: 0.0215
Average train accuracy: 0.9935
Test accuracy:          0.9830
Runtime so far:         9936 sec

### Epoch 23 ###
Average loss for epoch: 0.0208
Average train accuracy: 0.9942
Test accuracy:          0.9836
Runtime so far:         10387 sec

### Epoch 24 ###
Average loss for epoch: 0.0188
Average train accuracy: 0.9945
Test accuracy:          0.9822
Runtime so far:         10838 sec

### Epoch 25 ###
Average loss for epoch: 0.0209
Average train accuracy: 0.9948
Test accuracy:          0.9842
Runtime so far:         11289 sec

### Epoch 26 ###
Average loss for epoch: 0.0156
Average train accuracy: 0.9951
Test accuracy:          0.9835
Runtime so far:         11740 sec

### Epoch 27 ###
Average loss for epoch: 0.0191
Average train accuracy: 0.9943
Test accuracy:          0.9816
Runtime so far:         12190 sec

### Epoch 28 ###
Average loss for epoch: 0.0167
Average train accuracy: 0.9952
Test accuracy:          0.9850
Runtime so far:         12641 sec

### Epoch 29 ###
Average loss for epoch: 0.0170
Average train accuracy: 0.9951
Test accuracy:          0.9800
Runtime so far:         13092 sec

### Epoch 30 ###
Average loss for epoch: 0.0168
Average train accuracy: 0.9952
Test accuracy:          0.9834
Runtime so far:         13543 sec

