THIS TRIAL'S ALL PARAMETERS
bond_dim = 80
adaptive_mode = False
periodic_bc = False
init_std = 1e-09
num_train = 60000
num_test = 10000
batch_size = 100
num_epochs = 30
learning_rate = 0.0001
l2_reg = 0.0
merge_threshold = 2000
cutoff = 1e-10
Using device: cuda:0

### Epoch 1 ###
Average loss for epoch: 0.8838
Average train accuracy: 0.6861
Test accuracy:          0.9422
Runtime so far:         299 sec

### Epoch 2 ###
Average loss for epoch: 0.1262
Average train accuracy: 0.9629
Test accuracy:          0.9741
Runtime so far:         584 sec

### Epoch 3 ###
Average loss for epoch: 0.0879
Average train accuracy: 0.9736
Test accuracy:          0.9727
Runtime so far:         869 sec

### Epoch 4 ###
Average loss for epoch: 0.0773
Average train accuracy: 0.9767
Test accuracy:          0.9752
Runtime so far:         1153 sec

### Epoch 5 ###
Average loss for epoch: 0.0644
Average train accuracy: 0.9810
Test accuracy:          0.9803
Runtime so far:         1437 sec

### Epoch 6 ###
Average loss for epoch: 0.0552
Average train accuracy: 0.9829
Test accuracy:          0.9817
Runtime so far:         1722 sec

### Epoch 7 ###
Average loss for epoch: 0.0526
Average train accuracy: 0.9841
Test accuracy:          0.9756
Runtime so far:         2006 sec

### Epoch 8 ###
Average loss for epoch: 0.0454
Average train accuracy: 0.9865
Test accuracy:          0.9809
Runtime so far:         2291 sec

### Epoch 9 ###
Average loss for epoch: 0.0378
Average train accuracy: 0.9884
Test accuracy:          0.9772
Runtime so far:         2575 sec

### Epoch 10 ###
Average loss for epoch: 0.0343
Average train accuracy: 0.9891
Test accuracy:          0.9785
Runtime so far:         2860 sec

### Epoch 11 ###
Average loss for epoch: 0.0402
Average train accuracy: 0.9882
Test accuracy:          0.9789
Runtime so far:         3144 sec

### Epoch 12 ###
Average loss for epoch: 0.0335
Average train accuracy: 0.9897
Test accuracy:          0.9801
Runtime so far:         3428 sec

### Epoch 13 ###
Average loss for epoch: 0.0270
Average train accuracy: 0.9916
Test accuracy:          0.9809
Runtime so far:         3711 sec

### Epoch 14 ###
Average loss for epoch: 0.0301
Average train accuracy: 0.9907
Test accuracy:          0.9793
Runtime so far:         3995 sec

### Epoch 15 ###
Average loss for epoch: 0.0271
Average train accuracy: 0.9920
Test accuracy:          0.9813
Runtime so far:         4278 sec

### Epoch 16 ###
Average loss for epoch: 0.0239
Average train accuracy: 0.9928
Test accuracy:          0.9833
Runtime so far:         4562 sec

### Epoch 17 ###
Average loss for epoch: 0.0277
Average train accuracy: 0.9923
Test accuracy:          0.9779
Runtime so far:         4846 sec

### Epoch 18 ###
Average loss for epoch: 0.0222
Average train accuracy: 0.9931
Test accuracy:          0.9814
Runtime so far:         5131 sec

### Epoch 19 ###
Average loss for epoch: 0.0237
Average train accuracy: 0.9931
Test accuracy:          0.9813
Runtime so far:         5415 sec

### Epoch 20 ###
Average loss for epoch: 0.0196
Average train accuracy: 0.9938
Test accuracy:          0.9853
Runtime so far:         5700 sec

### Epoch 21 ###
Average loss for epoch: 0.0209
Average train accuracy: 0.9940
Test accuracy:          0.9847
Runtime so far:         5984 sec

### Epoch 22 ###
Average loss for epoch: 0.0206
Average train accuracy: 0.9939
Test accuracy:          0.9821
Runtime so far:         6268 sec

### Epoch 23 ###
Average loss for epoch: 0.0180
Average train accuracy: 0.9943
Test accuracy:          0.9807
Runtime so far:         6553 sec

### Epoch 24 ###
Average loss for epoch: 0.0172
Average train accuracy: 0.9952
Test accuracy:          0.9854
Runtime so far:         6837 sec

### Epoch 25 ###
Average loss for epoch: 0.0194
Average train accuracy: 0.9946
Test accuracy:          0.9825
Runtime so far:         7121 sec

### Epoch 26 ###
Average loss for epoch: 0.0172
Average train accuracy: 0.9948
Test accuracy:          0.9810
Runtime so far:         7405 sec

### Epoch 27 ###
Average loss for epoch: 0.0176
Average train accuracy: 0.9949
Test accuracy:          0.9835
Runtime so far:         7688 sec

### Epoch 28 ###
Average loss for epoch: 0.0166
Average train accuracy: 0.9955
Test accuracy:          0.9843
Runtime so far:         7971 sec

### Epoch 29 ###
Average loss for epoch: 0.0158
Average train accuracy: 0.9954
Test accuracy:          0.9853
Runtime so far:         8253 sec

### Epoch 30 ###
Average loss for epoch: 0.0151
Average train accuracy: 0.9956
Test accuracy:          0.9841
Runtime so far:         8536 sec

