THIS TRIAL'S ALL PARAMETERS
bond_dim = 10
adaptive_mode = False
periodic_bc = False
init_std = 1e-09
num_train = 60000
num_test = 10000
batch_size = 100
num_epochs = 30
learning_rate = 0.0001
l2_reg = 0.0
merge_threshold = 2000
cutoff = 1e-10
Using device: cuda:0

### Epoch 1 ###
Average loss for epoch: 0.8467
Average train accuracy: 0.7068
Test accuracy:  0.9068
Runtime so far: 52 sec

### Epoch 2 ###
Average loss for epoch: 0.2270
Average train accuracy: 0.9326
Test accuracy:  0.9476
Runtime so far: 91 sec

### Epoch 3 ###
Average loss for epoch: 0.1483
Average train accuracy: 0.9553
Test accuracy:  0.9589
Runtime so far: 130 sec

### Epoch 4 ###
Average loss for epoch: 0.1085
Average train accuracy: 0.9680
Test accuracy:  0.9692
Runtime so far: 170 sec

### Epoch 5 ###
Average loss for epoch: 0.0896
Average train accuracy: 0.9736
Test accuracy:  0.9747
Runtime so far: 209 sec

### Epoch 6 ###
Average loss for epoch: 0.0742
Average train accuracy: 0.9773
Test accuracy:  0.9718
Runtime so far: 248 sec

### Epoch 7 ###
Average loss for epoch: 0.0660
Average train accuracy: 0.9796
Test accuracy:  0.9733
Runtime so far: 287 sec

### Epoch 8 ###
Average loss for epoch: 0.0588
Average train accuracy: 0.9822
Test accuracy:  0.9707
Runtime so far: 327 sec

### Epoch 9 ###
Average loss for epoch: 0.0534
Average train accuracy: 0.9829
Test accuracy:  0.9776
Runtime so far: 366 sec

### Epoch 10 ###
Average loss for epoch: 0.0474
Average train accuracy: 0.9853
Test accuracy:  0.9728
Runtime so far: 405 sec

### Epoch 11 ###
Average loss for epoch: 0.0427
Average train accuracy: 0.9866
Test accuracy:  0.9776
Runtime so far: 444 sec

### Epoch 12 ###
Average loss for epoch: 0.0414
Average train accuracy: 0.9870
Test accuracy:  0.9763
Runtime so far: 483 sec

### Epoch 13 ###
Average loss for epoch: 0.0344
Average train accuracy: 0.9889
Test accuracy:  0.9781
Runtime so far: 522 sec

### Epoch 14 ###
Average loss for epoch: 0.0336
Average train accuracy: 0.9890
Test accuracy:  0.9762
Runtime so far: 562 sec

### Epoch 15 ###
Average loss for epoch: 0.0326
Average train accuracy: 0.9893
Test accuracy:  0.9808
Runtime so far: 601 sec

### Epoch 16 ###
Average loss for epoch: 0.0289
Average train accuracy: 0.9904
Test accuracy:  0.9779
Runtime so far: 640 sec

### Epoch 17 ###
Average loss for epoch: 0.0294
Average train accuracy: 0.9907
Test accuracy:  0.9792
Runtime so far: 679 sec

### Epoch 18 ###
Average loss for epoch: 0.0259
Average train accuracy: 0.9915
Test accuracy:  0.9801
Runtime so far: 718 sec

### Epoch 19 ###
Average loss for epoch: 0.0230
Average train accuracy: 0.9923
Test accuracy:  0.9785
Runtime so far: 757 sec

### Epoch 20 ###
Average loss for epoch: 0.0239
Average train accuracy: 0.9923
Test accuracy:  0.9806
Runtime so far: 797 sec

### Epoch 21 ###
Average loss for epoch: 0.0205
Average train accuracy: 0.9927
Test accuracy:  0.9799
Runtime so far: 836 sec

### Epoch 22 ###
Average loss for epoch: 0.0217
Average train accuracy: 0.9928
Test accuracy:  0.9794
Runtime so far: 875 sec

### Epoch 23 ###
Average loss for epoch: 0.0207
Average train accuracy: 0.9935
Test accuracy:  0.9817
Runtime so far: 914 sec

### Epoch 24 ###
Average loss for epoch: 0.0203
Average train accuracy: 0.9934
Test accuracy:  0.9813
Runtime so far: 953 sec

### Epoch 25 ###
Average loss for epoch: 0.0188
Average train accuracy: 0.9940
Test accuracy:  0.9798
Runtime so far: 993 sec

### Epoch 26 ###
Average loss for epoch: 0.0185
Average train accuracy: 0.9938
Test accuracy:  0.9814
Runtime so far: 1032 sec

### Epoch 27 ###
Average loss for epoch: 0.0180
Average train accuracy: 0.9940
Test accuracy:  0.9770
Runtime so far: 1071 sec

### Epoch 28 ###
Average loss for epoch: 0.0171
Average train accuracy: 0.9945
Test accuracy:  0.9811
Runtime so far: 1112 sec

### Epoch 29 ###
Average loss for epoch: 0.0166
Average train accuracy: 0.9945
Test accuracy:  0.9809
Runtime so far: 1153 sec

### Epoch 30 ###
Average loss for epoch: 0.0149
Average train accuracy: 0.9949
Test accuracy:  0.9794
Runtime so far: 1194 sec

