THIS TRIAL'S ALL PARAMETERS
bond_dim = 4
adaptive_mode = False
periodic_bc = False
init_std = 1e-09
num_train = 60000
num_test = 10000
batch_size = 100
num_epochs = 30
learning_rate = 0.0001
l2_reg = 0.0
merge_threshold = 2000
cutoff = 1e-10
Using device: cuda:0

path = None

### Epoch 1 ###
Average loss for epoch: 1.1158
Average train accuracy: 0.6026
Test accuracy:          0.8416
Runtime so far:         60 sec

### Epoch 2 ###
Average loss for epoch: 0.3962
Average train accuracy: 0.8794
Test accuracy:          0.9029
Runtime so far:         108 sec

### Epoch 3 ###
Average loss for epoch: 0.2962
Average train accuracy: 0.9117
Test accuracy:          0.9205
Runtime so far:         155 sec

### Epoch 4 ###
Average loss for epoch: 0.2513
Average train accuracy: 0.9249
Test accuracy:          0.9299
Runtime so far:         203 sec

### Epoch 5 ###
Average loss for epoch: 0.2261
Average train accuracy: 0.9327
Test accuracy:          0.9363
Runtime so far:         251 sec

### Epoch 6 ###
Average loss for epoch: 0.2071
Average train accuracy: 0.9380
Test accuracy:          0.9387
Runtime so far:         298 sec

### Epoch 7 ###
Average loss for epoch: 0.1948
Average train accuracy: 0.9420
Test accuracy:          0.9442
Runtime so far:         346 sec

### Epoch 8 ###
Average loss for epoch: 0.1840
Average train accuracy: 0.9445
Test accuracy:          0.9412
Runtime so far:         394 sec

### Epoch 9 ###
Average loss for epoch: 0.1766
Average train accuracy: 0.9473
Test accuracy:          0.9471
Runtime so far:         441 sec

### Epoch 10 ###
Average loss for epoch: 0.1674
Average train accuracy: 0.9498
Test accuracy:          0.9481
Runtime so far:         489 sec

### Epoch 11 ###
Average loss for epoch: 0.1622
Average train accuracy: 0.9510
Test accuracy:          0.9492
Runtime so far:         537 sec

### Epoch 12 ###
Average loss for epoch: 0.1576
Average train accuracy: 0.9522
Test accuracy:          0.9526
Runtime so far:         585 sec

### Epoch 13 ###
Average loss for epoch: 0.1518
Average train accuracy: 0.9538
Test accuracy:          0.9502
Runtime so far:         632 sec

### Epoch 14 ###
Average loss for epoch: 0.1478
Average train accuracy: 0.9551
Test accuracy:          0.9521
Runtime so far:         680 sec

### Epoch 15 ###
Average loss for epoch: 0.1442
Average train accuracy: 0.9562
Test accuracy:          0.9540
Runtime so far:         728 sec

### Epoch 16 ###
Average loss for epoch: 0.1411
Average train accuracy: 0.9573
Test accuracy:          0.9521
Runtime so far:         775 sec

### Epoch 17 ###
Average loss for epoch: 0.1374
Average train accuracy: 0.9579
Test accuracy:          0.9545
Runtime so far:         823 sec

### Epoch 18 ###
Average loss for epoch: 0.1355
Average train accuracy: 0.9594
Test accuracy:          0.9553
Runtime so far:         871 sec

### Epoch 19 ###
Average loss for epoch: 0.1331
Average train accuracy: 0.9596
Test accuracy:          0.9573
Runtime so far:         919 sec

### Epoch 20 ###
Average loss for epoch: 0.1312
Average train accuracy: 0.9596
Test accuracy:          0.9584
Runtime so far:         966 sec

### Epoch 21 ###
Average loss for epoch: 0.1281
Average train accuracy: 0.9611
Test accuracy:          0.9572
Runtime so far:         1014 sec

### Epoch 22 ###
Average loss for epoch: 0.1272
Average train accuracy: 0.9613
Test accuracy:          0.9584
Runtime so far:         1062 sec

### Epoch 23 ###
Average loss for epoch: 0.1243
Average train accuracy: 0.9622
Test accuracy:          0.9567
Runtime so far:         1109 sec

### Epoch 24 ###
Average loss for epoch: 0.1226
Average train accuracy: 0.9625
Test accuracy:          0.9577
Runtime so far:         1157 sec

### Epoch 25 ###
Average loss for epoch: 0.1203
Average train accuracy: 0.9624
Test accuracy:          0.9576
Runtime so far:         1205 sec

### Epoch 26 ###
Average loss for epoch: 0.1201
Average train accuracy: 0.9631
Test accuracy:          0.9579
Runtime so far:         1253 sec

### Epoch 27 ###
Average loss for epoch: 0.1189
Average train accuracy: 0.9641
Test accuracy:          0.9564
Runtime so far:         1300 sec

### Epoch 28 ###
Average loss for epoch: 0.1160
Average train accuracy: 0.9643
Test accuracy:          0.9569
Runtime so far:         1348 sec

### Epoch 29 ###
Average loss for epoch: 0.1144
Average train accuracy: 0.9653
Test accuracy:          0.9576
Runtime so far:         1396 sec

### Epoch 30 ###
Average loss for epoch: 0.1148
Average train accuracy: 0.9649
Test accuracy:          0.9569
Runtime so far:         1443 sec

