THIS TRIAL'S ALL PARAMETERS
bond_dim = 80
adaptive_mode = False
periodic_bc = False
init_std = 1e-09
num_train = 60000
num_test = 10000
batch_size = 100
num_epochs = 30
learning_rate = 0.0001
l2_reg = 0.0
merge_threshold = 2000
cutoff = 1e-10
Using device: cuda:0

path = [392, 583, 105, 41, 30, 423, 251, 601, 417, 151, 159, 386, 559, 217, 448, 324, 576, 252, 602, 44, 659, 511, 230, 266, 336, 55, 300, 385, 394, 668, 204, 61, 537, 191, 734, 738, 37, 356, 246, 380, 485, 272, 116, 325, 8, 444, 609, 348, 390, 470, 27, 779, 22, 596, 426, 523, 438, 710, 286, 371, 442, 494, 775, 481, 502, 631, 739, 403, 580, 507, 397, 506, 164, 640, 65, 763, 550, 529, 687, 440, 568, 474, 374, 339, 14, 389, 642, 168, 633, 732, 514, 700, 713, 669, 657, 740, 651, 193, 84, 769, 76, 637, 56, 237, 118, 184, 449, 302, 144, 639, 5, 424, 187, 63, 454, 603, 677, 7, 572, 574, 132, 701, 2, 771, 62, 171, 730, 238, 271, 346, 117, 119, 655, 373, 141, 723, 516, 616, 565, 652, 680, 149, 97, 573, 379, 445, 140, 18, 395, 370, 322, 248, 174, 398, 467, 743, 319, 0, 3, 384, 618, 23, 359, 268, 212, 544, 40, 192, 29, 203, 157, 632, 530, 605, 401, 46, 36, 683, 528, 758, 725, 293, 641, 653, 317, 696, 150, 95, 358, 753, 196, 143, 475, 501, 278, 421, 707, 189, 456, 121, 186, 515, 211, 690, 198, 647, 378, 782, 210, 24, 1, 644, 135, 667, 672, 735, 643, 35, 75, 598, 420, 337, 120, 235, 4, 341, 551, 473, 25, 711, 90, 129, 664, 115, 527, 267, 222, 301, 26, 512, 584, 510, 447, 306, 261, 152, 355, 351, 332, 161, 256, 638, 498, 608, 48, 225, 520, 581, 741, 360, 310, 156, 400, 281, 71, 744, 549, 100, 122, 482, 49, 316, 762, 163, 408, 706, 181, 649, 546, 199, 280, 136, 206, 270, 200, 430, 726, 585, 42, 579, 64, 260, 484, 326, 457, 662, 165, 354, 17, 335, 94, 487, 172, 465, 255, 45, 645, 754, 52, 441, 77, 180, 419, 249, 162, 233, 617, 375, 619, 226, 311, 750, 146, 287, 569, 51, 705, 721, 47, 110, 698, 519, 493, 89, 276, 418, 578, 570, 606, 31, 749, 312, 715, 742, 736, 764, 443, 773, 243, 627, 483, 291, 158, 399, 661, 747, 125, 624, 69, 236, 114, 205, 490, 334, 588, 590, 476, 654, 228, 219, 623, 538, 124, 615, 382, 681, 410, 508, 532, 396, 620, 60, 342, 166, 345, 91, 411, 169, 73, 434, 106, 101, 177, 697, 495, 685, 504, 224, 244, 285, 776, 413, 232, 229, 50, 751, 513, 435, 745, 16, 245, 629, 330, 209, 147, 369, 170, 83, 517, 34, 145, 489, 770, 343, 185, 458, 634, 282, 480, 323, 781, 622, 250, 53, 220, 138, 778, 625, 759, 666, 471, 673, 365, 308, 33, 461, 102, 688, 155, 241, 80, 468, 428, 54, 409, 463, 675, 6, 240, 521, 19, 545, 452, 239, 216, 329, 536, 78, 768, 201, 327, 10, 353, 648, 595, 703, 760, 362, 724, 429, 303, 518, 564, 500, 299, 304, 558, 733, 290, 594, 274, 746, 566, 160, 85, 422, 477, 534, 774, 682, 547, 175, 535, 298, 265, 731, 133, 318, 592, 597, 613, 296, 658, 539, 242, 58, 678, 202, 772, 607, 755, 630, 88, 472, 253, 557, 297, 131, 589, 561, 439, 610, 684, 295, 437, 767, 393, 123, 142, 289, 691, 288, 541, 635, 650, 679, 72, 153, 111, 28, 612, 412, 505, 32, 406, 761, 626, 665, 352, 702, 79, 416, 333, 646, 126, 478, 218, 67, 712, 154, 450, 269, 752, 127, 234, 460, 748, 320, 479, 305, 262, 350, 134, 294, 674, 104, 376, 9, 555, 70, 562, 582, 719, 543, 708, 182, 462, 328, 383, 39, 586, 628, 542, 315, 21, 195, 453, 432, 167, 765, 621, 188, 526, 12, 709, 427, 407, 704, 176, 113, 173, 660, 313, 381, 275, 307, 567, 130, 264, 213, 524, 109, 405, 364, 404, 656, 451, 676, 671, 283, 59, 363, 273, 221, 349, 103, 686, 563, 108, 368, 695, 593, 699, 340, 357, 575, 780, 82, 717, 553, 197, 338, 756, 464, 137, 509, 292, 486, 366, 107, 415, 139, 148, 591, 783, 670, 377, 766, 344, 727, 728, 459, 98, 43, 279, 556, 469, 277, 247, 87, 694, 777, 600, 436, 214, 548, 194, 433, 81, 446, 455, 492, 716, 179, 737, 309, 190, 57, 636, 525, 499, 361, 540, 96, 387, 692, 693, 215, 431, 257, 92, 284, 367, 560, 554, 183, 729, 663, 223, 178, 611, 402, 208, 714, 66, 522, 259, 577, 757, 722, 38, 533, 112, 93, 15, 347, 227, 425, 86, 74, 497, 614, 552, 388, 604, 13, 372, 321, 718, 11, 491, 314, 331, 720, 599, 466, 68, 20, 99, 263, 207, 503, 128, 496, 254, 689, 231, 258, 391, 414, 571, 587, 531, 488]

### Epoch 1 ###
Average loss for epoch: 1.5975
Average train accuracy: 0.3985
Test accuracy:          0.8602
Runtime so far:         301 sec

### Epoch 2 ###
Average loss for epoch: 0.2172
Average train accuracy: 0.9337
Test accuracy:          0.9440
Runtime so far:         587 sec

### Epoch 3 ###
Average loss for epoch: 0.1391
Average train accuracy: 0.9579
Test accuracy:          0.9600
Runtime so far:         872 sec

### Epoch 4 ###
Average loss for epoch: 0.1098
Average train accuracy: 0.9664
Test accuracy:          0.9658
Runtime so far:         1157 sec

### Epoch 5 ###
Average loss for epoch: 0.0908
Average train accuracy: 0.9718
Test accuracy:          0.9638
Runtime so far:         1442 sec

### Epoch 6 ###
Average loss for epoch: 0.0797
Average train accuracy: 0.9739
Test accuracy:          0.9654
Runtime so far:         1727 sec

### Epoch 7 ###
Average loss for epoch: 0.0680
Average train accuracy: 0.9783
Test accuracy:          0.9645
Runtime so far:         2011 sec

### Epoch 8 ###
Average loss for epoch: 0.0611
Average train accuracy: 0.9810
Test accuracy:          0.9722
Runtime so far:         2296 sec

### Epoch 9 ###
Average loss for epoch: 0.0547
Average train accuracy: 0.9829
Test accuracy:          0.9699
Runtime so far:         2581 sec

### Epoch 10 ###
Average loss for epoch: 0.0524
Average train accuracy: 0.9832
Test accuracy:          0.9760
Runtime so far:         2866 sec

### Epoch 11 ###
Average loss for epoch: 0.0466
Average train accuracy: 0.9850
Test accuracy:          0.9754
Runtime so far:         3151 sec

### Epoch 12 ###
Average loss for epoch: 0.0419
Average train accuracy: 0.9866
Test accuracy:          0.9756
Runtime so far:         3436 sec

### Epoch 13 ###
Average loss for epoch: 0.0398
Average train accuracy: 0.9865
Test accuracy:          0.9786
Runtime so far:         3721 sec

### Epoch 14 ###
Average loss for epoch: 0.0361
Average train accuracy: 0.9885
Test accuracy:          0.9685
Runtime so far:         4006 sec

### Epoch 15 ###
Average loss for epoch: 0.0351
Average train accuracy: 0.9886
Test accuracy:          0.9757
Runtime so far:         4291 sec

### Epoch 16 ###
Average loss for epoch: 0.0322
Average train accuracy: 0.9895
Test accuracy:          0.9731
Runtime so far:         4576 sec

### Epoch 17 ###
Average loss for epoch: 0.0320
Average train accuracy: 0.9896
Test accuracy:          0.9775
Runtime so far:         4860 sec

### Epoch 18 ###
Average loss for epoch: 0.0293
Average train accuracy: 0.9908
Test accuracy:          0.9745
Runtime so far:         5145 sec

### Epoch 19 ###
Average loss for epoch: 0.0291
Average train accuracy: 0.9914
Test accuracy:          0.9712
Runtime so far:         5430 sec

### Epoch 20 ###
Average loss for epoch: 0.0252
Average train accuracy: 0.9919
Test accuracy:          0.9776
Runtime so far:         5715 sec

### Epoch 21 ###
Average loss for epoch: 0.0258
Average train accuracy: 0.9921
Test accuracy:          0.9750
Runtime so far:         6000 sec

### Epoch 22 ###
Average loss for epoch: 0.0233
Average train accuracy: 0.9928
Test accuracy:          0.9747
Runtime so far:         6285 sec

### Epoch 23 ###
Average loss for epoch: 0.0247
Average train accuracy: 0.9921
Test accuracy:          0.9765
Runtime so far:         6570 sec

### Epoch 24 ###
Average loss for epoch: 0.0196
Average train accuracy: 0.9939
Test accuracy:          0.9717
Runtime so far:         6855 sec

### Epoch 25 ###
Average loss for epoch: 0.0206
Average train accuracy: 0.9939
Test accuracy:          0.9756
Runtime so far:         7140 sec

### Epoch 26 ###
Average loss for epoch: 0.0214
Average train accuracy: 0.9935
Test accuracy:          0.9761
Runtime so far:         7425 sec

### Epoch 27 ###
Average loss for epoch: 0.0197
Average train accuracy: 0.9936
Test accuracy:          0.9730
Runtime so far:         7709 sec

### Epoch 28 ###
Average loss for epoch: 0.0205
Average train accuracy: 0.9943
Test accuracy:          0.9748
Runtime so far:         7994 sec

### Epoch 29 ###
Average loss for epoch: 0.0209
Average train accuracy: 0.9935
Test accuracy:          0.9766
Runtime so far:         8279 sec

### Epoch 30 ###
Average loss for epoch: 0.0161
Average train accuracy: 0.9953
Test accuracy:          0.9757
Runtime so far:         8564 sec

