THIS TRIAL'S ALL PARAMETERS
bond_dim = 40
adaptive_mode = False
periodic_bc = False
init_std = 1e-09
num_train = 60000
num_test = 10000
batch_size = 100
num_epochs = 30
learning_rate = 0.0001
l2_reg = 0.0
merge_threshold = 2000
cutoff = 1e-10
Using device: cuda:0

path = [126, 29, 597, 414, 450, 160, 711, 559, 499, 172, 10, 706, 481, 8, 203, 41, 403, 99, 321, 90, 746, 249, 690, 64, 289, 762, 726, 246, 385, 724, 59, 196, 615, 764, 482, 613, 589, 579, 323, 622, 766, 741, 35, 233, 199, 271, 36, 778, 436, 705, 412, 266, 485, 85, 439, 97, 290, 178, 733, 382, 163, 2, 61, 292, 127, 708, 227, 758, 147, 446, 17, 672, 296, 781, 119, 653, 505, 695, 754, 251, 677, 469, 507, 685, 516, 241, 506, 132, 268, 106, 395, 599, 689, 242, 6, 681, 582, 68, 728, 300, 315, 159, 474, 631, 430, 517, 755, 546, 656, 773, 470, 763, 12, 204, 648, 445, 256, 9, 401, 243, 538, 100, 742, 245, 468, 304, 752, 607, 640, 719, 134, 691, 181, 346, 144, 280, 157, 531, 413, 520, 209, 434, 130, 65, 231, 170, 19, 275, 311, 350, 736, 476, 479, 175, 324, 521, 259, 1, 558, 633, 164, 340, 660, 768, 278, 498, 145, 572, 461, 748, 295, 727, 348, 229, 383, 123, 44, 368, 543, 255, 463, 230, 573, 270, 386, 457, 120, 617, 108, 257, 532, 138, 25, 78, 374, 583, 776, 495, 205, 527, 48, 98, 447, 222, 94, 423, 717, 277, 42, 606, 593, 458, 487, 627, 419, 594, 642, 486, 56, 494, 322, 673, 693, 69, 735, 668, 625, 38, 93, 542, 125, 83, 33, 46, 760, 603, 87, 332, 714, 221, 327, 22, 503, 27, 761, 161, 666, 342, 316, 384, 294, 604, 397, 665, 210, 333, 452, 749, 570, 684, 738, 392, 429, 252, 456, 166, 662, 5, 112, 578, 200, 4, 698, 337, 686, 96, 82, 765, 177, 634, 600, 225, 37, 194, 465, 223, 387, 553, 21, 547, 299, 692, 57, 129, 89, 273, 30, 782, 331, 234, 449, 680, 601, 667, 568, 737, 417, 207, 511, 213, 109, 319, 720, 244, 86, 704, 152, 74, 659, 336, 575, 95, 114, 639, 526, 715, 602, 548, 216, 654, 649, 580, 629, 301, 58, 536, 47, 779, 318, 635, 566, 197, 45, 53, 523, 279, 577, 103, 750, 16, 14, 218, 539, 320, 88, 584, 400, 611, 262, 460, 151, 107, 678, 624, 142, 454, 133, 173, 267, 284, 491, 694, 769, 369, 378, 276, 501, 670, 702, 351, 716, 80, 664, 771, 240, 307, 344, 232, 308, 467, 632, 75, 744, 628, 774, 359, 135, 551, 189, 508, 488, 31, 608, 480, 636, 740, 92, 466, 328, 84, 24, 696, 206, 408, 472, 427, 718, 464, 367, 23, 325, 723, 783, 168, 372, 291, 743, 663, 652, 646, 421, 396, 11, 174, 287, 682, 293, 585, 154, 619, 155, 148, 171, 605, 361, 453, 416, 269, 641, 713, 101, 360, 406, 502, 3, 258, 574, 15, 303, 630, 190, 261, 510, 34, 433, 77, 674, 158, 326, 767, 683, 638, 121, 729, 477, 709, 102, 310, 285, 73, 143, 334, 496, 272, 317, 587, 759, 72, 552, 288, 390, 228, 375, 657, 509, 137, 661, 703, 153, 339, 165, 353, 731, 0, 212, 32, 394, 518, 459, 39, 411, 438, 616, 239, 356, 484, 490, 528, 732, 415, 124, 136, 191, 514, 141, 586, 343, 525, 398, 612, 128, 13, 775, 504, 281, 388, 424, 540, 473, 623, 441, 335, 544, 428, 745, 451, 493, 381, 305, 219, 253, 418, 363, 730, 707, 455, 306, 550, 391, 440, 780, 60, 725, 753, 443, 620, 187, 43, 770, 188, 650, 150, 105, 297, 376, 91, 556, 772, 236, 655, 595, 541, 139, 545, 596, 591, 81, 330, 283, 701, 555, 208, 263, 513, 26, 49, 399, 110, 389, 198, 195, 405, 54, 169, 426, 347, 111, 432, 329, 756, 286, 581, 79, 402, 710, 140, 115, 598, 314, 70, 224, 567, 214, 186, 722, 40, 609, 669, 149, 211, 560, 358, 302, 569, 355, 28, 442, 377, 345, 554, 425, 549, 167, 500, 537, 610, 699, 379, 535, 116, 362, 52, 645, 688, 409, 366, 131, 373, 182, 751, 247, 176, 113, 156, 571, 590, 238, 492, 162, 393, 739, 76, 274, 312, 220, 67, 576, 364, 757, 700, 435, 687, 626, 489, 478, 264, 217, 298, 338, 184, 675, 651, 349, 679, 747, 534, 215, 235, 524, 637, 588, 260, 512, 471, 20, 529, 201, 564, 448, 557, 644, 614, 533, 313, 50, 475, 183, 462, 444, 437, 250, 248, 51, 676, 422, 226, 721, 7, 62, 671, 563, 357, 407, 341, 370, 565, 561, 658, 202, 18, 519, 185, 522, 697, 562, 380, 104, 497, 192, 592, 734, 404, 282, 618, 712, 530, 71, 354, 420, 118, 410, 777, 122, 371, 55, 179, 193, 647, 63, 309, 483, 117, 254, 146, 180, 365, 265, 621, 66, 352, 515, 237, 431, 643]

### Epoch 1 ###
Average loss for epoch: 0.8255
Average train accuracy: 0.7087
Test accuracy:          0.8817
Runtime so far:         98 sec

### Epoch 2 ###
Average loss for epoch: 0.2229
Average train accuracy: 0.9316
Test accuracy:          0.9479
Runtime so far:         184 sec

### Epoch 3 ###
Average loss for epoch: 0.1693
Average train accuracy: 0.9493
Test accuracy:          0.9500
Runtime so far:         269 sec

### Epoch 4 ###
Average loss for epoch: 0.1350
Average train accuracy: 0.9584
Test accuracy:          0.9599
Runtime so far:         354 sec

### Epoch 5 ###
Average loss for epoch: 0.1170
Average train accuracy: 0.9636
Test accuracy:          0.9527
Runtime so far:         439 sec

### Epoch 6 ###
Average loss for epoch: 0.0984
Average train accuracy: 0.9685
Test accuracy:          0.9660
Runtime so far:         524 sec

### Epoch 7 ###
Average loss for epoch: 0.0894
Average train accuracy: 0.9724
Test accuracy:          0.9704
Runtime so far:         609 sec

### Epoch 8 ###
Average loss for epoch: 0.0788
Average train accuracy: 0.9752
Test accuracy:          0.9690
Runtime so far:         693 sec

### Epoch 9 ###
Average loss for epoch: 0.0719
Average train accuracy: 0.9766
Test accuracy:          0.9699
Runtime so far:         778 sec

### Epoch 10 ###
Average loss for epoch: 0.0603
Average train accuracy: 0.9804
Test accuracy:          0.9688
Runtime so far:         863 sec

### Epoch 11 ###
Average loss for epoch: 0.0584
Average train accuracy: 0.9815
Test accuracy:          0.9712
Runtime so far:         948 sec

### Epoch 12 ###
Average loss for epoch: 0.0527
Average train accuracy: 0.9831
Test accuracy:          0.9709
Runtime so far:         1033 sec

### Epoch 13 ###
Average loss for epoch: 0.0451
Average train accuracy: 0.9855
Test accuracy:          0.9744
Runtime so far:         1117 sec

### Epoch 14 ###
Average loss for epoch: 0.0431
Average train accuracy: 0.9862
Test accuracy:          0.9750
Runtime so far:         1202 sec

### Epoch 15 ###
Average loss for epoch: 0.0405
Average train accuracy: 0.9868
Test accuracy:          0.9736
Runtime so far:         1287 sec

### Epoch 16 ###
Average loss for epoch: 0.0378
Average train accuracy: 0.9882
Test accuracy:          0.9742
Runtime so far:         1372 sec

### Epoch 17 ###
Average loss for epoch: 0.0368
Average train accuracy: 0.9879
Test accuracy:          0.9715
Runtime so far:         1456 sec

### Epoch 18 ###
Average loss for epoch: 0.0310
Average train accuracy: 0.9902
Test accuracy:          0.9726
Runtime so far:         1541 sec

### Epoch 19 ###
Average loss for epoch: 0.0292
Average train accuracy: 0.9901
Test accuracy:          0.9704
Runtime so far:         1625 sec

### Epoch 20 ###
Average loss for epoch: 0.0299
Average train accuracy: 0.9903
Test accuracy:          0.9721
Runtime so far:         1709 sec

### Epoch 21 ###
Average loss for epoch: 0.0260
Average train accuracy: 0.9916
Test accuracy:          0.9715
Runtime so far:         1793 sec

### Epoch 22 ###
Average loss for epoch: 0.0255
Average train accuracy: 0.9918
Test accuracy:          0.9746
Runtime so far:         1878 sec

### Epoch 23 ###
Average loss for epoch: 0.0253
Average train accuracy: 0.9923
Test accuracy:          0.9728
Runtime so far:         1962 sec

### Epoch 24 ###
Average loss for epoch: 0.0238
Average train accuracy: 0.9918
Test accuracy:          0.9768
Runtime so far:         2046 sec

### Epoch 25 ###
Average loss for epoch: 0.0226
Average train accuracy: 0.9927
Test accuracy:          0.9776
Runtime so far:         2131 sec

### Epoch 26 ###
Average loss for epoch: 0.0210
Average train accuracy: 0.9938
Test accuracy:          0.9781
Runtime so far:         2215 sec

### Epoch 27 ###
Average loss for epoch: 0.0218
Average train accuracy: 0.9931
Test accuracy:          0.9730
Runtime so far:         2300 sec

### Epoch 28 ###
Average loss for epoch: 0.0196
Average train accuracy: 0.9931
Test accuracy:          0.9759
Runtime so far:         2384 sec

### Epoch 29 ###
Average loss for epoch: 0.0216
Average train accuracy: 0.9928
Test accuracy:          0.9776
Runtime so far:         2469 sec

### Epoch 30 ###
Average loss for epoch: 0.0185
Average train accuracy: 0.9943
Test accuracy:          0.9755
Runtime so far:         2553 sec

