THIS TRIAL'S ALL PARAMETERS
bond_dim = 20
adaptive_mode = False
periodic_bc = False
init_std = 1e-09
num_train = 60000
num_test = 10000
batch_size = 100
num_epochs = 30
learning_rate = 0.0001
l2_reg = 0.0
merge_threshold = 2000
cutoff = 1e-10
Using device: cuda:0

path = [364, 725, 705, 269, 163, 642, 41, 552, 545, 337, 48, 617, 546, 27, 53, 266, 625, 195, 369, 196, 13, 664, 191, 85, 632, 700, 765, 512, 361, 200, 473, 670, 430, 427, 290, 334, 276, 418, 396, 33, 332, 39, 376, 305, 154, 255, 220, 303, 530, 657, 98, 338, 621, 636, 718, 225, 102, 236, 536, 25, 29, 604, 264, 678, 550, 141, 108, 86, 310, 372, 405, 113, 687, 602, 156, 14, 217, 5, 28, 761, 524, 526, 419, 763, 110, 455, 210, 767, 127, 609, 410, 70, 147, 347, 197, 352, 509, 529, 93, 683, 32, 20, 539, 735, 704, 233, 124, 488, 713, 50, 173, 342, 190, 171, 755, 746, 575, 199, 660, 355, 231, 340, 535, 748, 23, 451, 444, 510, 165, 188, 480, 335, 592, 345, 737, 675, 643, 422, 349, 574, 189, 122, 649, 168, 270, 461, 289, 18, 52, 635, 138, 734, 715, 462, 71, 341, 164, 711, 624, 97, 754, 453, 183, 15, 251, 708, 771, 263, 498, 561, 145, 682, 447, 717, 339, 268, 613, 277, 139, 64, 618, 58, 393, 701, 245, 74, 317, 578, 568, 479, 634, 733, 259, 690, 194, 493, 667, 629, 280, 437, 322, 159, 764, 213, 140, 133, 691, 315, 175, 680, 658, 469, 275, 707, 551, 36, 534, 218, 10, 450, 132, 698, 567, 367, 555, 240, 357, 256, 471, 383, 201, 503, 250, 522, 597, 554, 166, 562, 646, 115, 69, 569, 227, 298, 627, 758, 663, 623, 478, 148, 68, 622, 78, 676, 501, 144, 435, 409, 7, 57, 182, 279, 743, 496, 732, 123, 134, 432, 131, 350, 297, 169, 712, 209, 222, 639, 206, 720, 21, 507, 155, 645, 542, 581, 677, 316, 42, 630, 740, 576, 203, 292, 626, 441, 9, 282, 216, 146, 103, 239, 483, 3, 750, 323, 128, 99, 428, 404, 31, 96, 703, 605, 177, 309, 465, 329, 84, 38, 652, 514, 616, 722, 174, 293, 392, 365, 615, 137, 150, 489, 452, 434, 238, 387, 152, 775, 26, 727, 34, 558, 79, 486, 438, 723, 343, 413, 513, 208, 648, 302, 22, 391, 247, 614, 506, 408, 415, 778, 695, 611, 265, 81, 271, 436, 207, 714, 500, 107, 370, 19, 467, 187, 490, 420, 590, 702, 243, 359, 445, 631, 684, 62, 299, 402, 724, 16, 149, 235, 665, 258, 12, 544, 429, 559, 655, 650, 516, 90, 518, 653, 600, 641, 403, 579, 267, 612, 162, 260, 46, 751, 661, 4, 777, 348, 223, 492, 326, 553, 67, 424, 433, 495, 773, 598, 412, 40, 389, 281, 312, 325, 577, 431, 0, 472, 697, 373, 638, 505, 75, 176, 311, 414, 426, 368, 466, 583, 88, 192, 533, 125, 745, 481, 521, 591, 105, 692, 674, 752, 716, 726, 411, 693, 181, 580, 193, 759, 353, 448, 571, 11, 588, 779, 668, 261, 398, 440, 257, 379, 244, 112, 278, 186, 170, 284, 671, 301, 157, 494, 729, 77, 158, 73, 287, 130, 360, 425, 43, 135, 688, 573, 694, 2, 584, 331, 172, 87, 454, 336, 119, 318, 666, 582, 560, 324, 769, 121, 143, 205, 651, 100, 386, 377, 47, 601, 458, 556, 378, 528, 525, 531, 446, 753, 565, 151, 685, 252, 59, 262, 543, 633, 241, 55, 253, 669, 709, 291, 224, 106, 72, 202, 474, 689, 400, 585, 595, 401, 741, 766, 457, 294, 656, 51, 603, 760, 659, 356, 129, 237, 730, 749, 756, 673, 363, 327, 83, 443, 37, 76, 607, 783, 557, 563, 497, 770, 80, 570, 94, 6, 306, 540, 313, 375, 589, 328, 515, 593, 681, 30, 366, 89, 744, 739, 118, 185, 346, 54, 747, 774, 104, 475, 679, 417, 116, 319, 161, 24, 477, 572, 63, 371, 272, 17, 232, 221, 672, 485, 397, 406, 538, 537, 109, 460, 594, 654, 95, 599, 214, 344, 662, 249, 456, 407, 596, 358, 296, 532, 484, 374, 179, 463, 101, 449, 354, 566, 399, 283, 728, 228, 180, 178, 56, 111, 381, 776, 511, 333, 620, 706, 285, 362, 314, 780, 395, 49, 606, 640, 637, 768, 1, 160, 564, 439, 390, 719, 167, 586, 126, 548, 295, 491, 782, 380, 234, 288, 382, 92, 738, 219, 117, 523, 308, 215, 321, 610, 549, 541, 254, 487, 388, 421, 499, 226, 330, 520, 587, 153, 8, 508, 204, 212, 351, 742, 248, 736, 91, 385, 60, 459, 781, 230, 423, 45, 527, 476, 686, 762, 772, 136, 757, 242, 721, 120, 547, 384, 504, 44, 65, 464, 274, 394, 699, 246, 608, 229, 442, 320, 628, 273, 307, 468, 710, 35, 286, 184, 519, 198, 696, 416, 470, 482, 304, 644, 211, 114, 142, 731, 517, 82, 502, 61, 66, 619, 647, 300]

### Epoch 1 ###
Average loss for epoch: 0.9748
Average train accuracy: 0.6495
Test accuracy:          0.8664
Runtime so far:         61 sec

### Epoch 2 ###
Average loss for epoch: 0.2671
Average train accuracy: 0.9153
Test accuracy:          0.9399
Runtime so far:         109 sec

### Epoch 3 ###
Average loss for epoch: 0.1810
Average train accuracy: 0.9444
Test accuracy:          0.9509
Runtime so far:         157 sec

### Epoch 4 ###
Average loss for epoch: 0.1456
Average train accuracy: 0.9550
Test accuracy:          0.9553
Runtime so far:         204 sec

### Epoch 5 ###
Average loss for epoch: 0.1230
Average train accuracy: 0.9617
Test accuracy:          0.9563
Runtime so far:         252 sec

### Epoch 6 ###
Average loss for epoch: 0.1070
Average train accuracy: 0.9668
Test accuracy:          0.9588
Runtime so far:         300 sec

### Epoch 7 ###
Average loss for epoch: 0.0947
Average train accuracy: 0.9691
Test accuracy:          0.9622
Runtime so far:         348 sec

### Epoch 8 ###
Average loss for epoch: 0.0838
Average train accuracy: 0.9731
Test accuracy:          0.9677
Runtime so far:         396 sec

### Epoch 9 ###
Average loss for epoch: 0.0761
Average train accuracy: 0.9753
Test accuracy:          0.9672
Runtime so far:         444 sec

### Epoch 10 ###
Average loss for epoch: 0.0691
Average train accuracy: 0.9781
Test accuracy:          0.9704
Runtime so far:         492 sec

### Epoch 11 ###
Average loss for epoch: 0.0622
Average train accuracy: 0.9801
Test accuracy:          0.9673
Runtime so far:         540 sec

### Epoch 12 ###
Average loss for epoch: 0.0584
Average train accuracy: 0.9808
Test accuracy:          0.9717
Runtime so far:         588 sec

### Epoch 13 ###
Average loss for epoch: 0.0509
Average train accuracy: 0.9831
Test accuracy:          0.9699
Runtime so far:         636 sec

### Epoch 14 ###
Average loss for epoch: 0.0477
Average train accuracy: 0.9843
Test accuracy:          0.9685
Runtime so far:         683 sec

### Epoch 15 ###
Average loss for epoch: 0.0458
Average train accuracy: 0.9847
Test accuracy:          0.9750
Runtime so far:         731 sec

### Epoch 16 ###
Average loss for epoch: 0.0423
Average train accuracy: 0.9864
Test accuracy:          0.9752
Runtime so far:         778 sec

### Epoch 17 ###
Average loss for epoch: 0.0371
Average train accuracy: 0.9876
Test accuracy:          0.9728
Runtime so far:         825 sec

### Epoch 18 ###
Average loss for epoch: 0.0367
Average train accuracy: 0.9879
Test accuracy:          0.9735
Runtime so far:         872 sec

### Epoch 19 ###
Average loss for epoch: 0.0321
Average train accuracy: 0.9891
Test accuracy:          0.9736
Runtime so far:         919 sec

### Epoch 20 ###
Average loss for epoch: 0.0325
Average train accuracy: 0.9893
Test accuracy:          0.9716
Runtime so far:         966 sec

### Epoch 21 ###
Average loss for epoch: 0.0284
Average train accuracy: 0.9905
Test accuracy:          0.9753
Runtime so far:         1013 sec

### Epoch 22 ###
Average loss for epoch: 0.0284
Average train accuracy: 0.9909
Test accuracy:          0.9735
Runtime so far:         1060 sec

### Epoch 23 ###
Average loss for epoch: 0.0270
Average train accuracy: 0.9912
Test accuracy:          0.9765
Runtime so far:         1107 sec

### Epoch 24 ###
Average loss for epoch: 0.0275
Average train accuracy: 0.9905
Test accuracy:          0.9761
Runtime so far:         1154 sec

### Epoch 25 ###
Average loss for epoch: 0.0231
Average train accuracy: 0.9925
Test accuracy:          0.9732
Runtime so far:         1202 sec

### Epoch 26 ###
Average loss for epoch: 0.0236
Average train accuracy: 0.9924
Test accuracy:          0.9753
Runtime so far:         1249 sec

### Epoch 27 ###
Average loss for epoch: 0.0223
Average train accuracy: 0.9924
Test accuracy:          0.9769
Runtime so far:         1296 sec

### Epoch 28 ###
Average loss for epoch: 0.0198
Average train accuracy: 0.9934
Test accuracy:          0.9772
Runtime so far:         1343 sec

### Epoch 29 ###
Average loss for epoch: 0.0189
Average train accuracy: 0.9936
Test accuracy:          0.9779
Runtime so far:         1391 sec

### Epoch 30 ###
Average loss for epoch: 0.0183
Average train accuracy: 0.9942
Test accuracy:          0.9765
Runtime so far:         1438 sec

