THIS TRIAL'S ALL PARAMETERS
bond_dim = 15
dynamic_mode = True
periodic_bc = False
init_std = 8.577397698353835e-05
num_train = 1000
num_test = 5000
batch_size = 100
num_epochs = 10
learning_rate = 0.0004814566482710175
l2_reg = 0.0
threshold = 2000
cutoff = 1e-10

### Epoch 1 ###
Average loss for epoch: 2.301
Average train accuracy: 0.122
Runtime so far:         40 sec

### Epoch 2 ###
Average loss for epoch: 2.014
Average train accuracy: 0.231
Runtime so far:         81 sec

### Epoch 3 ###
Average loss for epoch: 1.654
Average train accuracy: 0.403
Runtime so far:         123 sec

### Epoch 4 ###
Average loss for epoch: 0.894
Average train accuracy: 0.701
Runtime so far:         164 sec

### Epoch 5 ###
Average loss for epoch: 0.791
Average train accuracy: 0.754
Runtime so far:         205 sec

### Epoch 6 ###
Average loss for epoch: 0.510
Average train accuracy: 0.847
Runtime so far:         247 sec

### Epoch 7 ###
Average loss for epoch: 0.391
Average train accuracy: 0.876
Runtime so far:         288 sec

### Epoch 8 ###
Average loss for epoch: 0.274
Average train accuracy: 0.918
Runtime so far:         330 sec

### Epoch 9 ###
Average loss for epoch: 0.253
Average train accuracy: 0.921
Runtime so far:         371 sec

### Epoch 10 ###
Average loss for epoch: 0.199
Average train accuracy: 0.936
Runtime so far:         412 sec

Total runtime:          489 sec

Final loss, Final training accuracy, Final test accuracy
0.19944453239440918, 0.9360000000000002, 0.8336
