THIS TRIAL'S ALL PARAMETERS
bond_dim = 15
dynamic_mode = True
periodic_bc = True
init_std = 2.607959462657965e-09
num_train = 1000
num_test = 5000
batch_size = 100
num_epochs = 10
learning_rate = 0.00022284536112287433
l2_reg = 0.0
threshold = 2000
cutoff = 1e-10

### Epoch 1 ###
Average loss for epoch: 2.301
Average train accuracy: 0.092
Runtime so far:         56 sec

### Epoch 2 ###
Average loss for epoch: 2.204
Average train accuracy: 0.133
Runtime so far:         112 sec

### Epoch 3 ###
Average loss for epoch: 1.910
Average train accuracy: 0.293
Runtime so far:         170 sec

### Epoch 4 ###
Average loss for epoch: 1.079
Average train accuracy: 0.651
Runtime so far:         225 sec

### Epoch 5 ###
Average loss for epoch: 0.901
Average train accuracy: 0.702
Runtime so far:         281 sec

### Epoch 6 ###
Average loss for epoch: 0.578
Average train accuracy: 0.811
Runtime so far:         337 sec

### Epoch 7 ###
Average loss for epoch: 0.484
Average train accuracy: 0.854
Runtime so far:         392 sec

### Epoch 8 ###
Average loss for epoch: 0.387
Average train accuracy: 0.873
Runtime so far:         447 sec

### Epoch 9 ###
Average loss for epoch: 0.454
Average train accuracy: 0.855
Runtime so far:         503 sec

### Epoch 10 ###
Average loss for epoch: 0.339
Average train accuracy: 0.891
Runtime so far:         558 sec

Total runtime:          655 sec

Final loss, Final training accuracy, Final test accuracy
0.33871394395828247, 0.891, 0.7799999999999998
