THIS TRIAL'S ALL PARAMETERS
bond_dim = 15
dynamic_mode = True
periodic_bc = True
init_std = 221.1252878399618
num_train = 1000
num_test = 5000
batch_size = 100
num_epochs = 10
learning_rate = 0.000700226403058956
l2_reg = 0.0
threshold = 2000
cutoff = 1e-10

### Epoch 1 ###
Average loss for epoch: 2.259
Average train accuracy: 0.145
Runtime so far:         54 sec

### Epoch 2 ###
Average loss for epoch: 1.961
Average train accuracy: 0.305
Runtime so far:         107 sec

### Epoch 3 ###
Average loss for epoch: 1.577
Average train accuracy: 0.463
Runtime so far:         163 sec

### Epoch 4 ###
Average loss for epoch: 0.702
Average train accuracy: 0.777
Runtime so far:         222 sec

### Epoch 5 ###
Average loss for epoch: 0.745
Average train accuracy: 0.773
Runtime so far:         277 sec

### Epoch 6 ###
Average loss for epoch: 0.551
Average train accuracy: 0.851
Runtime so far:         331 sec

### Epoch 7 ###
Average loss for epoch: 0.372
Average train accuracy: 0.887
Runtime so far:         384 sec

### Epoch 8 ###
Average loss for epoch: 0.381
Average train accuracy: 0.882
Runtime so far:         438 sec

### Epoch 9 ###
Average loss for epoch: 0.292
Average train accuracy: 0.909
Runtime so far:         491 sec

### Epoch 10 ###
Average loss for epoch: 0.245
Average train accuracy: 0.915
Runtime so far:         544 sec

Total runtime:          635 sec

Final loss, Final training accuracy, Final test accuracy
0.2450377494096756, 0.915, 0.8225999999999999
