THIS TRIAL'S ALL PARAMETERS
bond_dim = 15
dynamic_mode = True
periodic_bc = True
init_std = 1.6843026498112092e-07
num_train = 1000
num_test = 5000
batch_size = 100
num_epochs = 10
learning_rate = 0.0013842773116111817
l2_reg = 0.0
threshold = 2000
cutoff = 1e-10

### Epoch 1 ###
Average loss for epoch: 2.312
Average train accuracy: 0.128
Runtime so far:         58 sec

### Epoch 2 ###
Average loss for epoch: 1.807
Average train accuracy: 0.404
Runtime so far:         114 sec

### Epoch 3 ###
Average loss for epoch: 2.120
Average train accuracy: 0.292
Runtime so far:         172 sec

### Epoch 4 ###
Average loss for epoch: 1.635
Average train accuracy: 0.437
Runtime so far:         229 sec

### Epoch 5 ###
Average loss for epoch: 1.236
Average train accuracy: 0.557
Runtime so far:         287 sec

### Epoch 6 ###
Average loss for epoch: 0.816
Average train accuracy: 0.748
Runtime so far:         344 sec

### Epoch 7 ###
Average loss for epoch: 0.551
Average train accuracy: 0.831
Runtime so far:         402 sec

### Epoch 8 ###
Average loss for epoch: 0.553
Average train accuracy: 0.842
Runtime so far:         460 sec

### Epoch 9 ###
Average loss for epoch: 0.656
Average train accuracy: 0.796
Runtime so far:         517 sec

### Epoch 10 ###
Average loss for epoch: 0.566
Average train accuracy: 0.868
Runtime so far:         575 sec

Total runtime:          673 sec

Final loss, Final training accuracy, Final test accuracy
0.5658900141716003, 0.8680000000000001, 0.686
