THIS TRIAL'S ALL PARAMETERS
bond_dim = 15
dynamic_mode = True
periodic_bc = False
init_std = 2.5224346349991078e-08
num_train = 1000
num_test = 5000
batch_size = 100
num_epochs = 10
learning_rate = 0.000630957344480193
l2_reg = 0.0
threshold = 2000
cutoff = 1e-10

### Epoch 1 ###
Average loss for epoch: 2.297
Average train accuracy: 0.123
Runtime so far:         38 sec

### Epoch 2 ###
Average loss for epoch: 1.907
Average train accuracy: 0.298
Runtime so far:         76 sec

### Epoch 3 ###
Average loss for epoch: 1.533
Average train accuracy: 0.423
Runtime so far:         115 sec

### Epoch 4 ###
Average loss for epoch: 0.816
Average train accuracy: 0.740
Runtime so far:         154 sec

### Epoch 5 ###
Average loss for epoch: 0.829
Average train accuracy: 0.745
Runtime so far:         194 sec

### Epoch 6 ###
Average loss for epoch: 0.473
Average train accuracy: 0.865
Runtime so far:         235 sec

### Epoch 7 ###
Average loss for epoch: 0.416
Average train accuracy: 0.887
Runtime so far:         276 sec

### Epoch 8 ###
Average loss for epoch: 0.276
Average train accuracy: 0.935
Runtime so far:         316 sec

### Epoch 9 ###
Average loss for epoch: 0.234
Average train accuracy: 0.931
Runtime so far:         358 sec

### Epoch 10 ###
Average loss for epoch: 0.199
Average train accuracy: 0.938
Runtime so far:         398 sec

Total runtime:          469 sec

Final loss, Final training accuracy, Final test accuracy
0.1985073685646057, 0.9380000000000001, 0.8443999999999998
