THIS TRIAL'S ALL PARAMETERS
bond_dim = 15
dynamic_mode = True
periodic_bc = True
init_std = 235.62973558940465
num_train = 1000
num_test = 5000
batch_size = 100
num_epochs = 10
learning_rate = 2.0916313103893127e-06
l2_reg = 0.0
threshold = 2000
cutoff = 1e-10

### Epoch 1 ###
Average loss for epoch: 2.303
Average train accuracy: 0.089
Runtime so far:         56 sec

### Epoch 2 ###
Average loss for epoch: 2.303
Average train accuracy: 0.116
Runtime so far:         112 sec

### Epoch 3 ###
Average loss for epoch: 2.303
Average train accuracy: 0.099
Runtime so far:         168 sec

### Epoch 4 ###
Average loss for epoch: 2.303
Average train accuracy: 0.115
Runtime so far:         224 sec

### Epoch 5 ###
Average loss for epoch: 2.303
Average train accuracy: 0.116
Runtime so far:         281 sec

### Epoch 6 ###
Average loss for epoch: 2.302
Average train accuracy: 0.116
Runtime so far:         338 sec

### Epoch 7 ###
Average loss for epoch: 2.302
Average train accuracy: 0.116
Runtime so far:         395 sec

### Epoch 8 ###
Average loss for epoch: 2.302
Average train accuracy: 0.116
Runtime so far:         452 sec

### Epoch 9 ###
Average loss for epoch: 2.302
Average train accuracy: 0.107
Runtime so far:         510 sec

### Epoch 10 ###
Average loss for epoch: 2.302
Average train accuracy: 0.114
Runtime so far:         566 sec

Total runtime:          659 sec

Final loss, Final training accuracy, Final test accuracy
2.3020689487457275, 0.11400000000000002, 0.11419999999999997
