THIS TRIAL'S ALL PARAMETERS
bond_dim = 15
dynamic_mode = True
periodic_bc = False
init_std = 6.217223331205887e-15
num_train = 1000
num_test = 5000
batch_size = 100
num_epochs = 10
learning_rate = 1.4795760687697588e-05
l2_reg = 0.0
threshold = 2000
cutoff = 1e-10

### Epoch 1 ###
Average loss for epoch: 2.303
Average train accuracy: 0.089
Runtime so far:         41 sec

### Epoch 2 ###
Average loss for epoch: 2.303
Average train accuracy: 0.116
Runtime so far:         97 sec

### Epoch 3 ###
Average loss for epoch: 2.303
Average train accuracy: 0.099
Runtime so far:         136 sec

### Epoch 4 ###
Average loss for epoch: 2.302
Average train accuracy: 0.121
Runtime so far:         175 sec

### Epoch 5 ###
Average loss for epoch: 2.302
Average train accuracy: 0.116
Runtime so far:         213 sec

### Epoch 6 ###
Average loss for epoch: 2.301
Average train accuracy: 0.116
Runtime so far:         251 sec

### Epoch 7 ###
Average loss for epoch: 2.301
Average train accuracy: 0.116
Runtime so far:         291 sec

### Epoch 8 ###
Average loss for epoch: 2.300
Average train accuracy: 0.116
Runtime so far:         329 sec

### Epoch 9 ###
Average loss for epoch: 2.299
Average train accuracy: 0.116
Runtime so far:         368 sec

### Epoch 10 ###
Average loss for epoch: 2.292
Average train accuracy: 0.116
Runtime so far:         407 sec

Total runtime:          476 sec

Final loss, Final training accuracy, Final test accuracy
2.292273998260498, 0.11599999999999999, 0.11419999999999997
