THIS TRIAL'S ALL PARAMETERS
bond_dim = 15
dynamic_mode = True
periodic_bc = True
init_std = 4.055749622846376e-14
num_train = 1000
num_test = 5000
batch_size = 100
num_epochs = 10
learning_rate = 0.0038591568563833417
l2_reg = 0.0
threshold = 2000
cutoff = 1e-10

### Epoch 1 ###
Average loss for epoch: 39.722
Average train accuracy: 0.106
Runtime so far:         56 sec

### Epoch 2 ###
Average loss for epoch: 2.309
Average train accuracy: 0.103
Runtime so far:         113 sec

### Epoch 3 ###
Average loss for epoch: 2.569
Average train accuracy: 0.120
Runtime so far:         171 sec

### Epoch 4 ###
Average loss for epoch: 2.262
Average train accuracy: 0.152
Runtime so far:         228 sec

### Epoch 5 ###
Average loss for epoch: 2.114
Average train accuracy: 0.277
Runtime so far:         287 sec

### Epoch 6 ###
Average loss for epoch: 1.812
Average train accuracy: 0.308
Runtime so far:         344 sec

### Epoch 7 ###
Average loss for epoch: 2.398
Average train accuracy: 0.180
Runtime so far:         401 sec

### Epoch 8 ###
Average loss for epoch: 2.183
Average train accuracy: 0.192
Runtime so far:         457 sec

### Epoch 9 ###
Average loss for epoch: 2.076
Average train accuracy: 0.274
Runtime so far:         515 sec

### Epoch 10 ###
Average loss for epoch: 1.649
Average train accuracy: 0.400
Runtime so far:         573 sec

Total runtime:          667 sec

Final loss, Final training accuracy, Final test accuracy
1.6491076946258545, 0.4, 0.4186000000000001
