THIS TRIAL'S ALL PARAMETERS
bond_dim = 15
dynamic_mode = True
periodic_bc = True
init_std = 0.3853887776141773
num_train = 1000
num_test = 5000
batch_size = 100
num_epochs = 10
learning_rate = 0.00047409096884446384
l2_reg = 0.0
threshold = 2000
cutoff = 1e-10

### Epoch 1 ###
Average loss for epoch: 2.289
Average train accuracy: 0.121
Runtime so far:         55 sec

### Epoch 2 ###
Average loss for epoch: 1.962
Average train accuracy: 0.236
Runtime so far:         112 sec

### Epoch 3 ###
Average loss for epoch: 1.380
Average train accuracy: 0.501
Runtime so far:         167 sec

### Epoch 4 ###
Average loss for epoch: 0.628
Average train accuracy: 0.786
Runtime so far:         223 sec

### Epoch 5 ###
Average loss for epoch: 0.685
Average train accuracy: 0.765
Runtime so far:         279 sec

### Epoch 6 ###
Average loss for epoch: 0.454
Average train accuracy: 0.884
Runtime so far:         335 sec

### Epoch 7 ###
Average loss for epoch: 0.347
Average train accuracy: 0.901
Runtime so far:         391 sec

### Epoch 8 ###
Average loss for epoch: 0.288
Average train accuracy: 0.906
Runtime so far:         446 sec

### Epoch 9 ###
Average loss for epoch: 0.266
Average train accuracy: 0.915
Runtime so far:         499 sec

### Epoch 10 ###
Average loss for epoch: 0.218
Average train accuracy: 0.930
Runtime so far:         553 sec

Total runtime:          643 sec

Final loss, Final training accuracy, Final test accuracy
0.21826672554016113, 0.93, 0.8406000000000001
