THIS TRIAL'S ALL PARAMETERS
bond_dim = 15
dynamic_mode = True
periodic_bc = True
init_std = 37.477486615290715
num_train = 1000
num_test = 5000
batch_size = 100
num_epochs = 10
learning_rate = 0.00014261588474481218
l2_reg = 0.0
threshold = 2000
cutoff = 1e-10

### Epoch 1 ###
Average loss for epoch: 2.302
Average train accuracy: 0.089
Runtime so far:         57 sec

### Epoch 2 ###
Average loss for epoch: 2.272
Average train accuracy: 0.116
Runtime so far:         112 sec

### Epoch 3 ###
Average loss for epoch: 2.165
Average train accuracy: 0.176
Runtime so far:         169 sec

### Epoch 4 ###
Average loss for epoch: 1.540
Average train accuracy: 0.430
Runtime so far:         224 sec

### Epoch 5 ###
Average loss for epoch: 1.289
Average train accuracy: 0.539
Runtime so far:         281 sec

### Epoch 6 ###
Average loss for epoch: 0.706
Average train accuracy: 0.767
Runtime so far:         337 sec

### Epoch 7 ###
Average loss for epoch: 0.588
Average train accuracy: 0.829
Runtime so far:         395 sec

### Epoch 8 ###
Average loss for epoch: 0.475
Average train accuracy: 0.858
Runtime so far:         451 sec

### Epoch 9 ###
Average loss for epoch: 0.515
Average train accuracy: 0.835
Runtime so far:         508 sec

### Epoch 10 ###
Average loss for epoch: 0.417
Average train accuracy: 0.882
Runtime so far:         565 sec

Total runtime:          660 sec

Final loss, Final training accuracy, Final test accuracy
0.41733813285827637, 0.8819999999999999, 0.785
