THIS TRIAL'S ALL PARAMETERS
bond_dim = 15
dynamic_mode = True
periodic_bc = True
init_std = 0.015130367916751895
num_train = 1000
num_test = 5000
batch_size = 100
num_epochs = 10
learning_rate = 1.1130288467421817e-06
l2_reg = 0.0
threshold = 2000
cutoff = 1e-10

### Epoch 1 ###
Average loss for epoch: 2.303
Average train accuracy: 0.088
Runtime so far:         56 sec

### Epoch 2 ###
Average loss for epoch: 2.303
Average train accuracy: 0.116
Runtime so far:         112 sec

### Epoch 3 ###
Average loss for epoch: 2.303
Average train accuracy: 0.099
Runtime so far:         168 sec

### Epoch 4 ###
Average loss for epoch: 2.303
Average train accuracy: 0.116
Runtime so far:         224 sec

### Epoch 5 ###
Average loss for epoch: 2.303
Average train accuracy: 0.116
Runtime so far:         280 sec

### Epoch 6 ###
Average loss for epoch: 2.302
Average train accuracy: 0.116
Runtime so far:         336 sec

### Epoch 7 ###
Average loss for epoch: 2.302
Average train accuracy: 0.116
Runtime so far:         392 sec

### Epoch 8 ###
Average loss for epoch: 2.302
Average train accuracy: 0.116
Runtime so far:         449 sec

### Epoch 9 ###
Average loss for epoch: 2.302
Average train accuracy: 0.114
Runtime so far:         505 sec

### Epoch 10 ###
Average loss for epoch: 2.302
Average train accuracy: 0.117
Runtime so far:         560 sec

Total runtime:          655 sec

Final loss, Final training accuracy, Final test accuracy
2.3023390769958496, 0.11699999999999999, 0.11419999999999997
