THIS TRIAL'S ALL PARAMETERS
bond_dim = 15
dynamic_mode = True
periodic_bc = True
init_std = 3.68412092529706e-08
num_train = 1000
num_test = 5000
batch_size = 100
num_epochs = 10
learning_rate = 0.0001319491045392003
l2_reg = 0.0
threshold = 2000
cutoff = 1e-10

### Epoch 1 ###
Average loss for epoch: 2.302
Average train accuracy: 0.089
Runtime so far:         55 sec

### Epoch 2 ###
Average loss for epoch: 2.280
Average train accuracy: 0.116
Runtime so far:         112 sec

### Epoch 3 ###
Average loss for epoch: 2.190
Average train accuracy: 0.176
Runtime so far:         168 sec

### Epoch 4 ###
Average loss for epoch: 1.631
Average train accuracy: 0.393
Runtime so far:         224 sec

### Epoch 5 ###
Average loss for epoch: 1.352
Average train accuracy: 0.515
Runtime so far:         281 sec

### Epoch 6 ###
Average loss for epoch: 0.772
Average train accuracy: 0.750
Runtime so far:         336 sec

### Epoch 7 ###
Average loss for epoch: 0.625
Average train accuracy: 0.817
Runtime so far:         393 sec

### Epoch 8 ###
Average loss for epoch: 0.483
Average train accuracy: 0.854
Runtime so far:         450 sec

### Epoch 9 ###
Average loss for epoch: 0.499
Average train accuracy: 0.855
Runtime so far:         507 sec

### Epoch 10 ###
Average loss for epoch: 0.385
Average train accuracy: 0.877
Runtime so far:         564 sec

Total runtime:          660 sec

Final loss, Final training accuracy, Final test accuracy
0.3850429654121399, 0.877, 0.7898
