THIS TRIAL'S ALL PARAMETERS
bond_dim = 15
dynamic_mode = True
periodic_bc = False
init_std = 0.036658120696174995
num_train = 1000
num_test = 5000
batch_size = 100
num_epochs = 10
learning_rate = 0.000630957344480193
l2_reg = 0.0
threshold = 2000
cutoff = 1e-10

### Epoch 1 ###
Average loss for epoch: 2.299
Average train accuracy: 0.113
Runtime so far:         76 sec

### Epoch 2 ###
Average loss for epoch: 2.219
Average train accuracy: 0.229
Runtime so far:         151 sec

### Epoch 3 ###
Average loss for epoch: 1.748
Average train accuracy: 0.384
Runtime so far:         229 sec

### Epoch 4 ###
Average loss for epoch: 0.789
Average train accuracy: 0.727
Runtime so far:         305 sec

### Epoch 5 ###
Average loss for epoch: 0.930
Average train accuracy: 0.752
Runtime so far:         387 sec

### Epoch 6 ###
Average loss for epoch: 0.556
Average train accuracy: 0.819
Runtime so far:         462 sec

### Epoch 7 ###
Average loss for epoch: 0.388
Average train accuracy: 0.880
Runtime so far:         544 sec

### Epoch 8 ###
Average loss for epoch: 0.280
Average train accuracy: 0.923
Runtime so far:         622 sec

### Epoch 9 ###
Average loss for epoch: 0.249
Average train accuracy: 0.918
Runtime so far:         701 sec

### Epoch 10 ###
Average loss for epoch: 0.159
Average train accuracy: 0.960
Runtime so far:         782 sec

Total runtime:          909 sec

Final loss, Final training accuracy, Final test accuracy
0.15910808742046356, 0.96, 0.85
