THIS TRIAL'S ALL PARAMETERS
bond_dim = 15
dynamic_mode = True
periodic_bc = False
init_std = 1.5570430979566505e-09
num_train = 1000
num_test = 5000
batch_size = 100
num_epochs = 10
learning_rate = 0.0008828360875809778
l2_reg = 0.0
threshold = 2000
cutoff = 1e-10

### Epoch 1 ###
Average loss for epoch: 2.289
Average train accuracy: 0.126
Runtime so far:         40 sec

### Epoch 2 ###
Average loss for epoch: 2.250
Average train accuracy: 0.153
Runtime so far:         79 sec

### Epoch 3 ###
Average loss for epoch: 2.092
Average train accuracy: 0.307
Runtime so far:         119 sec

### Epoch 4 ###
Average loss for epoch: 1.058
Average train accuracy: 0.662
Runtime so far:         158 sec

### Epoch 5 ###
Average loss for epoch: 0.974
Average train accuracy: 0.690
Runtime so far:         198 sec

### Epoch 6 ###
Average loss for epoch: 0.630
Average train accuracy: 0.799
Runtime so far:         237 sec

### Epoch 7 ###
Average loss for epoch: 0.422
Average train accuracy: 0.883
Runtime so far:         277 sec

### Epoch 8 ###
Average loss for epoch: 0.322
Average train accuracy: 0.907
Runtime so far:         316 sec

### Epoch 9 ###
Average loss for epoch: 0.292
Average train accuracy: 0.900
Runtime so far:         356 sec

### Epoch 10 ###
Average loss for epoch: 0.335
Average train accuracy: 0.902
Runtime so far:         395 sec

Total runtime:          466 sec

Final loss, Final training accuracy, Final test accuracy
0.33548200130462646, 0.9019999999999999, 0.7979999999999996
