THIS TRIAL'S ALL PARAMETERS
bond_dim = 15
dynamic_mode = True
periodic_bc = False
init_std = 2.725090219291417e-07
num_train = 1000
num_test = 5000
batch_size = 100
num_epochs = 10
learning_rate = 1.1065746327417559e-05
l2_reg = 0.0
threshold = 2000
cutoff = 1e-10

### Epoch 1 ###
Average loss for epoch: 2.303
Average train accuracy: 0.089
Runtime so far:         39 sec

### Epoch 2 ###
Average loss for epoch: 2.303
Average train accuracy: 0.116
Runtime so far:         77 sec

### Epoch 3 ###
Average loss for epoch: 2.303
Average train accuracy: 0.100
Runtime so far:         117 sec

### Epoch 4 ###
Average loss for epoch: 2.302
Average train accuracy: 0.140
Runtime so far:         156 sec

### Epoch 5 ###
Average loss for epoch: 2.302
Average train accuracy: 0.119
Runtime so far:         196 sec

### Epoch 6 ###
Average loss for epoch: 2.302
Average train accuracy: 0.116
Runtime so far:         235 sec

### Epoch 7 ###
Average loss for epoch: 2.302
Average train accuracy: 0.116
Runtime so far:         275 sec

### Epoch 8 ###
Average loss for epoch: 2.301
Average train accuracy: 0.116
Runtime so far:         314 sec

### Epoch 9 ###
Average loss for epoch: 2.301
Average train accuracy: 0.175
Runtime so far:         354 sec

### Epoch 10 ###
Average loss for epoch: 2.299
Average train accuracy: 0.202
Runtime so far:         395 sec

Total runtime:          470 sec

Final loss, Final training accuracy, Final test accuracy
2.2991719245910645, 0.20199999999999996, 0.15000000000000002
