THIS TRIAL'S ALL PARAMETERS
bond_dim = 15
dynamic_mode = True
periodic_bc = True
init_std = 0.0005637354569074534
num_train = 1000
num_test = 5000
batch_size = 100
num_epochs = 10
learning_rate = 0.004401330893138695
l2_reg = 0.0
threshold = 2000
cutoff = 1e-10

### Epoch 1 ###
Average loss for epoch: 2.595
Average train accuracy: 0.105
Runtime so far:         55 sec

### Epoch 2 ###
Average loss for epoch: 2.432
Average train accuracy: 0.180
Runtime so far:         111 sec

### Epoch 3 ###
Average loss for epoch: 2.494
Average train accuracy: 0.149
Runtime so far:         168 sec

### Epoch 4 ###
Average loss for epoch: 2.624
Average train accuracy: 0.138
Runtime so far:         225 sec

### Epoch 5 ###
Average loss for epoch: 2.254
Average train accuracy: 0.109
Runtime so far:         282 sec

### Epoch 6 ###
Average loss for epoch: 2.258
Average train accuracy: 0.140
Runtime so far:         339 sec

### Epoch 7 ###
Average loss for epoch: 2.302
Average train accuracy: 0.107
Runtime so far:         396 sec

### Epoch 8 ###
Average loss for epoch: 2.298
Average train accuracy: 0.146
Runtime so far:         451 sec

### Epoch 9 ###
Average loss for epoch: 2.255
Average train accuracy: 0.180
Runtime so far:         509 sec

### Epoch 10 ###
Average loss for epoch: 2.302
Average train accuracy: 0.187
Runtime so far:         565 sec

Total runtime:          664 sec

Final loss, Final training accuracy, Final test accuracy
2.302359104156494, 0.187, 0.17060000000000006
