THIS TRIAL'S ALL PARAMETERS
bond_dim = 15
dynamic_mode = True
periodic_bc = True
init_std = 11.850211545721514
num_train = 1000
num_test = 5000
batch_size = 100
num_epochs = 10
learning_rate = 0.0045107129084918296
l2_reg = 0.0
threshold = 2000
cutoff = 1e-10

### Epoch 1 ###
Average loss for epoch: 4.219
Average train accuracy: 0.134
Runtime so far:         55 sec

### Epoch 2 ###
Average loss for epoch: 1.969
Average train accuracy: 0.325
Runtime so far:         109 sec

### Epoch 3 ###
Average loss for epoch: 818.049
Average train accuracy: 0.153
Runtime so far:         166 sec

### Epoch 4 ###
Average loss for epoch: 2.350
Average train accuracy: 0.131
Runtime so far:         220 sec

### Epoch 5 ###
Average loss for epoch: 2.287
Average train accuracy: 0.206
Runtime so far:         276 sec

### Epoch 6 ###
Average loss for epoch: 1.781
Average train accuracy: 0.394
Runtime so far:         332 sec

### Epoch 7 ###
Average loss for epoch: 2.225
Average train accuracy: 0.223
Runtime so far:         388 sec

### Epoch 8 ###
Average loss for epoch: 2.126
Average train accuracy: 0.301
Runtime so far:         443 sec

### Epoch 9 ###
Average loss for epoch: 1.849
Average train accuracy: 0.389
Runtime so far:         498 sec

### Epoch 10 ###
Average loss for epoch: 2.172
Average train accuracy: 0.319
Runtime so far:         552 sec

Total runtime:          644 sec

Final loss, Final training accuracy, Final test accuracy
2.1718525886535645, 0.31899999999999995, 0.30540000000000006
