THIS TRIAL'S ALL PARAMETERS
bond_dim = 15
dynamic_mode = True
periodic_bc = False
init_std = 221134.28000144142
num_train = 1000
num_test = 5000
batch_size = 100
num_epochs = 10
learning_rate = 0.10711520543996328
l2_reg = 0.0
threshold = 2000
cutoff = 1e-10

### Epoch 1 ###
Average loss for epoch: 65211836679791639581949952.000
Average train accuracy: 0.107
Runtime so far:         41 sec

### Epoch 2 ###
Average loss for epoch: 189714082133284060540174336.000
Average train accuracy: 0.099
Runtime so far:         81 sec

### Epoch 3 ###
Average loss for epoch: 2747271577284930460188672.000
Average train accuracy: 0.100
Runtime so far:         122 sec

### Epoch 4 ###
Average loss for epoch: 9192408024005549718765568.000
Average train accuracy: 0.116
Runtime so far:         162 sec

### Epoch 5 ###
Average loss for epoch: 174336269116152414732288.000
Average train accuracy: 0.111
Runtime so far:         203 sec

### Epoch 6 ###
Average loss for epoch: 173762114206858204938240.000
Average train accuracy: 0.112
Runtime so far:         243 sec

### Epoch 7 ###
Average loss for epoch: 697114924509252517101568.000
Average train accuracy: 0.138
Runtime so far:         305 sec

### Epoch 8 ###
Average loss for epoch: 697836365140760251596800.000
Average train accuracy: 0.142
Runtime so far:         372 sec

### Epoch 9 ###
Average loss for epoch: 98131517346961848008704.000
Average train accuracy: 0.118
Runtime so far:         441 sec

### Epoch 10 ###
Average loss for epoch: 93457249308112519692288.000
Average train accuracy: 0.118
Runtime so far:         514 sec

Total runtime:          607 sec

Final loss, Final training accuracy, Final test accuracy
9.345724930811252e+22, 0.11800000000000002, 0.1076
