THIS TRIAL'S ALL PARAMETERS
bond_dim = 15
dynamic_mode = True
periodic_bc = True
init_std = 2.95570652812661e-05
num_train = 1000
num_test = 5000
batch_size = 100
num_epochs = 10
learning_rate = 3.411022807955549e-05
l2_reg = 0.0
threshold = 2000
cutoff = 1e-10

### Epoch 1 ###
Average loss for epoch: 2.303
Average train accuracy: 0.089
Runtime so far:         55 sec

### Epoch 2 ###
Average loss for epoch: 2.302
Average train accuracy: 0.116
Runtime so far:         112 sec

### Epoch 3 ###
Average loss for epoch: 2.301
Average train accuracy: 0.099
Runtime so far:         168 sec

### Epoch 4 ###
Average loss for epoch: 2.294
Average train accuracy: 0.122
Runtime so far:         224 sec

### Epoch 5 ###
Average loss for epoch: 2.290
Average train accuracy: 0.116
Runtime so far:         280 sec

### Epoch 6 ###
Average loss for epoch: 2.254
Average train accuracy: 0.116
Runtime so far:         337 sec

### Epoch 7 ###
Average loss for epoch: 2.239
Average train accuracy: 0.146
Runtime so far:         393 sec

### Epoch 8 ###
Average loss for epoch: 2.174
Average train accuracy: 0.179
Runtime so far:         448 sec

### Epoch 9 ###
Average loss for epoch: 2.096
Average train accuracy: 0.269
Runtime so far:         505 sec

### Epoch 10 ###
Average loss for epoch: 1.809
Average train accuracy: 0.388
Runtime so far:         560 sec

Total runtime:          653 sec

Final loss, Final training accuracy, Final test accuracy
1.8093898296356201, 0.388, 0.3546
