THIS TRIAL'S ALL PARAMETERS
bond_dim = 15
dynamic_mode = True
periodic_bc = False
init_std = 5.028510838471896e-14
num_train = 1000
num_test = 5000
batch_size = 100
num_epochs = 10
learning_rate = 0.14934621285639488
l2_reg = 0.0
threshold = 2000
cutoff = 1e-10

### Epoch 1 ###
Average loss for epoch: 270161372992375314587232239616.000
Average train accuracy: 0.108
Runtime so far:         41 sec

### Epoch 2 ###
Average loss for epoch: 332584031014585514280215379968.000
Average train accuracy: 0.111
Runtime so far:         80 sec

### Epoch 3 ###
Average loss for epoch: 849621540499464130255650816.000
Average train accuracy: 0.087
Runtime so far:         120 sec

### Epoch 4 ###
Average loss for epoch: 849570848846749576407810048.000
Average train accuracy: 0.089
Runtime so far:         160 sec

### Epoch 5 ###
Average loss for epoch: 510201338862743938263941120.000
Average train accuracy: 0.088
Runtime so far:         201 sec

### Epoch 6 ###
Average loss for epoch: 510199863123218041499811840.000
Average train accuracy: 0.088
Runtime so far:         240 sec

### Epoch 7 ###
Average loss for epoch: 345878628097854790527090688.000
Average train accuracy: 0.072
Runtime so far:         280 sec

### Epoch 8 ###
Average loss for epoch: 345863317300273611599249408.000
Average train accuracy: 0.072
Runtime so far:         321 sec

### Epoch 9 ###
Average loss for epoch: 515696107413467949822902272.000
Average train accuracy: 0.086
Runtime so far:         362 sec

### Epoch 10 ###
Average loss for epoch: 515696808389742750785863680.000
Average train accuracy: 0.086
Runtime so far:         404 sec

Total runtime:          478 sec

Final loss, Final training accuracy, Final test accuracy
5.1569680838974275e+26, 0.086, 0.08839999999999999
