THIS TRIAL'S ALL PARAMETERS
bond_dim = 15
dynamic_mode = True
periodic_bc = True
init_std = 5.021317411995349e-10
num_train = 1000
num_test = 5000
batch_size = 100
num_epochs = 10
learning_rate = 0.000630957344480193
l2_reg = 0.0
threshold = 2000
cutoff = 1e-10

### Epoch 1 ###
Average loss for epoch: 2.270
Average train accuracy: 0.140
Runtime so far:         113 sec

### Epoch 2 ###
Average loss for epoch: 1.985
Average train accuracy: 0.221
Runtime so far:         224 sec

### Epoch 3 ###
Average loss for epoch: 1.354
Average train accuracy: 0.492
Runtime so far:         337 sec

### Epoch 4 ###
Average loss for epoch: 0.672
Average train accuracy: 0.777
Runtime so far:         448 sec

### Epoch 5 ###
Average loss for epoch: 0.726
Average train accuracy: 0.781
Runtime so far:         564 sec

### Epoch 6 ###
Average loss for epoch: 0.436
Average train accuracy: 0.886
Runtime so far:         672 sec

### Epoch 7 ###
Average loss for epoch: 0.299
Average train accuracy: 0.909
Runtime so far:         783 sec

### Epoch 8 ###
Average loss for epoch: 0.231
Average train accuracy: 0.942
Runtime so far:         891 sec

### Epoch 9 ###
Average loss for epoch: 0.282
Average train accuracy: 0.920
Runtime so far:         1002 sec

### Epoch 10 ###
Average loss for epoch: 0.234
Average train accuracy: 0.936
Runtime so far:         1115 sec

Total runtime:          1286 sec

Final loss, Final training accuracy, Final test accuracy
0.2340625822544098, 0.9359999999999999, 0.8244000000000002
