THIS TRIAL'S ALL PARAMETERS
bond_dim = 15
dynamic_mode = True
periodic_bc = True
init_std = 2.2365101950006993e-09
num_train = 1000
num_test = 5000
batch_size = 100
num_epochs = 10
learning_rate = 2.2884714641163883e-05
l2_reg = 0.0
threshold = 2000
cutoff = 1e-10

### Epoch 1 ###
Average loss for epoch: 2.303
Average train accuracy: 0.089
Runtime so far:         56 sec

### Epoch 2 ###
Average loss for epoch: 2.302
Average train accuracy: 0.116
Runtime so far:         114 sec

### Epoch 3 ###
Average loss for epoch: 2.302
Average train accuracy: 0.099
Runtime so far:         171 sec

### Epoch 4 ###
Average loss for epoch: 2.299
Average train accuracy: 0.115
Runtime so far:         226 sec

### Epoch 5 ###
Average loss for epoch: 2.298
Average train accuracy: 0.116
Runtime so far:         283 sec

### Epoch 6 ###
Average loss for epoch: 2.289
Average train accuracy: 0.116
Runtime so far:         339 sec

### Epoch 7 ###
Average loss for epoch: 2.286
Average train accuracy: 0.116
Runtime so far:         397 sec

### Epoch 8 ###
Average loss for epoch: 2.275
Average train accuracy: 0.118
Runtime so far:         454 sec

### Epoch 9 ###
Average loss for epoch: 2.263
Average train accuracy: 0.171
Runtime so far:         511 sec

### Epoch 10 ###
Average loss for epoch: 2.210
Average train accuracy: 0.212
Runtime so far:         567 sec

Total runtime:          663 sec

Final loss, Final training accuracy, Final test accuracy
2.2100374698638916, 0.21200000000000002, 0.1558
