THIS TRIAL'S ALL PARAMETERS
bond_dim = 15
dynamic_mode = True
periodic_bc = True
init_std = 8.91584573122446e-11
num_train = 1000
num_test = 5000
batch_size = 100
num_epochs = 10
learning_rate = 0.00034040345604387267
l2_reg = 0.0
threshold = 2000
cutoff = 1e-10

### Epoch 1 ###
Average loss for epoch: 2.297
Average train accuracy: 0.098
Runtime so far:         57 sec

### Epoch 2 ###
Average loss for epoch: 2.067
Average train accuracy: 0.195
Runtime so far:         113 sec

### Epoch 3 ###
Average loss for epoch: 1.647
Average train accuracy: 0.405
Runtime so far:         169 sec

### Epoch 4 ###
Average loss for epoch: 0.832
Average train accuracy: 0.726
Runtime so far:         225 sec

### Epoch 5 ###
Average loss for epoch: 0.827
Average train accuracy: 0.716
Runtime so far:         283 sec

### Epoch 6 ###
Average loss for epoch: 0.531
Average train accuracy: 0.835
Runtime so far:         339 sec

### Epoch 7 ###
Average loss for epoch: 0.376
Average train accuracy: 0.890
Runtime so far:         398 sec

### Epoch 8 ###
Average loss for epoch: 0.280
Average train accuracy: 0.927
Runtime so far:         455 sec

### Epoch 9 ###
Average loss for epoch: 0.296
Average train accuracy: 0.913
Runtime so far:         512 sec

### Epoch 10 ###
Average loss for epoch: 0.263
Average train accuracy: 0.917
Runtime so far:         568 sec

Total runtime:          667 sec

Final loss, Final training accuracy, Final test accuracy
0.26259535551071167, 0.917, 0.8270000000000003
