THIS TRIAL'S ALL PARAMETERS
bond_dim = 15
dynamic_mode = True
periodic_bc = False
init_std = 1.262516992862197e-21
num_train = 1000
num_test = 5000
batch_size = 100
num_epochs = 10
learning_rate = 2.7738829396877174e-06
l2_reg = 0.0
threshold = 2000
cutoff = 1e-10

### Epoch 1 ###
Average loss for epoch: 2.303
Average train accuracy: 0.089
Runtime so far:         40 sec

### Epoch 2 ###
Average loss for epoch: 2.303
Average train accuracy: 0.116
Runtime so far:         80 sec

### Epoch 3 ###
Average loss for epoch: 2.303
Average train accuracy: 0.099
Runtime so far:         122 sec

### Epoch 4 ###
Average loss for epoch: 2.303
Average train accuracy: 0.155
Runtime so far:         163 sec

### Epoch 5 ###
Average loss for epoch: 2.303
Average train accuracy: 0.116
Runtime so far:         204 sec

### Epoch 6 ###
Average loss for epoch: 2.303
Average train accuracy: 0.116
Runtime so far:         244 sec

### Epoch 7 ###
Average loss for epoch: 2.303
Average train accuracy: 0.116
Runtime so far:         285 sec

### Epoch 8 ###
Average loss for epoch: 2.303
Average train accuracy: 0.116
Runtime so far:         325 sec

### Epoch 9 ###
Average loss for epoch: 2.303
Average train accuracy: 0.128
Runtime so far:         366 sec

### Epoch 10 ###
Average loss for epoch: 2.302
Average train accuracy: 0.153
Runtime so far:         407 sec

Total runtime:          484 sec

Final loss, Final training accuracy, Final test accuracy
2.3024675846099854, 0.153, 0.1228
