THIS TRIAL'S ALL PARAMETERS
bond_dim = 15
dynamic_mode = True
periodic_bc = True
init_std = 5.218600013596774e-13
num_train = 1000
num_test = 5000
batch_size = 100
num_epochs = 10
learning_rate = 2.1649249987188355e-05
l2_reg = 0.0
threshold = 2000
cutoff = 1e-10

### Epoch 1 ###
Average loss for epoch: 2.303
Average train accuracy: 0.089
Runtime so far:         57 sec

### Epoch 2 ###
Average loss for epoch: 2.302
Average train accuracy: 0.116
Runtime so far:         114 sec

### Epoch 3 ###
Average loss for epoch: 2.302
Average train accuracy: 0.099
Runtime so far:         172 sec

### Epoch 4 ###
Average loss for epoch: 2.300
Average train accuracy: 0.115
Runtime so far:         229 sec

### Epoch 5 ###
Average loss for epoch: 2.299
Average train accuracy: 0.116
Runtime so far:         286 sec

### Epoch 6 ###
Average loss for epoch: 2.291
Average train accuracy: 0.116
Runtime so far:         343 sec

### Epoch 7 ###
Average loss for epoch: 2.289
Average train accuracy: 0.116
Runtime so far:         401 sec

### Epoch 8 ###
Average loss for epoch: 2.280
Average train accuracy: 0.116
Runtime so far:         458 sec

### Epoch 9 ###
Average loss for epoch: 2.271
Average train accuracy: 0.153
Runtime so far:         516 sec

### Epoch 10 ###
Average loss for epoch: 2.230
Average train accuracy: 0.165
Runtime so far:         573 sec

Total runtime:          674 sec

Final loss, Final training accuracy, Final test accuracy
2.2298808097839355, 0.165, 0.14120000000000002
