THIS TRIAL'S ALL PARAMETERS
bond_dim = 15
dynamic_mode = True
periodic_bc = True
init_std = 1.2934205074227881e-11
num_train = 1000
num_test = 5000
batch_size = 100
num_epochs = 10
learning_rate = 0.000630957344480193
l2_reg = 0.0
threshold = 2000
cutoff = 1e-10

### Epoch 1 ###
Average loss for epoch: 2.275
Average train accuracy: 0.134
Runtime so far:         103 sec

### Epoch 2 ###
Average loss for epoch: 1.898
Average train accuracy: 0.330
Runtime so far:         210 sec

### Epoch 3 ###
Average loss for epoch: 1.641
Average train accuracy: 0.429
Runtime so far:         318 sec

### Epoch 4 ###
Average loss for epoch: 0.731
Average train accuracy: 0.778
Runtime so far:         423 sec

### Epoch 5 ###
Average loss for epoch: 0.771
Average train accuracy: 0.754
Runtime so far:         531 sec

### Epoch 6 ###
Average loss for epoch: 0.473
Average train accuracy: 0.861
Runtime so far:         639 sec

### Epoch 7 ###
Average loss for epoch: 0.375
Average train accuracy: 0.882
Runtime so far:         746 sec

### Epoch 8 ###
Average loss for epoch: 0.262
Average train accuracy: 0.918
Runtime so far:         855 sec

### Epoch 9 ###
Average loss for epoch: 0.265
Average train accuracy: 0.916
Runtime so far:         961 sec

### Epoch 10 ###
Average loss for epoch: 0.244
Average train accuracy: 0.929
Runtime so far:         1065 sec

Total runtime:          1239 sec

Final loss, Final training accuracy, Final test accuracy
0.24405257403850555, 0.9289999999999999, 0.8268000000000001
