THIS TRIAL'S ALL PARAMETERS
bond_dim = 15
dynamic_mode = True
periodic_bc = True
init_std = 0.7548000121586265
num_train = 1000
num_test = 5000
batch_size = 100
num_epochs = 10
learning_rate = 0.000630957344480193
l2_reg = 0.0
threshold = 2000
cutoff = 1e-10

### Epoch 1 ###
Average loss for epoch: 2.269
Average train accuracy: 0.136
Runtime so far:         106 sec

### Epoch 2 ###
Average loss for epoch: 1.727
Average train accuracy: 0.360
Runtime so far:         217 sec

### Epoch 3 ###
Average loss for epoch: 1.235
Average train accuracy: 0.562
Runtime so far:         325 sec

### Epoch 4 ###
Average loss for epoch: 0.658
Average train accuracy: 0.777
Runtime so far:         438 sec

### Epoch 5 ###
Average loss for epoch: 0.631
Average train accuracy: 0.791
Runtime so far:         545 sec

### Epoch 6 ###
Average loss for epoch: 0.431
Average train accuracy: 0.868
Runtime so far:         660 sec

### Epoch 7 ###
Average loss for epoch: 0.455
Average train accuracy: 0.883
Runtime so far:         774 sec

### Epoch 8 ###
Average loss for epoch: 0.290
Average train accuracy: 0.907
Runtime so far:         884 sec

### Epoch 9 ###
Average loss for epoch: 0.343
Average train accuracy: 0.890
Runtime so far:         998 sec

### Epoch 10 ###
Average loss for epoch: 0.232
Average train accuracy: 0.938
Runtime so far:         1108 sec

Total runtime:          1279 sec

Final loss, Final training accuracy, Final test accuracy
0.23224186897277832, 0.938, 0.8136
