THIS TRIAL'S ALL PARAMETERS
bond_dim = 15
dynamic_mode = True
periodic_bc = False
init_std = 82.8003112936934
num_train = 1000
num_test = 5000
batch_size = 100
num_epochs = 10
learning_rate = 0.005840813295749441
l2_reg = 0.0
threshold = 2000
cutoff = 1e-10

### Epoch 1 ###
Average loss for epoch: 2.475
Average train accuracy: 0.080
Runtime so far:         40 sec

### Epoch 2 ###
Average loss for epoch: 3.019
Average train accuracy: 0.164
Runtime so far:         81 sec

### Epoch 3 ###
Average loss for epoch: 4.872
Average train accuracy: 0.159
Runtime so far:         122 sec

### Epoch 4 ###
Average loss for epoch: 2.018
Average train accuracy: 0.274
Runtime so far:         162 sec

### Epoch 5 ###
Average loss for epoch: 2.297
Average train accuracy: 0.208
Runtime so far:         203 sec

### Epoch 6 ###
Average loss for epoch: 2.246
Average train accuracy: 0.223
Runtime so far:         242 sec

### Epoch 7 ###
Average loss for epoch: 2.348
Average train accuracy: 0.226
Runtime so far:         283 sec

### Epoch 8 ###
Average loss for epoch: 2.248
Average train accuracy: 0.181
Runtime so far:         323 sec

### Epoch 9 ###
Average loss for epoch: 2.333
Average train accuracy: 0.202
Runtime so far:         362 sec

### Epoch 10 ###
Average loss for epoch: 2.302
Average train accuracy: 0.093
Runtime so far:         402 sec

Total runtime:          476 sec

Final loss, Final training accuracy, Final test accuracy
2.3024580478668213, 0.093, 0.11299999999999998
