THIS TRIAL'S ALL PARAMETERS
bond_dim = 15
dynamic_mode = True
periodic_bc = False
init_std = 0.0011467866588786965
num_train = 1000
num_test = 5000
batch_size = 100
num_epochs = 10
learning_rate = 0.000630957344480193
l2_reg = 0.0
threshold = 2000
cutoff = 1e-10

### Epoch 1 ###
Average loss for epoch: 2.298
Average train accuracy: 0.118
Runtime so far:         75 sec

### Epoch 2 ###
Average loss for epoch: 1.941
Average train accuracy: 0.304
Runtime so far:         152 sec

### Epoch 3 ###
Average loss for epoch: 1.588
Average train accuracy: 0.427
Runtime so far:         230 sec

### Epoch 4 ###
Average loss for epoch: 0.826
Average train accuracy: 0.744
Runtime so far:         311 sec

### Epoch 5 ###
Average loss for epoch: 0.876
Average train accuracy: 0.743
Runtime so far:         394 sec

### Epoch 6 ###
Average loss for epoch: 0.497
Average train accuracy: 0.858
Runtime so far:         469 sec

### Epoch 7 ###
Average loss for epoch: 0.427
Average train accuracy: 0.883
Runtime so far:         543 sec

### Epoch 8 ###
Average loss for epoch: 0.345
Average train accuracy: 0.901
Runtime so far:         619 sec

### Epoch 9 ###
Average loss for epoch: 0.291
Average train accuracy: 0.901
Runtime so far:         697 sec

### Epoch 10 ###
Average loss for epoch: 0.274
Average train accuracy: 0.919
Runtime so far:         775 sec

Total runtime:          903 sec

Final loss, Final training accuracy, Final test accuracy
0.2742229104042053, 0.9189999999999999, 0.8163999999999999
