THIS TRIAL'S ALL PARAMETERS
bond_dim = 15
dynamic_mode = True
periodic_bc = True
init_std = 3.243452060865813e-13
num_train = 1000
num_test = 5000
batch_size = 100
num_epochs = 10
learning_rate = 0.0011004343174617099
l2_reg = 0.0
threshold = 2000
cutoff = 1e-10

### Epoch 1 ###
Average loss for epoch: 2.409
Average train accuracy: 0.123
Runtime so far:         56 sec

### Epoch 2 ###
Average loss for epoch: 1.889
Average train accuracy: 0.312
Runtime so far:         111 sec

### Epoch 3 ###
Average loss for epoch: 1.539
Average train accuracy: 0.494
Runtime so far:         170 sec

### Epoch 4 ###
Average loss for epoch: 0.807
Average train accuracy: 0.755
Runtime so far:         226 sec

### Epoch 5 ###
Average loss for epoch: 0.803
Average train accuracy: 0.764
Runtime so far:         282 sec

### Epoch 6 ###
Average loss for epoch: 0.495
Average train accuracy: 0.856
Runtime so far:         337 sec

### Epoch 7 ###
Average loss for epoch: 0.338
Average train accuracy: 0.906
Runtime so far:         394 sec

### Epoch 8 ###
Average loss for epoch: 0.226
Average train accuracy: 0.926
Runtime so far:         449 sec

### Epoch 9 ###
Average loss for epoch: 0.194
Average train accuracy: 0.948
Runtime so far:         508 sec

### Epoch 10 ###
Average loss for epoch: 0.270
Average train accuracy: 0.906
Runtime so far:         565 sec

Total runtime:          663 sec

Final loss, Final training accuracy, Final test accuracy
0.2700059413909912, 0.906, 0.8201999999999999
