THIS TRIAL'S ALL PARAMETERS
bond_dim = 15
dynamic_mode = True
periodic_bc = False
init_std = 0.7796452999604024
num_train = 1000
num_test = 5000
batch_size = 100
num_epochs = 10
learning_rate = 0.0017845130366519364
l2_reg = 0.0
threshold = 2000
cutoff = 1e-10

### Epoch 1 ###
Average loss for epoch: 2.511
Average train accuracy: 0.130
Runtime so far:         41 sec

### Epoch 2 ###
Average loss for epoch: 2.248
Average train accuracy: 0.108
Runtime so far:         82 sec

### Epoch 3 ###
Average loss for epoch: 3.046
Average train accuracy: 0.163
Runtime so far:         123 sec

### Epoch 4 ###
Average loss for epoch: 1.416
Average train accuracy: 0.518
Runtime so far:         163 sec

### Epoch 5 ###
Average loss for epoch: 1.128
Average train accuracy: 0.650
Runtime so far:         203 sec

### Epoch 6 ###
Average loss for epoch: 0.655
Average train accuracy: 0.814
Runtime so far:         242 sec

### Epoch 7 ###
Average loss for epoch: 0.767
Average train accuracy: 0.760
Runtime so far:         283 sec

### Epoch 8 ###
Average loss for epoch: 0.652
Average train accuracy: 0.830
Runtime so far:         324 sec

### Epoch 9 ###
Average loss for epoch: 0.753
Average train accuracy: 0.784
Runtime so far:         364 sec

### Epoch 10 ###
Average loss for epoch: 0.446
Average train accuracy: 0.875
Runtime so far:         404 sec

Total runtime:          480 sec

Final loss, Final training accuracy, Final test accuracy
0.4459255635738373, 0.875, 0.7634000000000001
