THIS TRIAL'S ALL PARAMETERS
bond_dim = 15
dynamic_mode = True
periodic_bc = True
init_std = 2.013047373749687e-07
num_train = 1000
num_test = 5000
batch_size = 100
num_epochs = 10
learning_rate = 0.00395686711156247
l2_reg = 0.0
threshold = 2000
cutoff = 1e-10

### Epoch 1 ###
Average loss for epoch: 3.228
Average train accuracy: 0.121
Runtime so far:         55 sec

### Epoch 2 ###
Average loss for epoch: 2.720
Average train accuracy: 0.223
Runtime so far:         111 sec

### Epoch 3 ###
Average loss for epoch: 5.313
Average train accuracy: 0.149
Runtime so far:         169 sec

### Epoch 4 ###
Average loss for epoch: 1.833
Average train accuracy: 0.335
Runtime so far:         224 sec

### Epoch 5 ###
Average loss for epoch: 2.023
Average train accuracy: 0.346
Runtime so far:         282 sec

### Epoch 6 ###
Average loss for epoch: 2.511
Average train accuracy: 0.219
Runtime so far:         339 sec

### Epoch 7 ###
Average loss for epoch: 1.974
Average train accuracy: 0.337
Runtime so far:         397 sec

### Epoch 8 ###
Average loss for epoch: 1.766
Average train accuracy: 0.382
Runtime so far:         454 sec

### Epoch 9 ###
Average loss for epoch: 1.687
Average train accuracy: 0.438
Runtime so far:         510 sec

### Epoch 10 ###
Average loss for epoch: 1.764
Average train accuracy: 0.442
Runtime so far:         567 sec

Total runtime:          662 sec

Final loss, Final training accuracy, Final test accuracy
1.764328956604004, 0.44200000000000006, 0.3866000000000001
