THIS TRIAL'S ALL PARAMETERS
bond_dim = 15
dynamic_mode = True
periodic_bc = True
init_std = 49.294298265858885
num_train = 1000
num_test = 5000
batch_size = 100
num_epochs = 10
learning_rate = 0.000630957344480193
l2_reg = 0.0
threshold = 2000
cutoff = 1e-10

### Epoch 1 ###
Average loss for epoch: 2.271
Average train accuracy: 0.143
Runtime so far:         114 sec

### Epoch 2 ###
Average loss for epoch: 1.981
Average train accuracy: 0.237
Runtime so far:         225 sec

### Epoch 3 ###
Average loss for epoch: 1.567
Average train accuracy: 0.443
Runtime so far:         339 sec

### Epoch 4 ###
Average loss for epoch: 0.756
Average train accuracy: 0.772
Runtime so far:         453 sec

### Epoch 5 ###
Average loss for epoch: 0.761
Average train accuracy: 0.753
Runtime so far:         566 sec

### Epoch 6 ###
Average loss for epoch: 0.475
Average train accuracy: 0.853
Runtime so far:         680 sec

### Epoch 7 ###
Average loss for epoch: 0.341
Average train accuracy: 0.902
Runtime so far:         793 sec

### Epoch 8 ###
Average loss for epoch: 0.244
Average train accuracy: 0.927
Runtime so far:         908 sec

### Epoch 9 ###
Average loss for epoch: 0.211
Average train accuracy: 0.930
Runtime so far:         1022 sec

### Epoch 10 ###
Average loss for epoch: 0.240
Average train accuracy: 0.913
Runtime so far:         1136 sec

Total runtime:          1310 sec

Final loss, Final training accuracy, Final test accuracy
0.23996210098266602, 0.9129999999999999, 0.8204000000000002
