THIS TRIAL'S ALL PARAMETERS
bond_dim = 15
dynamic_mode = True
periodic_bc = True
init_std = 7.879585826751998e-10
num_train = 1000
num_test = 5000
batch_size = 100
num_epochs = 10
learning_rate = 8.906913954144624e-06
l2_reg = 0.0
threshold = 2000
cutoff = 1e-10

### Epoch 1 ###
Average loss for epoch: 2.303
Average train accuracy: 0.089
Runtime so far:         53 sec

### Epoch 2 ###
Average loss for epoch: 2.303
Average train accuracy: 0.116
Runtime so far:         107 sec

### Epoch 3 ###
Average loss for epoch: 2.302
Average train accuracy: 0.099
Runtime so far:         162 sec

### Epoch 4 ###
Average loss for epoch: 2.302
Average train accuracy: 0.115
Runtime so far:         217 sec

### Epoch 5 ###
Average loss for epoch: 2.302
Average train accuracy: 0.116
Runtime so far:         272 sec

### Epoch 6 ###
Average loss for epoch: 2.301
Average train accuracy: 0.116
Runtime so far:         501 sec

### Epoch 7 ###
Average loss for epoch: 2.301
Average train accuracy: 0.116
Runtime so far:         556 sec

### Epoch 8 ###
Average loss for epoch: 2.300
Average train accuracy: 0.116
Runtime so far:         611 sec

### Epoch 9 ###
Average loss for epoch: 2.299
Average train accuracy: 0.107
Runtime so far:         666 sec

### Epoch 10 ###
Average loss for epoch: 2.297
Average train accuracy: 0.141
Runtime so far:         718 sec

Total runtime:          809 sec

Final loss, Final training accuracy, Final test accuracy
2.297114133834839, 0.141, 0.11419999999999997
