THIS TRIAL'S ALL PARAMETERS
bond_dim = 15
dynamic_mode = True
periodic_bc = True
init_std = 1.0864907676311347e-10
num_train = 1000
num_test = 5000
batch_size = 100
num_epochs = 10
learning_rate = 0.05671819605876988
l2_reg = 0.0
threshold = 2000
cutoff = 1e-10

### Epoch 1 ###
Average loss for epoch: 2641429298397159882752.000
Average train accuracy: 0.103
Runtime so far:         55 sec

### Epoch 2 ###
Average loss for epoch: 299409225220519624704.000
Average train accuracy: 0.120
Runtime so far:         111 sec

### Epoch 3 ###
Average loss for epoch: 53016458976675315211829248.000
Average train accuracy: 0.124
Runtime so far:         167 sec

### Epoch 4 ###
Average loss for epoch: 485955934576440083935657984.000
Average train accuracy: 0.128
Runtime so far:         223 sec

### Epoch 5 ###
Average loss for epoch: 1430417941742996016429268992.000
Average train accuracy: 0.114
Runtime so far:         278 sec

### Epoch 6 ###
Average loss for epoch: 1430368061747020705801699328.000
Average train accuracy: 0.111
Runtime so far:         333 sec

### Epoch 7 ###
Average loss for epoch: 19744488660196083068043264.000
Average train accuracy: 0.113
Runtime so far:         390 sec

### Epoch 8 ###
Average loss for epoch: 19735032398015297709146112.000
Average train accuracy: 0.111
Runtime so far:         444 sec

### Epoch 9 ###
Average loss for epoch: 47348835210608608299450368.000
Average train accuracy: 0.091
Runtime so far:         501 sec

### Epoch 10 ###
Average loss for epoch: 47348853657352682009001984.000
Average train accuracy: 0.092
Runtime so far:         556 sec

Total runtime:          652 sec

Final loss, Final training accuracy, Final test accuracy
4.734885365735268e+25, 0.092, 0.109
