THIS TRIAL'S ALL PARAMETERS
bond_dim = 15
dynamic_mode = True
periodic_bc = True
init_std = 0.0005267851471173217
num_train = 1000
num_test = 5000
batch_size = 100
num_epochs = 10
learning_rate = 0.044525889505213495
l2_reg = 0.0
threshold = 2000
cutoff = 1e-10

### Epoch 1 ###
Average loss for epoch: 362825643026546688000.000
Average train accuracy: 0.093
Runtime so far:         56 sec

### Epoch 2 ###
Average loss for epoch: 306971344896.000
Average train accuracy: 0.113
Runtime so far:         113 sec

### Epoch 3 ###
Average loss for epoch: 4622961510170230784.000
Average train accuracy: 0.115
Runtime so far:         171 sec

### Epoch 4 ###
Average loss for epoch: 1794322052474627686400.000
Average train accuracy: 0.139
Runtime so far:         228 sec

### Epoch 5 ###
Average loss for epoch: 4570751394039333912576.000
Average train accuracy: 0.104
Runtime so far:         285 sec

### Epoch 6 ###
Average loss for epoch: 1221355952744555347968.000
Average train accuracy: 0.123
Runtime so far:         343 sec

### Epoch 7 ###
Average loss for epoch: 626438602491437621706752.000
Average train accuracy: 0.138
Runtime so far:         400 sec

### Epoch 8 ###
Average loss for epoch: 762378135947750190088192.000
Average train accuracy: 0.106
Runtime so far:         456 sec

### Epoch 9 ###
Average loss for epoch: 15921770543326798282752.000
Average train accuracy: 0.115
Runtime so far:         514 sec

### Epoch 10 ###
Average loss for epoch: 1948078495967262508318720.000
Average train accuracy: 0.111
Runtime so far:         571 sec

Total runtime:          672 sec

Final loss, Final training accuracy, Final test accuracy
1.9480784959672625e+24, 0.11099999999999999, 0.11460000000000001
