THIS TRIAL'S ALL PARAMETERS
bond_dim = 15
dynamic_mode = True
periodic_bc = True
init_std = 1.249367417619572e-05
num_train = 1000
num_test = 5000
batch_size = 100
num_epochs = 10
learning_rate = 5.6282316376809016e-05
l2_reg = 0.0
threshold = 2000
cutoff = 1e-10

### Epoch 1 ###
Average loss for epoch: 2.302
Average train accuracy: 0.089
Runtime so far:         56 sec

### Epoch 2 ###
Average loss for epoch: 2.300
Average train accuracy: 0.116
Runtime so far:         112 sec

### Epoch 3 ###
Average loss for epoch: 2.295
Average train accuracy: 0.101
Runtime so far:         170 sec

### Epoch 4 ###
Average loss for epoch: 2.266
Average train accuracy: 0.149
Runtime so far:         226 sec

### Epoch 5 ###
Average loss for epoch: 2.231
Average train accuracy: 0.154
Runtime so far:         283 sec

### Epoch 6 ###
Average loss for epoch: 1.969
Average train accuracy: 0.264
Runtime so far:         340 sec

### Epoch 7 ###
Average loss for epoch: 1.841
Average train accuracy: 0.393
Runtime so far:         398 sec

### Epoch 8 ###
Average loss for epoch: 1.432
Average train accuracy: 0.528
Runtime so far:         454 sec

### Epoch 9 ###
Average loss for epoch: 1.175
Average train accuracy: 0.597
Runtime so far:         512 sec

### Epoch 10 ###
Average loss for epoch: 0.756
Average train accuracy: 0.778
Runtime so far:         576 sec

Total runtime:          676 sec

Final loss, Final training accuracy, Final test accuracy
0.7561429738998413, 0.778, 0.6738
