THIS TRIAL'S ALL PARAMETERS
bond_dim = 15
dynamic_mode = True
periodic_bc = False
init_std = 7.25429189408013e-07
num_train = 1000
num_test = 5000
batch_size = 100
num_epochs = 10
learning_rate = 0.000630957344480193
l2_reg = 0.0
threshold = 2000
cutoff = 1e-10

### Epoch 1 ###
Average loss for epoch: 2.297
Average train accuracy: 0.122
Runtime so far:         77 sec

### Epoch 2 ###
Average loss for epoch: 2.249
Average train accuracy: 0.157
Runtime so far:         151 sec

### Epoch 3 ###
Average loss for epoch: 1.969
Average train accuracy: 0.304
Runtime so far:         227 sec

### Epoch 4 ###
Average loss for epoch: 1.016
Average train accuracy: 0.666
Runtime so far:         302 sec

### Epoch 5 ###
Average loss for epoch: 0.978
Average train accuracy: 0.709
Runtime so far:         381 sec

### Epoch 6 ###
Average loss for epoch: 0.570
Average train accuracy: 0.825
Runtime so far:         457 sec

### Epoch 7 ###
Average loss for epoch: 0.471
Average train accuracy: 0.853
Runtime so far:         537 sec

### Epoch 8 ###
Average loss for epoch: 0.425
Average train accuracy: 0.875
Runtime so far:         613 sec

### Epoch 9 ###
Average loss for epoch: 0.362
Average train accuracy: 0.890
Runtime so far:         695 sec

### Epoch 10 ###
Average loss for epoch: 0.351
Average train accuracy: 0.898
Runtime so far:         773 sec

Total runtime:          897 sec

Final loss, Final training accuracy, Final test accuracy
0.3505888879299164, 0.898, 0.8018
