THIS TRIAL'S ALL PARAMETERS
bond_dim = 15
dynamic_mode = True
periodic_bc = True
init_std = 2.161467629985413e-06
num_train = 1000
num_test = 5000
batch_size = 100
num_epochs = 10
learning_rate = 0.000630957344480193
l2_reg = 0.0
threshold = 2000
cutoff = 1e-10

### Epoch 1 ###
Average loss for epoch: 2.269
Average train accuracy: 0.134
Runtime so far:         111 sec

### Epoch 2 ###
Average loss for epoch: 2.006
Average train accuracy: 0.269
Runtime so far:         219 sec

### Epoch 3 ###
Average loss for epoch: 1.416
Average train accuracy: 0.523
Runtime so far:         331 sec

### Epoch 4 ###
Average loss for epoch: 0.590
Average train accuracy: 0.799
Runtime so far:         440 sec

### Epoch 5 ###
Average loss for epoch: 0.707
Average train accuracy: 0.759
Runtime so far:         551 sec

### Epoch 6 ###
Average loss for epoch: 0.569
Average train accuracy: 0.850
Runtime so far:         660 sec

### Epoch 7 ###
Average loss for epoch: 0.369
Average train accuracy: 0.883
Runtime so far:         772 sec

### Epoch 8 ###
Average loss for epoch: 0.257
Average train accuracy: 0.927
Runtime so far:         880 sec

### Epoch 9 ###
Average loss for epoch: 0.263
Average train accuracy: 0.917
Runtime so far:         987 sec

### Epoch 10 ###
Average loss for epoch: 0.175
Average train accuracy: 0.947
Runtime so far:         1096 sec

Total runtime:          1267 sec

Final loss, Final training accuracy, Final test accuracy
0.1745453178882599, 0.9469999999999998, 0.8406000000000003
