THIS TRIAL'S ALL PARAMETERS
bond_dim = 15
dynamic_mode = True
periodic_bc = True
init_std = 2.212363675069318e-05
num_train = 1000
num_test = 5000
batch_size = 100
num_epochs = 10
learning_rate = 0.005368146558483211
l2_reg = 0.0
threshold = 2000
cutoff = 1e-10

### Epoch 1 ###
Average loss for epoch: 17.578
Average train accuracy: 0.098
Runtime so far:         55 sec

### Epoch 2 ###
Average loss for epoch: 2.301
Average train accuracy: 0.085
Runtime so far:         110 sec

### Epoch 3 ###
Average loss for epoch: 31.013
Average train accuracy: 0.119
Runtime so far:         167 sec

### Epoch 4 ###
Average loss for epoch: 2.065
Average train accuracy: 0.239
Runtime so far:         223 sec

### Epoch 5 ###
Average loss for epoch: 1.863
Average train accuracy: 0.397
Runtime so far:         279 sec

### Epoch 6 ###
Average loss for epoch: 1.331
Average train accuracy: 0.559
Runtime so far:         334 sec

### Epoch 7 ###
Average loss for epoch: 1.788
Average train accuracy: 0.439
Runtime so far:         390 sec

### Epoch 8 ###
Average loss for epoch: 1.142
Average train accuracy: 0.645
Runtime so far:         444 sec

### Epoch 9 ###
Average loss for epoch: 1.307
Average train accuracy: 0.576
Runtime so far:         500 sec

### Epoch 10 ###
Average loss for epoch: 0.833
Average train accuracy: 0.740
Runtime so far:         554 sec

Total runtime:          648 sec

Final loss, Final training accuracy, Final test accuracy
0.8329527974128723, 0.74, 0.4221999999999999
