THIS TRIAL'S ALL PARAMETERS
bond_dim = 15
dynamic_mode = True
periodic_bc = True
init_std = 1.7867524925844893e-17
num_train = 1000
num_test = 5000
batch_size = 100
num_epochs = 10
learning_rate = 0.0037408803901222407
l2_reg = 0.0
threshold = 2000
cutoff = 1e-10

### Epoch 1 ###
Average loss for epoch: 2.483
Average train accuracy: 0.086
Runtime so far:         57 sec

### Epoch 2 ###
Average loss for epoch: 2.228
Average train accuracy: 0.209
Runtime so far:         113 sec

### Epoch 3 ###
Average loss for epoch: 205.826
Average train accuracy: 0.156
Runtime so far:         172 sec

### Epoch 4 ###
Average loss for epoch: 2.197
Average train accuracy: 0.179
Runtime so far:         231 sec

### Epoch 5 ###
Average loss for epoch: 2.409
Average train accuracy: 0.217
Runtime so far:         288 sec

### Epoch 6 ###
Average loss for epoch: 2.211
Average train accuracy: 0.191
Runtime so far:         346 sec

### Epoch 7 ###
Average loss for epoch: 2.166
Average train accuracy: 0.233
Runtime so far:         404 sec

### Epoch 8 ###
Average loss for epoch: 2.056
Average train accuracy: 0.214
Runtime so far:         462 sec

### Epoch 9 ###
Average loss for epoch: 2.127
Average train accuracy: 0.285
Runtime so far:         521 sec

### Epoch 10 ###
Average loss for epoch: 2.209
Average train accuracy: 0.223
Runtime so far:         579 sec

Total runtime:          679 sec

Final loss, Final training accuracy, Final test accuracy
2.2094197273254395, 0.223, 0.24679999999999996
