THIS TRIAL'S ALL PARAMETERS
bond_dim = 15
dynamic_mode = True
periodic_bc = True
init_std = 7.157714640338499e-07
num_train = 1000
num_test = 5000
batch_size = 100
num_epochs = 10
learning_rate = 0.011092377206726688
l2_reg = 0.0
threshold = 2000
cutoff = 1e-10

### Epoch 1 ###
Average loss for epoch: 681.974
Average train accuracy: 0.100
Runtime so far:         51 sec

### Epoch 2 ###
Average loss for epoch: 2.220
Average train accuracy: 0.168
Runtime so far:         103 sec

### Epoch 3 ###
Average loss for epoch: 1342.719
Average train accuracy: 0.117
Runtime so far:         156 sec

### Epoch 4 ###
Average loss for epoch: 3.422
Average train accuracy: 0.153
Runtime so far:         208 sec

### Epoch 5 ###
Average loss for epoch: 2.611
Average train accuracy: 0.116
Runtime so far:         261 sec

### Epoch 6 ###
Average loss for epoch: 2.087
Average train accuracy: 0.224
Runtime so far:         316 sec

### Epoch 7 ###
Average loss for epoch: 2.595
Average train accuracy: 0.114
Runtime so far:         373 sec

### Epoch 8 ###
Average loss for epoch: 2.318
Average train accuracy: 0.109
Runtime so far:         426 sec

### Epoch 9 ###
Average loss for epoch: 2.263
Average train accuracy: 0.160
Runtime so far:         481 sec

### Epoch 10 ###
Average loss for epoch: 2.085
Average train accuracy: 0.268
Runtime so far:         537 sec

Total runtime:          629 sec

Final loss, Final training accuracy, Final test accuracy
2.0850164890289307, 0.26799999999999996, 0.1384
