THIS TRIAL'S ALL PARAMETERS
bond_dim = 15
dynamic_mode = True
periodic_bc = True
init_std = 2.44921491748165e-08
num_train = 1000
num_test = 5000
batch_size = 100
num_epochs = 10
learning_rate = 1.5730118750318362e-05
l2_reg = 0.0
threshold = 2000
cutoff = 1e-10

### Epoch 1 ###
Average loss for epoch: 2.303
Average train accuracy: 0.089
Runtime so far:         55 sec

### Epoch 2 ###
Average loss for epoch: 2.302
Average train accuracy: 0.116
Runtime so far:         111 sec

### Epoch 3 ###
Average loss for epoch: 2.302
Average train accuracy: 0.099
Runtime so far:         166 sec

### Epoch 4 ###
Average loss for epoch: 2.301
Average train accuracy: 0.115
Runtime so far:         223 sec

### Epoch 5 ###
Average loss for epoch: 2.301
Average train accuracy: 0.116
Runtime so far:         278 sec

### Epoch 6 ###
Average loss for epoch: 2.297
Average train accuracy: 0.116
Runtime so far:         335 sec

### Epoch 7 ###
Average loss for epoch: 2.296
Average train accuracy: 0.116
Runtime so far:         391 sec

### Epoch 8 ###
Average loss for epoch: 2.293
Average train accuracy: 0.116
Runtime so far:         447 sec

### Epoch 9 ###
Average loss for epoch: 2.290
Average train accuracy: 0.120
Runtime so far:         503 sec

### Epoch 10 ###
Average loss for epoch: 2.279
Average train accuracy: 0.116
Runtime so far:         558 sec

Total runtime:          656 sec

Final loss, Final training accuracy, Final test accuracy
2.278588056564331, 0.11599999999999999, 0.11459999999999998
