THIS TRIAL'S ALL PARAMETERS
bond_dim = 15
dynamic_mode = True
periodic_bc = True
init_std = 3280.4443431631084
num_train = 1000
num_test = 5000
batch_size = 100
num_epochs = 10
learning_rate = 4.900909760854075e-05
l2_reg = 0.0
threshold = 2000
cutoff = 1e-10

### Epoch 1 ###
Average loss for epoch: 2.303
Average train accuracy: 0.089
Runtime so far:         55 sec

### Epoch 2 ###
Average loss for epoch: 2.301
Average train accuracy: 0.116
Runtime so far:         110 sec

### Epoch 3 ###
Average loss for epoch: 2.298
Average train accuracy: 0.099
Runtime so far:         166 sec

### Epoch 4 ###
Average loss for epoch: 2.280
Average train accuracy: 0.126
Runtime so far:         221 sec

### Epoch 5 ###
Average loss for epoch: 2.260
Average train accuracy: 0.128
Runtime so far:         277 sec

### Epoch 6 ###
Average loss for epoch: 2.105
Average train accuracy: 0.167
Runtime so far:         334 sec

### Epoch 7 ###
Average loss for epoch: 2.038
Average train accuracy: 0.261
Runtime so far:         391 sec

### Epoch 8 ###
Average loss for epoch: 1.759
Average train accuracy: 0.376
Runtime so far:         446 sec

### Epoch 9 ###
Average loss for epoch: 1.533
Average train accuracy: 0.479
Runtime so far:         502 sec

### Epoch 10 ###
Average loss for epoch: 1.074
Average train accuracy: 0.647
Runtime so far:         557 sec

Total runtime:          650 sec

Final loss, Final training accuracy, Final test accuracy
1.0740020275115967, 0.6469999999999999, 0.5968000000000001
