THIS TRIAL'S ALL PARAMETERS
bond_dim = 15
dynamic_mode = True
periodic_bc = False
init_std = 7.722816270168275e-07
num_train = 1000
num_test = 5000
batch_size = 100
num_epochs = 10
learning_rate = 0.000630957344480193
l2_reg = 0.0
threshold = 2000
cutoff = 1e-10

### Epoch 1 ###
Average loss for epoch: 2.298
Average train accuracy: 0.127
Runtime so far:         40 sec

### Epoch 2 ###
Average loss for epoch: 2.011
Average train accuracy: 0.266
Runtime so far:         81 sec

### Epoch 3 ###
Average loss for epoch: 1.693
Average train accuracy: 0.388
Runtime so far:         141 sec

### Epoch 4 ###
Average loss for epoch: 0.918
Average train accuracy: 0.691
Runtime so far:         217 sec

### Epoch 5 ###
Average loss for epoch: 0.870
Average train accuracy: 0.757
Runtime so far:         293 sec

### Epoch 6 ###
Average loss for epoch: 0.562
Average train accuracy: 0.834
Runtime so far:         364 sec

### Epoch 7 ###
Average loss for epoch: 0.381
Average train accuracy: 0.887
Runtime so far:         413 sec

### Epoch 8 ###
Average loss for epoch: 0.247
Average train accuracy: 0.914
Runtime so far:         487 sec

### Epoch 9 ###
Average loss for epoch: 0.230
Average train accuracy: 0.928
Runtime so far:         560 sec

### Epoch 10 ###
Average loss for epoch: 0.228
Average train accuracy: 0.924
Runtime so far:         638 sec

Total runtime:          755 sec

Final loss, Final training accuracy, Final test accuracy
0.2284894436597824, 0.924, 0.7867999999999999
