THIS TRIAL'S ALL PARAMETERS
bond_dim = 15
dynamic_mode = True
periodic_bc = True
init_std = 6.17617990770147e-07
num_train = 1000
num_test = 5000
batch_size = 100
num_epochs = 10
learning_rate = 0.009680190786800746
l2_reg = 0.0
threshold = 2000
cutoff = 1e-10

### Epoch 1 ###
Average loss for epoch: 18.407
Average train accuracy: 0.103
Runtime so far:         55 sec

### Epoch 2 ###
Average loss for epoch: 2.990
Average train accuracy: 0.102
Runtime so far:         111 sec

### Epoch 3 ###
Average loss for epoch: 626499.688
Average train accuracy: 0.081
Runtime so far:         170 sec

### Epoch 4 ###
Average loss for epoch: 26.698
Average train accuracy: 0.103
Runtime so far:         228 sec

### Epoch 5 ###
Average loss for epoch: 2.626
Average train accuracy: 0.152
Runtime so far:         285 sec

### Epoch 6 ###
Average loss for epoch: 2.090
Average train accuracy: 0.240
Runtime so far:         342 sec

### Epoch 7 ###
Average loss for epoch: 2.202
Average train accuracy: 0.279
Runtime so far:         398 sec

### Epoch 8 ###
Average loss for epoch: 2.197
Average train accuracy: 0.283
Runtime so far:         454 sec

### Epoch 9 ###
Average loss for epoch: 2.008
Average train accuracy: 0.300
Runtime so far:         511 sec

### Epoch 10 ###
Average loss for epoch: 1.742
Average train accuracy: 0.393
Runtime so far:         568 sec

Total runtime:          662 sec

Final loss, Final training accuracy, Final test accuracy
1.741747498512268, 0.39300000000000007, 0.34119999999999995
