THIS TRIAL'S ALL PARAMETERS
bond_dim = 15
dynamic_mode = True
periodic_bc = False
init_std = 4.376275636037053
num_train = 1000
num_test = 5000
batch_size = 100
num_epochs = 10
learning_rate = 0.00038183335824872484
l2_reg = 0.0
threshold = 2000
cutoff = 1e-10

### Epoch 1 ###
Average loss for epoch: 2.302
Average train accuracy: 0.116
Runtime so far:         39 sec

### Epoch 2 ###
Average loss for epoch: 2.108
Average train accuracy: 0.225
Runtime so far:         78 sec

### Epoch 3 ###
Average loss for epoch: 1.813
Average train accuracy: 0.345
Runtime so far:         118 sec

### Epoch 4 ###
Average loss for epoch: 1.188
Average train accuracy: 0.578
Runtime so far:         159 sec

### Epoch 5 ###
Average loss for epoch: 0.886
Average train accuracy: 0.723
Runtime so far:         199 sec

### Epoch 6 ###
Average loss for epoch: 0.517
Average train accuracy: 0.841
Runtime so far:         238 sec

### Epoch 7 ###
Average loss for epoch: 0.436
Average train accuracy: 0.870
Runtime so far:         279 sec

### Epoch 8 ###
Average loss for epoch: 0.281
Average train accuracy: 0.913
Runtime so far:         319 sec

### Epoch 9 ###
Average loss for epoch: 0.314
Average train accuracy: 0.899
Runtime so far:         359 sec

### Epoch 10 ###
Average loss for epoch: 0.236
Average train accuracy: 0.922
Runtime so far:         401 sec

Total runtime:          475 sec

Final loss, Final training accuracy, Final test accuracy
0.23576530814170837, 0.922, 0.8254000000000002
