THIS TRIAL'S ALL PARAMETERS
bond_dim = 15
dynamic_mode = True
periodic_bc = False
init_std = 3.5393348100483245e-11
num_train = 1000
num_test = 5000
batch_size = 100
num_epochs = 10
learning_rate = 0.000630957344480193
l2_reg = 0.0
threshold = 2000
cutoff = 1e-10

### Epoch 1 ###
Average loss for epoch: 2.297
Average train accuracy: 0.117
Runtime so far:         78 sec

### Epoch 2 ###
Average loss for epoch: 1.960
Average train accuracy: 0.286
Runtime so far:         154 sec

### Epoch 3 ###
Average loss for epoch: 1.540
Average train accuracy: 0.439
Runtime so far:         235 sec

### Epoch 4 ###
Average loss for epoch: 0.826
Average train accuracy: 0.743
Runtime so far:         310 sec

### Epoch 5 ###
Average loss for epoch: 0.857
Average train accuracy: 0.757
Runtime so far:         392 sec

### Epoch 6 ###
Average loss for epoch: 0.476
Average train accuracy: 0.855
Runtime so far:         467 sec

### Epoch 7 ###
Average loss for epoch: 0.386
Average train accuracy: 0.886
Runtime so far:         547 sec

### Epoch 8 ###
Average loss for epoch: 0.337
Average train accuracy: 0.916
Runtime so far:         626 sec

### Epoch 9 ###
Average loss for epoch: 0.272
Average train accuracy: 0.916
Runtime so far:         704 sec

### Epoch 10 ###
Average loss for epoch: 0.272
Average train accuracy: 0.927
Runtime so far:         780 sec

Total runtime:          907 sec

Final loss, Final training accuracy, Final test accuracy
0.2721596360206604, 0.9270000000000002, 0.8021999999999998
