THIS TRIAL'S ALL PARAMETERS
bond_dim = 15
dynamic_mode = True
periodic_bc = True
init_std = 6.922414212061561
num_train = 1000
num_test = 5000
batch_size = 100
num_epochs = 10
learning_rate = 0.000630957344480193
l2_reg = 0.0
threshold = 2000
cutoff = 1e-10

### Epoch 1 ###
Average loss for epoch: 2.270
Average train accuracy: 0.131
Runtime so far:         108 sec

### Epoch 2 ###
Average loss for epoch: 1.919
Average train accuracy: 0.342
Runtime so far:         215 sec

### Epoch 3 ###
Average loss for epoch: 1.922
Average train accuracy: 0.415
Runtime so far:         324 sec

### Epoch 4 ###
Average loss for epoch: 0.838
Average train accuracy: 0.726
Runtime so far:         430 sec

### Epoch 5 ###
Average loss for epoch: 0.875
Average train accuracy: 0.722
Runtime so far:         541 sec

### Epoch 6 ###
Average loss for epoch: 0.494
Average train accuracy: 0.853
Runtime so far:         647 sec

### Epoch 7 ###
Average loss for epoch: 0.356
Average train accuracy: 0.895
Runtime so far:         756 sec

### Epoch 8 ###
Average loss for epoch: 0.314
Average train accuracy: 0.905
Runtime so far:         862 sec

### Epoch 9 ###
Average loss for epoch: 0.262
Average train accuracy: 0.919
Runtime so far:         969 sec

### Epoch 10 ###
Average loss for epoch: 0.253
Average train accuracy: 0.919
Runtime so far:         1079 sec

Total runtime:          1255 sec

Final loss, Final training accuracy, Final test accuracy
0.25316399335861206, 0.9190000000000002, 0.8008
