THIS TRIAL'S ALL PARAMETERS
bond_dim = 15
dynamic_mode = True
periodic_bc = False
init_std = 9.57779044352554
num_train = 1000
num_test = 5000
batch_size = 100
num_epochs = 10
learning_rate = 4.19598124725042e-07
l2_reg = 0.0
threshold = 2000
cutoff = 1e-10

### Epoch 1 ###
Average loss for epoch: 2.303
Average train accuracy: 0.089
Runtime so far:         41 sec

### Epoch 2 ###
Average loss for epoch: 2.303
Average train accuracy: 0.116
Runtime so far:         83 sec

### Epoch 3 ###
Average loss for epoch: 2.303
Average train accuracy: 0.099
Runtime so far:         126 sec

### Epoch 4 ###
Average loss for epoch: 2.303
Average train accuracy: 0.116
Runtime so far:         168 sec

### Epoch 5 ###
Average loss for epoch: 2.303
Average train accuracy: 0.116
Runtime so far:         210 sec

### Epoch 6 ###
Average loss for epoch: 2.303
Average train accuracy: 0.116
Runtime so far:         251 sec

### Epoch 7 ###
Average loss for epoch: 2.303
Average train accuracy: 0.116
Runtime so far:         293 sec

### Epoch 8 ###
Average loss for epoch: 2.303
Average train accuracy: 0.116
Runtime so far:         335 sec

### Epoch 9 ###
Average loss for epoch: 2.303
Average train accuracy: 0.107
Runtime so far:         376 sec

### Epoch 10 ###
Average loss for epoch: 2.303
Average train accuracy: 0.109
Runtime so far:         417 sec

Total runtime:          494 sec

Final loss, Final training accuracy, Final test accuracy
2.302577018737793, 0.10900000000000001, 0.11419999999999997
