THIS TRIAL'S ALL PARAMETERS
bond_dim = 15
dynamic_mode = True
periodic_bc = True
init_std = 0.16790389857670815
num_train = 1000
num_test = 5000
batch_size = 100
num_epochs = 10
learning_rate = 0.02090460294640887
l2_reg = 0.0
threshold = 2000
cutoff = 1e-10

### Epoch 1 ###
Average loss for epoch: 135052656640.000
Average train accuracy: 0.106
Runtime so far:         56 sec

### Epoch 2 ###
Average loss for epoch: 298947477504.000
Average train accuracy: 0.111
Runtime so far:         111 sec

### Epoch 3 ###
Average loss for epoch: 9183408685056.000
Average train accuracy: 0.102
Runtime so far:         168 sec

### Epoch 4 ###
Average loss for epoch: 20542910464.000
Average train accuracy: 0.106
Runtime so far:         224 sec

### Epoch 5 ###
Average loss for epoch: 12424869888.000
Average train accuracy: 0.160
Runtime so far:         281 sec

### Epoch 6 ###
Average loss for epoch: 1680329088.000
Average train accuracy: 0.129
Runtime so far:         336 sec

### Epoch 7 ###
Average loss for epoch: 26803310.000
Average train accuracy: 0.135
Runtime so far:         392 sec

### Epoch 8 ###
Average loss for epoch: 19412512.000
Average train accuracy: 0.138
Runtime so far:         447 sec

### Epoch 9 ###
Average loss for epoch: 10608059.000
Average train accuracy: 0.138
Runtime so far:         503 sec

### Epoch 10 ###
Average loss for epoch: 6341990.500
Average train accuracy: 0.137
Runtime so far:         559 sec

Total runtime:          657 sec

Final loss, Final training accuracy, Final test accuracy
6341990.5, 0.13699999999999996, 0.13060000000000005
