THIS TRIAL'S ALL PARAMETERS
bond_dim = 15
dynamic_mode = True
periodic_bc = True
init_std = 0.0056132111158120656
num_train = 1000
num_test = 5000
batch_size = 100
num_epochs = 10
learning_rate = 0.000630957344480193
l2_reg = 0.0
threshold = 2000
cutoff = 1e-10

### Epoch 1 ###
Average loss for epoch: 2.277
Average train accuracy: 0.132
Runtime so far:         109 sec

### Epoch 2 ###
Average loss for epoch: 1.873
Average train accuracy: 0.320
Runtime so far:         221 sec

### Epoch 3 ###
Average loss for epoch: 1.523
Average train accuracy: 0.481
Runtime so far:         329 sec

### Epoch 4 ###
Average loss for epoch: 0.678
Average train accuracy: 0.770
Runtime so far:         438 sec

### Epoch 5 ###
Average loss for epoch: 0.671
Average train accuracy: 0.765
Runtime so far:         550 sec

### Epoch 6 ###
Average loss for epoch: 0.334
Average train accuracy: 0.900
Runtime so far:         660 sec

### Epoch 7 ###
Average loss for epoch: 0.275
Average train accuracy: 0.916
Runtime so far:         772 sec

### Epoch 8 ###
Average loss for epoch: 0.173
Average train accuracy: 0.942
Runtime so far:         885 sec

### Epoch 9 ###
Average loss for epoch: 0.222
Average train accuracy: 0.927
Runtime so far:         1001 sec

### Epoch 10 ###
Average loss for epoch: 0.260
Average train accuracy: 0.915
Runtime so far:         1112 sec

Total runtime:          1290 sec

Final loss, Final training accuracy, Final test accuracy
0.25963252782821655, 0.915, 0.8173999999999999
