THIS TRIAL'S ALL PARAMETERS
bond_dim = 15
dynamic_mode = True
periodic_bc = True
init_std = 2.823412553602362e-13
num_train = 1000
num_test = 5000
batch_size = 100
num_epochs = 10
learning_rate = 0.000630957344480193
l2_reg = 0.0
threshold = 2000
cutoff = 1e-10

### Epoch 1 ###
Average loss for epoch: 2.267
Average train accuracy: 0.144
Runtime so far:         103 sec

### Epoch 2 ###
Average loss for epoch: 1.674
Average train accuracy: 0.355
Runtime so far:         203 sec

### Epoch 3 ###
Average loss for epoch: 1.186
Average train accuracy: 0.603
Runtime so far:         312 sec

### Epoch 4 ###
Average loss for epoch: 0.542
Average train accuracy: 0.819
Runtime so far:         414 sec

### Epoch 5 ###
Average loss for epoch: 0.642
Average train accuracy: 0.784
Runtime so far:         524 sec

### Epoch 6 ###
Average loss for epoch: 0.493
Average train accuracy: 0.871
Runtime so far:         633 sec

### Epoch 7 ###
Average loss for epoch: 0.325
Average train accuracy: 0.894
Runtime so far:         740 sec

### Epoch 8 ###
Average loss for epoch: 0.198
Average train accuracy: 0.942
Runtime so far:         849 sec

### Epoch 9 ###
Average loss for epoch: 0.234
Average train accuracy: 0.938
Runtime so far:         958 sec

### Epoch 10 ###
Average loss for epoch: 0.153
Average train accuracy: 0.953
Runtime so far:         1068 sec

Total runtime:          1235 sec

Final loss, Final training accuracy, Final test accuracy
0.1525055319070816, 0.953, 0.8419999999999999
