THIS TRIAL'S ALL PARAMETERS
bond_dim = 15
dynamic_mode = True
periodic_bc = False
init_std = 0.4914796432673606
num_train = 1000
num_test = 5000
batch_size = 100
num_epochs = 10
learning_rate = 0.00041111654481545344
l2_reg = 0.0
threshold = 2000
cutoff = 1e-10

### Epoch 1 ###
Average loss for epoch: 2.302
Average train accuracy: 0.115
Runtime so far:         41 sec

### Epoch 2 ###
Average loss for epoch: 2.125
Average train accuracy: 0.231
Runtime so far:         82 sec

### Epoch 3 ###
Average loss for epoch: 1.725
Average train accuracy: 0.370
Runtime so far:         123 sec

### Epoch 4 ###
Average loss for epoch: 0.995
Average train accuracy: 0.680
Runtime so far:         165 sec

### Epoch 5 ###
Average loss for epoch: 0.893
Average train accuracy: 0.718
Runtime so far:         206 sec

### Epoch 6 ###
Average loss for epoch: 0.554
Average train accuracy: 0.829
Runtime so far:         247 sec

### Epoch 7 ###
Average loss for epoch: 0.434
Average train accuracy: 0.856
Runtime so far:         288 sec

### Epoch 8 ###
Average loss for epoch: 0.343
Average train accuracy: 0.913
Runtime so far:         329 sec

### Epoch 9 ###
Average loss for epoch: 0.360
Average train accuracy: 0.888
Runtime so far:         370 sec

### Epoch 10 ###
Average loss for epoch: 0.312
Average train accuracy: 0.900
Runtime so far:         411 sec

Total runtime:          488 sec

Final loss, Final training accuracy, Final test accuracy
0.31164470314979553, 0.9, 0.8126000000000002
