THIS TRIAL'S ALL PARAMETERS
bond_dim = 15
dynamic_mode = True
periodic_bc = False
init_std = 1.6057169117193118e-14
num_train = 1000
num_test = 5000
batch_size = 100
num_epochs = 10
learning_rate = 0.00229616088991229
l2_reg = 0.0
threshold = 2000
cutoff = 1e-10

### Epoch 1 ###
Average loss for epoch: 2.332
Average train accuracy: 0.134
Runtime so far:         40 sec

### Epoch 2 ###
Average loss for epoch: 2.248
Average train accuracy: 0.278
Runtime so far:         81 sec

### Epoch 3 ###
Average loss for epoch: 15.505
Average train accuracy: 0.142
Runtime so far:         122 sec

### Epoch 4 ###
Average loss for epoch: 2.303
Average train accuracy: 0.076
Runtime so far:         164 sec

### Epoch 5 ###
Average loss for epoch: 2.216
Average train accuracy: 0.207
Runtime so far:         205 sec

### Epoch 6 ###
Average loss for epoch: 2.196
Average train accuracy: 0.172
Runtime so far:         245 sec

### Epoch 7 ###
Average loss for epoch: 2.294
Average train accuracy: 0.168
Runtime so far:         287 sec

### Epoch 8 ###
Average loss for epoch: 2.143
Average train accuracy: 0.187
Runtime so far:         328 sec

### Epoch 9 ###
Average loss for epoch: 2.243
Average train accuracy: 0.223
Runtime so far:         370 sec

### Epoch 10 ###
Average loss for epoch: 2.235
Average train accuracy: 0.206
Runtime so far:         410 sec

Total runtime:          487 sec

Final loss, Final training accuracy, Final test accuracy
2.2346301078796387, 0.20600000000000002, 0.2236
