THIS TRIAL'S ALL PARAMETERS
bond_dim = 15
dynamic_mode = True
periodic_bc = True
init_std = 0.0008125988822201684
num_train = 1000
num_test = 5000
batch_size = 100
num_epochs = 10
learning_rate = 0.00025194411125553895
l2_reg = 0.0
threshold = 2000
cutoff = 1e-10

### Epoch 1 ###
Average loss for epoch: 2.300
Average train accuracy: 0.094
Runtime so far:         58 sec

### Epoch 2 ###
Average loss for epoch: 2.109
Average train accuracy: 0.149
Runtime so far:         116 sec

### Epoch 3 ###
Average loss for epoch: 1.761
Average train accuracy: 0.364
Runtime so far:         175 sec

### Epoch 4 ###
Average loss for epoch: 0.949
Average train accuracy: 0.702
Runtime so far:         234 sec

### Epoch 5 ###
Average loss for epoch: 0.905
Average train accuracy: 0.701
Runtime so far:         293 sec

### Epoch 6 ###
Average loss for epoch: 0.539
Average train accuracy: 0.831
Runtime so far:         350 sec

### Epoch 7 ###
Average loss for epoch: 0.428
Average train accuracy: 0.869
Runtime so far:         409 sec

### Epoch 8 ###
Average loss for epoch: 0.338
Average train accuracy: 0.911
Runtime so far:         468 sec

### Epoch 9 ###
Average loss for epoch: 0.407
Average train accuracy: 0.896
Runtime so far:         527 sec

### Epoch 10 ###
Average loss for epoch: 0.374
Average train accuracy: 0.894
Runtime so far:         584 sec

Total runtime:          686 sec

Final loss, Final training accuracy, Final test accuracy
0.37424328923225403, 0.8939999999999999, 0.8096
