THIS TRIAL'S ALL PARAMETERS
bond_dim = 15
dynamic_mode = True
periodic_bc = False
init_std = 0.004950349570177662
num_train = 1000
num_test = 5000
batch_size = 100
num_epochs = 10
learning_rate = 0.00010861805836871231
l2_reg = 0.0
threshold = 2000
cutoff = 1e-10

### Epoch 1 ###
Average loss for epoch: 2.303
Average train accuracy: 0.090
Runtime so far:         40 sec

### Epoch 2 ###
Average loss for epoch: 2.299
Average train accuracy: 0.119
Runtime so far:         80 sec

### Epoch 3 ###
Average loss for epoch: 2.283
Average train accuracy: 0.132
Runtime so far:         121 sec

### Epoch 4 ###
Average loss for epoch: 2.153
Average train accuracy: 0.173
Runtime so far:         162 sec

### Epoch 5 ###
Average loss for epoch: 1.963
Average train accuracy: 0.321
Runtime so far:         202 sec

### Epoch 6 ###
Average loss for epoch: 1.196
Average train accuracy: 0.618
Runtime so far:         243 sec

### Epoch 7 ###
Average loss for epoch: 0.914
Average train accuracy: 0.752
Runtime so far:         284 sec

### Epoch 8 ###
Average loss for epoch: 0.622
Average train accuracy: 0.812
Runtime so far:         324 sec

### Epoch 9 ###
Average loss for epoch: 0.614
Average train accuracy: 0.804
Runtime so far:         365 sec

### Epoch 10 ###
Average loss for epoch: 0.474
Average train accuracy: 0.857
Runtime so far:         406 sec

Total runtime:          481 sec

Final loss, Final training accuracy, Final test accuracy
0.4735638499259949, 0.857, 0.7482000000000001
