THIS TRIAL'S ALL PARAMETERS
bond_dim = 15
dynamic_mode = True
periodic_bc = False
init_std = 798090.5868449339
num_train = 1000
num_test = 5000
batch_size = 100
num_epochs = 10
learning_rate = 0.0007197164927173427
l2_reg = 0.0
threshold = 2000
cutoff = 1e-10

### Epoch 1 ###
Average loss for epoch: 2.289
Average train accuracy: 0.120
Runtime so far:         40 sec

### Epoch 2 ###
Average loss for epoch: 2.420
Average train accuracy: 0.190
Runtime so far:         80 sec

### Epoch 3 ###
Average loss for epoch: 1.876
Average train accuracy: 0.305
Runtime so far:         122 sec

### Epoch 4 ###
Average loss for epoch: 0.914
Average train accuracy: 0.713
Runtime so far:         163 sec

### Epoch 5 ###
Average loss for epoch: 0.768
Average train accuracy: 0.760
Runtime so far:         204 sec

### Epoch 6 ###
Average loss for epoch: 0.477
Average train accuracy: 0.849
Runtime so far:         245 sec

### Epoch 7 ###
Average loss for epoch: 0.494
Average train accuracy: 0.857
Runtime so far:         286 sec

### Epoch 8 ###
Average loss for epoch: 0.375
Average train accuracy: 0.874
Runtime so far:         326 sec

### Epoch 9 ###
Average loss for epoch: 0.308
Average train accuracy: 0.903
Runtime so far:         367 sec

### Epoch 10 ###
Average loss for epoch: 0.238
Average train accuracy: 0.923
Runtime so far:         407 sec

Total runtime:          480 sec

Final loss, Final training accuracy, Final test accuracy
0.23768551647663116, 0.923, 0.8165999999999998
