THIS TRIAL'S ALL PARAMETERS
bond_dim = 15
dynamic_mode = True
periodic_bc = True
init_std = 0.6023582809459029
num_train = 1000
num_test = 5000
batch_size = 100
num_epochs = 10
learning_rate = 0.000630957344480193
l2_reg = 0.0
threshold = 2000
cutoff = 1e-10

### Epoch 1 ###
Average loss for epoch: 2.275
Average train accuracy: 0.146
Runtime so far:         109 sec

### Epoch 2 ###
Average loss for epoch: 1.779
Average train accuracy: 0.329
Runtime so far:         215 sec

### Epoch 3 ###
Average loss for epoch: 1.338
Average train accuracy: 0.551
Runtime so far:         325 sec

### Epoch 4 ###
Average loss for epoch: 0.624
Average train accuracy: 0.791
Runtime so far:         435 sec

### Epoch 5 ###
Average loss for epoch: 0.693
Average train accuracy: 0.784
Runtime so far:         547 sec

### Epoch 6 ###
Average loss for epoch: 0.387
Average train accuracy: 0.888
Runtime so far:         656 sec

### Epoch 7 ###
Average loss for epoch: 0.282
Average train accuracy: 0.915
Runtime so far:         767 sec

### Epoch 8 ###
Average loss for epoch: 0.227
Average train accuracy: 0.929
Runtime so far:         876 sec

### Epoch 9 ###
Average loss for epoch: 0.206
Average train accuracy: 0.939
Runtime so far:         986 sec

### Epoch 10 ###
Average loss for epoch: 0.239
Average train accuracy: 0.914
Runtime so far:         1096 sec

Total runtime:          1264 sec

Final loss, Final training accuracy, Final test accuracy
0.2394421398639679, 0.914, 0.7683999999999999
