THIS TRIAL'S ALL PARAMETERS
bond_dim = 15
dynamic_mode = True
periodic_bc = False
init_std = 3.087989261247289e-10
num_train = 1000
num_test = 5000
batch_size = 100
num_epochs = 10
learning_rate = 2.3043274441898504e-05
l2_reg = 0.0
threshold = 2000
cutoff = 1e-10

### Epoch 1 ###
Average loss for epoch: 2.303
Average train accuracy: 0.089
Runtime so far:         39 sec

### Epoch 2 ###
Average loss for epoch: 2.303
Average train accuracy: 0.116
Runtime so far:         79 sec

### Epoch 3 ###
Average loss for epoch: 2.303
Average train accuracy: 0.099
Runtime so far:         119 sec

### Epoch 4 ###
Average loss for epoch: 2.302
Average train accuracy: 0.142
Runtime so far:         158 sec

### Epoch 5 ###
Average loss for epoch: 2.302
Average train accuracy: 0.143
Runtime so far:         199 sec

### Epoch 6 ###
Average loss for epoch: 2.298
Average train accuracy: 0.123
Runtime so far:         239 sec

### Epoch 7 ###
Average loss for epoch: 2.296
Average train accuracy: 0.127
Runtime so far:         282 sec

### Epoch 8 ###
Average loss for epoch: 2.288
Average train accuracy: 0.153
Runtime so far:         324 sec

### Epoch 9 ###
Average loss for epoch: 2.277
Average train accuracy: 0.187
Runtime so far:         366 sec

### Epoch 10 ###
Average loss for epoch: 2.221
Average train accuracy: 0.194
Runtime so far:         408 sec

Total runtime:          487 sec

Final loss, Final training accuracy, Final test accuracy
2.2210748195648193, 0.19399999999999998, 0.17060000000000006
