THIS TRIAL'S ALL PARAMETERS
bond_dim = 15
dynamic_mode = True
periodic_bc = True
init_std = 46.15450198138875
num_train = 1000
num_test = 5000
batch_size = 100
num_epochs = 10
learning_rate = 2.537863334747587e-06
l2_reg = 0.0
threshold = 2000
cutoff = 1e-10

### Epoch 1 ###
Average loss for epoch: 2.303
Average train accuracy: 0.089
Runtime so far:         56 sec

### Epoch 2 ###
Average loss for epoch: 2.303
Average train accuracy: 0.116
Runtime so far:         111 sec

### Epoch 3 ###
Average loss for epoch: 2.303
Average train accuracy: 0.099
Runtime so far:         169 sec

### Epoch 4 ###
Average loss for epoch: 2.303
Average train accuracy: 0.115
Runtime so far:         225 sec

### Epoch 5 ###
Average loss for epoch: 2.303
Average train accuracy: 0.116
Runtime so far:         282 sec

### Epoch 6 ###
Average loss for epoch: 2.302
Average train accuracy: 0.116
Runtime so far:         338 sec

### Epoch 7 ###
Average loss for epoch: 2.302
Average train accuracy: 0.116
Runtime so far:         395 sec

### Epoch 8 ###
Average loss for epoch: 2.302
Average train accuracy: 0.116
Runtime so far:         451 sec

### Epoch 9 ###
Average loss for epoch: 2.302
Average train accuracy: 0.107
Runtime so far:         509 sec

### Epoch 10 ###
Average loss for epoch: 2.302
Average train accuracy: 0.114
Runtime so far:         567 sec

Total runtime:          668 sec

Final loss, Final training accuracy, Final test accuracy
2.3019213676452637, 0.11400000000000002, 0.11419999999999997
