THIS TRIAL'S ALL PARAMETERS
bond_dim = 15
dynamic_mode = True
periodic_bc = True
init_std = 3.7217148744818877e-16
num_train = 1000
num_test = 5000
batch_size = 100
num_epochs = 10
learning_rate = 0.000630957344480193
l2_reg = 0.0
threshold = 2000
cutoff = 1e-10

### Epoch 1 ###
Average loss for epoch: 2.267
Average train accuracy: 0.137
Runtime so far:         107 sec

### Epoch 2 ###
Average loss for epoch: 1.967
Average train accuracy: 0.283
Runtime so far:         215 sec

### Epoch 3 ###
Average loss for epoch: 1.708
Average train accuracy: 0.427
Runtime so far:         325 sec

### Epoch 4 ###
Average loss for epoch: 1.018
Average train accuracy: 0.670
Runtime so far:         437 sec

### Epoch 5 ###
Average loss for epoch: 0.902
Average train accuracy: 0.697
Runtime so far:         553 sec

### Epoch 6 ###
Average loss for epoch: 0.578
Average train accuracy: 0.834
Runtime so far:         663 sec

### Epoch 7 ###
Average loss for epoch: 0.430
Average train accuracy: 0.874
Runtime so far:         773 sec

### Epoch 8 ###
Average loss for epoch: 0.301
Average train accuracy: 0.906
Runtime so far:         888 sec

### Epoch 9 ###
Average loss for epoch: 0.267
Average train accuracy: 0.922
Runtime so far:         994 sec

### Epoch 10 ###
Average loss for epoch: 0.254
Average train accuracy: 0.906
Runtime so far:         1105 sec

Total runtime:          1275 sec

Final loss, Final training accuracy, Final test accuracy
0.2535960376262665, 0.906, 0.8251999999999999
