THIS TRIAL'S ALL PARAMETERS
bond_dim = 15
dynamic_mode = True
periodic_bc = True
init_std = 1.0896670563246741e-12
num_train = 1000
num_test = 5000
batch_size = 100
num_epochs = 10
learning_rate = 1.1761288108443844e-05
l2_reg = 0.0
threshold = 2000
cutoff = 1e-10

### Epoch 1 ###
Average loss for epoch: 2.303
Average train accuracy: 0.089
Runtime so far:         56 sec

### Epoch 2 ###
Average loss for epoch: 2.302
Average train accuracy: 0.116
Runtime so far:         114 sec

### Epoch 3 ###
Average loss for epoch: 2.302
Average train accuracy: 0.099
Runtime so far:         171 sec

### Epoch 4 ###
Average loss for epoch: 2.302
Average train accuracy: 0.117
Runtime so far:         228 sec

### Epoch 5 ###
Average loss for epoch: 2.302
Average train accuracy: 0.116
Runtime so far:         286 sec

### Epoch 6 ###
Average loss for epoch: 2.300
Average train accuracy: 0.116
Runtime so far:         342 sec

### Epoch 7 ###
Average loss for epoch: 2.299
Average train accuracy: 0.116
Runtime so far:         400 sec

### Epoch 8 ###
Average loss for epoch: 2.298
Average train accuracy: 0.116
Runtime so far:         456 sec

### Epoch 9 ###
Average loss for epoch: 2.297
Average train accuracy: 0.122
Runtime so far:         513 sec

### Epoch 10 ###
Average loss for epoch: 2.292
Average train accuracy: 0.116
Runtime so far:         570 sec

Total runtime:          670 sec

Final loss, Final training accuracy, Final test accuracy
2.2923598289489746, 0.11599999999999999, 0.11419999999999997
