THIS TRIAL'S ALL PARAMETERS
bond_dim = 15
dynamic_mode = True
periodic_bc = False
init_std = 2.5101822883612397e-07
num_train = 1000
num_test = 5000
batch_size = 100
num_epochs = 10
learning_rate = 0.001522262095040352
l2_reg = 0.0
threshold = 2000
cutoff = 1e-10

### Epoch 1 ###
Average loss for epoch: 2.269
Average train accuracy: 0.132
Runtime so far:         41 sec

### Epoch 2 ###
Average loss for epoch: 2.036
Average train accuracy: 0.309
Runtime so far:         83 sec

### Epoch 3 ###
Average loss for epoch: 2.252
Average train accuracy: 0.373
Runtime so far:         126 sec

### Epoch 4 ###
Average loss for epoch: 1.739
Average train accuracy: 0.413
Runtime so far:         169 sec

### Epoch 5 ###
Average loss for epoch: 1.897
Average train accuracy: 0.397
Runtime so far:         210 sec

### Epoch 6 ###
Average loss for epoch: 1.605
Average train accuracy: 0.485
Runtime so far:         249 sec

### Epoch 7 ###
Average loss for epoch: 1.219
Average train accuracy: 0.613
Runtime so far:         289 sec

### Epoch 8 ###
Average loss for epoch: 0.830
Average train accuracy: 0.757
Runtime so far:         328 sec

### Epoch 9 ###
Average loss for epoch: 0.835
Average train accuracy: 0.765
Runtime so far:         369 sec

### Epoch 10 ###
Average loss for epoch: 0.544
Average train accuracy: 0.847
Runtime so far:         408 sec

Total runtime:          479 sec

Final loss, Final training accuracy, Final test accuracy
0.5443682074546814, 0.8469999999999999, 0.7598
