THIS TRIAL'S ALL PARAMETERS
bond_dim = 15
dynamic_mode = True
periodic_bc = True
init_std = 0.007480596542744449
num_train = 1000
num_test = 5000
batch_size = 100
num_epochs = 10
learning_rate = 0.0008602923586277532
l2_reg = 0.0
threshold = 2000
cutoff = 1e-10

### Epoch 1 ###
Average loss for epoch: 2.295
Average train accuracy: 0.130
Runtime so far:         56 sec

### Epoch 2 ###
Average loss for epoch: 1.915
Average train accuracy: 0.311
Runtime so far:         112 sec

### Epoch 3 ###
Average loss for epoch: 2.097
Average train accuracy: 0.372
Runtime so far:         169 sec

### Epoch 4 ###
Average loss for epoch: 0.998
Average train accuracy: 0.696
Runtime so far:         226 sec

### Epoch 5 ###
Average loss for epoch: 1.041
Average train accuracy: 0.669
Runtime so far:         284 sec

### Epoch 6 ###
Average loss for epoch: 0.759
Average train accuracy: 0.807
Runtime so far:         341 sec

### Epoch 7 ###
Average loss for epoch: 0.499
Average train accuracy: 0.862
Runtime so far:         399 sec

### Epoch 8 ###
Average loss for epoch: 0.305
Average train accuracy: 0.910
Runtime so far:         456 sec

### Epoch 9 ###
Average loss for epoch: 0.256
Average train accuracy: 0.919
Runtime so far:         513 sec

### Epoch 10 ###
Average loss for epoch: 0.203
Average train accuracy: 0.932
Runtime so far:         570 sec

Total runtime:          671 sec

Final loss, Final training accuracy, Final test accuracy
0.20317840576171875, 0.932, 0.8286000000000001
