THIS TRIAL'S ALL PARAMETERS
bond_dim = 15
dynamic_mode = True
periodic_bc = False
init_std = 1.0407251919740779e-05
num_train = 1000
num_test = 5000
batch_size = 100
num_epochs = 10
learning_rate = 3.074111251636278e-05
l2_reg = 0.0
threshold = 2000
cutoff = 1e-10

### Epoch 1 ###
Average loss for epoch: 2.303
Average train accuracy: 0.089
Runtime so far:         38 sec

### Epoch 2 ###
Average loss for epoch: 2.303
Average train accuracy: 0.116
Runtime so far:         79 sec

### Epoch 3 ###
Average loss for epoch: 2.302
Average train accuracy: 0.099
Runtime so far:         120 sec

### Epoch 4 ###
Average loss for epoch: 2.302
Average train accuracy: 0.200
Runtime so far:         160 sec

### Epoch 5 ###
Average loss for epoch: 2.300
Average train accuracy: 0.211
Runtime so far:         200 sec

### Epoch 6 ###
Average loss for epoch: 2.287
Average train accuracy: 0.197
Runtime so far:         241 sec

### Epoch 7 ###
Average loss for epoch: 2.279
Average train accuracy: 0.205
Runtime so far:         284 sec

### Epoch 8 ###
Average loss for epoch: 2.239
Average train accuracy: 0.205
Runtime so far:         324 sec

### Epoch 9 ###
Average loss for epoch: 2.187
Average train accuracy: 0.220
Runtime so far:         365 sec

### Epoch 10 ###
Average loss for epoch: 1.968
Average train accuracy: 0.299
Runtime so far:         404 sec

Total runtime:          477 sec

Final loss, Final training accuracy, Final test accuracy
1.9681942462921143, 0.29900000000000004, 0.3197999999999999
