THIS TRIAL'S ALL PARAMETERS
bond_dim = 15
dynamic_mode = True
periodic_bc = False
init_std = 2.230921267649506
num_train = 1000
num_test = 5000
batch_size = 100
num_epochs = 10
learning_rate = 5.195913063757503e-07
l2_reg = 0.0
threshold = 2000
cutoff = 1e-10

### Epoch 1 ###
Average loss for epoch: 2.303
Average train accuracy: 0.089
Runtime so far:         38 sec

### Epoch 2 ###
Average loss for epoch: 2.303
Average train accuracy: 0.116
Runtime so far:         77 sec

### Epoch 3 ###
Average loss for epoch: 2.303
Average train accuracy: 0.099
Runtime so far:         116 sec

### Epoch 4 ###
Average loss for epoch: 2.303
Average train accuracy: 0.123
Runtime so far:         154 sec

### Epoch 5 ###
Average loss for epoch: 2.303
Average train accuracy: 0.116
Runtime so far:         193 sec

### Epoch 6 ###
Average loss for epoch: 2.303
Average train accuracy: 0.116
Runtime so far:         231 sec

### Epoch 7 ###
Average loss for epoch: 2.303
Average train accuracy: 0.116
Runtime so far:         269 sec

### Epoch 8 ###
Average loss for epoch: 2.303
Average train accuracy: 0.116
Runtime so far:         307 sec

### Epoch 9 ###
Average loss for epoch: 2.303
Average train accuracy: 0.110
Runtime so far:         346 sec

### Epoch 10 ###
Average loss for epoch: 2.303
Average train accuracy: 0.117
Runtime so far:         383 sec

Total runtime:          452 sec

Final loss, Final training accuracy, Final test accuracy
2.302574634552002, 0.11699999999999999, 0.10240000000000002
