THIS TRIAL'S ALL PARAMETERS
bond_dim = 15
dynamic_mode = True
periodic_bc = False
init_std = 2915771.544206832
num_train = 1000
num_test = 5000
batch_size = 100
num_epochs = 10
learning_rate = 6.226022527259794e-05
l2_reg = 0.0
threshold = 2000
cutoff = 1e-10

### Epoch 1 ###
Average loss for epoch: 2.303
Average train accuracy: 0.089
Runtime so far:         40 sec

### Epoch 2 ###
Average loss for epoch: 2.302
Average train accuracy: 0.116
Runtime so far:         81 sec

### Epoch 3 ###
Average loss for epoch: 2.301
Average train accuracy: 0.108
Runtime so far:         122 sec

### Epoch 4 ###
Average loss for epoch: 2.285
Average train accuracy: 0.199
Runtime so far:         162 sec

### Epoch 5 ###
Average loss for epoch: 2.254
Average train accuracy: 0.216
Runtime so far:         203 sec

### Epoch 6 ###
Average loss for epoch: 2.022
Average train accuracy: 0.271
Runtime so far:         241 sec

### Epoch 7 ###
Average loss for epoch: 1.834
Average train accuracy: 0.452
Runtime so far:         282 sec

### Epoch 8 ###
Average loss for epoch: 1.240
Average train accuracy: 0.587
Runtime so far:         323 sec

### Epoch 9 ###
Average loss for epoch: 0.947
Average train accuracy: 0.707
Runtime so far:         364 sec

### Epoch 10 ###
Average loss for epoch: 0.698
Average train accuracy: 0.790
Runtime so far:         404 sec

Total runtime:          476 sec

Final loss, Final training accuracy, Final test accuracy
0.6982035636901855, 0.79, 0.6807999999999998
