THIS TRIAL'S ALL PARAMETERS
bond_dim = 15
dynamic_mode = True
periodic_bc = True
init_std = 51.51443874131505
num_train = 1000
num_test = 5000
batch_size = 100
num_epochs = 10
learning_rate = 5.8956998026011665e-06
l2_reg = 0.0
threshold = 2000
cutoff = 1e-10

### Epoch 1 ###
Average loss for epoch: 2.303
Average train accuracy: 0.089
Runtime so far:         52 sec

### Epoch 2 ###
Average loss for epoch: 2.303
Average train accuracy: 0.116
Runtime so far:         104 sec

### Epoch 3 ###
Average loss for epoch: 2.303
Average train accuracy: 0.099
Runtime so far:         157 sec

### Epoch 4 ###
Average loss for epoch: 2.302
Average train accuracy: 0.115
Runtime so far:         210 sec

### Epoch 5 ###
Average loss for epoch: 2.302
Average train accuracy: 0.116
Runtime so far:         264 sec

### Epoch 6 ###
Average loss for epoch: 2.302
Average train accuracy: 0.116
Runtime so far:         316 sec

### Epoch 7 ###
Average loss for epoch: 2.302
Average train accuracy: 0.116
Runtime so far:         370 sec

### Epoch 8 ###
Average loss for epoch: 2.301
Average train accuracy: 0.116
Runtime so far:         422 sec

### Epoch 9 ###
Average loss for epoch: 2.301
Average train accuracy: 0.107
Runtime so far:         475 sec

### Epoch 10 ###
Average loss for epoch: 2.300
Average train accuracy: 0.119
Runtime so far:         530 sec

Total runtime:          621 sec

Final loss, Final training accuracy, Final test accuracy
2.300154685974121, 0.11899999999999997, 0.11419999999999997
