THIS TRIAL'S ALL PARAMETERS
bond_dim = 15
dynamic_mode = True
periodic_bc = True
init_std = 1.2232771255400969e-11
num_train = 1000
num_test = 5000
batch_size = 100
num_epochs = 10
learning_rate = 0.000630957344480193
l2_reg = 0.0
threshold = 2000
cutoff = 1e-10

### Epoch 1 ###
Average loss for epoch: 2.280
Average train accuracy: 0.129
Runtime so far:         107 sec

### Epoch 2 ###
Average loss for epoch: 1.827
Average train accuracy: 0.318
Runtime so far:         213 sec

### Epoch 3 ###
Average loss for epoch: 1.451
Average train accuracy: 0.490
Runtime so far:         327 sec

### Epoch 4 ###
Average loss for epoch: 0.769
Average train accuracy: 0.744
Runtime so far:         434 sec

### Epoch 5 ###
Average loss for epoch: 0.766
Average train accuracy: 0.758
Runtime so far:         548 sec

### Epoch 6 ###
Average loss for epoch: 0.455
Average train accuracy: 0.864
Runtime so far:         653 sec

### Epoch 7 ###
Average loss for epoch: 0.342
Average train accuracy: 0.889
Runtime so far:         768 sec

### Epoch 8 ###
Average loss for epoch: 0.245
Average train accuracy: 0.924
Runtime so far:         879 sec

### Epoch 9 ###
Average loss for epoch: 0.254
Average train accuracy: 0.931
Runtime so far:         992 sec

### Epoch 10 ###
Average loss for epoch: 0.194
Average train accuracy: 0.942
Runtime so far:         1100 sec

Total runtime:          1274 sec

Final loss, Final training accuracy, Final test accuracy
0.1940963715314865, 0.942, 0.8096000000000001
