THIS TRIAL'S ALL PARAMETERS
bond_dim = 15
dynamic_mode = True
periodic_bc = True
init_std = 1.3716914792862215e-05
num_train = 1000
num_test = 5000
batch_size = 100
num_epochs = 10
learning_rate = 2.672107163490187e-05
l2_reg = 0.0
threshold = 2000
cutoff = 1e-10

### Epoch 1 ###
Average loss for epoch: 2.303
Average train accuracy: 0.089
Runtime so far:         58 sec

### Epoch 2 ###
Average loss for epoch: 2.302
Average train accuracy: 0.116
Runtime so far:         115 sec

### Epoch 3 ###
Average loss for epoch: 2.301
Average train accuracy: 0.099
Runtime so far:         174 sec

### Epoch 4 ###
Average loss for epoch: 2.298
Average train accuracy: 0.123
Runtime so far:         233 sec

### Epoch 5 ###
Average loss for epoch: 2.296
Average train accuracy: 0.116
Runtime so far:         292 sec

### Epoch 6 ###
Average loss for epoch: 2.280
Average train accuracy: 0.116
Runtime so far:         350 sec

### Epoch 7 ###
Average loss for epoch: 2.275
Average train accuracy: 0.118
Runtime so far:         410 sec

### Epoch 8 ###
Average loss for epoch: 2.253
Average train accuracy: 0.131
Runtime so far:         467 sec

### Epoch 9 ###
Average loss for epoch: 2.229
Average train accuracy: 0.185
Runtime so far:         525 sec

### Epoch 10 ###
Average loss for epoch: 2.124
Average train accuracy: 0.238
Runtime so far:         583 sec

Total runtime:          687 sec

Final loss, Final training accuracy, Final test accuracy
2.123873710632324, 0.238, 0.21000000000000008
