THIS TRIAL'S ALL PARAMETERS
bond_dim = 15
dynamic_mode = True
periodic_bc = True
init_std = 3.484190321993263e-07
num_train = 1000
num_test = 5000
batch_size = 100
num_epochs = 10
learning_rate = 0.000630957344480193
l2_reg = 0.0
threshold = 2000
cutoff = 1e-10

### Epoch 1 ###
Average loss for epoch: 2.277
Average train accuracy: 0.130
Runtime so far:         113 sec

### Epoch 2 ###
Average loss for epoch: 1.804
Average train accuracy: 0.341
Runtime so far:         217 sec

### Epoch 3 ###
Average loss for epoch: 1.525
Average train accuracy: 0.507
Runtime so far:         325 sec

### Epoch 4 ###
Average loss for epoch: 0.701
Average train accuracy: 0.754
Runtime so far:         432 sec

### Epoch 5 ###
Average loss for epoch: 0.872
Average train accuracy: 0.721
Runtime so far:         542 sec

### Epoch 6 ###
Average loss for epoch: 0.569
Average train accuracy: 0.837
Runtime so far:         650 sec

### Epoch 7 ###
Average loss for epoch: 0.380
Average train accuracy: 0.886
Runtime so far:         757 sec

### Epoch 8 ###
Average loss for epoch: 0.283
Average train accuracy: 0.918
Runtime so far:         863 sec

### Epoch 9 ###
Average loss for epoch: 0.244
Average train accuracy: 0.924
Runtime so far:         971 sec

### Epoch 10 ###
Average loss for epoch: 0.235
Average train accuracy: 0.913
Runtime so far:         1073 sec

Total runtime:          1249 sec

Final loss, Final training accuracy, Final test accuracy
0.2345086634159088, 0.913, 0.8096000000000003
