THIS TRIAL'S ALL PARAMETERS
bond_dim = 15
dynamic_mode = True
periodic_bc = False
init_std = 6.015000847194054e-11
num_train = 1000
num_test = 5000
batch_size = 100
num_epochs = 10
learning_rate = 0.00031462859611862696
l2_reg = 0.0
threshold = 2000
cutoff = 1e-10

### Epoch 1 ###
Average loss for epoch: 2.302
Average train accuracy: 0.117
Runtime so far:         39 sec

### Epoch 2 ###
Average loss for epoch: 2.288
Average train accuracy: 0.189
Runtime so far:         77 sec

### Epoch 3 ###
Average loss for epoch: 1.998
Average train accuracy: 0.279
Runtime so far:         116 sec

### Epoch 4 ###
Average loss for epoch: 1.410
Average train accuracy: 0.499
Runtime so far:         155 sec

### Epoch 5 ###
Average loss for epoch: 1.051
Average train accuracy: 0.634
Runtime so far:         194 sec

### Epoch 6 ###
Average loss for epoch: 0.606
Average train accuracy: 0.785
Runtime so far:         234 sec

### Epoch 7 ###
Average loss for epoch: 0.538
Average train accuracy: 0.852
Runtime so far:         275 sec

### Epoch 8 ###
Average loss for epoch: 0.364
Average train accuracy: 0.893
Runtime so far:         317 sec

### Epoch 9 ###
Average loss for epoch: 0.351
Average train accuracy: 0.896
Runtime so far:         357 sec

### Epoch 10 ###
Average loss for epoch: 0.287
Average train accuracy: 0.914
Runtime so far:         398 sec

Total runtime:          473 sec

Final loss, Final training accuracy, Final test accuracy
0.2871694564819336, 0.9139999999999999, 0.8093999999999998
