THIS TRIAL'S ALL PARAMETERS
bond_dim = 15
dynamic_mode = True
periodic_bc = False
init_std = 3.028446333247354e-07
num_train = 1000
num_test = 5000
batch_size = 100
num_epochs = 10
learning_rate = 9.391180586593671e-07
l2_reg = 0.0
threshold = 2000
cutoff = 1e-10

### Epoch 1 ###
Average loss for epoch: 2.303
Average train accuracy: 0.089
Runtime so far:         39 sec

### Epoch 2 ###
Average loss for epoch: 2.303
Average train accuracy: 0.116
Runtime so far:         78 sec

### Epoch 3 ###
Average loss for epoch: 2.303
Average train accuracy: 0.099
Runtime so far:         120 sec

### Epoch 4 ###
Average loss for epoch: 2.303
Average train accuracy: 0.121
Runtime so far:         159 sec

### Epoch 5 ###
Average loss for epoch: 2.303
Average train accuracy: 0.116
Runtime so far:         200 sec

### Epoch 6 ###
Average loss for epoch: 2.303
Average train accuracy: 0.116
Runtime so far:         240 sec

### Epoch 7 ###
Average loss for epoch: 2.303
Average train accuracy: 0.116
Runtime so far:         280 sec

### Epoch 8 ###
Average loss for epoch: 2.303
Average train accuracy: 0.116
Runtime so far:         320 sec

### Epoch 9 ###
Average loss for epoch: 2.303
Average train accuracy: 0.120
Runtime so far:         362 sec

### Epoch 10 ###
Average loss for epoch: 2.303
Average train accuracy: 0.117
Runtime so far:         402 sec

Total runtime:          476 sec

Final loss, Final training accuracy, Final test accuracy
2.302563190460205, 0.11699999999999999, 0.10240000000000002
