THIS TRIAL'S ALL PARAMETERS
bond_dim = 15
dynamic_mode = True
periodic_bc = True
init_std = 3.7784117059120137e-07
num_train = 1000
num_test = 5000
batch_size = 100
num_epochs = 10
learning_rate = 1.3675259528751587e-05
l2_reg = 0.0
threshold = 2000
cutoff = 1e-10

### Epoch 1 ###
Average loss for epoch: 2.303
Average train accuracy: 0.089
Runtime so far:         57 sec

### Epoch 2 ###
Average loss for epoch: 2.302
Average train accuracy: 0.116
Runtime so far:         115 sec

### Epoch 3 ###
Average loss for epoch: 2.302
Average train accuracy: 0.099
Runtime so far:         173 sec

### Epoch 4 ###
Average loss for epoch: 2.301
Average train accuracy: 0.116
Runtime so far:         229 sec

### Epoch 5 ###
Average loss for epoch: 2.301
Average train accuracy: 0.116
Runtime so far:         286 sec

### Epoch 6 ###
Average loss for epoch: 2.298
Average train accuracy: 0.116
Runtime so far:         343 sec

### Epoch 7 ###
Average loss for epoch: 2.298
Average train accuracy: 0.116
Runtime so far:         401 sec

### Epoch 8 ###
Average loss for epoch: 2.296
Average train accuracy: 0.116
Runtime so far:         458 sec

### Epoch 9 ###
Average loss for epoch: 2.294
Average train accuracy: 0.134
Runtime so far:         514 sec

### Epoch 10 ###
Average loss for epoch: 2.287
Average train accuracy: 0.116
Runtime so far:         570 sec

Total runtime:          671 sec

Final loss, Final training accuracy, Final test accuracy
2.2869718074798584, 0.11599999999999999, 0.11419999999999997
