THIS TRIAL'S ALL PARAMETERS
bond_dim = 15
dynamic_mode = True
periodic_bc = True
init_std = 7307251.011196539
num_train = 1000
num_test = 5000
batch_size = 100
num_epochs = 10
learning_rate = 2.5955621711808236e-06
l2_reg = 0.0
threshold = 2000
cutoff = 1e-10

### Epoch 1 ###
Average loss for epoch: 2.303
Average train accuracy: 0.088
Runtime so far:         54 sec

### Epoch 2 ###
Average loss for epoch: 2.303
Average train accuracy: 0.116
Runtime so far:         109 sec

### Epoch 3 ###
Average loss for epoch: 2.303
Average train accuracy: 0.099
Runtime so far:         165 sec

### Epoch 4 ###
Average loss for epoch: 2.303
Average train accuracy: 0.115
Runtime so far:         221 sec

### Epoch 5 ###
Average loss for epoch: 2.302
Average train accuracy: 0.116
Runtime so far:         278 sec

### Epoch 6 ###
Average loss for epoch: 2.302
Average train accuracy: 0.116
Runtime so far:         335 sec

### Epoch 7 ###
Average loss for epoch: 2.302
Average train accuracy: 0.116
Runtime so far:         391 sec

### Epoch 8 ###
Average loss for epoch: 2.302
Average train accuracy: 0.116
Runtime so far:         447 sec

### Epoch 9 ###
Average loss for epoch: 2.302
Average train accuracy: 0.107
Runtime so far:         502 sec

### Epoch 10 ###
Average loss for epoch: 2.302
Average train accuracy: 0.118
Runtime so far:         558 sec

Total runtime:          655 sec

Final loss, Final training accuracy, Final test accuracy
2.3018932342529297, 0.118, 0.11419999999999997
