THIS TRIAL'S ALL PARAMETERS
bond_dim = 15
dynamic_mode = True
periodic_bc = True
init_std = 6.479049961193348e-05
num_train = 1000
num_test = 5000
batch_size = 100
num_epochs = 10
learning_rate = 0.000630957344480193
l2_reg = 0.0
threshold = 2000
cutoff = 1e-10

### Epoch 1 ###
Average loss for epoch: 2.267
Average train accuracy: 0.140
Runtime so far:         108 sec

### Epoch 2 ###
Average loss for epoch: 1.894
Average train accuracy: 0.302
Runtime so far:         214 sec

### Epoch 3 ###
Average loss for epoch: 1.380
Average train accuracy: 0.531
Runtime so far:         323 sec

### Epoch 4 ###
Average loss for epoch: 0.627
Average train accuracy: 0.800
Runtime so far:         428 sec

### Epoch 5 ###
Average loss for epoch: 0.666
Average train accuracy: 0.783
Runtime so far:         532 sec

### Epoch 6 ###
Average loss for epoch: 0.675
Average train accuracy: 0.811
Runtime so far:         638 sec

### Epoch 7 ###
Average loss for epoch: 0.379
Average train accuracy: 0.891
Runtime so far:         749 sec

### Epoch 8 ###
Average loss for epoch: 0.278
Average train accuracy: 0.913
Runtime so far:         858 sec

### Epoch 9 ###
Average loss for epoch: 0.218
Average train accuracy: 0.938
Runtime so far:         966 sec

### Epoch 10 ###
Average loss for epoch: 0.221
Average train accuracy: 0.941
Runtime so far:         1078 sec

Total runtime:          1251 sec

Final loss, Final training accuracy, Final test accuracy
0.2212229073047638, 0.9410000000000001, 0.81
