THIS TRIAL'S ALL PARAMETERS
bond_dim = 15
dynamic_mode = True
periodic_bc = True
init_std = 3.338797308175936e-20
num_train = 1000
num_test = 5000
batch_size = 100
num_epochs = 10
learning_rate = 0.000630957344480193
l2_reg = 0.0
threshold = 2000
cutoff = 1e-10

### Epoch 1 ###
Average loss for epoch: 2.270
Average train accuracy: 0.136
Runtime so far:         103 sec

### Epoch 2 ###
Average loss for epoch: 1.934
Average train accuracy: 0.263
Runtime so far:         211 sec

### Epoch 3 ###
Average loss for epoch: 1.508
Average train accuracy: 0.484
Runtime so far:         318 sec

### Epoch 4 ###
Average loss for epoch: 0.767
Average train accuracy: 0.743
Runtime so far:         421 sec

### Epoch 5 ###
Average loss for epoch: 0.660
Average train accuracy: 0.786
Runtime so far:         527 sec

### Epoch 6 ###
Average loss for epoch: 0.385
Average train accuracy: 0.879
Runtime so far:         634 sec

### Epoch 7 ###
Average loss for epoch: 0.320
Average train accuracy: 0.902
Runtime so far:         744 sec

### Epoch 8 ###
Average loss for epoch: 0.193
Average train accuracy: 0.940
Runtime so far:         848 sec

### Epoch 9 ###
Average loss for epoch: 0.197
Average train accuracy: 0.938
Runtime so far:         955 sec

### Epoch 10 ###
Average loss for epoch: 0.178
Average train accuracy: 0.939
Runtime so far:         1062 sec

Total runtime:          1235 sec

Final loss, Final training accuracy, Final test accuracy
0.17775680124759674, 0.9389999999999998, 0.8208
