THIS TRIAL'S ALL PARAMETERS
bond_dim = 15
dynamic_mode = True
periodic_bc = True
init_std = 2.2851255975926645e-11
num_train = 1000
num_test = 5000
batch_size = 100
num_epochs = 10
learning_rate = 0.0032576675831112556
l2_reg = 0.0
threshold = 2000
cutoff = 1e-10

### Epoch 1 ###
Average loss for epoch: 3.147
Average train accuracy: 0.108
Runtime so far:         52 sec

### Epoch 2 ###
Average loss for epoch: 2.161
Average train accuracy: 0.225
Runtime so far:         104 sec

### Epoch 3 ###
Average loss for epoch: 6.025
Average train accuracy: 0.134
Runtime so far:         158 sec

### Epoch 4 ###
Average loss for epoch: 2.022
Average train accuracy: 0.243
Runtime so far:         212 sec

### Epoch 5 ###
Average loss for epoch: 2.293
Average train accuracy: 0.226
Runtime so far:         266 sec

### Epoch 6 ###
Average loss for epoch: 2.223
Average train accuracy: 0.187
Runtime so far:         320 sec

### Epoch 7 ###
Average loss for epoch: 2.055
Average train accuracy: 0.266
Runtime so far:         374 sec

### Epoch 8 ###
Average loss for epoch: 1.593
Average train accuracy: 0.442
Runtime so far:         429 sec

### Epoch 9 ###
Average loss for epoch: 1.916
Average train accuracy: 0.364
Runtime so far:         485 sec

### Epoch 10 ###
Average loss for epoch: 2.140
Average train accuracy: 0.334
Runtime so far:         539 sec

Total runtime:          630 sec

Final loss, Final training accuracy, Final test accuracy
2.1396613121032715, 0.334, 0.14679999999999999
