THIS TRIAL'S ALL PARAMETERS
bond_dim = 15
dynamic_mode = True
periodic_bc = True
init_std = 4.210316406671179e-14
num_train = 1000
num_test = 5000
batch_size = 100
num_epochs = 10
learning_rate = 3.750783360413801e-07
l2_reg = 0.0
threshold = 2000
cutoff = 1e-10

### Epoch 1 ###
Average loss for epoch: 2.303
Average train accuracy: 0.097
Runtime so far:         58 sec

### Epoch 2 ###
Average loss for epoch: 2.303
Average train accuracy: 0.116
Runtime so far:         115 sec

### Epoch 3 ###
Average loss for epoch: 2.303
Average train accuracy: 0.099
Runtime so far:         174 sec

### Epoch 4 ###
Average loss for epoch: 2.303
Average train accuracy: 0.124
Runtime so far:         231 sec

### Epoch 5 ###
Average loss for epoch: 2.303
Average train accuracy: 0.116
Runtime so far:         289 sec

### Epoch 6 ###
Average loss for epoch: 2.303
Average train accuracy: 0.116
Runtime so far:         345 sec

### Epoch 7 ###
Average loss for epoch: 2.303
Average train accuracy: 0.116
Runtime so far:         404 sec

### Epoch 8 ###
Average loss for epoch: 2.303
Average train accuracy: 0.116
Runtime so far:         459 sec

### Epoch 9 ###
Average loss for epoch: 2.303
Average train accuracy: 0.107
Runtime so far:         516 sec

### Epoch 10 ###
Average loss for epoch: 2.303
Average train accuracy: 0.114
Runtime so far:         573 sec

Total runtime:          673 sec

Final loss, Final training accuracy, Final test accuracy
2.302504301071167, 0.11400000000000002, 0.11419999999999997
