THIS TRIAL'S ALL PARAMETERS
bond_dim = 15
dynamic_mode = True
periodic_bc = True
init_std = 1.595594815193895e-09
num_train = 1000
num_test = 5000
batch_size = 100
num_epochs = 10
learning_rate = 2.2598596913446473e-05
l2_reg = 0.0
threshold = 2000
cutoff = 1e-10

### Epoch 1 ###
Average loss for epoch: 2.303
Average train accuracy: 0.089
Runtime so far:         56 sec

### Epoch 2 ###
Average loss for epoch: 2.302
Average train accuracy: 0.116
Runtime so far:         111 sec

### Epoch 3 ###
Average loss for epoch: 2.302
Average train accuracy: 0.099
Runtime so far:         168 sec

### Epoch 4 ###
Average loss for epoch: 2.299
Average train accuracy: 0.115
Runtime so far:         225 sec

### Epoch 5 ###
Average loss for epoch: 2.298
Average train accuracy: 0.116
Runtime so far:         282 sec

### Epoch 6 ###
Average loss for epoch: 2.289
Average train accuracy: 0.116
Runtime so far:         338 sec

### Epoch 7 ###
Average loss for epoch: 2.286
Average train accuracy: 0.116
Runtime so far:         394 sec

### Epoch 8 ###
Average loss for epoch: 2.276
Average train accuracy: 0.117
Runtime so far:         450 sec

### Epoch 9 ###
Average loss for epoch: 2.265
Average train accuracy: 0.148
Runtime so far:         506 sec

### Epoch 10 ###
Average loss for epoch: 2.216
Average train accuracy: 0.190
Runtime so far:         562 sec

Total runtime:          660 sec

Final loss, Final training accuracy, Final test accuracy
2.2156083583831787, 0.19, 0.1534
