THIS TRIAL'S ALL PARAMETERS
bond_dim = 15
dynamic_mode = True
periodic_bc = False
init_std = 3.417563768226651e-06
num_train = 1000
num_test = 5000
batch_size = 100
num_epochs = 10
learning_rate = 0.000630957344480193
l2_reg = 0.0
threshold = 2000
cutoff = 1e-10

### Epoch 1 ###
Average loss for epoch: 2.297
Average train accuracy: 0.120
Runtime so far:         41 sec

### Epoch 2 ###
Average loss for epoch: 1.896
Average train accuracy: 0.299
Runtime so far:         81 sec

### Epoch 3 ###
Average loss for epoch: 1.614
Average train accuracy: 0.422
Runtime so far:         125 sec

### Epoch 4 ###
Average loss for epoch: 0.849
Average train accuracy: 0.725
Runtime so far:         166 sec

### Epoch 5 ###
Average loss for epoch: 0.835
Average train accuracy: 0.751
Runtime so far:         207 sec

### Epoch 6 ###
Average loss for epoch: 0.545
Average train accuracy: 0.817
Runtime so far:         247 sec

### Epoch 7 ###
Average loss for epoch: 0.428
Average train accuracy: 0.855
Runtime so far:         288 sec

### Epoch 8 ###
Average loss for epoch: 0.370
Average train accuracy: 0.894
Runtime so far:         328 sec

### Epoch 9 ###
Average loss for epoch: 0.317
Average train accuracy: 0.903
Runtime so far:         369 sec

### Epoch 10 ###
Average loss for epoch: 0.318
Average train accuracy: 0.891
Runtime so far:         408 sec

Total runtime:          482 sec

Final loss, Final training accuracy, Final test accuracy
0.31824997067451477, 0.891, 0.8014
