THIS TRIAL'S ALL PARAMETERS
bond_dim = 15
dynamic_mode = True
periodic_bc = False
init_std = 4.4351957744753734e-08
num_train = 1000
num_test = 5000
batch_size = 100
num_epochs = 10
learning_rate = 4.834133013727868e-05
l2_reg = 0.0
threshold = 2000
cutoff = 1e-10

### Epoch 1 ###
Average loss for epoch: 2.303
Average train accuracy: 0.089
Runtime so far:         41 sec

### Epoch 2 ###
Average loss for epoch: 2.302
Average train accuracy: 0.116
Runtime so far:         82 sec

### Epoch 3 ###
Average loss for epoch: 2.302
Average train accuracy: 0.099
Runtime so far:         124 sec

### Epoch 4 ###
Average loss for epoch: 2.297
Average train accuracy: 0.143
Runtime so far:         167 sec

### Epoch 5 ###
Average loss for epoch: 2.288
Average train accuracy: 0.184
Runtime so far:         209 sec

### Epoch 6 ###
Average loss for epoch: 2.200
Average train accuracy: 0.194
Runtime so far:         249 sec

### Epoch 7 ###
Average loss for epoch: 2.125
Average train accuracy: 0.227
Runtime so far:         291 sec

### Epoch 8 ###
Average loss for epoch: 1.804
Average train accuracy: 0.382
Runtime so far:         333 sec

### Epoch 9 ###
Average loss for epoch: 1.389
Average train accuracy: 0.607
Runtime so far:         374 sec

### Epoch 10 ###
Average loss for epoch: 0.841
Average train accuracy: 0.751
Runtime so far:         414 sec

Total runtime:          492 sec

Final loss, Final training accuracy, Final test accuracy
0.8406798243522644, 0.751, 0.5682000000000001
