THIS TRIAL'S ALL PARAMETERS
bond_dim = 15
dynamic_mode = True
periodic_bc = True
init_std = 0.021288140101878156
num_train = 1000
num_test = 5000
batch_size = 100
num_epochs = 10
learning_rate = 3.462815576440856e-05
l2_reg = 0.0
threshold = 2000
cutoff = 1e-10

### Epoch 1 ###
Average loss for epoch: 2.303
Average train accuracy: 0.089
Runtime so far:         55 sec

### Epoch 2 ###
Average loss for epoch: 2.302
Average train accuracy: 0.116
Runtime so far:         111 sec

### Epoch 3 ###
Average loss for epoch: 2.300
Average train accuracy: 0.099
Runtime so far:         168 sec

### Epoch 4 ###
Average loss for epoch: 2.294
Average train accuracy: 0.121
Runtime so far:         224 sec

### Epoch 5 ###
Average loss for epoch: 2.289
Average train accuracy: 0.116
Runtime so far:         286 sec

### Epoch 6 ###
Average loss for epoch: 2.251
Average train accuracy: 0.117
Runtime so far:         342 sec

### Epoch 7 ###
Average loss for epoch: 2.235
Average train accuracy: 0.152
Runtime so far:         398 sec

### Epoch 8 ###
Average loss for epoch: 2.165
Average train accuracy: 0.184
Runtime so far:         454 sec

### Epoch 9 ###
Average loss for epoch: 2.076
Average train accuracy: 0.293
Runtime so far:         509 sec

### Epoch 10 ###
Average loss for epoch: 1.735
Average train accuracy: 0.420
Runtime so far:         565 sec

Total runtime:          661 sec

Final loss, Final training accuracy, Final test accuracy
1.7352911233901978, 0.41999999999999993, 0.423
