THIS TRIAL'S ALL PARAMETERS
bond_dim = 15
dynamic_mode = True
periodic_bc = True
init_std = 0.009891884156591778
num_train = 1000
num_test = 5000
batch_size = 100
num_epochs = 10
learning_rate = 4.6997575867491786e-07
l2_reg = 0.0
threshold = 2000
cutoff = 1e-10

### Epoch 1 ###
Average loss for epoch: 2.303
Average train accuracy: 0.091
Runtime so far:         55 sec

### Epoch 2 ###
Average loss for epoch: 2.303
Average train accuracy: 0.116
Runtime so far:         110 sec

### Epoch 3 ###
Average loss for epoch: 2.303
Average train accuracy: 0.099
Runtime so far:         166 sec

### Epoch 4 ###
Average loss for epoch: 2.303
Average train accuracy: 0.118
Runtime so far:         223 sec

### Epoch 5 ###
Average loss for epoch: 2.303
Average train accuracy: 0.116
Runtime so far:         279 sec

### Epoch 6 ###
Average loss for epoch: 2.303
Average train accuracy: 0.116
Runtime so far:         334 sec

### Epoch 7 ###
Average loss for epoch: 2.303
Average train accuracy: 0.116
Runtime so far:         391 sec

### Epoch 8 ###
Average loss for epoch: 2.303
Average train accuracy: 0.116
Runtime so far:         447 sec

### Epoch 9 ###
Average loss for epoch: 2.303
Average train accuracy: 0.109
Runtime so far:         501 sec

### Epoch 10 ###
Average loss for epoch: 2.302
Average train accuracy: 0.117
Runtime so far:         558 sec

Total runtime:          657 sec

Final loss, Final training accuracy, Final test accuracy
2.3024845123291016, 0.11699999999999999, 0.11419999999999997
