THIS TRIAL'S ALL PARAMETERS
bond_dim = 15
dynamic_mode = True
periodic_bc = False
init_std = 6.947897761230237
num_train = 1000
num_test = 5000
batch_size = 100
num_epochs = 10
learning_rate = 0.00013215565208908614
l2_reg = 0.0
threshold = 2000
cutoff = 1e-10

### Epoch 1 ###
Average loss for epoch: 2.303
Average train accuracy: 0.094
Runtime so far:         39 sec

### Epoch 2 ###
Average loss for epoch: 2.295
Average train accuracy: 0.130
Runtime so far:         79 sec

### Epoch 3 ###
Average loss for epoch: 2.256
Average train accuracy: 0.117
Runtime so far:         119 sec

### Epoch 4 ###
Average loss for epoch: 2.019
Average train accuracy: 0.227
Runtime so far:         159 sec

### Epoch 5 ###
Average loss for epoch: 1.640
Average train accuracy: 0.444
Runtime so far:         198 sec

### Epoch 6 ###
Average loss for epoch: 0.926
Average train accuracy: 0.705
Runtime so far:         238 sec

### Epoch 7 ###
Average loss for epoch: 0.749
Average train accuracy: 0.790
Runtime so far:         279 sec

### Epoch 8 ###
Average loss for epoch: 0.508
Average train accuracy: 0.842
Runtime so far:         319 sec

### Epoch 9 ###
Average loss for epoch: 0.561
Average train accuracy: 0.824
Runtime so far:         359 sec

### Epoch 10 ###
Average loss for epoch: 0.454
Average train accuracy: 0.863
Runtime so far:         398 sec

Total runtime:          473 sec

Final loss, Final training accuracy, Final test accuracy
0.45410338044166565, 0.8630000000000001, 0.7751999999999998
