THIS TRIAL'S ALL PARAMETERS
bond_dim = 15
dynamic_mode = False
periodic_bc = False
init_std = 1.1785578036199578e-10
num_train = 1000
num_test = 5000
batch_size = 100
num_epochs = 10
learning_rate = 0.015700199231237576
l2_reg = 0.0

### Epoch 1 ###
Average loss for epoch: 3742.256
Smoothed loss:          3742.256
Average train accuracy: 0.102
Runtime so far:         35 sec

### Epoch 2 ###
Average loss for epoch: 122.111
Smoothed loss:          1570.169
Average train accuracy: 0.101
Runtime so far:         70 sec

### Epoch 3 ###
Average loss for epoch: 20.329
Smoothed loss:          640.265
Average train accuracy: 0.110
Runtime so far:         105 sec

### Epoch 4 ###
Average loss for epoch: 3.659
Smoothed loss:          258.301
Average train accuracy: 0.106
Runtime so far:         142 sec

### Epoch 5 ###
Average loss for epoch: 2.576
Smoothed loss:          104.866
Average train accuracy: 0.075
Runtime so far:         178 sec

### Epoch 6 ###
Average loss for epoch: 2.429
Smoothed loss:          43.404
Average train accuracy: 0.076
Runtime so far:         213 sec

### Epoch 7 ###
Average loss for epoch: 2.414
Smoothed loss:          18.810
Average train accuracy: 0.078
Runtime so far:         249 sec

### Epoch 8 ###
Average loss for epoch: 2.310
Smoothed loss:          8.910
Average train accuracy: 0.073
Runtime so far:         285 sec

### Epoch 9 ###
Average loss for epoch: 2.298
Smoothed loss:          4.943
Average train accuracy: 0.081
Runtime so far:         322 sec

### Epoch 10 ###
Average loss for epoch: 2.298
Smoothed loss:          3.356
Average train accuracy: 0.083
Runtime so far:         365 sec

Total runtime:          430 sec

Smoothed loss, Final training accuracy, Final test accuracy
3.3561019897460938, 0.08299999999999999, 0.08099999999999997
