THIS TRIAL'S ALL PARAMETERS
bond_dim = 15
dynamic_mode = False
periodic_bc = False
init_std = 3.4384360365877814e-06
num_train = 1000
num_test = 5000
batch_size = 100
num_epochs = 10
learning_rate = 4.04713137495395e-06
l2_reg = 0.0

### Epoch 1 ###
Average loss for epoch: 2.303
Smoothed loss:          2.303
Average train accuracy: 0.089
Runtime so far:         37 sec

### Epoch 2 ###
Average loss for epoch: 2.303
Smoothed loss:          2.303
Average train accuracy: 0.116
Runtime so far:         74 sec

### Epoch 3 ###
Average loss for epoch: 2.303
Smoothed loss:          2.303
Average train accuracy: 0.116
Runtime so far:         115 sec

### Epoch 4 ###
Average loss for epoch: 2.303
Smoothed loss:          2.303
Average train accuracy: 0.116
Runtime so far:         155 sec

### Epoch 5 ###
Average loss for epoch: 2.303
Smoothed loss:          2.303
Average train accuracy: 0.116
Runtime so far:         194 sec

### Epoch 6 ###
Average loss for epoch: 2.302
Smoothed loss:          2.302
Average train accuracy: 0.116
Runtime so far:         231 sec

### Epoch 7 ###
Average loss for epoch: 2.302
Smoothed loss:          2.302
Average train accuracy: 0.116
Runtime so far:         275 sec

### Epoch 8 ###
Average loss for epoch: 2.301
Smoothed loss:          2.302
Average train accuracy: 0.116
Runtime so far:         319 sec

### Epoch 9 ###
Average loss for epoch: 2.298
Smoothed loss:          2.300
Average train accuracy: 0.116
Runtime so far:         360 sec

### Epoch 10 ###
Average loss for epoch: 2.290
Smoothed loss:          2.294
Average train accuracy: 0.116
Runtime so far:         402 sec

Total runtime:          478 sec

Smoothed loss, Final training accuracy, Final test accuracy
2.294152021408081, 0.11599999999999999, 0.11419999999999997
