THIS TRIAL'S ALL PARAMETERS
bond_dim = 15
dynamic_mode = False
periodic_bc = False
init_std = 2.6511176462711416e-08
num_train = 1000
num_test = 5000
batch_size = 100
num_epochs = 10
learning_rate = 1.768034098586649e-05
l2_reg = 0.0

### Epoch 1 ###
Average loss for epoch: 2.303
Smoothed loss:          2.303
Average train accuracy: 0.088
Runtime so far:         48 sec

### Epoch 2 ###
Average loss for epoch: 2.303
Smoothed loss:          2.303
Average train accuracy: 0.116
Runtime so far:         87 sec

### Epoch 3 ###
Average loss for epoch: 2.302
Smoothed loss:          2.302
Average train accuracy: 0.116
Runtime so far:         126 sec

### Epoch 4 ###
Average loss for epoch: 2.297
Smoothed loss:          2.299
Average train accuracy: 0.108
Runtime so far:         164 sec

### Epoch 5 ###
Average loss for epoch: 2.275
Smoothed loss:          2.285
Average train accuracy: 0.116
Runtime so far:         202 sec

### Epoch 6 ###
Average loss for epoch: 2.252
Smoothed loss:          2.265
Average train accuracy: 0.116
Runtime so far:         240 sec

### Epoch 7 ###
Average loss for epoch: 2.215
Smoothed loss:          2.235
Average train accuracy: 0.116
Runtime so far:         277 sec

### Epoch 8 ###
Average loss for epoch: 2.187
Smoothed loss:          2.206
Average train accuracy: 0.130
Runtime so far:         312 sec

### Epoch 9 ###
Average loss for epoch: 2.159
Smoothed loss:          2.178
Average train accuracy: 0.117
Runtime so far:         349 sec

### Epoch 10 ###
Average loss for epoch: 2.138
Smoothed loss:          2.154
Average train accuracy: 0.117
Runtime so far:         388 sec

Total runtime:          451 sec

Smoothed loss, Final training accuracy, Final test accuracy
2.1542911529541016, 0.11699999999999999, 0.10460000000000001
