THIS TRIAL'S ALL PARAMETERS
bond_dim = 15
dynamic_mode = False
periodic_bc = False
init_std = 1.0839757380775815e-13
num_train = 1000
num_test = 5000
batch_size = 100
num_epochs = 10
learning_rate = 5.13806428769159e-07
l2_reg = 0.0

### Epoch 1 ###
Average loss for epoch: 2.303
Average train accuracy: 0.091
Runtime so far:         37 sec

### Epoch 2 ###
Average loss for epoch: 2.303
Average train accuracy: 0.116
Runtime so far:         72 sec

### Epoch 3 ###
Average loss for epoch: 2.303
Average train accuracy: 0.116
Runtime so far:         107 sec

### Epoch 4 ###
Average loss for epoch: 2.303
Average train accuracy: 0.116
Runtime so far:         141 sec

### Epoch 5 ###
Average loss for epoch: 2.303
Average train accuracy: 0.116
Runtime so far:         174 sec

### Epoch 6 ###
Average loss for epoch: 2.303
Average train accuracy: 0.116
Runtime so far:         206 sec

### Epoch 7 ###
Average loss for epoch: 2.303
Average train accuracy: 0.116
Runtime so far:         244 sec

### Epoch 8 ###
Average loss for epoch: 2.303
Average train accuracy: 0.116
Runtime so far:         285 sec

### Epoch 9 ###
Average loss for epoch: 2.303
Average train accuracy: 0.116
Runtime so far:         323 sec

### Epoch 10 ###
Average loss for epoch: 2.303
Average train accuracy: 0.116
Runtime so far:         360 sec

Total runtime:          417 sec

Final loss, Final training accuracy, Final test accuracy
2.302581310272217, 0.11599999999999999, 0.11419999999999997
