THIS TRIAL'S ALL PARAMETERS
bond_dim = 15
dynamic_mode = False
periodic_bc = False
init_std = 1.4061132902138257e-08
num_train = 1000
num_test = 5000
batch_size = 100
num_epochs = 10
learning_rate = 0.001284166072586615
l2_reg = 0.0

### Epoch 1 ###
Average loss for epoch: 2.304
Smoothed loss:          2.304
Average train accuracy: 0.095
Runtime so far:         44 sec

### Epoch 2 ###
Average loss for epoch: 3.000
Smoothed loss:          2.722
Average train accuracy: 0.187
Runtime so far:         83 sec

### Epoch 3 ###
Average loss for epoch: 2.275
Smoothed loss:          2.454
Average train accuracy: 0.181
Runtime so far:         118 sec

### Epoch 4 ###
Average loss for epoch: 2.079
Smoothed loss:          2.229
Average train accuracy: 0.213
Runtime so far:         155 sec

### Epoch 5 ###
Average loss for epoch: 1.656
Smoothed loss:          1.885
Average train accuracy: 0.461
Runtime so far:         190 sec

### Epoch 6 ###
Average loss for epoch: 1.752
Smoothed loss:          1.805
Average train accuracy: 0.480
Runtime so far:         225 sec

### Epoch 7 ###
Average loss for epoch: 1.326
Smoothed loss:          1.518
Average train accuracy: 0.572
Runtime so far:         260 sec

### Epoch 8 ###
Average loss for epoch: 1.576
Smoothed loss:          1.553
Average train accuracy: 0.545
Runtime so far:         296 sec

### Epoch 9 ###
Average loss for epoch: 0.956
Smoothed loss:          1.195
Average train accuracy: 0.722
Runtime so far:         331 sec

### Epoch 10 ###
Average loss for epoch: 0.778
Smoothed loss:          0.945
Average train accuracy: 0.767
Runtime so far:         367 sec

Total runtime:          427 sec

Smoothed loss, Final training accuracy, Final test accuracy
0.9450063705444336, 0.7669999999999999, 0.6794
