bond_dim = 15
dynamic_mode = False
periodic_bc = False
init_std = 0.010985354586151772
num_train = 1000
num_test = 5000
batch_size = 100
num_epochs = 10
learning rate = 4.2310151125044594e-08
l2_reg = 0.0

### Epoch 1 ###
Average loss for epoch: 2.303
Smoothed loss:          2.303
Average train accuracy: 0.102
Runtime so far:         34 sec

### Epoch 2 ###
Average loss for epoch: 2.303
Smoothed loss:          2.303
Average train accuracy: 0.111
Runtime so far:         68 sec

### Epoch 3 ###
Average loss for epoch: 2.303
Smoothed loss:          2.303
Average train accuracy: 0.120
Runtime so far:         103 sec

### Epoch 4 ###
Average loss for epoch: 2.303
Smoothed loss:          2.303
Average train accuracy: 0.117
Runtime so far:         138 sec

### Epoch 5 ###
Average loss for epoch: 2.303
Smoothed loss:          2.303
Average train accuracy: 0.116
Runtime so far:         172 sec

### Epoch 6 ###
Average loss for epoch: 2.303
Smoothed loss:          2.303
Average train accuracy: 0.116
Runtime so far:         206 sec

### Epoch 7 ###
Average loss for epoch: 2.303
Smoothed loss:          2.303
Average train accuracy: 0.116
Runtime so far:         240 sec

### Epoch 8 ###
Average loss for epoch: 2.303
Smoothed loss:          2.303
Average train accuracy: 0.116
Runtime so far:         274 sec

### Epoch 9 ###
Average loss for epoch: 2.303
Smoothed loss:          2.303
Average train accuracy: 0.116
Runtime so far:         309 sec

### Epoch 10 ###
Average loss for epoch: 2.303
Smoothed loss:          2.303
Average train accuracy: 0.116
Runtime so far:         343 sec

Total runtime:          401 sec

Smoothed loss, Final training accuracy, Final test accuracy
2.3025827407836914, 0.11599999999999999, 0.11419999999999997
