THIS TRIAL'S ALL PARAMETERS
bond_dim = 15
dynamic_mode = False
periodic_bc = False
init_std = 0.40804484884028874
num_train = 1000
num_test = 5000
batch_size = 100
num_epochs = 10
learning_rate = 0.0022438283769823535
l2_reg = 0.0

### Epoch 1 ###
Average loss for epoch: 2.517
Smoothed loss:          2.517
Average train accuracy: 0.087
Runtime so far:         34 sec

### Epoch 2 ###
Average loss for epoch: 2.302
Smoothed loss:          2.388
Average train accuracy: 0.112
Runtime so far:         70 sec

### Epoch 3 ###
Average loss for epoch: 2.303
Smoothed loss:          2.337
Average train accuracy: 0.092
Runtime so far:         105 sec

### Epoch 4 ###
Average loss for epoch: 2.301
Smoothed loss:          2.316
Average train accuracy: 0.123
Runtime so far:         139 sec

### Epoch 5 ###
Average loss for epoch: 2.275
Smoothed loss:          2.291
Average train accuracy: 0.108
Runtime so far:         173 sec

### Epoch 6 ###
Average loss for epoch: 2.294
Smoothed loss:          2.293
Average train accuracy: 0.127
Runtime so far:         208 sec

### Epoch 7 ###
Average loss for epoch: 2.302
Smoothed loss:          2.298
Average train accuracy: 0.167
Runtime so far:         242 sec

### Epoch 8 ###
Average loss for epoch: 2.298
Smoothed loss:          2.298
Average train accuracy: 0.160
Runtime so far:         278 sec

### Epoch 9 ###
Average loss for epoch: 2.296
Smoothed loss:          2.297
Average train accuracy: 0.111
Runtime so far:         315 sec

### Epoch 10 ###
Average loss for epoch: 2.302
Smoothed loss:          2.300
Average train accuracy: 0.119
Runtime so far:         351 sec

Total runtime:          412 sec

Smoothed loss, Final training accuracy, Final test accuracy
2.300135374069214, 0.11899999999999997, 0.11419999999999997
