THIS TRIAL'S ALL PARAMETERS
bond_dim = 15
dynamic_mode = False
periodic_bc = False
init_std = 7.395332735776974e-13
num_train = 1000
num_test = 5000
batch_size = 100
num_epochs = 10
learning_rate = 0.03081325044716425
l2_reg = 0.0

### Epoch 1 ###
Average loss for epoch: 76771416342528.000
Average train accuracy: 0.116
Runtime so far:         37 sec

### Epoch 2 ###
Average loss for epoch: 13261671537490001920.000
Average train accuracy: 0.105
Runtime so far:         71 sec

### Epoch 3 ###
Average loss for epoch: 12413088131236482777088.000
Average train accuracy: 0.115
Runtime so far:         105 sec

### Epoch 4 ###
Average loss for epoch: 139662799302060670976.000
Average train accuracy: 0.112
Runtime so far:         140 sec

### Epoch 5 ###
Average loss for epoch: 44472807629503397363712.000
Average train accuracy: 0.106
Runtime so far:         174 sec

### Epoch 6 ###
Average loss for epoch: 44669412271236256366592.000
Average train accuracy: 0.103
Runtime so far:         208 sec

### Epoch 7 ###
Average loss for epoch: 48942792389255199981568.000
Average train accuracy: 0.112
Runtime so far:         242 sec

### Epoch 8 ###
Average loss for epoch: 42309363936907531124736.000
Average train accuracy: 0.106
Runtime so far:         277 sec

### Epoch 9 ###
Average loss for epoch: 39559772249209767460864.000
Average train accuracy: 0.108
Runtime so far:         311 sec

### Epoch 10 ###
Average loss for epoch: 38938960047775999328256.000
Average train accuracy: 0.106
Runtime so far:         345 sec

Total runtime:          403 sec

Final loss, Final training accuracy, Final test accuracy
3.8938960047776e+22, 0.10600000000000001, 0.11340000000000003
