bond_dim = 15
dynamic_mode = False
periodic_bc = False
init_std = 1.0683177509297587e-08
num_train = 1000
num_test = 5000
batch_size = 100
num_epochs = 10
learning rate = 4.9461398654010776e-05
l2_reg = 0.0

### Epoch 1 ###
Average loss for epoch: 2.303
Smoothed loss:          2.303
Average train accuracy: 0.090
Runtime so far:         33 sec

### Epoch 2 ###
Average loss for epoch: 2.301
Smoothed loss:          2.302
Average train accuracy: 0.116
Runtime so far:         66 sec

### Epoch 3 ###
Average loss for epoch: 2.257
Smoothed loss:          2.275
Average train accuracy: 0.116
Runtime so far:         99 sec

### Epoch 4 ###
Average loss for epoch: 2.207
Smoothed loss:          2.234
Average train accuracy: 0.116
Runtime so far:         134 sec

### Epoch 5 ###
Average loss for epoch: 2.160
Smoothed loss:          2.190
Average train accuracy: 0.116
Runtime so far:         167 sec

### Epoch 6 ###
Average loss for epoch: 2.116
Smoothed loss:          2.145
Average train accuracy: 0.148
Runtime so far:         200 sec

### Epoch 7 ###
Average loss for epoch: 2.054
Smoothed loss:          2.090
Average train accuracy: 0.189
Runtime so far:         234 sec

### Epoch 8 ###
Average loss for epoch: 1.945
Smoothed loss:          2.003
Average train accuracy: 0.245
Runtime so far:         267 sec

### Epoch 9 ###
Average loss for epoch: 1.797
Smoothed loss:          1.879
Average train accuracy: 0.293
Runtime so far:         300 sec

### Epoch 10 ###
Average loss for epoch: 1.681
Smoothed loss:          1.760
Average train accuracy: 0.385
Runtime so far:         333 sec

Total runtime:          392 sec

Smoothed loss, Final training accuracy, Final test accuracy
1.7603392601013184, 0.38500000000000006, 0.35440000000000005
