THIS TRIAL'S ALL PARAMETERS
bond_dim = 15
dynamic_mode = False
periodic_bc = True
init_std = 1e-08
num_train = 1000
num_test = 5000
batch_size = 100
num_epochs = 10
learning_rate = 5e-05
l2_reg = 0.0

### Epoch 1 ###
Average loss for epoch: 2.302
Average train accuracy: 0.093
Runtime so far:         51 sec

### Epoch 2 ###
Average loss for epoch: 2.299
Average train accuracy: 0.116
Runtime so far:         102 sec

### Epoch 3 ###
Average loss for epoch: 2.249
Average train accuracy: 0.109
Runtime so far:         152 sec

### Epoch 4 ###
Average loss for epoch: 1.973
Average train accuracy: 0.212
Runtime so far:         202 sec

### Epoch 5 ###
Average loss for epoch: 1.858
Average train accuracy: 0.303
Runtime so far:         254 sec

### Epoch 6 ###
Average loss for epoch: 1.644
Average train accuracy: 0.402
Runtime so far:         307 sec

### Epoch 7 ###
Average loss for epoch: 1.281
Average train accuracy: 0.571
Runtime so far:         374 sec

### Epoch 8 ###
Average loss for epoch: 0.935
Average train accuracy: 0.703
Runtime so far:         441 sec

### Epoch 9 ###
Average loss for epoch: 0.780
Average train accuracy: 0.746
Runtime so far:         514 sec

### Epoch 10 ###
Average loss for epoch: 0.660
Average train accuracy: 0.783
Runtime so far:         583 sec

Total runtime:          684 sec

Final loss, Final training accuracy, Final test accuracy
0.6604301333427429, 0.783, 0.6694000000000002
