THIS TRIAL'S ALL PARAMETERS
bond_dim = 15
dynamic_mode = False
periodic_bc = True
init_std = 1e-05
num_train = 1000
num_test = 5000
batch_size = 100
num_epochs = 10
learning_rate = 0.0001
l2_reg = 0.0

### Epoch 1 ###
Average loss for epoch: 2.302
Average train accuracy: 0.088
Runtime so far:         2850 sec

### Epoch 2 ###
Average loss for epoch: 2.262
Average train accuracy: 0.118
Runtime so far:         2916 sec

### Epoch 3 ###
Average loss for epoch: 2.015
Average train accuracy: 0.217
Runtime so far:         2979 sec

### Epoch 4 ###
Average loss for epoch: 1.859
Average train accuracy: 0.285
Runtime so far:         3044 sec

### Epoch 5 ###
Average loss for epoch: 1.522
Average train accuracy: 0.435
Runtime so far:         3106 sec

### Epoch 6 ###
Average loss for epoch: 1.041
Average train accuracy: 0.633
Runtime so far:         3168 sec

### Epoch 7 ###
Average loss for epoch: 0.696
Average train accuracy: 0.778
Runtime so far:         3229 sec

### Epoch 8 ###
Average loss for epoch: 0.588
Average train accuracy: 0.803
Runtime so far:         3291 sec

### Epoch 9 ###
Average loss for epoch: 0.464
Average train accuracy: 0.842
Runtime so far:         3353 sec

### Epoch 10 ###
Average loss for epoch: 0.386
Average train accuracy: 0.881
Runtime so far:         3414 sec

Total runtime:          3532 sec

Final loss, Final training accuracy, Final test accuracy
0.3861364722251892, 0.881, 0.7643999999999999
