THIS TRIAL'S ALL PARAMETERS
bond_dim = 15
dynamic_mode = False
periodic_bc = True
init_std = 5.907748813383455e-14
num_train = 1000
num_test = 5000
batch_size = 100
num_epochs = 10
learning_rate = 0.007097068004132314
l2_reg = 0.0

### Epoch 1 ###
Average loss for epoch: 309.819
Average train accuracy: 0.104
Runtime so far:         68 sec

### Epoch 2 ###
Average loss for epoch: 2.311
Average train accuracy: 0.061
Runtime so far:         136 sec

### Epoch 3 ###
Average loss for epoch: 2.307
Average train accuracy: 0.095
Runtime so far:         204 sec

### Epoch 4 ###
Average loss for epoch: 2.297
Average train accuracy: 0.101
Runtime so far:         272 sec

### Epoch 5 ###
Average loss for epoch: 2.288
Average train accuracy: 0.117
Runtime so far:         340 sec

### Epoch 6 ###
Average loss for epoch: 2.271
Average train accuracy: 0.119
Runtime so far:         408 sec

### Epoch 7 ###
Average loss for epoch: 2.223
Average train accuracy: 0.161
Runtime so far:         476 sec

### Epoch 8 ###
Average loss for epoch: 2.126
Average train accuracy: 0.173
Runtime so far:         543 sec

### Epoch 9 ###
Average loss for epoch: 2.070
Average train accuracy: 0.192
Runtime so far:         610 sec

### Epoch 10 ###
Average loss for epoch: 2.047
Average train accuracy: 0.265
Runtime so far:         5533 sec

Total runtime:          5651 sec

Final loss, Final training accuracy, Final test accuracy
2.046638011932373, 0.265, 0.23479999999999998
