THIS TRIAL'S ALL PARAMETERS
bond_dim = 15
dynamic_mode = False
periodic_bc = True
init_std = 100000.0
num_train = 1000
num_test = 5000
batch_size = 100
num_epochs = 10
learning_rate = 0.001
l2_reg = 0.0

### Epoch 1 ###
Average loss for epoch: 2.420
Average train accuracy: 0.126
Runtime so far:         80 sec

### Epoch 2 ###
Average loss for epoch: 1.973
Average train accuracy: 0.293
Runtime so far:         154 sec

### Epoch 3 ###
Average loss for epoch: 1.934
Average train accuracy: 0.344
Runtime so far:         223 sec

### Epoch 4 ###
Average loss for epoch: 2.271
Average train accuracy: 0.236
Runtime so far:         289 sec

### Epoch 5 ###
Average loss for epoch: 1.784
Average train accuracy: 0.391
Runtime so far:         357 sec

### Epoch 6 ###
Average loss for epoch: 1.545
Average train accuracy: 0.498
Runtime so far:         421 sec

### Epoch 7 ###
Average loss for epoch: 1.651
Average train accuracy: 0.561
Runtime so far:         484 sec

### Epoch 8 ###
Average loss for epoch: 1.947
Average train accuracy: 0.460
Runtime so far:         546 sec

### Epoch 9 ###
Average loss for epoch: 2.157
Average train accuracy: 0.386
Runtime so far:         608 sec

### Epoch 10 ###
Average loss for epoch: 1.449
Average train accuracy: 0.536
Runtime so far:         675 sec

Total runtime:          825 sec

Smoothed loss, Final training accuracy, Final test accuracy
1.4488494396209717, 0.536, 0.5004000000000001
