THIS TRIAL'S ALL PARAMETERS
bond_dim = 15
dynamic_mode = False
periodic_bc = True
init_std = 59835.7593757802
num_train = 1000
num_test = 5000
batch_size = 100
num_epochs = 10
learning_rate = 5.804368772883867e-05
l2_reg = 0.0

### Epoch 1 ###
Average loss for epoch: 2.302
Average train accuracy: 0.088
Runtime so far:         64 sec

### Epoch 2 ###
Average loss for epoch: 2.296
Average train accuracy: 0.116
Runtime so far:         126 sec

### Epoch 3 ###
Average loss for epoch: 2.238
Average train accuracy: 0.100
Runtime so far:         186 sec

### Epoch 4 ###
Average loss for epoch: 2.076
Average train accuracy: 0.187
Runtime so far:         242 sec

### Epoch 5 ###
Average loss for epoch: 1.766
Average train accuracy: 0.380
Runtime so far:         302 sec

### Epoch 6 ###
Average loss for epoch: 1.410
Average train accuracy: 0.496
Runtime so far:         359 sec

### Epoch 7 ###
Average loss for epoch: 1.059
Average train accuracy: 0.645
Runtime so far:         416 sec

### Epoch 8 ###
Average loss for epoch: 0.785
Average train accuracy: 0.740
Runtime so far:         473 sec

### Epoch 9 ###
Average loss for epoch: 0.620
Average train accuracy: 0.806
Runtime so far:         528 sec

### Epoch 10 ###
Average loss for epoch: 0.550
Average train accuracy: 0.833
Runtime so far:         586 sec

Total runtime:          693 sec

Final loss, Final training accuracy, Final test accuracy
0.549960196018219, 0.833, 0.6951999999999998
