Running pwdon bart3
Few images, 1E-1 L2 regularization
------------- WITH GPU -------------
Using device: cuda:0
Training on 5000 images of size 28x28 for 10 epochs
Using bond dimension D = 40

### before training ###
training accuracy = 0.1272
test accuracy = 0.1386

### epoch 0 ###
average loss = 4.3491e+00
training accuracy = 0.7958
test accuracy = 0.7930
  forward time  = 515.30 sec
  backprop time = 0.27 sec
  error time    = 2075.26 sec
  ---------------------------
  runtime so far = 2634.59 sec

### epoch 1 ###
average loss = 5.2672e-01
training accuracy = 0.8486
test accuracy = 0.8388
  forward time  = 1030.76 sec
  backprop time = 0.54 sec
  error time    = 3120.21 sec
  ---------------------------
  runtime so far = 4215.77 sec

### epoch 2 ###
average loss = 4.7411e-01
training accuracy = 0.8872
test accuracy = 0.8672
  forward time  = 1546.75 sec
  backprop time = 0.82 sec
  error time    = 4165.18 sec
  ---------------------------
  runtime so far = 5797.51 sec

### epoch 3 ###
average loss = 5.0634e-01
training accuracy = 0.8376
test accuracy = 0.8152
  forward time  = 2061.93 sec
  backprop time = 1.08 sec
  error time    = 5210.04 sec
  ---------------------------
  runtime so far = 7378.25 sec

### epoch 4 ###
average loss = 5.5618e-01
training accuracy = 0.8776
test accuracy = 0.8596
  forward time  = 2578.29 sec
  backprop time = 1.35 sec
  error time    = 6257.84 sec
  ---------------------------
  runtime so far = 8963.16 sec

### epoch 5 ###
average loss = 6.3201e-01
training accuracy = 0.8296
test accuracy = 0.8302
  forward time  = 3093.73 sec
  backprop time = 1.62 sec
  error time    = 7298.92 sec
  ---------------------------
  runtime so far = 10540.45 sec

### epoch 6 ###
average loss = 8.2532e-01
training accuracy = 0.8354
test accuracy = 0.8220
  forward time  = 3609.18 sec
  backprop time = 1.89 sec
  error time    = 8342.74 sec
  ---------------------------
  runtime so far = 12120.47 sec

### epoch 7 ###
average loss = 9.1726e-01
training accuracy = 0.8386
test accuracy = 0.8238
  forward time  = 4125.70 sec
  backprop time = 2.17 sec
  error time    = 9395.61 sec
  ---------------------------
  runtime so far = 13710.56 sec

### epoch 8 ###
average loss = 9.3451e-01
training accuracy = 0.7920
test accuracy = 0.7788
  forward time  = 4643.06 sec
  backprop time = 2.43 sec
  error time    = 10438.92 sec
  ---------------------------
  runtime so far = 15291.96 sec

slurmstepd-bart3: error: *** JOB 282514 ON bart3 CANCELLED AT 2018-12-09T20:15:54 ***

======== GPU REPORT ========

==============NVSMI LOG==============

Timestamp                           : Sun Dec  9 20:15:54 2018
Driver Version                      : 396.37

Attached GPUs                       : 2
GPU 00000000:04:00.0
    Accounting Mode                 : Enabled
    Accounting Mode Buffer Size     : 4000
    Accounted Processes
        Process ID                  : 17788
            GPU Utilization         : 10 %
            Memory Utilization      : 0 %
            Max memory usage        : 5389 MiB
            Time                    : 0 ms
            Is Running              : 1
        Process ID                  : 17700
            GPU Utilization         : 10 %
            Memory Utilization      : 0 %
            Max memory usage        : 0 MiB
            Time                    : 0 ms
            Is Running              : 1

GPU 00000000:05:00.0
    Accounting Mode                 : Enabled
    Accounting Mode Buffer Size     : 4000
    Accounted Processes             : None

Sun Dec  9 20:15:54 2018       
+-----------------------------------------------------------------------------+
| NVIDIA-SMI 396.37                 Driver Version: 396.37                    |
|-------------------------------+----------------------+----------------------+
| GPU  Name        Persistence-M| Bus-Id        Disp.A | Volatile Uncorr. ECC |
| Fan  Temp  Perf  Pwr:Usage/Cap|         Memory-Usage | GPU-Util  Compute M. |
|===============================+======================+======================|
|   0  GeForce GTX TIT...  Off  | 00000000:04:00.0  On |                  N/A |
| 52%   83C    P2   101W / 250W |   5424MiB /  6083MiB |      8%      Default |
+-------------------------------+----------------------+----------------------+
|   1  GeForce GTX TIT...  Off  | 00000000:05:00.0 Off |                  N/A |
| 30%   48C    P8    14W / 250W |      1MiB /  6083MiB |      0%      Default |
+-------------------------------+----------------------+----------------------+
                                                                               
+-----------------------------------------------------------------------------+
| Processes:                                                       GPU Memory |
|  GPU       PID   Type   Process name                             Usage      |
|=============================================================================|
|    0      8604      G   /usr/bin/X                                    22MiB |
|    0     17788      C   python3                                     5389MiB |
+-----------------------------------------------------------------------------+
